<!DOCTYPE html>
<html>
<!-- Jinja template for reports of individual builds

  Copyright 2016 Kareem Khazem. All Rights Reserved.
  Licensed under the Apache License, Version 2.0 (the "License");
  you may not use this file except in compliance with the License.
  You may obtain a copy of the License at

 		 http://www.apache.org/licenses/LICENSE-2.0

  Unless required by applicable law or agreed to in writing, software
  distributed under the License is distributed on an "AS IS" BASIS,
  WITHOUT WARRANTIES OR CONDITIONS OF ANY KIND, either express or
  implied.
  See the License for the specific language governing permissions and
  limitations under the License.
-->
  <head>
    <meta charset="UTF-8">
    <title>android/apg</title>
    <link href='https://fonts.googleapis.com/css?family=Roboto:400,900'
          rel='stylesheet' type='text/css'>
    <link
    href='https://fonts.googleapis.com/css?family=Source+Code+Pro:400,700'
          rel='stylesheet' type='text/css'>
    <link href="../style.css" type="text/css" rel="stylesheet">
  </head>
  <body>
    <h1>Build of apg
        with <a href="../index.html">android</a>
        toolchain</h1>
    <p>The build took 00h 00m 58s and was
    NOT successful.</p>
    <p>
    The program in this build is written in the following languages,
    according to <a
    href="http://www.dwheeler.com/sloccount/">sloccount</a>:
    </p>
    <table>
      <tr><th>SLOC</th><th>Language</th></tr>
      
      <tr><td class="loc"><code>4,867</code></td>
          <td class="lang">ansic</td></tr>
      <tr><td class="loc"><code>744</code></td>
          <td class="lang">php</td></tr>
      <tr><td class="loc"><code>176</code></td>
          <td class="lang">sh</td></tr>
      <tr><td class="loc"><code>89</code></td>
          <td class="lang">makefile</td></tr>
      <tr><td class="loc"><code>9</code></td>
          <td class="lang">perl</td></tr>
      <tr><td><code>5,885</code></td>
          <td><em>total</em></td></tr>
    </table>
    <p>
      The process tree of the build process is <a
      href="apg-tree.html">here</a>.
    </p>
    
    
      <p>
      Several sub-process invocations were improper; see the process tree
      for details. Summary:
      </p>
      <ul>
        <li>hardcoded invocation:<ul>
            <li>&times;4: gcc

/sysroot/bin/arm-linux-androideabi-gcc
</li>
        </ul></li>
      </ul>
    
    
    
    
    <h2>List of Errors</h2>
    <ul>
      
      <li>unknown_type
        <ul>
          
          <li><a href="#67">bloom.h:80:36: error: unknown type name 'FILE'</a></li>
          
          <li><a href="#71">bloom.h:80:36: error: unknown type name 'FILE'</a></li>
          
          <li><a href="#74">bloom.h:81:35: error: unknown type name 'FILE'</a></li>
          
          <li><a href="#77">bloom.h:81:35: error: unknown type name 'FILE'</a></li>
          
          <li><a href="#80">bloom.h:82:1: error: unknown type name 'FILE'</a></li>
          
          <li><a href="#83">bloom.h:82:1: error: unknown type name 'FILE'</a></li>
          
          <li><a href="#86">bloom.h:83:1: error: unknown type name 'FILE'</a></li>
          
          <li><a href="#89">bloom.h:83:1: error: unknown type name 'FILE'</a></li>
          
          <li><a href="#92">bloom.h:84:25: error: unknown type name 'FILE'</a></li>
          
          <li><a href="#95">bloom.h:84:25: error: unknown type name 'FILE'</a></li>
          
          <li><a href="#98">bloom.h:85:29: error: unknown type name 'FILE'</a></li>
          
          <li><a href="#101">bloom.h:85:29: error: unknown type name 'FILE'</a></li>
          
          <li><a href="#104">bloom.h:86:30: error: unknown type name 'FILE'</a></li>
          
          <li><a href="#107">bloom.h:86:30: error: unknown type name 'FILE'</a></li>
          
          <li><a href="#110">bloom.h:87:26: error: unknown type name 'FILE'</a></li>
          
          <li><a href="#113">bloom.h:87:26: error: unknown type name 'FILE'</a></li>
          
          <li><a href="#116">bloom.h:89:27: error: unknown type name 'FILE'</a></li>
          
          <li><a href="#123">bloom.c:57:12: error: unknown type name 'FILE'</a></li>
          
          <li><a href="#126">bloom.c:58:12: error: unknown type name 'FILE'</a></li>
          
          <li><a href="#129">bloom.c:117:25: error: unknown type name 'FILE'</a></li>
          
          <li><a href="#133">apgbfm.c:59:2: error: unknown type name 'FILE'</a></li>
          
          <li><a href="#136">apgbfm.c:62:2: error: unknown type name 'FILE'</a></li>
          
          <li><a href="#139">bloom.c:157:24: error: unknown type name 'FILE'</a></li>
          
          <li><a href="#142">bloom.c:211:1: error: unknown type name 'FILE'</a></li>
          
          <li><a href="#149">bloom.c:214:2: error: unknown type name 'FILE'</a></li>
          
          <li><a href="#190">bloom.c:249:14: error: unknown type name 'FILE'</a></li>
          
          <li><a href="#196">bloom.c:263:16: error: unknown type name 'FILE'</a></li>
          
          <li><a href="#202">bloom.c:285:16: error: unknown type name 'FILE'</a></li>
          
          <li><a href="#208">bloom.c:323:1: error: unknown type name 'FILE'</a></li>
          
          <li><a href="#215">bloom.c:326:2: error: unknown type name 'FILE'</a></li>
          
          <li><a href="#287">bloom.c:373:13: error: unknown type name 'FILE'</a></li>
          
          <li><a href="#319">bloom.c:423:8: error: unknown type name 'FILE'</a></li>
          
          <li><a href="#325">bloom.c:455:8: error: unknown type name 'FILE'</a></li>
          
          <li><a href="#377">apgbfm.c:387:1: error: unknown type name 'FILE'</a></li>
          
          <li><a href="#404">bloom.h:80:36: error: unknown type name 'FILE'</a></li>
          
          <li><a href="#407">bloom.h:81:35: error: unknown type name 'FILE'</a></li>
          
          <li><a href="#410">bloom.h:82:1: error: unknown type name 'FILE'</a></li>
          
          <li><a href="#413">bloom.h:83:1: error: unknown type name 'FILE'</a></li>
          
          <li><a href="#416">bloom.h:84:25: error: unknown type name 'FILE'</a></li>
          
          <li><a href="#419">bloom.h:85:29: error: unknown type name 'FILE'</a></li>
          
          <li><a href="#422">bloom.h:86:30: error: unknown type name 'FILE'</a></li>
          
          <li><a href="#425">bloom.h:87:26: error: unknown type name 'FILE'</a></li>
          
          <li><a href="#428">bloom.h:89:27: error: unknown type name 'FILE'</a></li>
          
          <li><a href="#431">bloom.c:57:12: error: unknown type name 'FILE'</a></li>
          
          <li><a href="#434">bloom.c:58:12: error: unknown type name 'FILE'</a></li>
          
          <li><a href="#437">bloom.c:71:16: error: unknown type name 'FILE'</a></li>
          
          <li><a href="#440">bloom.c:117:25: error: unknown type name 'FILE'</a></li>
          
          <li><a href="#443">bloom.c:157:24: error: unknown type name 'FILE'</a></li>
          
          <li><a href="#446">bloom.c:211:1: error: unknown type name 'FILE'</a></li>
          
          <li><a href="#450">bloom.c:214:2: error: unknown type name 'FILE'</a></li>
          
          <li><a href="#476">bloom.c:249:14: error: unknown type name 'FILE'</a></li>
          
          <li><a href="#479">bloom.c:263:16: error: unknown type name 'FILE'</a></li>
          
          <li><a href="#482">bloom.c:285:16: error: unknown type name 'FILE'</a></li>
          
          <li><a href="#485">bloom.c:323:1: error: unknown type name 'FILE'</a></li>
          
          <li><a href="#489">bloom.c:326:2: error: unknown type name 'FILE'</a></li>
          
          <li><a href="#517">bloom.c:373:13: error: unknown type name 'FILE'</a></li>
          
          <li><a href="#534">bloom.c:423:8: error: unknown type name 'FILE'</a></li>
          
          <li><a href="#537">bloom.c:455:8: error: unknown type name 'FILE'</a></li>
          
          <li><a href="#650">rnd.c:179:2: error: unknown type name 'FILE'</a></li>
          
          <li><a href="#859">bloom.h:80:36: error: unknown type name 'FILE'</a></li>
          
          <li><a href="#862">bloom.h:81:35: error: unknown type name 'FILE'</a></li>
          
          <li><a href="#865">bloom.h:82:1: error: unknown type name 'FILE'</a></li>
          
          <li><a href="#868">bloom.h:83:1: error: unknown type name 'FILE'</a></li>
          
          <li><a href="#871">bloom.h:84:25: error: unknown type name 'FILE'</a></li>
          
          <li><a href="#874">bloom.h:85:29: error: unknown type name 'FILE'</a></li>
          
          <li><a href="#877">bloom.h:86:30: error: unknown type name 'FILE'</a></li>
          
          <li><a href="#880">bloom.h:87:26: error: unknown type name 'FILE'</a></li>
          
          <li><a href="#884">restrict.c:54:2: error: unknown type name 'FILE'</a></li>
          
          <li><a href="#932">restrict.c:112:2: error: unknown type name 'FILE'</a></li>
          
          <li><a href="#1084">bloom.h:80:36: error: unknown type name 'FILE'</a></li>
          
          <li><a href="#1087">bloom.h:81:35: error: unknown type name 'FILE'</a></li>
          
          <li><a href="#1090">bloom.h:82:1: error: unknown type name 'FILE'</a></li>
          
          <li><a href="#1093">bloom.h:83:1: error: unknown type name 'FILE'</a></li>
          
          <li><a href="#1096">bloom.h:84:25: error: unknown type name 'FILE'</a></li>
          
          <li><a href="#1099">bloom.h:85:29: error: unknown type name 'FILE'</a></li>
          
          <li><a href="#1102">bloom.h:86:30: error: unknown type name 'FILE'</a></li>
          
          <li><a href="#1105">bloom.h:87:26: error: unknown type name 'FILE'</a></li>
          
          <li><a href="#1113">apg.c:116:2: error: unknown type name 'time_t'</a></li>
          
        </ul>
      </li>
      
      <li>parse_error
        <ul>
          
          <li><a href="#960">restrict.c:157:45: error: expected ')' before 'len'</a></li>
          
          <li><a href="#972">restrict.c:182:38: error: expected ')' before 'len'</a></li>
          
          <li><a href="#1338">convert.c:382:50: error: expected ')' before 's_length'</a></li>
          
        </ul>
      </li>
      
    </ul>
    
    
    <h2>Log</h2>
    <p>
    To avoid scrolling, you may jump to the <a
    href="#1352">last line</a> of the
    invocation of <code>makepkg</code> that was used to build this
    package.
    </p>
    
    
      <div class="block">
        <div class="info">
          <code>Removed vanilla repositories from pacman.conf and added:</code>
        </div>
        
          <div class="output">
            
            <a class="navhash" href="#1">#</a>
						
              <code id="1">[tuscan]</code><br />
						
            
            <a class="navhash" href="#2">#</a>
						
              <code id="2">Server = file:///var/cache/pacman/pkg/</code><br />
						
            
          </div>
        
      </div>
      <br />
    
      <div class="block">
        <div class="command">
          <code><span class="prompt">CMD: </span>pacman -Syy --noconfirm</code>
        </div>
        
          <div class="output">
            
            <a class="navhash" href="#3">#</a>
						
              <code id="3">:: Synchronizing package databases...</code><br />
						
            
            <a class="navhash" href="#4">#</a>
						
              <code id="4">downloading tuscan.db...</code><br />
						
            
          </div>
        
      </div>
      <br />
    
      <div class="block">
        <div class="info">
          <code>Copied permanent toolchain into container-local sysroot</code>
        </div>
        
          <div class="output">
            
            <a class="navhash" href="#5">#</a>
						
              <code id="5">/toolchain_root/arm-linux-androideabi  -->  /sysroot/arm-linux-androideabi</code><br />
						
            
            <a class="navhash" href="#6">#</a>
						
              <code id="6">/toolchain_root/COPYING3.LIB  -->  /sysroot/COPYING3.LIB</code><br />
						
            
            <a class="navhash" href="#7">#</a>
						
              <code id="7">/toolchain_root/sysroot  -->  /sysroot/sysroot</code><br />
						
            
            <a class="navhash" href="#8">#</a>
						
              <code id="8">/toolchain_root/COPYING.RUNTIME  -->  /sysroot/COPYING.RUNTIME</code><br />
						
            
            <a class="navhash" href="#9">#</a>
						
              <code id="9">/toolchain_root/lib  -->  /sysroot/lib</code><br />
						
            
            <a class="navhash" href="#10">#</a>
						
              <code id="10">/toolchain_root/SOURCES  -->  /sysroot/SOURCES</code><br />
						
            
            <a class="navhash" href="#11">#</a>
						
              <code id="11">/toolchain_root/lib64  -->  /sysroot/lib64</code><br />
						
            
            <a class="navhash" href="#12">#</a>
						
              <code id="12">/toolchain_root/share  -->  /sysroot/share</code><br />
						
            
            <a class="navhash" href="#13">#</a>
						
              <code id="13">/toolchain_root/bin  -->  /sysroot/bin</code><br />
						
            
            <a class="navhash" href="#14">#</a>
						
              <code id="14">/toolchain_root/COPYING  -->  /sysroot/COPYING</code><br />
						
            
            <a class="navhash" href="#15">#</a>
						
              <code id="15">/toolchain_root/COPYING3  -->  /sysroot/COPYING3</code><br />
						
            
            <a class="navhash" href="#16">#</a>
						
              <code id="16">/toolchain_root/COPYING.LIB  -->  /sysroot/COPYING.LIB</code><br />
						
            
            <a class="navhash" href="#17">#</a>
						
              <code id="17">/toolchain_root/include  -->  /sysroot/include</code><br />
						
            
            <a class="navhash" href="#18">#</a>
						
              <code id="18">/toolchain_root/libexec  -->  /sysroot/libexec</code><br />
						
            
          </div>
        
      </div>
      <br />
    
      <div class="block">
        <div class="command">
          <code><span class="prompt">CMD: </span>sudo -u tuscan PATH=/sysroot/bin:/sysroot/libexec/gcc/arm-linux-androideabi/4.8:/usr/local/sbin:/usr/local/bin:/usr/sbin:/usr/bin:/sbin:/bin CC=arm-linux-androideabi-gcc CXX=arm-linux-androideabi-g++ red makepkg --noextract --syncdeps --skipinteg --skippgpcheck --skipchecksums --noconfirm --nocolor --log --noprogressbar --nocheck</code>
        </div>
        
          <div class="output">
            
            <a class="navhash" href="#19">#</a>
						
              <code id="19">==> Making package: apg 2.2.3-4 (Tue Apr  4 19:44:04 UTC 2017)</code><br />
						
            
            <a class="navhash" href="#20">#</a>
						
              <code id="20">==> Checking runtime dependencies...</code><br />
						
            
            <a class="navhash" href="#21">#</a>
						
              <code id="21">==> Checking buildtime dependencies...</code><br />
						
            
            <a class="navhash" href="#22">#</a>
						
              <code id="22">==> WARNING: Using existing $srcdir/ tree</code><br />
						
            
            <a class="navhash" href="#23">#</a>
						
              <code id="23">==> Starting build()...</code><br />
						
            
            <a class="navhash" href="#24">#</a>
						
              <code id="24">gcc -Wall -DAPG_USE_CRYPT -DAPG_DONOTUSE_SHA -o apg bloom.c ./sha/sha.c ./cast/cast.c rnd.c pronpass.c randpass.c restrict.c errors.c apg.c getopt.c convert.c -lcrypt -lm</code><br />
						
            
            <a class="navhash" href="#25">#</a>
						
              <code id="25">gcc -Wall -DAPGBFM -o apgbfm apgbfm.c bloom.c sha/sha.c errors.c getopt.c convert.c -lm</code><br />
						
            
            <a class="navhash" href="#26">#</a>
						
              <code id="26">cc1: error: no include path in which to search for stdc-predef.h</code><br />
						
            
            <a class="navhash" href="#27">#</a>
						
              <code id="27">cc1: error: no include path in which to search for stdc-predef.h</code><br />
						
            
            <a class="navhash" href="#28">#</a>
						
              <code id="28">apgbfm.c:31:20: error: no include path in which to search for stdlib.h</code><br />
						
            
            <a class="navhash" href="#29">#</a>
						
              <code id="29"> #include <stdlib.h></code><br />
						
            
            <a class="navhash" href="#30">#</a>
						
              <code id="30">                    ^</code><br />
						
            
            <a class="navhash" href="#31">#</a>
						
              <code id="31">apgbfm.c:32:20: error: no include path in which to search for unistd.h</code><br />
						
            
            <a class="navhash" href="#32">#</a>
						
              <code id="32"> #include <unistd.h></code><br />
						
            
            <a class="navhash" href="#33">#</a>
						
              <code id="33">                    ^</code><br />
						
            
            <a class="navhash" href="#34">#</a>
						
              <code id="34">In file included from bloom.c:50:0:</code><br />
						
            
            <a class="navhash" href="#35">#</a>
						
              <code id="35">bloom.h:38:19: error: no include path in which to search for stdio.h</code><br />
						
            
            <a class="navhash" href="#36">#</a>
						
              <code id="36"> #include <stdio.h></code><br />
						
            
            <a class="navhash" href="#37">#</a>
						
              <code id="37">                   ^</code><br />
						
            
            <a class="navhash" href="#38">#</a>
						
              <code id="38">bloom.h:39:20: error: no include path in which to search for stdlib.h</code><br />
						
            
            <a class="navhash" href="#39">#</a>
						
              <code id="39"> #include <stdlib.h></code><br />
						
            
            <a class="navhash" href="#40">#</a>
						
              <code id="40">                    ^</code><br />
						
            
            <a class="navhash" href="#41">#</a>
						
              <code id="41">In file included from apgbfm.c:33:0:</code><br />
						
            
            <a class="navhash" href="#42">#</a>
						
              <code id="42">bloom.h:38:19: error: no include path in which to search for stdio.h</code><br />
						
            
            <a class="navhash" href="#43">#</a>
						
              <code id="43"> #include <stdio.h></code><br />
						
            
            <a class="navhash" href="#44">#</a>
						
              <code id="44">                   ^</code><br />
						
            
            <a class="navhash" href="#45">#</a>
						
              <code id="45">bloom.h:40:20: error: no include path in which to search for string.h</code><br />
						
            
            <a class="navhash" href="#46">#</a>
						
              <code id="46"> #include <string.h></code><br />
						
            
            <a class="navhash" href="#47">#</a>
						
              <code id="47">                    ^</code><br />
						
            
            <a class="navhash" href="#48">#</a>
						
              <code id="48">bloom.h:39:20: error: no include path in which to search for stdlib.h</code><br />
						
            
            <a class="navhash" href="#49">#</a>
						
              <code id="49"> #include <stdlib.h></code><br />
						
            
            <a class="navhash" href="#50">#</a>
						
              <code id="50">                    ^</code><br />
						
            
            <a class="navhash" href="#51">#</a>
						
              <code id="51">bloom.h:42:21: error: no include path in which to search for strings.h</code><br />
						
            
            <a class="navhash" href="#52">#</a>
						
              <code id="52"> #include <strings.h></code><br />
						
            
            <a class="navhash" href="#53">#</a>
						
              <code id="53">                     ^</code><br />
						
            
            <a class="navhash" href="#54">#</a>
						
              <code id="54">bloom.h:40:20: error: no include path in which to search for string.h</code><br />
						
            
            <a class="navhash" href="#55">#</a>
						
              <code id="55"> #include <string.h></code><br />
						
            
            <a class="navhash" href="#56">#</a>
						
              <code id="56">                    ^</code><br />
						
            
            <a class="navhash" href="#57">#</a>
						
              <code id="57">bloom.h:44:18: error: no include path in which to search for math.h</code><br />
						
            
            <a class="navhash" href="#58">#</a>
						
              <code id="58"> #include <math.h></code><br />
						
            
            <a class="navhash" href="#59">#</a>
						
              <code id="59">                  ^</code><br />
						
            
            <a class="navhash" href="#60">#</a>
						
              <code id="60">bloom.h:42:21: error: no include path in which to search for strings.h</code><br />
						
            
            <a class="navhash" href="#61">#</a>
						
              <code id="61"> #include <strings.h></code><br />
						
            
            <a class="navhash" href="#62">#</a>
						
              <code id="62">                     ^</code><br />
						
            
            <a class="navhash" href="#63">#</a>
						
              <code id="63">bloom.h:44:18: error: no include path in which to search for math.h</code><br />
						
            
            <a class="navhash" href="#64">#</a>
						
              <code id="64"> #include <math.h></code><br />
						
            
            <a class="navhash" href="#65">#</a>
						
              <code id="65">                  ^</code><br />
						
            
            <a class="navhash" href="#66">#</a>
						
              <code id="66">In file included from apgbfm.c:33:0:</code><br />
						
            
            <a class="navhash" href="#67">#</a>
						<span class="error">
              <code id="67">bloom.h:80:36: error: unknown type name 'FILE'</code><br />
						</span>
            
            <a class="navhash" href="#68">#</a>
						
              <code id="68"> extern int insert_word(char *word, FILE *file, h_val filter_size, f_mode mode);</code><br />
						
            
            <a class="navhash" href="#69">#</a>
						
              <code id="69">                                    ^</code><br />
						
            
            <a class="navhash" href="#70">#</a>
						
              <code id="70">In file included from bloom.c:50:0:</code><br />
						
            
            <a class="navhash" href="#71">#</a>
						<span class="error">
              <code id="71">bloom.h:80:36: error: unknown type name 'FILE'</code><br />
						</span>
            
            <a class="navhash" href="#72">#</a>
						
              <code id="72"> extern int insert_word(char *word, FILE *file, h_val filter_size, f_mode mode);</code><br />
						
            
            <a class="navhash" href="#73">#</a>
						
              <code id="73">                                    ^</code><br />
						
            
            <a class="navhash" href="#74">#</a>
						<span class="error">
              <code id="74">bloom.h:81:35: error: unknown type name 'FILE'</code><br />
						</span>
            
            <a class="navhash" href="#75">#</a>
						
              <code id="75"> extern int check_word(char *word, FILE *file, h_val filter_size, f_mode mode);</code><br />
						
            
            <a class="navhash" href="#76">#</a>
						
              <code id="76">                                   ^</code><br />
						
            
            <a class="navhash" href="#77">#</a>
						<span class="error">
              <code id="77">bloom.h:81:35: error: unknown type name 'FILE'</code><br />
						</span>
            
            <a class="navhash" href="#78">#</a>
						
              <code id="78"> extern int check_word(char *word, FILE *file, h_val filter_size, f_mode mode);</code><br />
						
            
            <a class="navhash" href="#79">#</a>
						
              <code id="79">                                   ^</code><br />
						
            
            <a class="navhash" href="#80">#</a>
						<span class="error">
              <code id="80">bloom.h:82:1: error: unknown type name 'FILE'</code><br />
						</span>
            
            <a class="navhash" href="#81">#</a>
						
              <code id="81"> extern FILE * create_filter(char * f_name, unsigned long int n_words, f_mode mode); </code><br />
						
            
            <a class="navhash" href="#82">#</a>
						
              <code id="82"> ^</code><br />
						
            
            <a class="navhash" href="#83">#</a>
						<span class="error">
              <code id="83">bloom.h:82:1: error: unknown type name 'FILE'</code><br />
						</span>
            
            <a class="navhash" href="#84">#</a>
						
              <code id="84"> extern FILE * create_filter(char * f_name, unsigned long int n_words, f_mode mode); </code><br />
						
            
            <a class="navhash" href="#85">#</a>
						
              <code id="85"> ^</code><br />
						
            
            <a class="navhash" href="#86">#</a>
						<span class="error">
              <code id="86">bloom.h:83:1: error: unknown type name 'FILE'</code><br />
						</span>
            
            <a class="navhash" href="#87">#</a>
						
              <code id="87"> extern FILE * open_filter(char * f_name, const char *mode); </code><br />
						
            
            <a class="navhash" href="#88">#</a>
						
              <code id="88"> ^</code><br />
						
            
            <a class="navhash" href="#89">#</a>
						<span class="error">
              <code id="89">bloom.h:83:1: error: unknown type name 'FILE'</code><br />
						</span>
            
            <a class="navhash" href="#90">#</a>
						
              <code id="90"> extern FILE * open_filter(char * f_name, const char *mode); </code><br />
						
            
            <a class="navhash" href="#91">#</a>
						
              <code id="91"> ^</code><br />
						
            
            <a class="navhash" href="#92">#</a>
						<span class="error">
              <code id="92">bloom.h:84:25: error: unknown type name 'FILE'</code><br />
						</span>
            
            <a class="navhash" href="#93">#</a>
						
              <code id="93"> extern int close_filter(FILE *f_dsk);</code><br />
						
            
            <a class="navhash" href="#94">#</a>
						
              <code id="94">                         ^</code><br />
						
            
            <a class="navhash" href="#95">#</a>
						<span class="error">
              <code id="95">bloom.h:84:25: error: unknown type name 'FILE'</code><br />
						</span>
            
            <a class="navhash" href="#96">#</a>
						
              <code id="96"> extern int close_filter(FILE *f_dsk);</code><br />
						
            
            <a class="navhash" href="#97">#</a>
						
              <code id="97">                         ^</code><br />
						
            
            <a class="navhash" href="#98">#</a>
						<span class="error">
              <code id="98">bloom.h:85:29: error: unknown type name 'FILE'</code><br />
						</span>
            
            <a class="navhash" href="#99">#</a>
						
              <code id="99"> extern h_val get_filtersize(FILE *f); </code><br />
						
            
            <a class="navhash" href="#100">#</a>
						
              <code id="100">                             ^</code><br />
						
            
            <a class="navhash" href="#101">#</a>
						<span class="error">
              <code id="101">bloom.h:85:29: error: unknown type name 'FILE'</code><br />
						</span>
            
            <a class="navhash" href="#102">#</a>
						
              <code id="102"> extern h_val get_filtersize(FILE *f); </code><br />
						
            
            <a class="navhash" href="#103">#</a>
						
              <code id="103">                             ^</code><br />
						
            
            <a class="navhash" href="#104">#</a>
						<span class="error">
              <code id="104">bloom.h:86:30: error: unknown type name 'FILE'</code><br />
						</span>
            
            <a class="navhash" href="#105">#</a>
						
              <code id="105"> extern f_mode get_filtermode(FILE *f); </code><br />
						
            
            <a class="navhash" href="#106">#</a>
						
              <code id="106">                              ^</code><br />
						
            
            <a class="navhash" href="#107">#</a>
						<span class="error">
              <code id="107">bloom.h:86:30: error: unknown type name 'FILE'</code><br />
						</span>
            
            <a class="navhash" href="#108">#</a>
						
              <code id="108"> extern f_mode get_filtermode(FILE *f); </code><br />
						
            
            <a class="navhash" href="#109">#</a>
						
              <code id="109">                              ^</code><br />
						
            
            <a class="navhash" href="#110">#</a>
						<span class="error">
              <code id="110">bloom.h:87:26: error: unknown type name 'FILE'</code><br />
						</span>
            
            <a class="navhash" href="#111">#</a>
						
              <code id="111"> extern h_val count_words(FILE *dict_file);</code><br />
						
            
            <a class="navhash" href="#112">#</a>
						
              <code id="112">                          ^</code><br />
						
            
            <a class="navhash" href="#113">#</a>
						<span class="error">
              <code id="113">bloom.h:87:26: error: unknown type name 'FILE'</code><br />
						</span>
            
            <a class="navhash" href="#114">#</a>
						
              <code id="114"> extern h_val count_words(FILE *dict_file);</code><br />
						
            
            <a class="navhash" href="#115">#</a>
						
              <code id="115">                          ^</code><br />
						
            
            <a class="navhash" href="#116">#</a>
						<span class="error">
              <code id="116">bloom.h:89:27: error: unknown type name 'FILE'</code><br />
						</span>
            
            <a class="navhash" href="#117">#</a>
						
              <code id="117"> extern int print_flt_info(FILE * filter);</code><br />
						
            
            <a class="navhash" href="#118">#</a>
						
              <code id="118">                           ^</code><br />
						
            
            <a class="navhash" href="#119">#</a>
						
              <code id="119">In file included from apgbfm.c:34:0:</code><br />
						
            
            <a class="navhash" href="#120">#</a>
						
              <code id="120">errs.h:33:19: error: no include path in which to search for errno.h</code><br />
						
            
            <a class="navhash" href="#121">#</a>
						
              <code id="121"> #include <errno.h></code><br />
						
            
            <a class="navhash" href="#122">#</a>
						
              <code id="122">                   ^</code><br />
						
            
            <a class="navhash" href="#123">#</a>
						<span class="error">
              <code id="123">bloom.c:57:12: error: unknown type name 'FILE'</code><br />
						</span>
            
            <a class="navhash" href="#124">#</a>
						
              <code id="124"> int getbit(FILE * f, h_val bitnum);</code><br />
						
            
            <a class="navhash" href="#125">#</a>
						
              <code id="125">            ^</code><br />
						
            
            <a class="navhash" href="#126">#</a>
						<span class="error">
              <code id="126">bloom.c:58:12: error: unknown type name 'FILE'</code><br />
						</span>
            
            <a class="navhash" href="#127">#</a>
						
              <code id="127"> int putbit(FILE * f, h_val bitnum);</code><br />
						
            
            <a class="navhash" href="#128">#</a>
						
              <code id="128">            ^</code><br />
						
            
            <a class="navhash" href="#129">#</a>
						<span class="error">
              <code id="129">bloom.c:117:25: error: unknown type name 'FILE'</code><br />
						</span>
            
            <a class="navhash" href="#130">#</a>
						
              <code id="130"> insert_word(char *word, FILE *file, h_val filter_size, f_mode mode)</code><br />
						
            
            <a class="navhash" href="#131">#</a>
						
              <code id="131">                         ^</code><br />
						
            
            <a class="navhash" href="#132">#</a>
						
              <code id="132">apgbfm.c: In function 'main':</code><br />
						
            
            <a class="navhash" href="#133">#</a>
						<span class="error">
              <code id="133">apgbfm.c:59:2: error: unknown type name 'FILE'</code><br />
						</span>
            
            <a class="navhash" href="#134">#</a>
						
              <code id="134">  FILE *f_dictfile;       /* dictionary file descriptor          */</code><br />
						
            
            <a class="navhash" href="#135">#</a>
						
              <code id="135">  ^</code><br />
						
            
            <a class="navhash" href="#136">#</a>
						<span class="error">
              <code id="136">apgbfm.c:62:2: error: unknown type name 'FILE'</code><br />
						</span>
            
            <a class="navhash" href="#137">#</a>
						
              <code id="137">  FILE *f_filter;         /* filter file descriptor              */</code><br />
						
            
            <a class="navhash" href="#138">#</a>
						
              <code id="138">  ^</code><br />
						
            
            <a class="navhash" href="#139">#</a>
						<span class="error">
              <code id="139">bloom.c:157:24: error: unknown type name 'FILE'</code><br />
						</span>
            
            <a class="navhash" href="#140">#</a>
						
              <code id="140"> check_word(char *word, FILE *file,  h_val filter_size, f_mode mode)</code><br />
						
            
            <a class="navhash" href="#141">#</a>
						
              <code id="141">                        ^</code><br />
						
            
            <a class="navhash" href="#142">#</a>
						<span class="error">
              <code id="142">bloom.c:211:1: error: unknown type name 'FILE'</code><br />
						</span>
            
            <a class="navhash" href="#143">#</a>
						
              <code id="143"> FILE *</code><br />
						
            
            <a class="navhash" href="#144">#</a>
						
              <code id="144"> ^</code><br />
						
            
            <a class="navhash" href="#145">#</a>
						
              <code id="145">bloom.c: In function 'open_filter':</code><br />
						
            
            <a class="navhash" href="#146">#</a>
						
              <code id="146">apgbfm.c:89:6: warning: implicit declaration of function 'exit' [-Wimplicit-function-declaration]</code><br />
						
            
            <a class="navhash" href="#147">#</a>
						
              <code id="147">      exit(-1);</code><br />
						
            
            <a class="navhash" href="#148">#</a>
						
              <code id="148">      ^</code><br />
						
            
            <a class="navhash" href="#149">#</a>
						<span class="error">
              <code id="149">bloom.c:214:2: error: unknown type name 'FILE'</code><br />
						</span>
            
            <a class="navhash" href="#150">#</a>
						
              <code id="150">  FILE *f;</code><br />
						
            
            <a class="navhash" href="#151">#</a>
						
              <code id="151">  ^</code><br />
						
            
            <a class="navhash" href="#152">#</a>
						
              <code id="152">apgbfm.c:89:6: warning: incompatible implicit declaration of built-in function 'exit' [enabled by default]</code><br />
						
            
            <a class="navhash" href="#153">#</a>
						
              <code id="153">bloom.c:219:2: warning: implicit declaration of function 'fopen' [-Wimplicit-function-declaration]</code><br />
						
            
            <a class="navhash" href="#154">#</a>
						
              <code id="154">  if ((f = fopen (f_name, mode)) == NULL)</code><br />
						
            
            <a class="navhash" href="#155">#</a>
						
              <code id="155">  ^</code><br />
						
            
            <a class="navhash" href="#156">#</a>
						
              <code id="156">bloom.c:219:9: warning: assignment makes pointer from integer without a cast [enabled by default]</code><br />
						
            
            <a class="navhash" href="#157">#</a>
						
              <code id="157">  if ((f = fopen (f_name, mode)) == NULL)</code><br />
						
            
            <a class="navhash" href="#158">#</a>
						
              <code id="158">         ^</code><br />
						
            
            <a class="navhash" href="#159">#</a>
						
              <code id="159">apgbfm.c:118:10: warning: implicit declaration of function 'atoi' [-Wimplicit-function-declaration]</code><br />
						
            
            <a class="navhash" href="#160">#</a>
						
              <code id="160">          wc = atoi(apg_optarg);</code><br />
						
            
            <a class="navhash" href="#161">#</a>
						
              <code id="161">          ^</code><br />
						
            
            <a class="navhash" href="#162">#</a>
						
              <code id="162">bloom.c:219:36: error: 'NULL' undeclared (first use in this function)</code><br />
						
            
            <a class="navhash" href="#163">#</a>
						
              <code id="163">  if ((f = fopen (f_name, mode)) == NULL)</code><br />
						
            
            <a class="navhash" href="#164">#</a>
						
              <code id="164">                                    ^</code><br />
						
            
            <a class="navhash" href="#165">#</a>
						
              <code id="165">bloom.c:219:36: note: each undeclared identifier is reported only once for each function it appears in</code><br />
						
            
            <a class="navhash" href="#166">#</a>
						
              <code id="166">bloom.c:221:2: warning: implicit declaration of function 'fread' [-Wimplicit-function-declaration]</code><br />
						
            
            <a class="navhash" href="#167">#</a>
						
              <code id="167">  if (fread ( (void *)&bf_hdr, APGBFHDRSIZE, 1, f) != 1)</code><br />
						
            
            <a class="navhash" href="#168">#</a>
						
              <code id="168">  ^</code><br />
						
            
            <a class="navhash" href="#169">#</a>
						
              <code id="169">apgbfm.c:136:10: warning: implicit declaration of function 'printf' [-Wimplicit-function-declaration]</code><br />
						
            
            <a class="navhash" href="#170">#</a>
						
              <code id="170">          printf ("APG Bloom filter management programm");</code><br />
						
            
            <a class="navhash" href="#171">#</a>
						
              <code id="171">          ^</code><br />
						
            
            <a class="navhash" href="#172">#</a>
						
              <code id="172">apgbfm.c:136:10: warning: incompatible implicit declaration of built-in function 'printf' [enabled by default]</code><br />
						
            
            <a class="navhash" href="#173">#</a>
						
              <code id="173">bloom.c:222:5: warning: implicit declaration of function 'ferror' [-Wimplicit-function-declaration]</code><br />
						
            
            <a class="navhash" href="#174">#</a>
						
              <code id="174">     if (ferror (f) != 0)</code><br />
						
            
            <a class="navhash" href="#175">#</a>
						
              <code id="175">     ^</code><br />
						
            
            <a class="navhash" href="#176">#</a>
						
              <code id="176">apgbfm.c:152:3: warning: incompatible implicit declaration of built-in function 'exit' [enabled by default]</code><br />
						
            
            <a class="navhash" href="#177">#</a>
						
              <code id="177">   exit(-1);</code><br />
						
            
            <a class="navhash" href="#178">#</a>
						
              <code id="178">   ^</code><br />
						
            
            <a class="navhash" href="#179">#</a>
						
              <code id="179">bloom.c:234:4: warning: implicit declaration of function 'fseek' [-Wimplicit-function-declaration]</code><br />
						
            
            <a class="navhash" href="#180">#</a>
						
              <code id="180">    if (fseek (f, 0, SEEK_SET) == -1)</code><br />
						
            
            <a class="navhash" href="#181">#</a>
						
              <code id="181">    ^</code><br />
						
            
            <a class="navhash" href="#182">#</a>
						
              <code id="182">bloom.c:234:21: error: 'SEEK_SET' undeclared (first use in this function)</code><br />
						
            
            <a class="navhash" href="#183">#</a>
						
              <code id="183">    if (fseek (f, 0, SEEK_SET) == -1)</code><br />
						
            
            <a class="navhash" href="#184">#</a>
						
              <code id="184">                     ^</code><br />
						
            
            <a class="navhash" href="#185">#</a>
						
              <code id="185">apgbfm.c:161:53: error: 'NULL' undeclared (first use in this function)</code><br />
						
            
            <a class="navhash" href="#186">#</a>
						
              <code id="186">      if ( (f_filter = open_filter(filter, "r+")) == NULL)</code><br />
						
            
            <a class="navhash" href="#187">#</a>
						
              <code id="187">                                                     ^</code><br />
						
            
            <a class="navhash" href="#188">#</a>
						
              <code id="188">apgbfm.c:161:53: note: each undeclared identifier is reported only once for each function it appears in</code><br />
						
            
            <a class="navhash" href="#189">#</a>
						
              <code id="189">bloom.c: At top level:</code><br />
						
            
            <a class="navhash" href="#190">#</a>
						<span class="error">
              <code id="190">bloom.c:249:14: error: unknown type name 'FILE'</code><br />
						</span>
            
            <a class="navhash" href="#191">#</a>
						
              <code id="191"> close_filter(FILE *f_dsk)</code><br />
						
            
            <a class="navhash" href="#192">#</a>
						
              <code id="192">              ^</code><br />
						
            
            <a class="navhash" href="#193">#</a>
						
              <code id="193">apgbfm.c:163:6: warning: implicit declaration of function 'get_filtersize' [-Wimplicit-function-declaration]</code><br />
						
            
            <a class="navhash" href="#194">#</a>
						
              <code id="194">      filter_size = get_filtersize(f_filter);</code><br />
						
            
            <a class="navhash" href="#195">#</a>
						
              <code id="195">      ^</code><br />
						
            
            <a class="navhash" href="#196">#</a>
						<span class="error">
              <code id="196">bloom.c:263:16: error: unknown type name 'FILE'</code><br />
						</span>
            
            <a class="navhash" href="#197">#</a>
						
              <code id="197"> get_filtersize(FILE * f)</code><br />
						
            
            <a class="navhash" href="#198">#</a>
						
              <code id="198">                ^</code><br />
						
            
            <a class="navhash" href="#199">#</a>
						
              <code id="199">apgbfm.c:164:6: warning: implicit declaration of function 'get_filtermode' [-Wimplicit-function-declaration]</code><br />
						
            
            <a class="navhash" href="#200">#</a>
						
              <code id="200">      flt_mode    = get_filtermode(f_filter);</code><br />
						
            
            <a class="navhash" href="#201">#</a>
						
              <code id="201">      ^</code><br />
						
            
            <a class="navhash" href="#202">#</a>
						<span class="error">
              <code id="202">bloom.c:285:16: error: unknown type name 'FILE'</code><br />
						</span>
            
            <a class="navhash" href="#203">#</a>
						
              <code id="203"> get_filtermode(FILE *f)</code><br />
						
            
            <a class="navhash" href="#204">#</a>
						
              <code id="204">                ^</code><br />
						
            
            <a class="navhash" href="#205">#</a>
						
              <code id="205">apgbfm.c:166:6: warning: implicit declaration of function 'insert_word' [-Wimplicit-function-declaration]</code><br />
						
            
            <a class="navhash" href="#206">#</a>
						
              <code id="206">      if ( insert_word (word, f_filter, filter_size, flt_mode) == -1)</code><br />
						
            
            <a class="navhash" href="#207">#</a>
						
              <code id="207">      ^</code><br />
						
            
            <a class="navhash" href="#208">#</a>
						<span class="error">
              <code id="208">bloom.c:323:1: error: unknown type name 'FILE'</code><br />
						</span>
            
            <a class="navhash" href="#209">#</a>
						
              <code id="209"> FILE *</code><br />
						
            
            <a class="navhash" href="#210">#</a>
						
              <code id="210"> ^</code><br />
						
            
            <a class="navhash" href="#211">#</a>
						
              <code id="211">apgbfm.c:169:9: warning: incompatible implicit declaration of built-in function 'printf' [enabled by default]</code><br />
						
            
            <a class="navhash" href="#212">#</a>
						
              <code id="212">         printf ("Word %s added\n",word);</code><br />
						
            
            <a class="navhash" href="#213">#</a>
						
              <code id="213">         ^</code><br />
						
            
            <a class="navhash" href="#214">#</a>
						
              <code id="214">bloom.c: In function 'create_filter':</code><br />
						
            
            <a class="navhash" href="#215">#</a>
						<span class="error">
              <code id="215">bloom.c:326:2: error: unknown type name 'FILE'</code><br />
						</span>
            
            <a class="navhash" href="#216">#</a>
						
              <code id="216">  FILE *f;</code><br />
						
            
            <a class="navhash" href="#217">#</a>
						
              <code id="217">  ^</code><br />
						
            
            <a class="navhash" href="#218">#</a>
						
              <code id="218">apgbfm.c:174:6: warning: implicit declaration of function 'calloc' [-Wimplicit-function-declaration]</code><br />
						
            
            <a class="navhash" href="#219">#</a>
						
              <code id="219">      word = (char *) calloc(1,MAX_DICT_STRLEN);</code><br />
						
            
            <a class="navhash" href="#220">#</a>
						
              <code id="220">      ^</code><br />
						
            
            <a class="navhash" href="#221">#</a>
						
              <code id="221">apgbfm.c:174:22: warning: incompatible implicit declaration of built-in function 'calloc' [enabled by default]</code><br />
						
            
            <a class="navhash" href="#222">#</a>
						
              <code id="222">      word = (char *) calloc(1,MAX_DICT_STRLEN);</code><br />
						
            
            <a class="navhash" href="#223">#</a>
						
              <code id="223">                      ^</code><br />
						
            
            <a class="navhash" href="#224">#</a>
						
              <code id="224">apgbfm.c:175:6: warning: implicit declaration of function 'fopen' [-Wimplicit-function-declaration]</code><br />
						
            
            <a class="navhash" href="#225">#</a>
						
              <code id="225">      if ( (f_dictfile = fopen(dictfile,"r")) == NULL)</code><br />
						
            
            <a class="navhash" href="#226">#</a>
						
              <code id="226">      ^</code><br />
						
            
            <a class="navhash" href="#227">#</a>
						
              <code id="227">apgbfm.c:175:23: warning: assignment makes pointer from integer without a cast [enabled by default]</code><br />
						
            
            <a class="navhash" href="#228">#</a>
						
              <code id="228">      if ( (f_dictfile = fopen(dictfile,"r")) == NULL)</code><br />
						
            
            <a class="navhash" href="#229">#</a>
						
              <code id="229">                       ^</code><br />
						
            
            <a class="navhash" href="#230">#</a>
						
              <code id="230">bloom.c:343:2: warning: implicit declaration of function 'pow' [-Wimplicit-function-declaration]</code><br />
						
            
            <a class="navhash" href="#231">#</a>
						
              <code id="231">  bf_hdr.fs = FSIZE_BIT(n_words);</code><br />
						
            
            <a class="navhash" href="#232">#</a>
						
              <code id="232">  ^</code><br />
						
            
            <a class="navhash" href="#233">#</a>
						
              <code id="233">bloom.c:53:61: warning: incompatible implicit declaration of built-in function 'pow' [enabled by default]</code><br />
						
            
            <a class="navhash" href="#234">#</a>
						
              <code id="234"> #define FSIZE_BIT(word_count) ((unsigned long int)(5.0/(1.0-pow( 0.84151068, 1.0/((double)word_count)))))</code><br />
						
            
            <a class="navhash" href="#235">#</a>
						
              <code id="235">                                                             ^</code><br />
						
            
            <a class="navhash" href="#236">#</a>
						
              <code id="236">bloom.c:343:14: note: in expansion of macro 'FSIZE_BIT'</code><br />
						
            
            <a class="navhash" href="#237">#</a>
						
              <code id="237">  bf_hdr.fs = FSIZE_BIT(n_words);</code><br />
						
            
            <a class="navhash" href="#238">#</a>
						
              <code id="238">              ^</code><br />
						
            
            <a class="navhash" href="#239">#</a>
						
              <code id="239">apgbfm.c:182:6: warning: implicit declaration of function 'fgets' [-Wimplicit-function-declaration]</code><br />
						
            
            <a class="navhash" href="#240">#</a>
						
              <code id="240">      while ((fgets(word, MAX_DICT_STRLEN, f_dictfile) != NULL))</code><br />
						
            
            <a class="navhash" href="#241">#</a>
						
              <code id="241">      ^</code><br />
						
            
            <a class="navhash" href="#242">#</a>
						
              <code id="242">apgbfm.c:184:10: warning: implicit declaration of function 'strtok' [-Wimplicit-function-declaration]</code><br />
						
            
            <a class="navhash" href="#243">#</a>
						
              <code id="243">          tmp = (char *)strtok (word," \t\n\0");</code><br />
						
            
            <a class="navhash" href="#244">#</a>
						
              <code id="244">          ^</code><br />
						
            
            <a class="navhash" href="#245">#</a>
						
              <code id="245">bloom.c:347:9: warning: assignment makes pointer from integer without a cast [enabled by default]</code><br />
						
            
            <a class="navhash" href="#246">#</a>
						
              <code id="246">  if ((f = fopen (f_name, "w+")) == NULL)</code><br />
						
            
            <a class="navhash" href="#247">#</a>
						
              <code id="247">         ^</code><br />
						
            
            <a class="navhash" href="#248">#</a>
						
              <code id="248">bloom.c:347:36: error: 'NULL' undeclared (first use in this function)</code><br />
						
            
            <a class="navhash" href="#249">#</a>
						
              <code id="249">  if ((f = fopen (f_name, "w+")) == NULL)</code><br />
						
            
            <a class="navhash" href="#250">#</a>
						
              <code id="250">                                    ^</code><br />
						
            
            <a class="navhash" href="#251">#</a>
						
              <code id="251">apgbfm.c:195:11: warning: implicit declaration of function 'fprintf' [-Wimplicit-function-declaration]</code><br />
						
            
            <a class="navhash" href="#252">#</a>
						
              <code id="252">           fprintf (stdout,".");</code><br />
						
            
            <a class="navhash" href="#253">#</a>
						
              <code id="253">           ^</code><br />
						
            
            <a class="navhash" href="#254">#</a>
						
              <code id="254">apgbfm.c:195:11: warning: incompatible implicit declaration of built-in function 'fprintf' [enabled by default]</code><br />
						
            
            <a class="navhash" href="#255">#</a>
						
              <code id="255">apgbfm.c:195:20: error: 'stdout' undeclared (first use in this function)</code><br />
						
            
            <a class="navhash" href="#256">#</a>
						
              <code id="256">           fprintf (stdout,".");</code><br />
						
            
            <a class="navhash" href="#257">#</a>
						
              <code id="257">                    ^</code><br />
						
            
            <a class="navhash" href="#258">#</a>
						
              <code id="258">bloom.c:350:2: warning: implicit declaration of function 'fwrite' [-Wimplicit-function-declaration]</code><br />
						
            
            <a class="navhash" href="#259">#</a>
						
              <code id="259">  if (fwrite ( (void *)&bf_hdr, APGBFHDRSIZE, 1, f) != 1)</code><br />
						
            
            <a class="navhash" href="#260">#</a>
						
              <code id="260">  ^</code><br />
						
            
            <a class="navhash" href="#261">#</a>
						
              <code id="261">apgbfm.c:196:11: warning: implicit declaration of function 'fflush' [-Wimplicit-function-declaration]</code><br />
						
            
            <a class="navhash" href="#262">#</a>
						
              <code id="262">           fflush (stdout);</code><br />
						
            
            <a class="navhash" href="#263">#</a>
						
              <code id="263">           ^</code><br />
						
            
            <a class="navhash" href="#264">#</a>
						
              <code id="264">bloom.c:350:6: warning: incompatible implicit declaration of built-in function 'fwrite' [enabled by default]</code><br />
						
            
            <a class="navhash" href="#265">#</a>
						
              <code id="265">  if (fwrite ( (void *)&bf_hdr, APGBFHDRSIZE, 1, f) != 1)</code><br />
						
            
            <a class="navhash" href="#266">#</a>
						
              <code id="266">      ^</code><br />
						
            
            <a class="navhash" href="#267">#</a>
						
              <code id="267">apgbfm.c:199:10: warning: implicit declaration of function 'memset' [-Wimplicit-function-declaration]</code><br />
						
            
            <a class="navhash" href="#268">#</a>
						
              <code id="268">          (void)memset((void *)word, 0, MAX_DICT_STRLEN);</code><br />
						
            
            <a class="navhash" href="#269">#</a>
						
              <code id="269">          ^</code><br />
						
            
            <a class="navhash" href="#270">#</a>
						
              <code id="270">apgbfm.c:199:16: warning: incompatible implicit declaration of built-in function 'memset' [enabled by default]</code><br />
						
            
            <a class="navhash" href="#271">#</a>
						
              <code id="271">          (void)memset((void *)word, 0, MAX_DICT_STRLEN);</code><br />
						
            
            <a class="navhash" href="#272">#</a>
						
              <code id="272">                ^</code><br />
						
            
            <a class="navhash" href="#273">#</a>
						
              <code id="273">apgbfm.c:201:31: warning: incompatible implicit declaration of built-in function 'printf' [enabled by default]</code><br />
						
            
            <a class="navhash" href="#274">#</a>
						
              <code id="274">      if (silent_flag != TRUE) printf ("\n");</code><br />
						
            
            <a class="navhash" href="#275">#</a>
						
              <code id="275">                               ^</code><br />
						
            
            <a class="navhash" href="#276">#</a>
						
              <code id="276">bloom.c:358:19: error: 'SEEK_SET' undeclared (first use in this function)</code><br />
						
            
            <a class="navhash" href="#277">#</a>
						
              <code id="277">  if (fseek (f, 0, SEEK_SET) == -1)</code><br />
						
            
            <a class="navhash" href="#278">#</a>
						
              <code id="278">                   ^</code><br />
						
            
            <a class="navhash" href="#279">#</a>
						
              <code id="279">apgbfm.c:202:6: warning: implicit declaration of function 'free' [-Wimplicit-function-declaration]</code><br />
						
            
            <a class="navhash" href="#280">#</a>
						
              <code id="280">      free ( (void *)word);</code><br />
						
            
            <a class="navhash" href="#281">#</a>
						
              <code id="281">      ^</code><br />
						
            
            <a class="navhash" href="#282">#</a>
						
              <code id="282">apgbfm.c:202:6: warning: incompatible implicit declaration of built-in function 'free' [enabled by default]</code><br />
						
            
            <a class="navhash" href="#283">#</a>
						
              <code id="283">bloom.c: At top level:</code><br />
						
            
            <a class="navhash" href="#284">#</a>
						
              <code id="284">apgbfm.c:203:6: warning: implicit declaration of function 'fclose' [-Wimplicit-function-declaration]</code><br />
						
            
            <a class="navhash" href="#285">#</a>
						
              <code id="285">      fclose (f_dictfile);</code><br />
						
            
            <a class="navhash" href="#286">#</a>
						
              <code id="286">      ^</code><br />
						
            
            <a class="navhash" href="#287">#</a>
						<span class="error">
              <code id="287">bloom.c:373:13: error: unknown type name 'FILE'</code><br />
						</span>
            
            <a class="navhash" href="#288">#</a>
						
              <code id="288"> count_words(FILE *dict_file)</code><br />
						
            
            <a class="navhash" href="#289">#</a>
						
              <code id="289">             ^</code><br />
						
            
            <a class="navhash" href="#290">#</a>
						
              <code id="290">apgbfm.c:204:6: warning: implicit declaration of function 'close_filter' [-Wimplicit-function-declaration]</code><br />
						
            
            <a class="navhash" href="#291">#</a>
						
              <code id="291">      close_filter (f_filter);</code><br />
						
            
            <a class="navhash" href="#292">#</a>
						
              <code id="292">      ^</code><br />
						
            
            <a class="navhash" href="#293">#</a>
						
              <code id="293">bloom.c: In function 'hash2bit':</code><br />
						
            
            <a class="navhash" href="#294">#</a>
						
              <code id="294">apgbfm.c:215:6: warning: implicit declaration of function 'check_word' [-Wimplicit-function-declaration]</code><br />
						
            
            <a class="navhash" href="#295">#</a>
						
              <code id="295">      switch(check_word (word, f_filter, filter_size, flt_mode))</code><br />
						
            
            <a class="navhash" href="#296">#</a>
						
              <code id="296">      ^</code><br />
						
            
            <a class="navhash" href="#297">#</a>
						
              <code id="297">bloom.c:407:2: warning: implicit declaration of function 'strlen' [-Wimplicit-function-declaration]</code><br />
						
            
            <a class="navhash" href="#298">#</a>
						
              <code id="298">  apg_shaUpdate (&context, (BYTE *)word, strlen(word));</code><br />
						
            
            <a class="navhash" href="#299">#</a>
						
              <code id="299">  ^</code><br />
						
            
            <a class="navhash" href="#300">#</a>
						
              <code id="300">bloom.c:407:41: warning: incompatible implicit declaration of built-in function 'strlen' [enabled by default]</code><br />
						
            
            <a class="navhash" href="#301">#</a>
						
              <code id="301">  apg_shaUpdate (&context, (BYTE *)word, strlen(word));</code><br />
						
            
            <a class="navhash" href="#302">#</a>
						
              <code id="302">                                         ^</code><br />
						
            
            <a class="navhash" href="#303">#</a>
						
              <code id="303">apgbfm.c:221:6: warning: incompatible implicit declaration of built-in function 'printf' [enabled by default]</code><br />
						
            
            <a class="navhash" href="#304">#</a>
						
              <code id="304">      printf ("%s: %s \n",word, FOUND);</code><br />
						
            
            <a class="navhash" href="#305">#</a>
						
              <code id="305">      ^</code><br />
						
            
            <a class="navhash" href="#306">#</a>
						
              <code id="306">bloom.c:409:2: warning: implicit declaration of function 'memcpy' [-Wimplicit-function-declaration]</code><br />
						
            
            <a class="navhash" href="#307">#</a>
						
              <code id="307">  return ( (h_val *)memcpy( (void *)b, (void *)&cs[0], SHA_DIGESTSIZE));</code><br />
						
            
            <a class="navhash" href="#308">#</a>
						
              <code id="308">  ^</code><br />
						
            
            <a class="navhash" href="#309">#</a>
						
              <code id="309">apgbfm.c:231:22: warning: incompatible implicit declaration of built-in function 'calloc' [enabled by default]</code><br />
						
            
            <a class="navhash" href="#310">#</a>
						
              <code id="310">      word = (char *) calloc(1,MAX_DICT_STRLEN);</code><br />
						
            
            <a class="navhash" href="#311">#</a>
						
              <code id="311">                      ^</code><br />
						
            
            <a class="navhash" href="#312">#</a>
						
              <code id="312">bloom.c:409:20: warning: incompatible implicit declaration of built-in function 'memcpy' [enabled by default]</code><br />
						
            
            <a class="navhash" href="#313">#</a>
						
              <code id="313">  return ( (h_val *)memcpy( (void *)b, (void *)&cs[0], SHA_DIGESTSIZE));</code><br />
						
            
            <a class="navhash" href="#314">#</a>
						
              <code id="314">                    ^</code><br />
						
            
            <a class="navhash" href="#315">#</a>
						
              <code id="315">apgbfm.c:232:23: warning: assignment makes pointer from integer without a cast [enabled by default]</code><br />
						
            
            <a class="navhash" href="#316">#</a>
						
              <code id="316">      if ( (f_dictfile = fopen(dictfile,"r")) == NULL)</code><br />
						
            
            <a class="navhash" href="#317">#</a>
						
              <code id="317">                       ^</code><br />
						
            
            <a class="navhash" href="#318">#</a>
						
              <code id="318">bloom.c: At top level:</code><br />
						
            
            <a class="navhash" href="#319">#</a>
						<span class="error">
              <code id="319">bloom.c:423:8: error: unknown type name 'FILE'</code><br />
						</span>
            
            <a class="navhash" href="#320">#</a>
						
              <code id="320"> getbit(FILE * f, h_val bitnum)</code><br />
						
            
            <a class="navhash" href="#321">#</a>
						
              <code id="321">        ^</code><br />
						
            
            <a class="navhash" href="#322">#</a>
						
              <code id="322">apgbfm.c:234:6: warning: implicit declaration of function 'count_words' [-Wimplicit-function-declaration]</code><br />
						
            
            <a class="navhash" href="#323">#</a>
						
              <code id="323">      wc = count_words (f_dictfile);</code><br />
						
            
            <a class="navhash" href="#324">#</a>
						
              <code id="324">      ^</code><br />
						
            
            <a class="navhash" href="#325">#</a>
						<span class="error">
              <code id="325">bloom.c:455:8: error: unknown type name 'FILE'</code><br />
						</span>
            
            <a class="navhash" href="#326">#</a>
						
              <code id="326"> putbit(FILE * f, h_val bitnum)</code><br />
						
            
            <a class="navhash" href="#327">#</a>
						
              <code id="327">        ^</code><br />
						
            
            <a class="navhash" href="#328">#</a>
						
              <code id="328">apgbfm.c:254:10: warning: incompatible implicit declaration of built-in function 'printf' [enabled by default]</code><br />
						
            
            <a class="navhash" href="#329">#</a>
						
              <code id="329">          printf ("%s: %s\n",word, FOUND);</code><br />
						
            
            <a class="navhash" href="#330">#</a>
						
              <code id="330">          ^</code><br />
						
            
            <a class="navhash" href="#331">#</a>
						
              <code id="331">apgbfm.c:260:16: warning: incompatible implicit declaration of built-in function 'memset' [enabled by default]</code><br />
						
            
            <a class="navhash" href="#332">#</a>
						
              <code id="332">          (void)memset((void *)word, 0, MAX_DICT_STRLEN);</code><br />
						
            
            <a class="navhash" href="#333">#</a>
						
              <code id="333">                ^</code><br />
						
            
            <a class="navhash" href="#334">#</a>
						
              <code id="334">apgbfm.c:262:6: warning: incompatible implicit declaration of built-in function 'free' [enabled by default]</code><br />
						
            
            <a class="navhash" href="#335">#</a>
						
              <code id="335">      free ( (void *)word);</code><br />
						
            
            <a class="navhash" href="#336">#</a>
						
              <code id="336">      ^</code><br />
						
            
            <a class="navhash" href="#337">#</a>
						
              <code id="337">apgbfm.c:276:22: warning: incompatible implicit declaration of built-in function 'calloc' [enabled by default]</code><br />
						
            
            <a class="navhash" href="#338">#</a>
						
              <code id="338">      word = (char *) calloc(1,MAX_DICT_STRLEN);</code><br />
						
            
            <a class="navhash" href="#339">#</a>
						
              <code id="339">                      ^</code><br />
						
            
            <a class="navhash" href="#340">#</a>
						
              <code id="340">apgbfm.c:277:23: warning: assignment makes pointer from integer without a cast [enabled by default]</code><br />
						
            
            <a class="navhash" href="#341">#</a>
						
              <code id="341">      if ( (f_dictfile = fopen(dictfile,"r")) == NULL)</code><br />
						
            
            <a class="navhash" href="#342">#</a>
						
              <code id="342">                       ^</code><br />
						
            
            <a class="navhash" href="#343">#</a>
						
              <code id="343">bloom.c: In function 'open_filter':</code><br />
						
            
            <a class="navhash" href="#344">#</a>
						
              <code id="344">apgbfm.c:281:10: warning: incompatible implicit declaration of built-in function 'fprintf' [enabled by default]</code><br />
						
            
            <a class="navhash" href="#345">#</a>
						
              <code id="345">          fprintf (stdout,"Counting words in dictionary. Please wait...\n");</code><br />
						
            
            <a class="navhash" href="#346">#</a>
						
              <code id="346">          ^</code><br />
						
            
            <a class="navhash" href="#347">#</a>
						
              <code id="347">bloom.c:238:1: warning: control reaches end of non-void function [-Wreturn-type]</code><br />
						
            
            <a class="navhash" href="#348">#</a>
						
              <code id="348"> }</code><br />
						
            
            <a class="navhash" href="#349">#</a>
						
              <code id="349"> ^</code><br />
						
            
            <a class="navhash" href="#350">#</a>
						
              <code id="350">apgbfm.c:308:18: warning: incompatible implicit declaration of built-in function 'fprintf' [enabled by default]</code><br />
						
            
            <a class="navhash" href="#351">#</a>
						
              <code id="351">                  fprintf (stdout, ".");</code><br />
						
            
            <a class="navhash" href="#352">#</a>
						
              <code id="352">                  ^</code><br />
						
            
            <a class="navhash" href="#353">#</a>
						
              <code id="353">apgbfm.c:312:16: warning: incompatible implicit declaration of built-in function 'memset' [enabled by default]</code><br />
						
            
            <a class="navhash" href="#354">#</a>
						
              <code id="354">          (void)memset((void *)word, 0, MAX_DICT_STRLEN);</code><br />
						
            
            <a class="navhash" href="#355">#</a>
						
              <code id="355">                ^</code><br />
						
            
            <a class="navhash" href="#356">#</a>
						
              <code id="356">apgbfm.c:314:31: warning: incompatible implicit declaration of built-in function 'printf' [enabled by default]</code><br />
						
            
            <a class="navhash" href="#357">#</a>
						
              <code id="357">      if (silent_flag != TRUE) printf ("\n");</code><br />
						
            
            <a class="navhash" href="#358">#</a>
						
              <code id="358">                               ^</code><br />
						
            
            <a class="navhash" href="#359">#</a>
						
              <code id="359">apgbfm.c:315:6: warning: incompatible implicit declaration of built-in function 'free' [enabled by default]</code><br />
						
            
            <a class="navhash" href="#360">#</a>
						
              <code id="360">      free ( (void *)word);</code><br />
						
            
            <a class="navhash" href="#361">#</a>
						
              <code id="361">      ^</code><br />
						
            
            <a class="navhash" href="#362">#</a>
						
              <code id="362">apgbfm.c:82:7: warning: variable 'case_insensitive_flag' set but not used [-Wunused-but-set-variable]</code><br />
						
            
            <a class="navhash" href="#363">#</a>
						
              <code id="363">  flag case_insensitive_flag = FALSE; /* -q */</code><br />
						
            
            <a class="navhash" href="#364">#</a>
						
              <code id="364">       ^</code><br />
						
            
            <a class="navhash" href="#365">#</a>
						
              <code id="365">apgbfm.c: In function 'print_help':</code><br />
						
            
            <a class="navhash" href="#366">#</a>
						
              <code id="366">apgbfm.c:334:2: warning: incompatible implicit declaration of built-in function 'printf' [enabled by default]</code><br />
						
            
            <a class="navhash" href="#367">#</a>
						
              <code id="367">  printf ("\napgbfm   APG Bloom filter management\n");</code><br />
						
            
            <a class="navhash" href="#368">#</a>
						
              <code id="368">  ^</code><br />
						
            
            <a class="navhash" href="#369">#</a>
						
              <code id="369">apgbfm.c: In function 'checkopt':</code><br />
						
            
            <a class="navhash" href="#370">#</a>
						
              <code id="370">apgbfm.c:368:2: warning: implicit declaration of function 'strlen' [-Wimplicit-function-declaration]</code><br />
						
            
            <a class="navhash" href="#371">#</a>
						
              <code id="371">  for(i=0; i < strlen(opt);i++)</code><br />
						
            
            <a class="navhash" href="#372">#</a>
						
              <code id="372">  ^</code><br />
						
            
            <a class="navhash" href="#373">#</a>
						
              <code id="373">apgbfm.c:368:15: warning: incompatible implicit declaration of built-in function 'strlen' [enabled by default]</code><br />
						
            
            <a class="navhash" href="#374">#</a>
						
              <code id="374">  for(i=0; i < strlen(opt);i++)</code><br />
						
            
            <a class="navhash" href="#375">#</a>
						
              <code id="375">               ^</code><br />
						
            
            <a class="navhash" href="#376">#</a>
						
              <code id="376">apgbfm.c: In function 'print_filter_info':</code><br />
						
            
            <a class="navhash" href="#377">#</a>
						<span class="error">
              <code id="377">apgbfm.c:387:1: error: unknown type name 'FILE'</code><br />
						</span>
            
            <a class="navhash" href="#378">#</a>
						
              <code id="378"> FILE * f_filter;</code><br />
						
            
            <a class="navhash" href="#379">#</a>
						
              <code id="379"> ^</code><br />
						
            
            <a class="navhash" href="#380">#</a>
						
              <code id="380">apgbfm.c:389:47: error: 'NULL' undeclared (first use in this function)</code><br />
						
            
            <a class="navhash" href="#381">#</a>
						
              <code id="381"> if ( (f_filter = open_filter(filter, "r")) == NULL)</code><br />
						
            
            <a class="navhash" href="#382">#</a>
						
              <code id="382">                                               ^</code><br />
						
            
            <a class="navhash" href="#383">#</a>
						
              <code id="383">apgbfm.c:391:1: warning: implicit declaration of function 'print_flt_info' [-Wimplicit-function-declaration]</code><br />
						
            
            <a class="navhash" href="#384">#</a>
						
              <code id="384"> if (( print_flt_info(f_filter)) == -1)</code><br />
						
            
            <a class="navhash" href="#385">#</a>
						
              <code id="385"> ^</code><br />
						
            
            <a class="navhash" href="#386">#</a>
						
              <code id="386">cc1: error: no include path in which to search for stdc-predef.h</code><br />
						
            
            <a class="navhash" href="#387">#</a>
						
              <code id="387">In file included from bloom.c:50:0:</code><br />
						
            
            <a class="navhash" href="#388">#</a>
						
              <code id="388">bloom.h:38:19: error: no include path in which to search for stdio.h</code><br />
						
            
            <a class="navhash" href="#389">#</a>
						
              <code id="389"> #include <stdio.h></code><br />
						
            
            <a class="navhash" href="#390">#</a>
						
              <code id="390">                   ^</code><br />
						
            
            <a class="navhash" href="#391">#</a>
						
              <code id="391">bloom.h:39:20: error: no include path in which to search for stdlib.h</code><br />
						
            
            <a class="navhash" href="#392">#</a>
						
              <code id="392"> #include <stdlib.h></code><br />
						
            
            <a class="navhash" href="#393">#</a>
						
              <code id="393">                    ^</code><br />
						
            
            <a class="navhash" href="#394">#</a>
						
              <code id="394">bloom.h:40:20: error: no include path in which to search for string.h</code><br />
						
            
            <a class="navhash" href="#395">#</a>
						
              <code id="395"> #include <string.h></code><br />
						
            
            <a class="navhash" href="#396">#</a>
						
              <code id="396">                    ^</code><br />
						
            
            <a class="navhash" href="#397">#</a>
						
              <code id="397">bloom.h:42:21: error: no include path in which to search for strings.h</code><br />
						
            
            <a class="navhash" href="#398">#</a>
						
              <code id="398"> #include <strings.h></code><br />
						
            
            <a class="navhash" href="#399">#</a>
						
              <code id="399">                     ^</code><br />
						
            
            <a class="navhash" href="#400">#</a>
						
              <code id="400">bloom.h:44:18: error: no include path in which to search for math.h</code><br />
						
            
            <a class="navhash" href="#401">#</a>
						
              <code id="401"> #include <math.h></code><br />
						
            
            <a class="navhash" href="#402">#</a>
						
              <code id="402">                  ^</code><br />
						
            
            <a class="navhash" href="#403">#</a>
						
              <code id="403">In file included from bloom.c:50:0:</code><br />
						
            
            <a class="navhash" href="#404">#</a>
						<span class="error">
              <code id="404">bloom.h:80:36: error: unknown type name 'FILE'</code><br />
						</span>
            
            <a class="navhash" href="#405">#</a>
						
              <code id="405"> extern int insert_word(char *word, FILE *file, h_val filter_size, f_mode mode);</code><br />
						
            
            <a class="navhash" href="#406">#</a>
						
              <code id="406">                                    ^</code><br />
						
            
            <a class="navhash" href="#407">#</a>
						<span class="error">
              <code id="407">bloom.h:81:35: error: unknown type name 'FILE'</code><br />
						</span>
            
            <a class="navhash" href="#408">#</a>
						
              <code id="408"> extern int check_word(char *word, FILE *file, h_val filter_size, f_mode mode);</code><br />
						
            
            <a class="navhash" href="#409">#</a>
						
              <code id="409">                                   ^</code><br />
						
            
            <a class="navhash" href="#410">#</a>
						<span class="error">
              <code id="410">bloom.h:82:1: error: unknown type name 'FILE'</code><br />
						</span>
            
            <a class="navhash" href="#411">#</a>
						
              <code id="411"> extern FILE * create_filter(char * f_name, unsigned long int n_words, f_mode mode); </code><br />
						
            
            <a class="navhash" href="#412">#</a>
						
              <code id="412"> ^</code><br />
						
            
            <a class="navhash" href="#413">#</a>
						<span class="error">
              <code id="413">bloom.h:83:1: error: unknown type name 'FILE'</code><br />
						</span>
            
            <a class="navhash" href="#414">#</a>
						
              <code id="414"> extern FILE * open_filter(char * f_name, const char *mode); </code><br />
						
            
            <a class="navhash" href="#415">#</a>
						
              <code id="415"> ^</code><br />
						
            
            <a class="navhash" href="#416">#</a>
						<span class="error">
              <code id="416">bloom.h:84:25: error: unknown type name 'FILE'</code><br />
						</span>
            
            <a class="navhash" href="#417">#</a>
						
              <code id="417"> extern int close_filter(FILE *f_dsk);</code><br />
						
            
            <a class="navhash" href="#418">#</a>
						
              <code id="418">                         ^</code><br />
						
            
            <a class="navhash" href="#419">#</a>
						<span class="error">
              <code id="419">bloom.h:85:29: error: unknown type name 'FILE'</code><br />
						</span>
            
            <a class="navhash" href="#420">#</a>
						
              <code id="420"> extern h_val get_filtersize(FILE *f); </code><br />
						
            
            <a class="navhash" href="#421">#</a>
						
              <code id="421">                             ^</code><br />
						
            
            <a class="navhash" href="#422">#</a>
						<span class="error">
              <code id="422">bloom.h:86:30: error: unknown type name 'FILE'</code><br />
						</span>
            
            <a class="navhash" href="#423">#</a>
						
              <code id="423"> extern f_mode get_filtermode(FILE *f); </code><br />
						
            
            <a class="navhash" href="#424">#</a>
						
              <code id="424">                              ^</code><br />
						
            
            <a class="navhash" href="#425">#</a>
						<span class="error">
              <code id="425">bloom.h:87:26: error: unknown type name 'FILE'</code><br />
						</span>
            
            <a class="navhash" href="#426">#</a>
						
              <code id="426"> extern h_val count_words(FILE *dict_file);</code><br />
						
            
            <a class="navhash" href="#427">#</a>
						
              <code id="427">                          ^</code><br />
						
            
            <a class="navhash" href="#428">#</a>
						<span class="error">
              <code id="428">bloom.h:89:27: error: unknown type name 'FILE'</code><br />
						</span>
            
            <a class="navhash" href="#429">#</a>
						
              <code id="429"> extern int print_flt_info(FILE * filter);</code><br />
						
            
            <a class="navhash" href="#430">#</a>
						
              <code id="430">                           ^</code><br />
						
            
            <a class="navhash" href="#431">#</a>
						<span class="error">
              <code id="431">bloom.c:57:12: error: unknown type name 'FILE'</code><br />
						</span>
            
            <a class="navhash" href="#432">#</a>
						
              <code id="432"> int getbit(FILE * f, h_val bitnum);</code><br />
						
            
            <a class="navhash" href="#433">#</a>
						
              <code id="433">            ^</code><br />
						
            
            <a class="navhash" href="#434">#</a>
						<span class="error">
              <code id="434">bloom.c:58:12: error: unknown type name 'FILE'</code><br />
						</span>
            
            <a class="navhash" href="#435">#</a>
						
              <code id="435"> int putbit(FILE * f, h_val bitnum);</code><br />
						
            
            <a class="navhash" href="#436">#</a>
						
              <code id="436">            ^</code><br />
						
            
            <a class="navhash" href="#437">#</a>
						<span class="error">
              <code id="437">bloom.c:71:16: error: unknown type name 'FILE'</code><br />
						</span>
            
            <a class="navhash" href="#438">#</a>
						
              <code id="438"> print_flt_info(FILE * filter)</code><br />
						
            
            <a class="navhash" href="#439">#</a>
						
              <code id="439">                ^</code><br />
						
            
            <a class="navhash" href="#440">#</a>
						<span class="error">
              <code id="440">bloom.c:117:25: error: unknown type name 'FILE'</code><br />
						</span>
            
            <a class="navhash" href="#441">#</a>
						
              <code id="441"> insert_word(char *word, FILE *file, h_val filter_size, f_mode mode)</code><br />
						
            
            <a class="navhash" href="#442">#</a>
						
              <code id="442">                         ^</code><br />
						
            
            <a class="navhash" href="#443">#</a>
						<span class="error">
              <code id="443">bloom.c:157:24: error: unknown type name 'FILE'</code><br />
						</span>
            
            <a class="navhash" href="#444">#</a>
						
              <code id="444"> check_word(char *word, FILE *file,  h_val filter_size, f_mode mode)</code><br />
						
            
            <a class="navhash" href="#445">#</a>
						
              <code id="445">                        ^</code><br />
						
            
            <a class="navhash" href="#446">#</a>
						<span class="error">
              <code id="446">bloom.c:211:1: error: unknown type name 'FILE'</code><br />
						</span>
            
            <a class="navhash" href="#447">#</a>
						
              <code id="447"> FILE *</code><br />
						
            
            <a class="navhash" href="#448">#</a>
						
              <code id="448"> ^</code><br />
						
            
            <a class="navhash" href="#449">#</a>
						
              <code id="449">bloom.c: In function 'open_filter':</code><br />
						
            
            <a class="navhash" href="#450">#</a>
						<span class="error">
              <code id="450">bloom.c:214:2: error: unknown type name 'FILE'</code><br />
						</span>
            
            <a class="navhash" href="#451">#</a>
						
              <code id="451">  FILE *f;</code><br />
						
            
            <a class="navhash" href="#452">#</a>
						
              <code id="452">  ^</code><br />
						
            
            <a class="navhash" href="#453">#</a>
						
              <code id="453">bloom.c:219:2: warning: implicit declaration of function 'fopen' [-Wimplicit-function-declaration]</code><br />
						
            
            <a class="navhash" href="#454">#</a>
						
              <code id="454">  if ((f = fopen (f_name, mode)) == NULL)</code><br />
						
            
            <a class="navhash" href="#455">#</a>
						
              <code id="455">  ^</code><br />
						
            
            <a class="navhash" href="#456">#</a>
						
              <code id="456">bloom.c:219:9: warning: assignment makes pointer from integer without a cast [enabled by default]</code><br />
						
            
            <a class="navhash" href="#457">#</a>
						
              <code id="457">  if ((f = fopen (f_name, mode)) == NULL)</code><br />
						
            
            <a class="navhash" href="#458">#</a>
						
              <code id="458">         ^</code><br />
						
            
            <a class="navhash" href="#459">#</a>
						
              <code id="459">bloom.c:219:36: error: 'NULL' undeclared (first use in this function)</code><br />
						
            
            <a class="navhash" href="#460">#</a>
						
              <code id="460">  if ((f = fopen (f_name, mode)) == NULL)</code><br />
						
            
            <a class="navhash" href="#461">#</a>
						
              <code id="461">                                    ^</code><br />
						
            
            <a class="navhash" href="#462">#</a>
						
              <code id="462">bloom.c:219:36: note: each undeclared identifier is reported only once for each function it appears in</code><br />
						
            
            <a class="navhash" href="#463">#</a>
						
              <code id="463">bloom.c:221:2: warning: implicit declaration of function 'fread' [-Wimplicit-function-declaration]</code><br />
						
            
            <a class="navhash" href="#464">#</a>
						
              <code id="464">  if (fread ( (void *)&bf_hdr, APGBFHDRSIZE, 1, f) != 1)</code><br />
						
            
            <a class="navhash" href="#465">#</a>
						
              <code id="465">  ^</code><br />
						
            
            <a class="navhash" href="#466">#</a>
						
              <code id="466">bloom.c:222:5: warning: implicit declaration of function 'ferror' [-Wimplicit-function-declaration]</code><br />
						
            
            <a class="navhash" href="#467">#</a>
						
              <code id="467">     if (ferror (f) != 0)</code><br />
						
            
            <a class="navhash" href="#468">#</a>
						
              <code id="468">     ^</code><br />
						
            
            <a class="navhash" href="#469">#</a>
						
              <code id="469">bloom.c:234:4: warning: implicit declaration of function 'fseek' [-Wimplicit-function-declaration]</code><br />
						
            
            <a class="navhash" href="#470">#</a>
						
              <code id="470">    if (fseek (f, 0, SEEK_SET) == -1)</code><br />
						
            
            <a class="navhash" href="#471">#</a>
						
              <code id="471">    ^</code><br />
						
            
            <a class="navhash" href="#472">#</a>
						
              <code id="472">bloom.c:234:21: error: 'SEEK_SET' undeclared (first use in this function)</code><br />
						
            
            <a class="navhash" href="#473">#</a>
						
              <code id="473">    if (fseek (f, 0, SEEK_SET) == -1)</code><br />
						
            
            <a class="navhash" href="#474">#</a>
						
              <code id="474">                     ^</code><br />
						
            
            <a class="navhash" href="#475">#</a>
						
              <code id="475">bloom.c: At top level:</code><br />
						
            
            <a class="navhash" href="#476">#</a>
						<span class="error">
              <code id="476">bloom.c:249:14: error: unknown type name 'FILE'</code><br />
						</span>
            
            <a class="navhash" href="#477">#</a>
						
              <code id="477"> close_filter(FILE *f_dsk)</code><br />
						
            
            <a class="navhash" href="#478">#</a>
						
              <code id="478">              ^</code><br />
						
            
            <a class="navhash" href="#479">#</a>
						<span class="error">
              <code id="479">bloom.c:263:16: error: unknown type name 'FILE'</code><br />
						</span>
            
            <a class="navhash" href="#480">#</a>
						
              <code id="480"> get_filtersize(FILE * f)</code><br />
						
            
            <a class="navhash" href="#481">#</a>
						
              <code id="481">                ^</code><br />
						
            
            <a class="navhash" href="#482">#</a>
						<span class="error">
              <code id="482">bloom.c:285:16: error: unknown type name 'FILE'</code><br />
						</span>
            
            <a class="navhash" href="#483">#</a>
						
              <code id="483"> get_filtermode(FILE *f)</code><br />
						
            
            <a class="navhash" href="#484">#</a>
						
              <code id="484">                ^</code><br />
						
            
            <a class="navhash" href="#485">#</a>
						<span class="error">
              <code id="485">bloom.c:323:1: error: unknown type name 'FILE'</code><br />
						</span>
            
            <a class="navhash" href="#486">#</a>
						
              <code id="486"> FILE *</code><br />
						
            
            <a class="navhash" href="#487">#</a>
						
              <code id="487"> ^</code><br />
						
            
            <a class="navhash" href="#488">#</a>
						
              <code id="488">bloom.c: In function 'create_filter':</code><br />
						
            
            <a class="navhash" href="#489">#</a>
						<span class="error">
              <code id="489">bloom.c:326:2: error: unknown type name 'FILE'</code><br />
						</span>
            
            <a class="navhash" href="#490">#</a>
						
              <code id="490">  FILE *f;</code><br />
						
            
            <a class="navhash" href="#491">#</a>
						
              <code id="491">  ^</code><br />
						
            
            <a class="navhash" href="#492">#</a>
						
              <code id="492">bloom.c:343:2: warning: implicit declaration of function 'pow' [-Wimplicit-function-declaration]</code><br />
						
            
            <a class="navhash" href="#493">#</a>
						
              <code id="493">  bf_hdr.fs = FSIZE_BIT(n_words);</code><br />
						
            
            <a class="navhash" href="#494">#</a>
						
              <code id="494">  ^</code><br />
						
            
            <a class="navhash" href="#495">#</a>
						
              <code id="495">bloom.c:53:61: warning: incompatible implicit declaration of built-in function 'pow' [enabled by default]</code><br />
						
            
            <a class="navhash" href="#496">#</a>
						
              <code id="496"> #define FSIZE_BIT(word_count) ((unsigned long int)(5.0/(1.0-pow( 0.84151068, 1.0/((double)word_count)))))</code><br />
						
            
            <a class="navhash" href="#497">#</a>
						
              <code id="497">                                                             ^</code><br />
						
            
            <a class="navhash" href="#498">#</a>
						
              <code id="498">bloom.c:343:14: note: in expansion of macro 'FSIZE_BIT'</code><br />
						
            
            <a class="navhash" href="#499">#</a>
						
              <code id="499">  bf_hdr.fs = FSIZE_BIT(n_words);</code><br />
						
            
            <a class="navhash" href="#500">#</a>
						
              <code id="500">              ^</code><br />
						
            
            <a class="navhash" href="#501">#</a>
						
              <code id="501">bloom.c:347:9: warning: assignment makes pointer from integer without a cast [enabled by default]</code><br />
						
            
            <a class="navhash" href="#502">#</a>
						
              <code id="502">  if ((f = fopen (f_name, "w+")) == NULL)</code><br />
						
            
            <a class="navhash" href="#503">#</a>
						
              <code id="503">         ^</code><br />
						
            
            <a class="navhash" href="#504">#</a>
						
              <code id="504">bloom.c:347:36: error: 'NULL' undeclared (first use in this function)</code><br />
						
            
            <a class="navhash" href="#505">#</a>
						
              <code id="505">  if ((f = fopen (f_name, "w+")) == NULL)</code><br />
						
            
            <a class="navhash" href="#506">#</a>
						
              <code id="506">                                    ^</code><br />
						
            
            <a class="navhash" href="#507">#</a>
						
              <code id="507">bloom.c:350:2: warning: implicit declaration of function 'fwrite' [-Wimplicit-function-declaration]</code><br />
						
            
            <a class="navhash" href="#508">#</a>
						
              <code id="508">  if (fwrite ( (void *)&bf_hdr, APGBFHDRSIZE, 1, f) != 1)</code><br />
						
            
            <a class="navhash" href="#509">#</a>
						
              <code id="509">  ^</code><br />
						
            
            <a class="navhash" href="#510">#</a>
						
              <code id="510">bloom.c:350:6: warning: incompatible implicit declaration of built-in function 'fwrite' [enabled by default]</code><br />
						
            
            <a class="navhash" href="#511">#</a>
						
              <code id="511">  if (fwrite ( (void *)&bf_hdr, APGBFHDRSIZE, 1, f) != 1)</code><br />
						
            
            <a class="navhash" href="#512">#</a>
						
              <code id="512">      ^</code><br />
						
            
            <a class="navhash" href="#513">#</a>
						
              <code id="513">bloom.c:358:19: error: 'SEEK_SET' undeclared (first use in this function)</code><br />
						
            
            <a class="navhash" href="#514">#</a>
						
              <code id="514">  if (fseek (f, 0, SEEK_SET) == -1)</code><br />
						
            
            <a class="navhash" href="#515">#</a>
						
              <code id="515">                   ^</code><br />
						
            
            <a class="navhash" href="#516">#</a>
						
              <code id="516">bloom.c: At top level:</code><br />
						
            
            <a class="navhash" href="#517">#</a>
						<span class="error">
              <code id="517">bloom.c:373:13: error: unknown type name 'FILE'</code><br />
						</span>
            
            <a class="navhash" href="#518">#</a>
						
              <code id="518"> count_words(FILE *dict_file)</code><br />
						
            
            <a class="navhash" href="#519">#</a>
						
              <code id="519">             ^</code><br />
						
            
            <a class="navhash" href="#520">#</a>
						
              <code id="520">bloom.c: In function 'hash2bit':</code><br />
						
            
            <a class="navhash" href="#521">#</a>
						
              <code id="521">bloom.c:407:2: warning: implicit declaration of function 'strlen' [-Wimplicit-function-declaration]</code><br />
						
            
            <a class="navhash" href="#522">#</a>
						
              <code id="522">  apg_shaUpdate (&context, (BYTE *)word, strlen(word));</code><br />
						
            
            <a class="navhash" href="#523">#</a>
						
              <code id="523">  ^</code><br />
						
            
            <a class="navhash" href="#524">#</a>
						
              <code id="524">bloom.c:407:41: warning: incompatible implicit declaration of built-in function 'strlen' [enabled by default]</code><br />
						
            
            <a class="navhash" href="#525">#</a>
						
              <code id="525">  apg_shaUpdate (&context, (BYTE *)word, strlen(word));</code><br />
						
            
            <a class="navhash" href="#526">#</a>
						
              <code id="526">                                         ^</code><br />
						
            
            <a class="navhash" href="#527">#</a>
						
              <code id="527">bloom.c:409:2: warning: implicit declaration of function 'memcpy' [-Wimplicit-function-declaration]</code><br />
						
            
            <a class="navhash" href="#528">#</a>
						
              <code id="528">  return ( (h_val *)memcpy( (void *)b, (void *)&cs[0], SHA_DIGESTSIZE));</code><br />
						
            
            <a class="navhash" href="#529">#</a>
						
              <code id="529">  ^</code><br />
						
            
            <a class="navhash" href="#530">#</a>
						
              <code id="530">bloom.c:409:20: warning: incompatible implicit declaration of built-in function 'memcpy' [enabled by default]</code><br />
						
            
            <a class="navhash" href="#531">#</a>
						
              <code id="531">  return ( (h_val *)memcpy( (void *)b, (void *)&cs[0], SHA_DIGESTSIZE));</code><br />
						
            
            <a class="navhash" href="#532">#</a>
						
              <code id="532">                    ^</code><br />
						
            
            <a class="navhash" href="#533">#</a>
						
              <code id="533">bloom.c: At top level:</code><br />
						
            
            <a class="navhash" href="#534">#</a>
						<span class="error">
              <code id="534">bloom.c:423:8: error: unknown type name 'FILE'</code><br />
						</span>
            
            <a class="navhash" href="#535">#</a>
						
              <code id="535"> getbit(FILE * f, h_val bitnum)</code><br />
						
            
            <a class="navhash" href="#536">#</a>
						
              <code id="536">        ^</code><br />
						
            
            <a class="navhash" href="#537">#</a>
						<span class="error">
              <code id="537">bloom.c:455:8: error: unknown type name 'FILE'</code><br />
						</span>
            
            <a class="navhash" href="#538">#</a>
						
              <code id="538"> putbit(FILE * f, h_val bitnum)</code><br />
						
            
            <a class="navhash" href="#539">#</a>
						
              <code id="539">        ^</code><br />
						
            
            <a class="navhash" href="#540">#</a>
						
              <code id="540">bloom.c: In function 'open_filter':</code><br />
						
            
            <a class="navhash" href="#541">#</a>
						
              <code id="541">bloom.c:238:1: warning: control reaches end of non-void function [-Wreturn-type]</code><br />
						
            
            <a class="navhash" href="#542">#</a>
						
              <code id="542"> }</code><br />
						
            
            <a class="navhash" href="#543">#</a>
						
              <code id="543"> ^</code><br />
						
            
            <a class="navhash" href="#544">#</a>
						
              <code id="544">cc1: error: no include path in which to search for stdc-predef.h</code><br />
						
            
            <a class="navhash" href="#545">#</a>
						
              <code id="545">./sha/sha.c:15:20: error: no include path in which to search for string.h</code><br />
						
            
            <a class="navhash" href="#546">#</a>
						
              <code id="546"> #include <string.h></code><br />
						
            
            <a class="navhash" href="#547">#</a>
						
              <code id="547">                    ^</code><br />
						
            
            <a class="navhash" href="#548">#</a>
						
              <code id="548">./sha/sha.c: In function 'apg_shaFinal':</code><br />
						
            
            <a class="navhash" href="#549">#</a>
						
              <code id="549">./sha/sha.c:270:7: warning: implicit declaration of function 'memset' [-Wimplicit-function-declaration]</code><br />
						
            
            <a class="navhash" href="#550">#</a>
						
              <code id="550">       memset( ( BYTE * ) &shaInfo->data + count, 0, 64 - count );</code><br />
						
            
            <a class="navhash" href="#551">#</a>
						
              <code id="551">       ^</code><br />
						
            
            <a class="navhash" href="#552">#</a>
						
              <code id="552">./sha/sha.c:270:7: warning: incompatible implicit declaration of built-in function 'memset' [enabled by default]</code><br />
						
            
            <a class="navhash" href="#553">#</a>
						
              <code id="553">./sha/sha.c:281:5: warning: incompatible implicit declaration of built-in function 'memset' [enabled by default]</code><br />
						
            
            <a class="navhash" href="#554">#</a>
						
              <code id="554">     memset( ( BYTE * ) &shaInfo->data + count, 0, 56 - count );</code><br />
						
            
            <a class="navhash" href="#555">#</a>
						
              <code id="555">     ^</code><br />
						
            
            <a class="navhash" href="#556">#</a>
						
              <code id="556">cc1: error: no include path in which to search for stdc-predef.h</code><br />
						
            
            <a class="navhash" href="#557">#</a>
						
              <code id="557">cc1: error: no include path in which to search for stdc-predef.h</code><br />
						
            
            <a class="navhash" href="#558">#</a>
						
              <code id="558">sha/sha.c:15:20: error: no include path in which to search for string.h</code><br />
						
            
            <a class="navhash" href="#559">#</a>
						
              <code id="559"> #include <string.h></code><br />
						
            
            <a class="navhash" href="#560">#</a>
						
              <code id="560">                    ^</code><br />
						
            
            <a class="navhash" href="#561">#</a>
						
              <code id="561">sha/sha.c: In function 'apg_shaFinal':</code><br />
						
            
            <a class="navhash" href="#562">#</a>
						
              <code id="562">sha/sha.c:270:7: warning: implicit declaration of function 'memset' [-Wimplicit-function-declaration]</code><br />
						
            
            <a class="navhash" href="#563">#</a>
						
              <code id="563">       memset( ( BYTE * ) &shaInfo->data + count, 0, 64 - count );</code><br />
						
            
            <a class="navhash" href="#564">#</a>
						
              <code id="564">       ^</code><br />
						
            
            <a class="navhash" href="#565">#</a>
						
              <code id="565">sha/sha.c:270:7: warning: incompatible implicit declaration of built-in function 'memset' [enabled by default]</code><br />
						
            
            <a class="navhash" href="#566">#</a>
						
              <code id="566">sha/sha.c:281:5: warning: incompatible implicit declaration of built-in function 'memset' [enabled by default]</code><br />
						
            
            <a class="navhash" href="#567">#</a>
						
              <code id="567">     memset( ( BYTE * ) &shaInfo->data + count, 0, 56 - count );</code><br />
						
            
            <a class="navhash" href="#568">#</a>
						
              <code id="568">     ^</code><br />
						
            
            <a class="navhash" href="#569">#</a>
						
              <code id="569">cc1: error: no include path in which to search for stdc-predef.h</code><br />
						
            
            <a class="navhash" href="#570">#</a>
						
              <code id="570">errors.c:30:19: error: no include path in which to search for stdio.h</code><br />
						
            
            <a class="navhash" href="#571">#</a>
						
              <code id="571"> #include <stdio.h></code><br />
						
            
            <a class="navhash" href="#572">#</a>
						
              <code id="572">                   ^</code><br />
						
            
            <a class="navhash" href="#573">#</a>
						
              <code id="573">errors.c:31:20: error: no include path in which to search for string.h</code><br />
						
            
            <a class="navhash" href="#574">#</a>
						
              <code id="574"> #include <string.h></code><br />
						
            
            <a class="navhash" href="#575">#</a>
						
              <code id="575">                    ^</code><br />
						
            
            <a class="navhash" href="#576">#</a>
						
              <code id="576">errors.c:32:20: error: no include path in which to search for unistd.h</code><br />
						
            
            <a class="navhash" href="#577">#</a>
						
              <code id="577"> #include <unistd.h></code><br />
						
            
            <a class="navhash" href="#578">#</a>
						
              <code id="578">                    ^</code><br />
						
            
            <a class="navhash" href="#579">#</a>
						
              <code id="579">errors.c:33:20: error: no include path in which to search for stdlib.h</code><br />
						
            
            <a class="navhash" href="#580">#</a>
						
              <code id="580"> #include <stdlib.h></code><br />
						
            
            <a class="navhash" href="#581">#</a>
						
              <code id="581">                    ^</code><br />
						
            
            <a class="navhash" href="#582">#</a>
						
              <code id="582">In file included from errors.c:34:0:</code><br />
						
            
            <a class="navhash" href="#583">#</a>
						
              <code id="583">errs.h:33:19: error: no include path in which to search for errno.h</code><br />
						
            
            <a class="navhash" href="#584">#</a>
						
              <code id="584"> #include <errno.h></code><br />
						
            
            <a class="navhash" href="#585">#</a>
						
              <code id="585">                   ^</code><br />
						
            
            <a class="navhash" href="#586">#</a>
						
              <code id="586">cc1: error: no include path in which to search for stdc-predef.h</code><br />
						
            
            <a class="navhash" href="#587">#</a>
						
              <code id="587">errors.c: In function 'err_sys':</code><br />
						
            
            <a class="navhash" href="#588">#</a>
						
              <code id="588">errors.c:55:2: warning: implicit declaration of function 'perror' [-Wimplicit-function-declaration]</code><br />
						
            
            <a class="navhash" href="#589">#</a>
						
              <code id="589">  perror(string);</code><br />
						
            
            <a class="navhash" href="#590">#</a>
						
              <code id="590">  ^</code><br />
						
            
            <a class="navhash" href="#591">#</a>
						
              <code id="591">rnd.c:30:19: error: no include path in which to search for stdio.h</code><br />
						
            
            <a class="navhash" href="#592">#</a>
						
              <code id="592"> #include <stdio.h></code><br />
						
            
            <a class="navhash" href="#593">#</a>
						
              <code id="593">                   ^</code><br />
						
            
            <a class="navhash" href="#594">#</a>
						
              <code id="594">rnd.c:31:20: error: no include path in which to search for stdlib.h</code><br />
						
            
            <a class="navhash" href="#595">#</a>
						
              <code id="595"> #include <stdlib.h></code><br />
						
            
            <a class="navhash" href="#596">#</a>
						
              <code id="596">                    ^</code><br />
						
            
            <a class="navhash" href="#597">#</a>
						
              <code id="597">rnd.c:33:21: error: no include path in which to search for strings.h</code><br />
						
            
            <a class="navhash" href="#598">#</a>
						
              <code id="598"> #include <strings.h></code><br />
						
            
            <a class="navhash" href="#599">#</a>
						
              <code id="599">                     ^</code><br />
						
            
            <a class="navhash" href="#600">#</a>
						
              <code id="600">rnd.c:35:20: error: no include path in which to search for string.h</code><br />
						
            
            <a class="navhash" href="#601">#</a>
						
              <code id="601"> #include <string.h></code><br />
						
            
            <a class="navhash" href="#602">#</a>
						
              <code id="602">                    ^</code><br />
						
            
            <a class="navhash" href="#603">#</a>
						
              <code id="603">errors.c: In function 'err_sys_fatal':</code><br />
						
            
            <a class="navhash" href="#604">#</a>
						
              <code id="604">rnd.c:36:20: error: no include path in which to search for unistd.h</code><br />
						
            
            <a class="navhash" href="#605">#</a>
						
              <code id="605"> #include <unistd.h></code><br />
						
            
            <a class="navhash" href="#606">#</a>
						
              <code id="606">                    ^</code><br />
						
            
            <a class="navhash" href="#607">#</a>
						
              <code id="607">rnd.c:37:23: error: no include path in which to search for sys/types.h</code><br />
						
            
            <a class="navhash" href="#608">#</a>
						
              <code id="608"> #include <sys/types.h></code><br />
						
            
            <a class="navhash" href="#609">#</a>
						
              <code id="609">                       ^</code><br />
						
            
            <a class="navhash" href="#610">#</a>
						
              <code id="610">errors.c:82:2: warning: implicit declaration of function 'exit' [-Wimplicit-function-declaration]</code><br />
						
            
            <a class="navhash" href="#611">#</a>
						
              <code id="611">  exit (-1);</code><br />
						
            
            <a class="navhash" href="#612">#</a>
						
              <code id="612">  ^</code><br />
						
            
            <a class="navhash" href="#613">#</a>
						
              <code id="613">errors.c:82:2: warning: incompatible implicit declaration of built-in function 'exit' [enabled by default]</code><br />
						
            
            <a class="navhash" href="#614">#</a>
						
              <code id="614">rnd.c:38:22: error: no include path in which to search for sys/time.h</code><br />
						
            
            <a class="navhash" href="#615">#</a>
						
              <code id="615"> #include <sys/time.h></code><br />
						
            
            <a class="navhash" href="#616">#</a>
						
              <code id="616">                      ^</code><br />
						
            
            <a class="navhash" href="#617">#</a>
						
              <code id="617">errors.c: In function 'err_app':</code><br />
						
            
            <a class="navhash" href="#618">#</a>
						
              <code id="618">errors.c:99:2: warning: implicit declaration of function 'fprintf' [-Wimplicit-function-declaration]</code><br />
						
            
            <a class="navhash" href="#619">#</a>
						
              <code id="619">  fprintf (stderr, "%s: ", string);</code><br />
						
            
            <a class="navhash" href="#620">#</a>
						
              <code id="620">  ^</code><br />
						
            
            <a class="navhash" href="#621">#</a>
						
              <code id="621">errors.c:99:2: warning: incompatible implicit declaration of built-in function 'fprintf' [enabled by default]</code><br />
						
            
            <a class="navhash" href="#622">#</a>
						
              <code id="622">errors.c:99:11: error: 'stderr' undeclared (first use in this function)</code><br />
						
            
            <a class="navhash" href="#623">#</a>
						
              <code id="623">  fprintf (stderr, "%s: ", string);</code><br />
						
            
            <a class="navhash" href="#624">#</a>
						
              <code id="624">           ^</code><br />
						
            
            <a class="navhash" href="#625">#</a>
						
              <code id="625">errors.c:99:11: note: each undeclared identifier is reported only once for each function it appears in</code><br />
						
            
            <a class="navhash" href="#626">#</a>
						
              <code id="626">errors.c:101:2: warning: implicit declaration of function 'fflush' [-Wimplicit-function-declaration]</code><br />
						
            
            <a class="navhash" href="#627">#</a>
						
              <code id="627">  fflush (stderr);</code><br />
						
            
            <a class="navhash" href="#628">#</a>
						
              <code id="628">  ^</code><br />
						
            
            <a class="navhash" href="#629">#</a>
						
              <code id="629">errors.c: In function 'err_app_fatal':</code><br />
						
            
            <a class="navhash" href="#630">#</a>
						
              <code id="630">errors.c:122:2: warning: incompatible implicit declaration of built-in function 'fprintf' [enabled by default]</code><br />
						
            
            <a class="navhash" href="#631">#</a>
						
              <code id="631">  fprintf (stderr, "%s: ", string);</code><br />
						
            
            <a class="navhash" href="#632">#</a>
						
              <code id="632">  ^</code><br />
						
            
            <a class="navhash" href="#633">#</a>
						
              <code id="633">errors.c:122:11: error: 'stderr' undeclared (first use in this function)</code><br />
						
            
            <a class="navhash" href="#634">#</a>
						
              <code id="634">  fprintf (stderr, "%s: ", string);</code><br />
						
            
            <a class="navhash" href="#635">#</a>
						
              <code id="635">           ^</code><br />
						
            
            <a class="navhash" href="#636">#</a>
						
              <code id="636">errors.c:130:2: warning: incompatible implicit declaration of built-in function 'exit' [enabled by default]</code><br />
						
            
            <a class="navhash" href="#637">#</a>
						
              <code id="637">  exit (-1);</code><br />
						
            
            <a class="navhash" href="#638">#</a>
						
              <code id="638">  ^</code><br />
						
            
            <a class="navhash" href="#639">#</a>
						
              <code id="639">rnd.c: In function 'x917cast_rnd':</code><br />
						
            
            <a class="navhash" href="#640">#</a>
						
              <code id="640">rnd.c:83:17: error: storage size of 'local_time' isn't known</code><br />
						
            
            <a class="navhash" href="#641">#</a>
						
              <code id="641">  struct timeval local_time; </code><br />
						
            
            <a class="navhash" href="#642">#</a>
						
              <code id="642">                 ^</code><br />
						
            
            <a class="navhash" href="#643">#</a>
						
              <code id="643">rnd.c:104:2: warning: implicit declaration of function 'gettimeofday' [-Wimplicit-function-declaration]</code><br />
						
            
            <a class="navhash" href="#644">#</a>
						
              <code id="644">  (void) gettimeofday (&local_time, 0);</code><br />
						
            
            <a class="navhash" href="#645">#</a>
						
              <code id="645">  ^</code><br />
						
            
            <a class="navhash" href="#646">#</a>
						
              <code id="646">rnd.c:83:17: warning: unused variable 'local_time' [-Wunused-variable]</code><br />
						
            
            <a class="navhash" href="#647">#</a>
						
              <code id="647">  struct timeval local_time; </code><br />
						
            
            <a class="navhash" href="#648">#</a>
						
              <code id="648">                 ^</code><br />
						
            
            <a class="navhash" href="#649">#</a>
						
              <code id="649">rnd.c: In function 'x917_setseed':</code><br />
						
            
            <a class="navhash" href="#650">#</a>
						<span class="error">
              <code id="650">rnd.c:179:2: error: unknown type name 'FILE'</code><br />
						</span>
            
            <a class="navhash" href="#651">#</a>
						
              <code id="651">  FILE * dr;</code><br />
						
            
            <a class="navhash" href="#652">#</a>
						
              <code id="652">  ^</code><br />
						
            
            <a class="navhash" href="#653">#</a>
						
              <code id="653">rnd.c:183:2: warning: implicit declaration of function 'getpid' [-Wimplicit-function-declaration]</code><br />
						
            
            <a class="navhash" href="#654">#</a>
						
              <code id="654">  pid = (UINT32)getpid();</code><br />
						
            
            <a class="navhash" href="#655">#</a>
						
              <code id="655">  ^</code><br />
						
            
            <a class="navhash" href="#656">#</a>
						
              <code id="656">rnd.c:185:2: warning: implicit declaration of function 'fopen' [-Wimplicit-function-declaration]</code><br />
						
            
            <a class="navhash" href="#657">#</a>
						
              <code id="657">  if ( (dr = fopen(APG_DEVRANDOM, "r")) != NULL)</code><br />
						
            
            <a class="navhash" href="#658">#</a>
						
              <code id="658">  ^</code><br />
						
            
            <a class="navhash" href="#659">#</a>
						
              <code id="659">rnd.c:185:11: warning: assignment makes pointer from integer without a cast [enabled by default]</code><br />
						
            
            <a class="navhash" href="#660">#</a>
						
              <code id="660">  if ( (dr = fopen(APG_DEVRANDOM, "r")) != NULL)</code><br />
						
            
            <a class="navhash" href="#661">#</a>
						
              <code id="661">           ^</code><br />
						
            
            <a class="navhash" href="#662">#</a>
						
              <code id="662">rnd.c:185:43: error: 'NULL' undeclared (first use in this function)</code><br />
						
            
            <a class="navhash" href="#663">#</a>
						
              <code id="663">  if ( (dr = fopen(APG_DEVRANDOM, "r")) != NULL)</code><br />
						
            
            <a class="navhash" href="#664">#</a>
						
              <code id="664">                                           ^</code><br />
						
            
            <a class="navhash" href="#665">#</a>
						
              <code id="665">rnd.c:185:43: note: each undeclared identifier is reported only once for each function it appears in</code><br />
						
            
            <a class="navhash" href="#666">#</a>
						
              <code id="666">rnd.c:187:4: warning: implicit declaration of function 'fread' [-Wimplicit-function-declaration]</code><br />
						
            
            <a class="navhash" href="#667">#</a>
						
              <code id="667">    (void)fread( (void *)&drs[0], 8, 1, dr);</code><br />
						
            
            <a class="navhash" href="#668">#</a>
						
              <code id="668">    ^</code><br />
						
            
            <a class="navhash" href="#669">#</a>
						
              <code id="669">rnd.c:190:4: warning: implicit declaration of function 'fclose' [-Wimplicit-function-declaration]</code><br />
						
            
            <a class="navhash" href="#670">#</a>
						
              <code id="670">    (void) fclose(dr);</code><br />
						
            
            <a class="navhash" href="#671">#</a>
						
              <code id="671">    ^</code><br />
						
            
            <a class="navhash" href="#672">#</a>
						
              <code id="672">rnd.c:192:16: warning: assignment makes pointer from integer without a cast [enabled by default]</code><br />
						
            
            <a class="navhash" href="#673">#</a>
						
              <code id="673">  else if ( (dr = fopen(APG_DEVURANDOM, "r")) != NULL)</code><br />
						
            
            <a class="navhash" href="#674">#</a>
						
              <code id="674">                ^</code><br />
						
            
            <a class="navhash" href="#675">#</a>
						
              <code id="675">rnd.c:205:6: warning: implicit declaration of function 'fprintf' [-Wimplicit-function-declaration]</code><br />
						
            
            <a class="navhash" href="#676">#</a>
						
              <code id="676">      fprintf(stderr,"CAN NOT USE RANDOM DEVICE TO GENERATE RANDOM SEED\n");</code><br />
						
            
            <a class="navhash" href="#677">#</a>
						
              <code id="677">      ^</code><br />
						
            
            <a class="navhash" href="#678">#</a>
						
              <code id="678">rnd.c:205:6: warning: incompatible implicit declaration of built-in function 'fprintf' [enabled by default]</code><br />
						
            
            <a class="navhash" href="#679">#</a>
						
              <code id="679">rnd.c:205:14: error: 'stderr' undeclared (first use in this function)</code><br />
						
            
            <a class="navhash" href="#680">#</a>
						
              <code id="680">      fprintf(stderr,"CAN NOT USE RANDOM DEVICE TO GENERATE RANDOM SEED\n");</code><br />
						
            
            <a class="navhash" href="#681">#</a>
						
              <code id="681">              ^</code><br />
						
            
            <a class="navhash" href="#682">#</a>
						
              <code id="682">rnd.c:207:6: warning: implicit declaration of function 'fflush' [-Wimplicit-function-declaration]</code><br />
						
            
            <a class="navhash" href="#683">#</a>
						
              <code id="683">      fflush(stderr);</code><br />
						
            
            <a class="navhash" href="#684">#</a>
						
              <code id="684">      ^</code><br />
						
            
            <a class="navhash" href="#685">#</a>
						
              <code id="685">cc1: error: no include path in which to search for stdc-predef.h</code><br />
						
            
            <a class="navhash" href="#686">#</a>
						
              <code id="686">pronpass.c:37:19: error: no include path in which to search for stdio.h</code><br />
						
            
            <a class="navhash" href="#687">#</a>
						
              <code id="687"> #include <stdio.h></code><br />
						
            
            <a class="navhash" href="#688">#</a>
						
              <code id="688">                   ^</code><br />
						
            
            <a class="navhash" href="#689">#</a>
						
              <code id="689">pronpass.c:38:20: error: no include path in which to search for stdlib.h</code><br />
						
            
            <a class="navhash" href="#690">#</a>
						
              <code id="690"> #include <stdlib.h></code><br />
						
            
            <a class="navhash" href="#691">#</a>
						
              <code id="691">                    ^</code><br />
						
            
            <a class="navhash" href="#692">#</a>
						
              <code id="692">pronpass.c:39:20: error: no include path in which to search for string.h</code><br />
						
            
            <a class="navhash" href="#693">#</a>
						
              <code id="693"> #include <string.h></code><br />
						
            
            <a class="navhash" href="#694">#</a>
						
              <code id="694">                    ^</code><br />
						
            
            <a class="navhash" href="#695">#</a>
						
              <code id="695">pronpass.c:41:22: error: no include path in which to search for strings.h</code><br />
						
            
            <a class="navhash" href="#696">#</a>
						
              <code id="696"> #include <strings.h> </code><br />
						
            
            <a class="navhash" href="#697">#</a>
						
              <code id="697">                      ^</code><br />
						
            
            <a class="navhash" href="#698">#</a>
						
              <code id="698">pronpass.c:43:18: error: no include path in which to search for time.h</code><br />
						
            
            <a class="navhash" href="#699">#</a>
						
              <code id="699"> #include <time.h></code><br />
						
            
            <a class="navhash" href="#700">#</a>
						
              <code id="700">                  ^</code><br />
						
            
            <a class="navhash" href="#701">#</a>
						
              <code id="701">pronpass.c:44:23: error: no include path in which to search for sys/types.h</code><br />
						
            
            <a class="navhash" href="#702">#</a>
						
              <code id="702"> #include <sys/types.h></code><br />
						
            
            <a class="navhash" href="#703">#</a>
						
              <code id="703">                       ^</code><br />
						
            
            <a class="navhash" href="#704">#</a>
						
              <code id="704">In file included from pronpass.c:48:0:</code><br />
						
            
            <a class="navhash" href="#705">#</a>
						
              <code id="705">errs.h:33:19: error: no include path in which to search for errno.h</code><br />
						
            
            <a class="navhash" href="#706">#</a>
						
              <code id="706"> #include <errno.h></code><br />
						
            
            <a class="navhash" href="#707">#</a>
						
              <code id="707">                   ^</code><br />
						
            
            <a class="navhash" href="#708">#</a>
						
              <code id="708">cc1: error: no include path in which to search for stdc-predef.h</code><br />
						
            
            <a class="navhash" href="#709">#</a>
						
              <code id="709">getopt.c:15:19: error: no include path in which to search for stdio.h</code><br />
						
            
            <a class="navhash" href="#710">#</a>
						
              <code id="710"> #include <stdio.h></code><br />
						
            
            <a class="navhash" href="#711">#</a>
						
              <code id="711">                   ^</code><br />
						
            
            <a class="navhash" href="#712">#</a>
						
              <code id="712">getopt.c:26:21: error: 'NULL' undeclared here (not in a function)</code><br />
						
            
            <a class="navhash" href="#713">#</a>
						
              <code id="713"> static char *scan = NULL; /* Private scan pointer. */</code><br />
						
            
            <a class="navhash" href="#714">#</a>
						
              <code id="714">                     ^</code><br />
						
            
            <a class="navhash" href="#715">#</a>
						
              <code id="715">getopt.c: In function 'badopt':</code><br />
						
            
            <a class="navhash" href="#716">#</a>
						
              <code id="716">getopt.c:36:3: warning: implicit declaration of function 'fprintf' [-Wimplicit-function-declaration]</code><br />
						
            
            <a class="navhash" href="#717">#</a>
						
              <code id="717">   fprintf(stderr,"%s%s%c\n", prog, mess, ch);</code><br />
						
            
            <a class="navhash" href="#718">#</a>
						
              <code id="718">   ^</code><br />
						
            
            <a class="navhash" href="#719">#</a>
						
              <code id="719">getopt.c:36:3: warning: incompatible implicit declaration of built-in function 'fprintf' [enabled by default]</code><br />
						
            
            <a class="navhash" href="#720">#</a>
						
              <code id="720">getopt.c:36:11: error: 'stderr' undeclared (first use in this function)</code><br />
						
            
            <a class="navhash" href="#721">#</a>
						
              <code id="721">   fprintf(stderr,"%s%s%c\n", prog, mess, ch);</code><br />
						
            
            <a class="navhash" href="#722">#</a>
						
              <code id="722">           ^</code><br />
						
            
            <a class="navhash" href="#723">#</a>
						
              <code id="723">getopt.c:36:11: note: each undeclared identifier is reported only once for each function it appears in</code><br />
						
            
            <a class="navhash" href="#724">#</a>
						
              <code id="724">getopt.c:37:3: warning: implicit declaration of function 'fflush' [-Wimplicit-function-declaration]</code><br />
						
            
            <a class="navhash" href="#725">#</a>
						
              <code id="725">   fflush(stderr);</code><br />
						
            
            <a class="navhash" href="#726">#</a>
						
              <code id="726">   ^</code><br />
						
            
            <a class="navhash" href="#727">#</a>
						
              <code id="727">getopt.c: In function 'apg_getopt':</code><br />
						
            
            <a class="navhash" href="#728">#</a>
						
              <code id="728">getopt.c:60:12: error: 'EOF' undeclared (first use in this function)</code><br />
						
            
            <a class="navhash" href="#729">#</a>
						
              <code id="729">    return (EOF);</code><br />
						
            
            <a class="navhash" href="#730">#</a>
						
              <code id="730">            ^</code><br />
						
            
            <a class="navhash" href="#731">#</a>
						
              <code id="731">pronpass.c: In function 'gen_word':</code><br />
						
            
            <a class="navhash" href="#732">#</a>
						
              <code id="732">pronpass.c:1352:5: warning: implicit declaration of function 'calloc' [-Wimplicit-function-declaration]</code><br />
						
            
            <a class="navhash" href="#733">#</a>
						
              <code id="733">     if ( (word_units     = (USHORT *) calloc (sizeof (USHORT), pwlen+1))==NULL ||</code><br />
						
            
            <a class="navhash" href="#734">#</a>
						
              <code id="734">     ^</code><br />
						
            
            <a class="navhash" href="#735">#</a>
						
              <code id="735">pronpass.c:1352:39: warning: incompatible implicit declaration of built-in function 'calloc' [enabled by default]</code><br />
						
            
            <a class="navhash" href="#736">#</a>
						
              <code id="736">     if ( (word_units     = (USHORT *) calloc (sizeof (USHORT), pwlen+1))==NULL ||</code><br />
						
            
            <a class="navhash" href="#737">#</a>
						
              <code id="737">                                       ^</code><br />
						
            
            <a class="navhash" href="#738">#</a>
						
              <code id="738">pronpass.c:1352:75: error: 'NULL' undeclared (first use in this function)</code><br />
						
            
            <a class="navhash" href="#739">#</a>
						
              <code id="739">     if ( (word_units     = (USHORT *) calloc (sizeof (USHORT), pwlen+1))==NULL ||</code><br />
						
            
            <a class="navhash" href="#740">#</a>
						
              <code id="740">                                                                           ^</code><br />
						
            
            <a class="navhash" href="#741">#</a>
						
              <code id="741">pronpass.c:1352:75: note: each undeclared identifier is reported only once for each function it appears in</code><br />
						
            
            <a class="navhash" href="#742">#</a>
						
              <code id="742">pronpass.c:1367:6: warning: implicit declaration of function 'strlen' [-Wimplicit-function-declaration]</code><br />
						
            
            <a class="navhash" href="#743">#</a>
						
              <code id="743">      syllable_length = strlen (new_syllable);</code><br />
						
            
            <a class="navhash" href="#744">#</a>
						
              <code id="744">      ^</code><br />
						
            
            <a class="navhash" href="#745">#</a>
						
              <code id="745">pronpass.c:1367:24: warning: incompatible implicit declaration of built-in function 'strlen' [enabled by default]</code><br />
						
            
            <a class="navhash" href="#746">#</a>
						
              <code id="746">      syllable_length = strlen (new_syllable);</code><br />
						
            
            <a class="navhash" href="#747">#</a>
						
              <code id="747">                        ^</code><br />
						
            
            <a class="navhash" href="#748">#</a>
						
              <code id="748">pronpass.c:1412:11: warning: implicit declaration of function 'strcpy' [-Wimplicit-function-declaration]</code><br />
						
            
            <a class="navhash" href="#749">#</a>
						
              <code id="749">           (void) strcpy (word, new_syllable);</code><br />
						
            
            <a class="navhash" href="#750">#</a>
						
              <code id="750">           ^</code><br />
						
            
            <a class="navhash" href="#751">#</a>
						
              <code id="751">pronpass.c:1412:18: warning: incompatible implicit declaration of built-in function 'strcpy' [enabled by default]</code><br />
						
            
            <a class="navhash" href="#752">#</a>
						
              <code id="752">           (void) strcpy (word, new_syllable);</code><br />
						
            
            <a class="navhash" href="#753">#</a>
						
              <code id="753">                  ^</code><br />
						
            
            <a class="navhash" href="#754">#</a>
						
              <code id="754">pronpass.c:1422:4: warning: implicit declaration of function 'memset' [-Wimplicit-function-declaration]</code><br />
						
            
            <a class="navhash" href="#755">#</a>
						
              <code id="755">    (void)memset ( (void *)new_syllable, 0, (size_t)(pwlen * sizeof(USHORT)+1));</code><br />
						
            
            <a class="navhash" href="#756">#</a>
						
              <code id="756">    ^</code><br />
						
            
            <a class="navhash" href="#757">#</a>
						
              <code id="757">pronpass.c:1422:10: warning: incompatible implicit declaration of built-in function 'memset' [enabled by default]</code><br />
						
            
            <a class="navhash" href="#758">#</a>
						
              <code id="758">    (void)memset ( (void *)new_syllable, 0, (size_t)(pwlen * sizeof(USHORT)+1));</code><br />
						
            
            <a class="navhash" href="#759">#</a>
						
              <code id="759">          ^</code><br />
						
            
            <a class="navhash" href="#760">#</a>
						
              <code id="760">pronpass.c:1422:45: error: 'size_t' undeclared (first use in this function)</code><br />
						
            
            <a class="navhash" href="#761">#</a>
						
              <code id="761">    (void)memset ( (void *)new_syllable, 0, (size_t)(pwlen * sizeof(USHORT)+1));</code><br />
						
            
            <a class="navhash" href="#762">#</a>
						
              <code id="762">                                             ^</code><br />
						
            
            <a class="navhash" href="#763">#</a>
						
              <code id="763">pronpass.c:1446:11: warning: implicit declaration of function 'strcat' [-Wimplicit-function-declaration]</code><br />
						
            
            <a class="navhash" href="#764">#</a>
						
              <code id="764">           (void) strcat (word, new_syllable);</code><br />
						
            
            <a class="navhash" href="#765">#</a>
						
              <code id="765">           ^</code><br />
						
            
            <a class="navhash" href="#766">#</a>
						
              <code id="766">pronpass.c:1446:18: warning: incompatible implicit declaration of built-in function 'strcat' [enabled by default]</code><br />
						
            
            <a class="navhash" href="#767">#</a>
						
              <code id="767">           (void) strcat (word, new_syllable);</code><br />
						
            
            <a class="navhash" href="#768">#</a>
						
              <code id="768">                  ^</code><br />
						
            
            <a class="navhash" href="#769">#</a>
						
              <code id="769">pronpass.c:1457:10: warning: incompatible implicit declaration of built-in function 'memset' [enabled by default]</code><br />
						
            
            <a class="navhash" href="#770">#</a>
						
              <code id="770">    (void)memset ( (void *)new_syllable, 0, (size_t)(pwlen * sizeof(USHORT)+1));</code><br />
						
            
            <a class="navhash" href="#771">#</a>
						
              <code id="771">          ^</code><br />
						
            
            <a class="navhash" href="#772">#</a>
						
              <code id="772">pronpass.c:1475:17: warning: incompatible implicit declaration of built-in function 'strcpy' [enabled by default]</code><br />
						
            
            <a class="navhash" href="#773">#</a>
						
              <code id="773">          (void) strcpy (word, "");</code><br />
						
            
            <a class="navhash" href="#774">#</a>
						
              <code id="774">                 ^</code><br />
						
            
            <a class="navhash" href="#775">#</a>
						
              <code id="775">pronpass.c:1485:5: warning: implicit declaration of function 'free' [-Wimplicit-function-declaration]</code><br />
						
            
            <a class="navhash" href="#776">#</a>
						
              <code id="776">     free ((char *) new_syllable);</code><br />
						
            
            <a class="navhash" href="#777">#</a>
						
              <code id="777">     ^</code><br />
						
            
            <a class="navhash" href="#778">#</a>
						
              <code id="778">pronpass.c:1485:5: warning: incompatible implicit declaration of built-in function 'free' [enabled by default]</code><br />
						
            
            <a class="navhash" href="#779">#</a>
						
              <code id="779">pronpass.c: In function 'gen_syllable':</code><br />
						
            
            <a class="navhash" href="#780">#</a>
						
              <code id="780">pronpass.c:1699:13: warning: incompatible implicit declaration of built-in function 'strcpy' [enabled by default]</code><br />
						
            
            <a class="navhash" href="#781">#</a>
						
              <code id="781">      (void) strcpy (syllable, "");</code><br />
						
            
            <a class="navhash" href="#782">#</a>
						
              <code id="782">             ^</code><br />
						
            
            <a class="navhash" href="#783">#</a>
						
              <code id="783">pronpass.c:1737:31: warning: incompatible implicit declaration of built-in function 'strlen' [enabled by default]</code><br />
						
            
            <a class="navhash" href="#784">#</a>
						
              <code id="784">                length_left -= strlen (syllable);</code><br />
						
            
            <a class="navhash" href="#785">#</a>
						
              <code id="785">                               ^</code><br />
						
            
            <a class="navhash" href="#786">#</a>
						
              <code id="786">pronpass.c:1765:38: warning: incompatible implicit declaration of built-in function 'strlen' [enabled by default]</code><br />
						
            
            <a class="navhash" href="#787">#</a>
						
              <code id="787">           length_left -= (short int) strlen (rules[unit].unit_code);</code><br />
						
            
            <a class="navhash" href="#788">#</a>
						
              <code id="788">                                      ^</code><br />
						
            
            <a class="navhash" href="#789">#</a>
						
              <code id="789">pronpass.c:2050:23: warning: incompatible implicit declaration of built-in function 'strcat' [enabled by default]</code><br />
						
            
            <a class="navhash" href="#790">#</a>
						
              <code id="790">                (void) strcat (syllable, rules[unit].unit_code);</code><br />
						
            
            <a class="navhash" href="#791">#</a>
						
              <code id="791">                       ^</code><br />
						
            
            <a class="navhash" href="#792">#</a>
						
              <code id="792">pronpass.c:2056:41: warning: incompatible implicit declaration of built-in function 'strlen' [enabled by default]</code><br />
						
            
            <a class="navhash" href="#793">#</a>
						
              <code id="793">                (void) strcpy (&syllable[strlen (syllable) -</code><br />
						
            
            <a class="navhash" href="#794">#</a>
						
              <code id="794">                                         ^</code><br />
						
            
            <a class="navhash" href="#795">#</a>
						
              <code id="795">cc1: error: no include path in which to search for stdc-predef.h</code><br />
						
            
            <a class="navhash" href="#796">#</a>
						
              <code id="796">convert.c:30:20: error: no include path in which to search for stdlib.h</code><br />
						
            
            <a class="navhash" href="#797">#</a>
						
              <code id="797"> #include <stdlib.h></code><br />
						
            
            <a class="navhash" href="#798">#</a>
						
              <code id="798">                    ^</code><br />
						
            
            <a class="navhash" href="#799">#</a>
						
              <code id="799">convert.c:31:20: error: no include path in which to search for string.h</code><br />
						
            
            <a class="navhash" href="#800">#</a>
						
              <code id="800"> #include <string.h></code><br />
						
            
            <a class="navhash" href="#801">#</a>
						
              <code id="801">                    ^</code><br />
						
            
            <a class="navhash" href="#802">#</a>
						
              <code id="802">convert.c:33:21: error: no include path in which to search for strings.h</code><br />
						
            
            <a class="navhash" href="#803">#</a>
						
              <code id="803"> #include <strings.h></code><br />
						
            
            <a class="navhash" href="#804">#</a>
						
              <code id="804">                     ^</code><br />
						
            
            <a class="navhash" href="#805">#</a>
						
              <code id="805">convert.c: In function 'decapitalize':</code><br />
						
            
            <a class="navhash" href="#806">#</a>
						
              <code id="806">convert.c:80:2: warning: implicit declaration of function 'strlen' [-Wimplicit-function-declaration]</code><br />
						
            
            <a class="navhash" href="#807">#</a>
						
              <code id="807">  int str_len = strlen(word);</code><br />
						
            
            <a class="navhash" href="#808">#</a>
						
              <code id="808">  ^</code><br />
						
            
            <a class="navhash" href="#809">#</a>
						
              <code id="809">convert.c:80:16: warning: incompatible implicit declaration of built-in function 'strlen' [enabled by default]</code><br />
						
            
            <a class="navhash" href="#810">#</a>
						
              <code id="810">  int str_len = strlen(word);</code><br />
						
            
            <a class="navhash" href="#811">#</a>
						
              <code id="811">                ^</code><br />
						
            
            <a class="navhash" href="#812">#</a>
						
              <code id="812">make: *** [Makefile:105: apgbfm] Error 1</code><br />
						
            
            <a class="navhash" href="#813">#</a>
						
              <code id="813">make: *** Waiting for unfinished jobs....</code><br />
						
            
            <a class="navhash" href="#814">#</a>
						
              <code id="814">cc1: error: no include path in which to search for stdc-predef.h</code><br />
						
            
            <a class="navhash" href="#815">#</a>
						
              <code id="815">randpass.c:34:19: error: no include path in which to search for stdio.h</code><br />
						
            
            <a class="navhash" href="#816">#</a>
						
              <code id="816"> #include <stdio.h></code><br />
						
            
            <a class="navhash" href="#817">#</a>
						
              <code id="817">                   ^</code><br />
						
            
            <a class="navhash" href="#818">#</a>
						
              <code id="818">randpass.c:35:20: error: no include path in which to search for stdlib.h</code><br />
						
            
            <a class="navhash" href="#819">#</a>
						
              <code id="819"> #include <stdlib.h></code><br />
						
            
            <a class="navhash" href="#820">#</a>
						
              <code id="820">                    ^</code><br />
						
            
            <a class="navhash" href="#821">#</a>
						
              <code id="821">randpass.c:36:18: error: no include path in which to search for time.h</code><br />
						
            
            <a class="navhash" href="#822">#</a>
						
              <code id="822"> #include <time.h></code><br />
						
            
            <a class="navhash" href="#823">#</a>
						
              <code id="823">                  ^</code><br />
						
            
            <a class="navhash" href="#824">#</a>
						
              <code id="824">randpass.c:38:17: error: no include path in which to search for pwd.h</code><br />
						
            
            <a class="navhash" href="#825">#</a>
						
              <code id="825"> #include <pwd.h></code><br />
						
            
            <a class="navhash" href="#826">#</a>
						
              <code id="826">                 ^</code><br />
						
            
            <a class="navhash" href="#827">#</a>
						
              <code id="827">randpass.c:40:20: error: no include path in which to search for unistd.h</code><br />
						
            
            <a class="navhash" href="#828">#</a>
						
              <code id="828"> #include <unistd.h></code><br />
						
            
            <a class="navhash" href="#829">#</a>
						
              <code id="829">                    ^</code><br />
						
            
            <a class="navhash" href="#830">#</a>
						
              <code id="830">cc1: error: no include path in which to search for stdc-predef.h</code><br />
						
            
            <a class="navhash" href="#831">#</a>
						
              <code id="831">restrict.c:33:19: error: no include path in which to search for stdio.h</code><br />
						
            
            <a class="navhash" href="#832">#</a>
						
              <code id="832"> #include <stdio.h></code><br />
						
            
            <a class="navhash" href="#833">#</a>
						
              <code id="833">                   ^</code><br />
						
            
            <a class="navhash" href="#834">#</a>
						
              <code id="834">restrict.c:34:20: error: no include path in which to search for stdlib.h</code><br />
						
            
            <a class="navhash" href="#835">#</a>
						
              <code id="835"> #include <stdlib.h></code><br />
						
            
            <a class="navhash" href="#836">#</a>
						
              <code id="836">                    ^</code><br />
						
            
            <a class="navhash" href="#837">#</a>
						
              <code id="837">restrict.c:35:20: error: no include path in which to search for string.h</code><br />
						
            
            <a class="navhash" href="#838">#</a>
						
              <code id="838"> #include <string.h></code><br />
						
            
            <a class="navhash" href="#839">#</a>
						
              <code id="839">                    ^</code><br />
						
            
            <a class="navhash" href="#840">#</a>
						
              <code id="840">In file included from restrict.h:36:0,</code><br />
						
            
            <a class="navhash" href="#841">#</a>
						
              <code id="841">                 from restrict.c:36:</code><br />
						
            
            <a class="navhash" href="#842">#</a>
						
              <code id="842">bloom.h:38:19: error: no include path in which to search for stdio.h</code><br />
						
            
            <a class="navhash" href="#843">#</a>
						
              <code id="843"> #include <stdio.h></code><br />
						
            
            <a class="navhash" href="#844">#</a>
						
              <code id="844">                   ^</code><br />
						
            
            <a class="navhash" href="#845">#</a>
						
              <code id="845">bloom.h:39:20: error: no include path in which to search for stdlib.h</code><br />
						
            
            <a class="navhash" href="#846">#</a>
						
              <code id="846"> #include <stdlib.h></code><br />
						
            
            <a class="navhash" href="#847">#</a>
						
              <code id="847">                    ^</code><br />
						
            
            <a class="navhash" href="#848">#</a>
						
              <code id="848">bloom.h:40:20: error: no include path in which to search for string.h</code><br />
						
            
            <a class="navhash" href="#849">#</a>
						
              <code id="849"> #include <string.h></code><br />
						
            
            <a class="navhash" href="#850">#</a>
						
              <code id="850">                    ^</code><br />
						
            
            <a class="navhash" href="#851">#</a>
						
              <code id="851">bloom.h:42:21: error: no include path in which to search for strings.h</code><br />
						
            
            <a class="navhash" href="#852">#</a>
						
              <code id="852"> #include <strings.h></code><br />
						
            
            <a class="navhash" href="#853">#</a>
						
              <code id="853">                     ^</code><br />
						
            
            <a class="navhash" href="#854">#</a>
						
              <code id="854">bloom.h:44:18: error: no include path in which to search for math.h</code><br />
						
            
            <a class="navhash" href="#855">#</a>
						
              <code id="855"> #include <math.h></code><br />
						
            
            <a class="navhash" href="#856">#</a>
						
              <code id="856">                  ^</code><br />
						
            
            <a class="navhash" href="#857">#</a>
						
              <code id="857">In file included from restrict.h:36:0,</code><br />
						
            
            <a class="navhash" href="#858">#</a>
						
              <code id="858">                 from restrict.c:36:</code><br />
						
            
            <a class="navhash" href="#859">#</a>
						<span class="error">
              <code id="859">bloom.h:80:36: error: unknown type name 'FILE'</code><br />
						</span>
            
            <a class="navhash" href="#860">#</a>
						
              <code id="860"> extern int insert_word(char *word, FILE *file, h_val filter_size, f_mode mode);</code><br />
						
            
            <a class="navhash" href="#861">#</a>
						
              <code id="861">                                    ^</code><br />
						
            
            <a class="navhash" href="#862">#</a>
						<span class="error">
              <code id="862">bloom.h:81:35: error: unknown type name 'FILE'</code><br />
						</span>
            
            <a class="navhash" href="#863">#</a>
						
              <code id="863"> extern int check_word(char *word, FILE *file, h_val filter_size, f_mode mode);</code><br />
						
            
            <a class="navhash" href="#864">#</a>
						
              <code id="864">                                   ^</code><br />
						
            
            <a class="navhash" href="#865">#</a>
						<span class="error">
              <code id="865">bloom.h:82:1: error: unknown type name 'FILE'</code><br />
						</span>
            
            <a class="navhash" href="#866">#</a>
						
              <code id="866"> extern FILE * create_filter(char * f_name, unsigned long int n_words, f_mode mode); </code><br />
						
            
            <a class="navhash" href="#867">#</a>
						
              <code id="867"> ^</code><br />
						
            
            <a class="navhash" href="#868">#</a>
						<span class="error">
              <code id="868">bloom.h:83:1: error: unknown type name 'FILE'</code><br />
						</span>
            
            <a class="navhash" href="#869">#</a>
						
              <code id="869"> extern FILE * open_filter(char * f_name, const char *mode); </code><br />
						
            
            <a class="navhash" href="#870">#</a>
						
              <code id="870"> ^</code><br />
						
            
            <a class="navhash" href="#871">#</a>
						<span class="error">
              <code id="871">bloom.h:84:25: error: unknown type name 'FILE'</code><br />
						</span>
            
            <a class="navhash" href="#872">#</a>
						
              <code id="872"> extern int close_filter(FILE *f_dsk);</code><br />
						
            
            <a class="navhash" href="#873">#</a>
						
              <code id="873">                         ^</code><br />
						
            
            <a class="navhash" href="#874">#</a>
						<span class="error">
              <code id="874">bloom.h:85:29: error: unknown type name 'FILE'</code><br />
						</span>
            
            <a class="navhash" href="#875">#</a>
						
              <code id="875"> extern h_val get_filtersize(FILE *f); </code><br />
						
            
            <a class="navhash" href="#876">#</a>
						
              <code id="876">                             ^</code><br />
						
            
            <a class="navhash" href="#877">#</a>
						<span class="error">
              <code id="877">bloom.h:86:30: error: unknown type name 'FILE'</code><br />
						</span>
            
            <a class="navhash" href="#878">#</a>
						
              <code id="878"> extern f_mode get_filtermode(FILE *f); </code><br />
						
            
            <a class="navhash" href="#879">#</a>
						
              <code id="879">                              ^</code><br />
						
            
            <a class="navhash" href="#880">#</a>
						<span class="error">
              <code id="880">bloom.h:87:26: error: unknown type name 'FILE'</code><br />
						</span>
            
            <a class="navhash" href="#881">#</a>
						
              <code id="881"> extern h_val count_words(FILE *dict_file);</code><br />
						
            
            <a class="navhash" href="#882">#</a>
						
              <code id="882">                          ^</code><br />
						
            
            <a class="navhash" href="#883">#</a>
						
              <code id="883">restrict.c: In function 'check_pass':</code><br />
						
            
            <a class="navhash" href="#884">#</a>
						<span class="error">
              <code id="884">restrict.c:54:2: error: unknown type name 'FILE'</code><br />
						</span>
            
            <a class="navhash" href="#885">#</a>
						
              <code id="885">  FILE *dct;</code><br />
						
            
            <a class="navhash" href="#886">#</a>
						
              <code id="886">  ^</code><br />
						
            
            <a class="navhash" href="#887">#</a>
						
              <code id="887">restrict.c:57:2: warning: implicit declaration of function 'calloc' [-Wimplicit-function-declaration]</code><br />
						
            
            <a class="navhash" href="#888">#</a>
						
              <code id="888">  if( (string = (char *) calloc(1,MAX_DICT_STRING_SIZE)) == NULL)</code><br />
						
            
            <a class="navhash" href="#889">#</a>
						
              <code id="889">  ^</code><br />
						
            
            <a class="navhash" href="#890">#</a>
						
              <code id="890">restrict.c:57:25: warning: incompatible implicit declaration of built-in function 'calloc' [enabled by default]</code><br />
						
            
            <a class="navhash" href="#891">#</a>
						
              <code id="891">  if( (string = (char *) calloc(1,MAX_DICT_STRING_SIZE)) == NULL)</code><br />
						
            
            <a class="navhash" href="#892">#</a>
						
              <code id="892">                         ^</code><br />
						
            
            <a class="navhash" href="#893">#</a>
						
              <code id="893">restrict.c:57:60: error: 'NULL' undeclared (first use in this function)</code><br />
						
            
            <a class="navhash" href="#894">#</a>
						
              <code id="894">  if( (string = (char *) calloc(1,MAX_DICT_STRING_SIZE)) == NULL)</code><br />
						
            
            <a class="navhash" href="#895">#</a>
						
              <code id="895">                                                            ^</code><br />
						
            
            <a class="navhash" href="#896">#</a>
						
              <code id="896">restrict.c:57:60: note: each undeclared identifier is reported only once for each function it appears in</code><br />
						
            
            <a class="navhash" href="#897">#</a>
						
              <code id="897">restrict.c:67:2: warning: implicit declaration of function 'fopen' [-Wimplicit-function-declaration]</code><br />
						
            
            <a class="navhash" href="#898">#</a>
						
              <code id="898">  if ( (dct = fopen(dict,"r")) == NULL)</code><br />
						
            
            <a class="navhash" href="#899">#</a>
						
              <code id="899">  ^</code><br />
						
            
            <a class="navhash" href="#900">#</a>
						
              <code id="900">restrict.c:67:12: warning: assignment makes pointer from integer without a cast [enabled by default]</code><br />
						
            
            <a class="navhash" href="#901">#</a>
						
              <code id="901">  if ( (dct = fopen(dict,"r")) == NULL)</code><br />
						
            
            <a class="navhash" href="#902">#</a>
						
              <code id="902">            ^</code><br />
						
            
            <a class="navhash" href="#903">#</a>
						
              <code id="903">restrict.c:70:2: warning: implicit declaration of function 'fgets' [-Wimplicit-function-declaration]</code><br />
						
            
            <a class="navhash" href="#904">#</a>
						
              <code id="904">  while ((fgets(string, MAX_DICT_STRING_SIZE, dct) != NULL))</code><br />
						
            
            <a class="navhash" href="#905">#</a>
						
              <code id="905">  ^</code><br />
						
            
            <a class="navhash" href="#906">#</a>
						
              <code id="906">restrict.c:72:4: warning: implicit declaration of function 'strtok' [-Wimplicit-function-declaration]</code><br />
						
            
            <a class="navhash" href="#907">#</a>
						
              <code id="907">    tmp = strtok (string," \t\n\0");</code><br />
						
            
            <a class="navhash" href="#908">#</a>
						
              <code id="908">    ^</code><br />
						
            
            <a class="navhash" href="#909">#</a>
						
              <code id="909">restrict.c:72:8: warning: assignment makes pointer from integer without a cast [enabled by default]</code><br />
						
            
            <a class="navhash" href="#910">#</a>
						
              <code id="910">    tmp = strtok (string," \t\n\0");</code><br />
						
            
            <a class="navhash" href="#911">#</a>
						
              <code id="911">        ^</code><br />
						
            
            <a class="navhash" href="#912">#</a>
						
              <code id="912">restrict.c:77:4: warning: implicit declaration of function 'strlen' [-Wimplicit-function-declaration]</code><br />
						
            
            <a class="navhash" href="#913">#</a>
						
              <code id="913">    if(strlen(string) != strlen(pass)) continue;</code><br />
						
            
            <a class="navhash" href="#914">#</a>
						
              <code id="914">    ^</code><br />
						
            
            <a class="navhash" href="#915">#</a>
						
              <code id="915">restrict.c:77:7: warning: incompatible implicit declaration of built-in function 'strlen' [enabled by default]</code><br />
						
            
            <a class="navhash" href="#916">#</a>
						
              <code id="916">    if(strlen(string) != strlen(pass)) continue;</code><br />
						
            
            <a class="navhash" href="#917">#</a>
						
              <code id="917">       ^</code><br />
						
            
            <a class="navhash" href="#918">#</a>
						
              <code id="918">restrict.c:78:4: warning: implicit declaration of function 'strncmp' [-Wimplicit-function-declaration]</code><br />
						
            
            <a class="navhash" href="#919">#</a>
						
              <code id="919">    else if (strncmp(string, pass, strlen(pass)) == 0)</code><br />
						
            
            <a class="navhash" href="#920">#</a>
						
              <code id="920">    ^</code><br />
						
            
            <a class="navhash" href="#921">#</a>
						
              <code id="921">restrict.c:80:6: warning: implicit declaration of function 'free' [-Wimplicit-function-declaration]</code><br />
						
            
            <a class="navhash" href="#922">#</a>
						
              <code id="922">      free ( (void *)string);</code><br />
						
            
            <a class="navhash" href="#923">#</a>
						
              <code id="923">      ^</code><br />
						
            
            <a class="navhash" href="#924">#</a>
						
              <code id="924">restrict.c:80:6: warning: incompatible implicit declaration of built-in function 'free' [enabled by default]</code><br />
						
            
            <a class="navhash" href="#925">#</a>
						
              <code id="925">restrict.c:81:6: warning: implicit declaration of function 'fclose' [-Wimplicit-function-declaration]</code><br />
						
            
            <a class="navhash" href="#926">#</a>
						
              <code id="926">      fclose (dct);</code><br />
						
            
            <a class="navhash" href="#927">#</a>
						
              <code id="927">      ^</code><br />
						
            
            <a class="navhash" href="#928">#</a>
						
              <code id="928">restrict.c:89:2: warning: incompatible implicit declaration of built-in function 'free' [enabled by default]</code><br />
						
            
            <a class="navhash" href="#929">#</a>
						
              <code id="929">  free ( (void *)string);</code><br />
						
            
            <a class="navhash" href="#930">#</a>
						
              <code id="930">  ^</code><br />
						
            
            <a class="navhash" href="#931">#</a>
						
              <code id="931">restrict.c: In function 'bloom_check_pass':</code><br />
						
            
            <a class="navhash" href="#932">#</a>
						<span class="error">
              <code id="932">restrict.c:112:2: error: unknown type name 'FILE'</code><br />
						</span>
            
            <a class="navhash" href="#933">#</a>
						
              <code id="933">  FILE *f_filter;</code><br />
						
            
            <a class="navhash" href="#934">#</a>
						
              <code id="934">  ^</code><br />
						
            
            <a class="navhash" href="#935">#</a>
						
              <code id="935">restrict.c:115:47: error: 'NULL' undeclared (first use in this function)</code><br />
						
            
            <a class="navhash" href="#936">#</a>
						
              <code id="936">  if ( (f_filter = open_filter(filter,"r")) == NULL)</code><br />
						
            
            <a class="navhash" href="#937">#</a>
						
              <code id="937">                                               ^</code><br />
						
            
            <a class="navhash" href="#938">#</a>
						
              <code id="938">restrict.c:117:2: warning: implicit declaration of function 'get_filtersize' [-Wimplicit-function-declaration]</code><br />
						
            
            <a class="navhash" href="#939">#</a>
						
              <code id="939">  filter_size = get_filtersize(f_filter);</code><br />
						
            
            <a class="navhash" href="#940">#</a>
						
              <code id="940">  ^</code><br />
						
            
            <a class="navhash" href="#941">#</a>
						
              <code id="941">restrict.c:118:2: warning: implicit declaration of function 'get_filtermode' [-Wimplicit-function-declaration]</code><br />
						
            
            <a class="navhash" href="#942">#</a>
						
              <code id="942">  flt_mode =    get_filtermode(f_filter);</code><br />
						
            
            <a class="navhash" href="#943">#</a>
						
              <code id="943">  ^</code><br />
						
            
            <a class="navhash" href="#944">#</a>
						
              <code id="944">restrict.c:119:2: warning: implicit declaration of function 'check_word' [-Wimplicit-function-declaration]</code><br />
						
            
            <a class="navhash" href="#945">#</a>
						
              <code id="945">  ret = check_word (word, f_filter, filter_size, flt_mode);</code><br />
						
            
            <a class="navhash" href="#946">#</a>
						
              <code id="946">  ^</code><br />
						
            
            <a class="navhash" href="#947">#</a>
						
              <code id="947">restrict.c:120:2: warning: implicit declaration of function 'close_filter' [-Wimplicit-function-declaration]</code><br />
						
            
            <a class="navhash" href="#948">#</a>
						
              <code id="948">  close_filter(f_filter);</code><br />
						
            
            <a class="navhash" href="#949">#</a>
						
              <code id="949">  ^</code><br />
						
            
            <a class="navhash" href="#950">#</a>
						
              <code id="950">restrict.c: In function 'paranoid_bloom_check_pass':</code><br />
						
            
            <a class="navhash" href="#951">#</a>
						
              <code id="951">restrict.c:143:12: warning: incompatible implicit declaration of built-in function 'strlen' [enabled by default]</code><br />
						
            
            <a class="navhash" href="#952">#</a>
						
              <code id="952">  int len = strlen(password); /* string length                      */</code><br />
						
            
            <a class="navhash" href="#953">#</a>
						
              <code id="953">            ^</code><br />
						
            
            <a class="navhash" href="#954">#</a>
						
              <code id="954">restrict.c:157:27: warning: incompatible implicit declaration of built-in function 'calloc' [enabled by default]</code><br />
						
            
            <a class="navhash" href="#955">#</a>
						
              <code id="955">  if ((substring = (char *)calloc(1, (size_t)len))==NULL)</code><br />
						
            
            <a class="navhash" href="#956">#</a>
						
              <code id="956">                           ^</code><br />
						
            
            <a class="navhash" href="#957">#</a>
						
              <code id="957">restrict.c:157:38: error: 'size_t' undeclared (first use in this function)</code><br />
						
            
            <a class="navhash" href="#958">#</a>
						
              <code id="958">  if ((substring = (char *)calloc(1, (size_t)len))==NULL)</code><br />
						
            
            <a class="navhash" href="#959">#</a>
						
              <code id="959">                                      ^</code><br />
						
            
            <a class="navhash" href="#960">#</a>
						<span class="error">
              <code id="960">restrict.c:157:45: error: expected ')' before 'len'</code><br />
						</span>
            
            <a class="navhash" href="#961">#</a>
						
              <code id="961">  if ((substring = (char *)calloc(1, (size_t)len))==NULL)</code><br />
						
            
            <a class="navhash" href="#962">#</a>
						
              <code id="962">                                             ^</code><br />
						
            
            <a class="navhash" href="#963">#</a>
						
              <code id="963">restrict.c:157:52: error: 'NULL' undeclared (first use in this function)</code><br />
						
            
            <a class="navhash" href="#964">#</a>
						
              <code id="964">  if ((substring = (char *)calloc(1, (size_t)len))==NULL)</code><br />
						
            
            <a class="navhash" href="#965">#</a>
						
              <code id="965">                                                    ^</code><br />
						
            
            <a class="navhash" href="#966">#</a>
						
              <code id="966">restrict.c:182:5: warning: implicit declaration of function 'memset' [-Wimplicit-function-declaration]</code><br />
						
            
            <a class="navhash" href="#967">#</a>
						
              <code id="967">     (void)memset(substring,0,(size_t)len);</code><br />
						
            
            <a class="navhash" href="#968">#</a>
						
              <code id="968">     ^</code><br />
						
            
            <a class="navhash" href="#969">#</a>
						
              <code id="969">restrict.c:182:11: warning: incompatible implicit declaration of built-in function 'memset' [enabled by default]</code><br />
						
            
            <a class="navhash" href="#970">#</a>
						
              <code id="970">     (void)memset(substring,0,(size_t)len);</code><br />
						
            
            <a class="navhash" href="#971">#</a>
						
              <code id="971">           ^</code><br />
						
            
            <a class="navhash" href="#972">#</a>
						<span class="error">
              <code id="972">restrict.c:182:38: error: expected ')' before 'len'</code><br />
						</span>
            
            <a class="navhash" href="#973">#</a>
						
              <code id="973">     (void)memset(substring,0,(size_t)len);</code><br />
						
            
            <a class="navhash" href="#974">#</a>
						
              <code id="974">                                      ^</code><br />
						
            
            <a class="navhash" href="#975">#</a>
						
              <code id="975">restrict.c: In function 'filter_check_pass':</code><br />
						
            
            <a class="navhash" href="#976">#</a>
						
              <code id="976">restrict.c:219:11: warning: implicit declaration of function 'strchr' [-Wimplicit-function-declaration]</code><br />
						
            
            <a class="navhash" href="#977">#</a>
						
              <code id="977">           if ((strchr(word,smbl[i].ch)) != NULL)</code><br />
						
            
            <a class="navhash" href="#978">#</a>
						
              <code id="978">           ^</code><br />
						
            
            <a class="navhash" href="#979">#</a>
						
              <code id="979">restrict.c:219:16: warning: incompatible implicit declaration of built-in function 'strchr' [enabled by default]</code><br />
						
            
            <a class="navhash" href="#980">#</a>
						
              <code id="980">           if ((strchr(word,smbl[i].ch)) != NULL)</code><br />
						
            
            <a class="navhash" href="#981">#</a>
						
              <code id="981">                ^</code><br />
						
            
            <a class="navhash" href="#982">#</a>
						
              <code id="982">restrict.c:219:44: error: 'NULL' undeclared (first use in this function)</code><br />
						
            
            <a class="navhash" href="#983">#</a>
						
              <code id="983">           if ((strchr(word,smbl[i].ch)) != NULL)</code><br />
						
            
            <a class="navhash" href="#984">#</a>
						
              <code id="984">                                            ^</code><br />
						
            
            <a class="navhash" href="#985">#</a>
						
              <code id="985">restrict.c: In function 'set_exclude_list':</code><br />
						
            
            <a class="navhash" href="#986">#</a>
						
              <code id="986">restrict.c:267:6: warning: incompatible implicit declaration of built-in function 'strlen' [enabled by default]</code><br />
						
            
            <a class="navhash" href="#987">#</a>
						
              <code id="987">  if (strlen(char_string) > 93)</code><br />
						
            
            <a class="navhash" href="#988">#</a>
						
              <code id="988">      ^</code><br />
						
            
            <a class="navhash" href="#989">#</a>
						
              <code id="989">restrict.c:270:8: warning: incompatible implicit declaration of built-in function 'strchr' [enabled by default]</code><br />
						
            
            <a class="navhash" href="#990">#</a>
						
              <code id="990">   if ((strchr(char_string, smbl[i].ch)) != NULL)</code><br />
						
            
            <a class="navhash" href="#991">#</a>
						
              <code id="991">        ^</code><br />
						
            
            <a class="navhash" href="#992">#</a>
						
              <code id="992">restrict.c:270:44: error: 'NULL' undeclared (first use in this function)</code><br />
						
            
            <a class="navhash" href="#993">#</a>
						
              <code id="993">   if ((strchr(char_string, smbl[i].ch)) != NULL)</code><br />
						
            
            <a class="navhash" href="#994">#</a>
						
              <code id="994">                                            ^</code><br />
						
            
            <a class="navhash" href="#995">#</a>
						
              <code id="995">cc1: error: no include path in which to search for stdc-predef.h</code><br />
						
            
            <a class="navhash" href="#996">#</a>
						
              <code id="996">errors.c:30:19: error: no include path in which to search for stdio.h</code><br />
						
            
            <a class="navhash" href="#997">#</a>
						
              <code id="997"> #include <stdio.h></code><br />
						
            
            <a class="navhash" href="#998">#</a>
						
              <code id="998">                   ^</code><br />
						
            
            <a class="navhash" href="#999">#</a>
						
              <code id="999">errors.c:31:20: error: no include path in which to search for string.h</code><br />
						
            
            <a class="navhash" href="#1000">#</a>
						
              <code id="1000"> #include <string.h></code><br />
						
            
            <a class="navhash" href="#1001">#</a>
						
              <code id="1001">                    ^</code><br />
						
            
            <a class="navhash" href="#1002">#</a>
						
              <code id="1002">errors.c:32:20: error: no include path in which to search for unistd.h</code><br />
						
            
            <a class="navhash" href="#1003">#</a>
						
              <code id="1003"> #include <unistd.h></code><br />
						
            
            <a class="navhash" href="#1004">#</a>
						
              <code id="1004">                    ^</code><br />
						
            
            <a class="navhash" href="#1005">#</a>
						
              <code id="1005">errors.c:33:20: error: no include path in which to search for stdlib.h</code><br />
						
            
            <a class="navhash" href="#1006">#</a>
						
              <code id="1006"> #include <stdlib.h></code><br />
						
            
            <a class="navhash" href="#1007">#</a>
						
              <code id="1007">                    ^</code><br />
						
            
            <a class="navhash" href="#1008">#</a>
						
              <code id="1008">In file included from errors.c:34:0:</code><br />
						
            
            <a class="navhash" href="#1009">#</a>
						
              <code id="1009">errs.h:33:19: error: no include path in which to search for errno.h</code><br />
						
            
            <a class="navhash" href="#1010">#</a>
						
              <code id="1010"> #include <errno.h></code><br />
						
            
            <a class="navhash" href="#1011">#</a>
						
              <code id="1011">                   ^</code><br />
						
            
            <a class="navhash" href="#1012">#</a>
						
              <code id="1012">errors.c: In function 'err_sys':</code><br />
						
            
            <a class="navhash" href="#1013">#</a>
						
              <code id="1013">errors.c:55:2: warning: implicit declaration of function 'perror' [-Wimplicit-function-declaration]</code><br />
						
            
            <a class="navhash" href="#1014">#</a>
						
              <code id="1014">  perror(string);</code><br />
						
            
            <a class="navhash" href="#1015">#</a>
						
              <code id="1015">  ^</code><br />
						
            
            <a class="navhash" href="#1016">#</a>
						
              <code id="1016">errors.c: In function 'err_sys_fatal':</code><br />
						
            
            <a class="navhash" href="#1017">#</a>
						
              <code id="1017">errors.c:82:2: warning: implicit declaration of function 'exit' [-Wimplicit-function-declaration]</code><br />
						
            
            <a class="navhash" href="#1018">#</a>
						
              <code id="1018">  exit (-1);</code><br />
						
            
            <a class="navhash" href="#1019">#</a>
						
              <code id="1019">  ^</code><br />
						
            
            <a class="navhash" href="#1020">#</a>
						
              <code id="1020">errors.c:82:2: warning: incompatible implicit declaration of built-in function 'exit' [enabled by default]</code><br />
						
            
            <a class="navhash" href="#1021">#</a>
						
              <code id="1021">errors.c: In function 'err_app':</code><br />
						
            
            <a class="navhash" href="#1022">#</a>
						
              <code id="1022">errors.c:99:2: warning: implicit declaration of function 'fprintf' [-Wimplicit-function-declaration]</code><br />
						
            
            <a class="navhash" href="#1023">#</a>
						
              <code id="1023">  fprintf (stderr, "%s: ", string);</code><br />
						
            
            <a class="navhash" href="#1024">#</a>
						
              <code id="1024">  ^</code><br />
						
            
            <a class="navhash" href="#1025">#</a>
						
              <code id="1025">errors.c:99:2: warning: incompatible implicit declaration of built-in function 'fprintf' [enabled by default]</code><br />
						
            
            <a class="navhash" href="#1026">#</a>
						
              <code id="1026">errors.c:99:11: error: 'stderr' undeclared (first use in this function)</code><br />
						
            
            <a class="navhash" href="#1027">#</a>
						
              <code id="1027">  fprintf (stderr, "%s: ", string);</code><br />
						
            
            <a class="navhash" href="#1028">#</a>
						
              <code id="1028">           ^</code><br />
						
            
            <a class="navhash" href="#1029">#</a>
						
              <code id="1029">errors.c:99:11: note: each undeclared identifier is reported only once for each function it appears in</code><br />
						
            
            <a class="navhash" href="#1030">#</a>
						
              <code id="1030">errors.c:101:2: warning: implicit declaration of function 'fflush' [-Wimplicit-function-declaration]</code><br />
						
            
            <a class="navhash" href="#1031">#</a>
						
              <code id="1031">  fflush (stderr);</code><br />
						
            
            <a class="navhash" href="#1032">#</a>
						
              <code id="1032">  ^</code><br />
						
            
            <a class="navhash" href="#1033">#</a>
						
              <code id="1033">errors.c: In function 'err_app_fatal':</code><br />
						
            
            <a class="navhash" href="#1034">#</a>
						
              <code id="1034">errors.c:122:2: warning: incompatible implicit declaration of built-in function 'fprintf' [enabled by default]</code><br />
						
            
            <a class="navhash" href="#1035">#</a>
						
              <code id="1035">  fprintf (stderr, "%s: ", string);</code><br />
						
            
            <a class="navhash" href="#1036">#</a>
						
              <code id="1036">  ^</code><br />
						
            
            <a class="navhash" href="#1037">#</a>
						
              <code id="1037">errors.c:122:11: error: 'stderr' undeclared (first use in this function)</code><br />
						
            
            <a class="navhash" href="#1038">#</a>
						
              <code id="1038">  fprintf (stderr, "%s: ", string);</code><br />
						
            
            <a class="navhash" href="#1039">#</a>
						
              <code id="1039">           ^</code><br />
						
            
            <a class="navhash" href="#1040">#</a>
						
              <code id="1040">errors.c:130:2: warning: incompatible implicit declaration of built-in function 'exit' [enabled by default]</code><br />
						
            
            <a class="navhash" href="#1041">#</a>
						
              <code id="1041">  exit (-1);</code><br />
						
            
            <a class="navhash" href="#1042">#</a>
						
              <code id="1042">  ^</code><br />
						
            
            <a class="navhash" href="#1043">#</a>
						
              <code id="1043">cc1: error: no include path in which to search for stdc-predef.h</code><br />
						
            
            <a class="navhash" href="#1044">#</a>
						
              <code id="1044">apg.c:33:19: error: no include path in which to search for stdio.h</code><br />
						
            
            <a class="navhash" href="#1045">#</a>
						
              <code id="1045"> #include <stdio.h></code><br />
						
            
            <a class="navhash" href="#1046">#</a>
						
              <code id="1046">                   ^</code><br />
						
            
            <a class="navhash" href="#1047">#</a>
						
              <code id="1047">apg.c:34:20: error: no include path in which to search for stdlib.h</code><br />
						
            
            <a class="navhash" href="#1048">#</a>
						
              <code id="1048"> #include <stdlib.h></code><br />
						
            
            <a class="navhash" href="#1049">#</a>
						
              <code id="1049">                    ^</code><br />
						
            
            <a class="navhash" href="#1050">#</a>
						
              <code id="1050">apg.c:36:21: error: no include path in which to search for strings.h</code><br />
						
            
            <a class="navhash" href="#1051">#</a>
						
              <code id="1051"> #include <strings.h></code><br />
						
            
            <a class="navhash" href="#1052">#</a>
						
              <code id="1052">                     ^</code><br />
						
            
            <a class="navhash" href="#1053">#</a>
						
              <code id="1053">apg.c:38:20: error: no include path in which to search for string.h</code><br />
						
            
            <a class="navhash" href="#1054">#</a>
						
              <code id="1054"> #include <string.h></code><br />
						
            
            <a class="navhash" href="#1055">#</a>
						
              <code id="1055">                    ^</code><br />
						
            
            <a class="navhash" href="#1056">#</a>
						
              <code id="1056">apg.c:39:18: error: no include path in which to search for time.h</code><br />
						
            
            <a class="navhash" href="#1057">#</a>
						
              <code id="1057"> #include <time.h></code><br />
						
            
            <a class="navhash" href="#1058">#</a>
						
              <code id="1058">                  ^</code><br />
						
            
            <a class="navhash" href="#1059">#</a>
						
              <code id="1059">apg.c:52:19: error: no include path in which to search for crypt.h</code><br />
						
            
            <a class="navhash" href="#1060">#</a>
						
              <code id="1060"> #include <crypt.h></code><br />
						
            
            <a class="navhash" href="#1061">#</a>
						
              <code id="1061">                   ^</code><br />
						
            
            <a class="navhash" href="#1062">#</a>
						
              <code id="1062">apg.c:65:20: error: no include path in which to search for unistd.h</code><br />
						
            
            <a class="navhash" href="#1063">#</a>
						
              <code id="1063"> #include <unistd.h></code><br />
						
            
            <a class="navhash" href="#1064">#</a>
						
              <code id="1064">                    ^</code><br />
						
            
            <a class="navhash" href="#1065">#</a>
						
              <code id="1065">In file included from restrict.h:36:0,</code><br />
						
            
            <a class="navhash" href="#1066">#</a>
						
              <code id="1066">                 from apg.c:83:</code><br />
						
            
            <a class="navhash" href="#1067">#</a>
						
              <code id="1067">bloom.h:38:19: error: no include path in which to search for stdio.h</code><br />
						
            
            <a class="navhash" href="#1068">#</a>
						
              <code id="1068"> #include <stdio.h></code><br />
						
            
            <a class="navhash" href="#1069">#</a>
						
              <code id="1069">                   ^</code><br />
						
            
            <a class="navhash" href="#1070">#</a>
						
              <code id="1070">bloom.h:39:20: error: no include path in which to search for stdlib.h</code><br />
						
            
            <a class="navhash" href="#1071">#</a>
						
              <code id="1071"> #include <stdlib.h></code><br />
						
            
            <a class="navhash" href="#1072">#</a>
						
              <code id="1072">                    ^</code><br />
						
            
            <a class="navhash" href="#1073">#</a>
						
              <code id="1073">bloom.h:40:20: error: no include path in which to search for string.h</code><br />
						
            
            <a class="navhash" href="#1074">#</a>
						
              <code id="1074"> #include <string.h></code><br />
						
            
            <a class="navhash" href="#1075">#</a>
						
              <code id="1075">                    ^</code><br />
						
            
            <a class="navhash" href="#1076">#</a>
						
              <code id="1076">bloom.h:42:21: error: no include path in which to search for strings.h</code><br />
						
            
            <a class="navhash" href="#1077">#</a>
						
              <code id="1077"> #include <strings.h></code><br />
						
            
            <a class="navhash" href="#1078">#</a>
						
              <code id="1078">                     ^</code><br />
						
            
            <a class="navhash" href="#1079">#</a>
						
              <code id="1079">bloom.h:44:18: error: no include path in which to search for math.h</code><br />
						
            
            <a class="navhash" href="#1080">#</a>
						
              <code id="1080"> #include <math.h></code><br />
						
            
            <a class="navhash" href="#1081">#</a>
						
              <code id="1081">                  ^</code><br />
						
            
            <a class="navhash" href="#1082">#</a>
						
              <code id="1082">In file included from restrict.h:36:0,</code><br />
						
            
            <a class="navhash" href="#1083">#</a>
						
              <code id="1083">                 from apg.c:83:</code><br />
						
            
            <a class="navhash" href="#1084">#</a>
						<span class="error">
              <code id="1084">bloom.h:80:36: error: unknown type name 'FILE'</code><br />
						</span>
            
            <a class="navhash" href="#1085">#</a>
						
              <code id="1085"> extern int insert_word(char *word, FILE *file, h_val filter_size, f_mode mode);</code><br />
						
            
            <a class="navhash" href="#1086">#</a>
						
              <code id="1086">                                    ^</code><br />
						
            
            <a class="navhash" href="#1087">#</a>
						<span class="error">
              <code id="1087">bloom.h:81:35: error: unknown type name 'FILE'</code><br />
						</span>
            
            <a class="navhash" href="#1088">#</a>
						
              <code id="1088"> extern int check_word(char *word, FILE *file, h_val filter_size, f_mode mode);</code><br />
						
            
            <a class="navhash" href="#1089">#</a>
						
              <code id="1089">                                   ^</code><br />
						
            
            <a class="navhash" href="#1090">#</a>
						<span class="error">
              <code id="1090">bloom.h:82:1: error: unknown type name 'FILE'</code><br />
						</span>
            
            <a class="navhash" href="#1091">#</a>
						
              <code id="1091"> extern FILE * create_filter(char * f_name, unsigned long int n_words, f_mode mode); </code><br />
						
            
            <a class="navhash" href="#1092">#</a>
						
              <code id="1092"> ^</code><br />
						
            
            <a class="navhash" href="#1093">#</a>
						<span class="error">
              <code id="1093">bloom.h:83:1: error: unknown type name 'FILE'</code><br />
						</span>
            
            <a class="navhash" href="#1094">#</a>
						
              <code id="1094"> extern FILE * open_filter(char * f_name, const char *mode); </code><br />
						
            
            <a class="navhash" href="#1095">#</a>
						
              <code id="1095"> ^</code><br />
						
            
            <a class="navhash" href="#1096">#</a>
						<span class="error">
              <code id="1096">bloom.h:84:25: error: unknown type name 'FILE'</code><br />
						</span>
            
            <a class="navhash" href="#1097">#</a>
						
              <code id="1097"> extern int close_filter(FILE *f_dsk);</code><br />
						
            
            <a class="navhash" href="#1098">#</a>
						
              <code id="1098">                         ^</code><br />
						
            
            <a class="navhash" href="#1099">#</a>
						<span class="error">
              <code id="1099">bloom.h:85:29: error: unknown type name 'FILE'</code><br />
						</span>
            
            <a class="navhash" href="#1100">#</a>
						
              <code id="1100"> extern h_val get_filtersize(FILE *f); </code><br />
						
            
            <a class="navhash" href="#1101">#</a>
						
              <code id="1101">                             ^</code><br />
						
            
            <a class="navhash" href="#1102">#</a>
						<span class="error">
              <code id="1102">bloom.h:86:30: error: unknown type name 'FILE'</code><br />
						</span>
            
            <a class="navhash" href="#1103">#</a>
						
              <code id="1103"> extern f_mode get_filtermode(FILE *f); </code><br />
						
            
            <a class="navhash" href="#1104">#</a>
						
              <code id="1104">                              ^</code><br />
						
            
            <a class="navhash" href="#1105">#</a>
						<span class="error">
              <code id="1105">bloom.h:87:26: error: unknown type name 'FILE'</code><br />
						</span>
            
            <a class="navhash" href="#1106">#</a>
						
              <code id="1106"> extern h_val count_words(FILE *dict_file);</code><br />
						
            
            <a class="navhash" href="#1107">#</a>
						
              <code id="1107">                          ^</code><br />
						
            
            <a class="navhash" href="#1108">#</a>
						
              <code id="1108">In file included from apg.c:86:0:</code><br />
						
            
            <a class="navhash" href="#1109">#</a>
						
              <code id="1109">errs.h:33:19: error: no include path in which to search for errno.h</code><br />
						
            
            <a class="navhash" href="#1110">#</a>
						
              <code id="1110"> #include <errno.h></code><br />
						
            
            <a class="navhash" href="#1111">#</a>
						
              <code id="1111">                   ^</code><br />
						
            
            <a class="navhash" href="#1112">#</a>
						
              <code id="1112">apg.c: In function 'main':</code><br />
						
            
            <a class="navhash" href="#1113">#</a>
						<span class="error">
              <code id="1113">apg.c:116:2: error: unknown type name 'time_t'</code><br />
						</span>
            
            <a class="navhash" href="#1114">#</a>
						
              <code id="1114">  time_t tme;</code><br />
						
            
            <a class="navhash" href="#1115">#</a>
						
              <code id="1115">  ^</code><br />
						
            
            <a class="navhash" href="#1116">#</a>
						
              <code id="1116">apg.c:211:7: warning: implicit declaration of function 'atoi' [-Wimplicit-function-declaration]</code><br />
						
            
            <a class="navhash" href="#1117">#</a>
						
              <code id="1117">       algorithm = atoi (apg_optarg);</code><br />
						
            
            <a class="navhash" href="#1118">#</a>
						
              <code id="1118">       ^</code><br />
						
            
            <a class="navhash" href="#1119">#</a>
						
              <code id="1119">apg.c:276:7: warning: implicit declaration of function 'printf' [-Wimplicit-function-declaration]</code><br />
						
            
            <a class="navhash" href="#1120">#</a>
						
              <code id="1120">       printf ("APG (Automated Password Generator)");</code><br />
						
            
            <a class="navhash" href="#1121">#</a>
						
              <code id="1121">       ^</code><br />
						
            
            <a class="navhash" href="#1122">#</a>
						
              <code id="1122">apg.c:276:7: warning: incompatible implicit declaration of built-in function 'printf' [enabled by default]</code><br />
						
            
            <a class="navhash" href="#1123">#</a>
						
              <code id="1123">apg.c:284:7: warning: implicit declaration of function 'exit' [-Wimplicit-function-declaration]</code><br />
						
            
            <a class="navhash" href="#1124">#</a>
						
              <code id="1124">       exit (-1);</code><br />
						
            
            <a class="navhash" href="#1125">#</a>
						
              <code id="1125">       ^</code><br />
						
            
            <a class="navhash" href="#1126">#</a>
						
              <code id="1126">apg.c:284:7: warning: incompatible implicit declaration of built-in function 'exit' [enabled by default]</code><br />
						
            
            <a class="navhash" href="#1127">#</a>
						
              <code id="1127">apg.c:291:2: warning: implicit declaration of function 'time' [-Wimplicit-function-declaration]</code><br />
						
            
            <a class="navhash" href="#1128">#</a>
						
              <code id="1128">  if( (tme = time(NULL)) == ( (time_t)-1))</code><br />
						
            
            <a class="navhash" href="#1129">#</a>
						
              <code id="1129">  ^</code><br />
						
            
            <a class="navhash" href="#1130">#</a>
						
              <code id="1130">apg.c:291:18: error: 'NULL' undeclared (first use in this function)</code><br />
						
            
            <a class="navhash" href="#1131">#</a>
						
              <code id="1131">  if( (tme = time(NULL)) == ( (time_t)-1))</code><br />
						
            
            <a class="navhash" href="#1132">#</a>
						
              <code id="1132">                  ^</code><br />
						
            
            <a class="navhash" href="#1133">#</a>
						
              <code id="1133">apg.c:291:18: note: each undeclared identifier is reported only once for each function it appears in</code><br />
						
            
            <a class="navhash" href="#1134">#</a>
						
              <code id="1134">apg.c:291:31: error: 'time_t' undeclared (first use in this function)</code><br />
						
            
            <a class="navhash" href="#1135">#</a>
						
              <code id="1135">  if( (tme = time(NULL)) == ( (time_t)-1))</code><br />
						
            
            <a class="navhash" href="#1136">#</a>
						
              <code id="1136">                               ^</code><br />
						
            
            <a class="navhash" href="#1137">#</a>
						
              <code id="1137">apg.c:305:2: warning: implicit declaration of function 'calloc' [-Wimplicit-function-declaration]</code><br />
						
            
            <a class="navhash" href="#1138">#</a>
						
              <code id="1138">  if ( (pass_string = (char *)calloc (1, (size_t)(max_pass_length + 1)))==NULL ||</code><br />
						
            
            <a class="navhash" href="#1139">#</a>
						
              <code id="1139">  ^</code><br />
						
            
            <a class="navhash" href="#1140">#</a>
						
              <code id="1140">apg.c:305:30: warning: incompatible implicit declaration of built-in function 'calloc' [enabled by default]</code><br />
						
            
            <a class="navhash" href="#1141">#</a>
						
              <code id="1141">  if ( (pass_string = (char *)calloc (1, (size_t)(max_pass_length + 1)))==NULL ||</code><br />
						
            
            <a class="navhash" href="#1142">#</a>
						
              <code id="1142">                              ^</code><br />
						
            
            <a class="navhash" href="#1143">#</a>
						
              <code id="1143">apg.c:305:42: error: 'size_t' undeclared (first use in this function)</code><br />
						
            
            <a class="navhash" href="#1144">#</a>
						
              <code id="1144">  if ( (pass_string = (char *)calloc (1, (size_t)(max_pass_length + 1)))==NULL ||</code><br />
						
            
            <a class="navhash" href="#1145">#</a>
						
              <code id="1145">                                          ^</code><br />
						
            
            <a class="navhash" href="#1146">#</a>
						
              <code id="1146">apg.c:333:10: warning: implicit declaration of function 'memcpy' [-Wimplicit-function-declaration]</code><br />
						
            
            <a class="navhash" href="#1147">#</a>
						
              <code id="1147">          (void) memcpy ((void *)crypt_string,</code><br />
						
            
            <a class="navhash" href="#1148">#</a>
						
              <code id="1148">          ^</code><br />
						
            
            <a class="navhash" href="#1149">#</a>
						
              <code id="1149">apg.c:333:17: warning: incompatible implicit declaration of built-in function 'memcpy' [enabled by default]</code><br />
						
            
            <a class="navhash" href="#1150">#</a>
						
              <code id="1150">          (void) memcpy ((void *)crypt_string,</code><br />
						
            
            <a class="navhash" href="#1151">#</a>
						
              <code id="1151">                 ^</code><br />
						
            
            <a class="navhash" href="#1152">#</a>
						
              <code id="1152">apg.c:366:13: warning: implicit declaration of function 'fprintf' [-Wimplicit-function-declaration]</code><br />
						
            
            <a class="navhash" href="#1153">#</a>
						
              <code id="1153">             fprintf (stdout, "%s", pass_string);</code><br />
						
            
            <a class="navhash" href="#1154">#</a>
						
              <code id="1154">             ^</code><br />
						
            
            <a class="navhash" href="#1155">#</a>
						
              <code id="1155">apg.c:366:13: warning: incompatible implicit declaration of built-in function 'fprintf' [enabled by default]</code><br />
						
            
            <a class="navhash" href="#1156">#</a>
						
              <code id="1156">apg.c:366:22: error: 'stdout' undeclared (first use in this function)</code><br />
						
            
            <a class="navhash" href="#1157">#</a>
						
              <code id="1157">             fprintf (stdout, "%s", pass_string);</code><br />
						
            
            <a class="navhash" href="#1158">#</a>
						
              <code id="1158">                      ^</code><br />
						
            
            <a class="navhash" href="#1159">#</a>
						
              <code id="1159">apg.c:377:8: warning: implicit declaration of function 'free' [-Wimplicit-function-declaration]</code><br />
						
            
            <a class="navhash" href="#1160">#</a>
						
              <code id="1160">        free((void*)spell_pass_string);</code><br />
						
            
            <a class="navhash" href="#1161">#</a>
						
              <code id="1161">        ^</code><br />
						
            
            <a class="navhash" href="#1162">#</a>
						
              <code id="1162">apg.c:377:8: warning: incompatible implicit declaration of built-in function 'free' [enabled by default]</code><br />
						
            
            <a class="navhash" href="#1163">#</a>
						
              <code id="1163">apg.c:381:6: warning: implicit declaration of function 'fflush' [-Wimplicit-function-declaration]</code><br />
						
            
            <a class="navhash" href="#1164">#</a>
						
              <code id="1164">      fflush (stdout);</code><br />
						
            
            <a class="navhash" href="#1165">#</a>
						
              <code id="1165">      ^</code><br />
						
            
            <a class="navhash" href="#1166">#</a>
						
              <code id="1166">apg.c:406:9: warning: incompatible implicit declaration of built-in function 'fprintf' [enabled by default]</code><br />
						
            
            <a class="navhash" href="#1167">#</a>
						
              <code id="1167">         fprintf (stdout, "%s", pass_string);</code><br />
						
            
            <a class="navhash" href="#1168">#</a>
						
              <code id="1168">         ^</code><br />
						
            
            <a class="navhash" href="#1169">#</a>
						
              <code id="1169">apg.c:417:4: warning: incompatible implicit declaration of built-in function 'free' [enabled by default]</code><br />
						
            
            <a class="navhash" href="#1170">#</a>
						
              <code id="1170">    free((void*)spell_pass_string);</code><br />
						
            
            <a class="navhash" href="#1171">#</a>
						
              <code id="1171">    ^</code><br />
						
            
            <a class="navhash" href="#1172">#</a>
						
              <code id="1172">apg.c:444:16: warning: incompatible implicit declaration of built-in function 'memcpy' [enabled by default]</code><br />
						
            
            <a class="navhash" href="#1173">#</a>
						
              <code id="1173">          (void)memcpy ((void *)crypt_string,</code><br />
						
            
            <a class="navhash" href="#1174">#</a>
						
              <code id="1174">                ^</code><br />
						
            
            <a class="navhash" href="#1175">#</a>
						
              <code id="1175">apg.c:479:8: warning: incompatible implicit declaration of built-in function 'fprintf' [enabled by default]</code><br />
						
            
            <a class="navhash" href="#1176">#</a>
						
              <code id="1176">        fprintf (stdout, "%s %s", pass_string, crypt_string);</code><br />
						
            
            <a class="navhash" href="#1177">#</a>
						
              <code id="1177">        ^</code><br />
						
            
            <a class="navhash" href="#1178">#</a>
						
              <code id="1178">apg.c:487:8: warning: incompatible implicit declaration of built-in function 'free' [enabled by default]</code><br />
						
            
            <a class="navhash" href="#1179">#</a>
						
              <code id="1179">        free((void*)spell_pass_string);</code><br />
						
            
            <a class="navhash" href="#1180">#</a>
						
              <code id="1180">        ^</code><br />
						
            
            <a class="navhash" href="#1181">#</a>
						
              <code id="1181">apg.c:514:11: warning: incompatible implicit declaration of built-in function 'fprintf' [enabled by default]</code><br />
						
            
            <a class="navhash" href="#1182">#</a>
						
              <code id="1182">           fprintf (stdout, "%s %s", pass_string, crypt_string);</code><br />
						
            
            <a class="navhash" href="#1183">#</a>
						
              <code id="1183">           ^</code><br />
						
            
            <a class="navhash" href="#1184">#</a>
						
              <code id="1184">apg.c:522:4: warning: incompatible implicit declaration of built-in function 'free' [enabled by default]</code><br />
						
            
            <a class="navhash" href="#1185">#</a>
						
              <code id="1185">    free((void*)spell_pass_string);</code><br />
						
            
            <a class="navhash" href="#1186">#</a>
						
              <code id="1186">    ^</code><br />
						
            
            <a class="navhash" href="#1187">#</a>
						
              <code id="1187">apg.c:539:2: warning: incompatible implicit declaration of built-in function 'free' [enabled by default]</code><br />
						
            
            <a class="navhash" href="#1188">#</a>
						
              <code id="1188">  free((void*)pass_string);</code><br />
						
            
            <a class="navhash" href="#1189">#</a>
						
              <code id="1189">  ^</code><br />
						
            
            <a class="navhash" href="#1190">#</a>
						
              <code id="1190">apg.c: In function 'get_user_seq':</code><br />
						
            
            <a class="navhash" href="#1191">#</a>
						
              <code id="1191">apg.c:574:2: warning: incompatible implicit declaration of built-in function 'printf' [enabled by default]</code><br />
						
            
            <a class="navhash" href="#1192">#</a>
						
              <code id="1192">  printf ("\nPlease enter some random data (only first %d are significant)\n", sizeof(prom));</code><br />
						
            
            <a class="navhash" href="#1193">#</a>
						
              <code id="1193">  ^</code><br />
						
            
            <a class="navhash" href="#1194">#</a>
						
              <code id="1194">apg.c:575:2: warning: implicit declaration of function 'getpass' [-Wimplicit-function-declaration]</code><br />
						
            
            <a class="navhash" href="#1195">#</a>
						
              <code id="1195">  seq = (char *)getpass("(eg. your old password):>");</code><br />
						
            
            <a class="navhash" href="#1196">#</a>
						
              <code id="1196">  ^</code><br />
						
            
            <a class="navhash" href="#1197">#</a>
						
              <code id="1197">apg.c:576:2: warning: implicit declaration of function 'strlen' [-Wimplicit-function-declaration]</code><br />
						
            
            <a class="navhash" href="#1198">#</a>
						
              <code id="1198">  if (strlen(seq) < sizeof(prom))</code><br />
						
            
            <a class="navhash" href="#1199">#</a>
						
              <code id="1199">  ^</code><br />
						
            
            <a class="navhash" href="#1200">#</a>
						
              <code id="1200">apg.c:576:6: warning: incompatible implicit declaration of built-in function 'strlen' [enabled by default]</code><br />
						
            
            <a class="navhash" href="#1201">#</a>
						
              <code id="1201">  if (strlen(seq) < sizeof(prom))</code><br />
						
            
            <a class="navhash" href="#1202">#</a>
						
              <code id="1202">      ^</code><br />
						
            
            <a class="navhash" href="#1203">#</a>
						
              <code id="1203">apg.c:577:9: warning: incompatible implicit declaration of built-in function 'memcpy' [enabled by default]</code><br />
						
            
            <a class="navhash" href="#1204">#</a>
						
              <code id="1204">   (void)memcpy((void *)&prom[0], (void *)seq, (int)strlen(seq));</code><br />
						
            
            <a class="navhash" href="#1205">#</a>
						
              <code id="1205">         ^</code><br />
						
            
            <a class="navhash" href="#1206">#</a>
						
              <code id="1206">apg.c: In function 'com_line_user_seq':</code><br />
						
            
            <a class="navhash" href="#1207">#</a>
						
              <code id="1207">apg.c:599:6: warning: incompatible implicit declaration of built-in function 'strlen' [enabled by default]</code><br />
						
            
            <a class="navhash" href="#1208">#</a>
						
              <code id="1208">  if (strlen(seq) < sizeof (prom))</code><br />
						
            
            <a class="navhash" href="#1209">#</a>
						
              <code id="1209">      ^</code><br />
						
            
            <a class="navhash" href="#1210">#</a>
						
              <code id="1210">apg.c:600:9: warning: incompatible implicit declaration of built-in function 'memcpy' [enabled by default]</code><br />
						
            
            <a class="navhash" href="#1211">#</a>
						
              <code id="1211">   (void)memcpy((void *)&prom[0], (void *)seq, (int)strlen(seq));</code><br />
						
            
            <a class="navhash" href="#1212">#</a>
						
              <code id="1212">         ^</code><br />
						
            
            <a class="navhash" href="#1213">#</a>
						
              <code id="1213">apg.c: In function 'print_help':</code><br />
						
            
            <a class="navhash" href="#1214">#</a>
						
              <code id="1214">apg.c:619:2: warning: incompatible implicit declaration of built-in function 'printf' [enabled by default]</code><br />
						
            
            <a class="navhash" href="#1215">#</a>
						
              <code id="1215">  printf ("\napg   Automated Password Generator\n");</code><br />
						
            
            <a class="navhash" href="#1216">#</a>
						
              <code id="1216">  ^</code><br />
						
            
            <a class="navhash" href="#1217">#</a>
						
              <code id="1217">apg.c: In function 'crypt_passstring':</code><br />
						
            
            <a class="navhash" href="#1218">#</a>
						
              <code id="1218">apg.c:667:2: warning: implicit declaration of function 'crypt' [-Wimplicit-function-declaration]</code><br />
						
            
            <a class="navhash" href="#1219">#</a>
						
              <code id="1219">  return (crypt(p, salt));</code><br />
						
            
            <a class="navhash" href="#1220">#</a>
						
              <code id="1220">  ^</code><br />
						
            
            <a class="navhash" href="#1221">#</a>
						
              <code id="1221">apg.c:667:2: warning: return makes pointer from integer without a cast [enabled by default]</code><br />
						
            
            <a class="navhash" href="#1222">#</a>
						
              <code id="1222">apg.c: In function 'checkopt':</code><br />
						
            
            <a class="navhash" href="#1223">#</a>
						
              <code id="1223">apg.c:686:15: warning: incompatible implicit declaration of built-in function 'strlen' [enabled by default]</code><br />
						
            
            <a class="navhash" href="#1224">#</a>
						
              <code id="1224">  for(i=0; i < strlen(opt);i++)</code><br />
						
            
            <a class="navhash" href="#1225">#</a>
						
              <code id="1225">               ^</code><br />
						
            
            <a class="navhash" href="#1226">#</a>
						
              <code id="1226">apg.c: In function 'construct_mode':</code><br />
						
            
            <a class="navhash" href="#1227">#</a>
						
              <code id="1227">apg.c:713:15: warning: incompatible implicit declaration of built-in function 'strlen' [enabled by default]</code><br />
						
            
            <a class="navhash" href="#1228">#</a>
						
              <code id="1228">  str_length = strlen(s_mode);</code><br />
						
            
            <a class="navhash" href="#1229">#</a>
						
              <code id="1229">               ^</code><br />
						
            
            <a class="navhash" href="#1230">#</a>
						
              <code id="1230">cc1: error: no include path in which to search for stdc-predef.h</code><br />
						
            
            <a class="navhash" href="#1231">#</a>
						
              <code id="1231">getopt.c:15:19: error: no include path in which to search for stdio.h</code><br />
						
            
            <a class="navhash" href="#1232">#</a>
						
              <code id="1232"> #include <stdio.h></code><br />
						
            
            <a class="navhash" href="#1233">#</a>
						
              <code id="1233">                   ^</code><br />
						
            
            <a class="navhash" href="#1234">#</a>
						
              <code id="1234">getopt.c:26:21: error: 'NULL' undeclared here (not in a function)</code><br />
						
            
            <a class="navhash" href="#1235">#</a>
						
              <code id="1235"> static char *scan = NULL; /* Private scan pointer. */</code><br />
						
            
            <a class="navhash" href="#1236">#</a>
						
              <code id="1236">                     ^</code><br />
						
            
            <a class="navhash" href="#1237">#</a>
						
              <code id="1237">getopt.c: In function 'badopt':</code><br />
						
            
            <a class="navhash" href="#1238">#</a>
						
              <code id="1238">getopt.c:36:3: warning: implicit declaration of function 'fprintf' [-Wimplicit-function-declaration]</code><br />
						
            
            <a class="navhash" href="#1239">#</a>
						
              <code id="1239">   fprintf(stderr,"%s%s%c\n", prog, mess, ch);</code><br />
						
            
            <a class="navhash" href="#1240">#</a>
						
              <code id="1240">   ^</code><br />
						
            
            <a class="navhash" href="#1241">#</a>
						
              <code id="1241">getopt.c:36:3: warning: incompatible implicit declaration of built-in function 'fprintf' [enabled by default]</code><br />
						
            
            <a class="navhash" href="#1242">#</a>
						
              <code id="1242">getopt.c:36:11: error: 'stderr' undeclared (first use in this function)</code><br />
						
            
            <a class="navhash" href="#1243">#</a>
						
              <code id="1243">   fprintf(stderr,"%s%s%c\n", prog, mess, ch);</code><br />
						
            
            <a class="navhash" href="#1244">#</a>
						
              <code id="1244">           ^</code><br />
						
            
            <a class="navhash" href="#1245">#</a>
						
              <code id="1245">getopt.c:36:11: note: each undeclared identifier is reported only once for each function it appears in</code><br />
						
            
            <a class="navhash" href="#1246">#</a>
						
              <code id="1246">getopt.c:37:3: warning: implicit declaration of function 'fflush' [-Wimplicit-function-declaration]</code><br />
						
            
            <a class="navhash" href="#1247">#</a>
						
              <code id="1247">   fflush(stderr);</code><br />
						
            
            <a class="navhash" href="#1248">#</a>
						
              <code id="1248">   ^</code><br />
						
            
            <a class="navhash" href="#1249">#</a>
						
              <code id="1249">getopt.c: In function 'apg_getopt':</code><br />
						
            
            <a class="navhash" href="#1250">#</a>
						
              <code id="1250">getopt.c:60:12: error: 'EOF' undeclared (first use in this function)</code><br />
						
            
            <a class="navhash" href="#1251">#</a>
						
              <code id="1251">    return (EOF);</code><br />
						
            
            <a class="navhash" href="#1252">#</a>
						
              <code id="1252">            ^</code><br />
						
            
            <a class="navhash" href="#1253">#</a>
						
              <code id="1253">cc1: error: no include path in which to search for stdc-predef.h</code><br />
						
            
            <a class="navhash" href="#1254">#</a>
						
              <code id="1254">convert.c:30:20: error: no include path in which to search for stdlib.h</code><br />
						
            
            <a class="navhash" href="#1255">#</a>
						
              <code id="1255"> #include <stdlib.h></code><br />
						
            
            <a class="navhash" href="#1256">#</a>
						
              <code id="1256">                    ^</code><br />
						
            
            <a class="navhash" href="#1257">#</a>
						
              <code id="1257">convert.c:31:20: error: no include path in which to search for string.h</code><br />
						
            
            <a class="navhash" href="#1258">#</a>
						
              <code id="1258"> #include <string.h></code><br />
						
            
            <a class="navhash" href="#1259">#</a>
						
              <code id="1259">                    ^</code><br />
						
            
            <a class="navhash" href="#1260">#</a>
						
              <code id="1260">convert.c:33:21: error: no include path in which to search for strings.h</code><br />
						
            
            <a class="navhash" href="#1261">#</a>
						
              <code id="1261"> #include <strings.h></code><br />
						
            
            <a class="navhash" href="#1262">#</a>
						
              <code id="1262">                     ^</code><br />
						
            
            <a class="navhash" href="#1263">#</a>
						
              <code id="1263">In file included from convert.c:36:0:</code><br />
						
            
            <a class="navhash" href="#1264">#</a>
						
              <code id="1264">errs.h:33:19: error: no include path in which to search for errno.h</code><br />
						
            
            <a class="navhash" href="#1265">#</a>
						
              <code id="1265"> #include <errno.h></code><br />
						
            
            <a class="navhash" href="#1266">#</a>
						
              <code id="1266">                   ^</code><br />
						
            
            <a class="navhash" href="#1267">#</a>
						
              <code id="1267">convert.c: In function 'decapitalize':</code><br />
						
            
            <a class="navhash" href="#1268">#</a>
						
              <code id="1268">convert.c:80:2: warning: implicit declaration of function 'strlen' [-Wimplicit-function-declaration]</code><br />
						
            
            <a class="navhash" href="#1269">#</a>
						
              <code id="1269">  int str_len = strlen(word);</code><br />
						
            
            <a class="navhash" href="#1270">#</a>
						
              <code id="1270">  ^</code><br />
						
            
            <a class="navhash" href="#1271">#</a>
						
              <code id="1271">convert.c:80:16: warning: incompatible implicit declaration of built-in function 'strlen' [enabled by default]</code><br />
						
            
            <a class="navhash" href="#1272">#</a>
						
              <code id="1272">  int str_len = strlen(word);</code><br />
						
            
            <a class="navhash" href="#1273">#</a>
						
              <code id="1273">                ^</code><br />
						
            
            <a class="navhash" href="#1274">#</a>
						
              <code id="1274">convert.c: In function 'capitalize':</code><br />
						
            
            <a class="navhash" href="#1275">#</a>
						
              <code id="1275">convert.c:107:4: warning: implicit declaration of function 'memcpy' [-Wimplicit-function-declaration]</code><br />
						
            
            <a class="navhash" href="#1276">#</a>
						
              <code id="1276">    (void)memcpy((void *)&tmp, (void *)syllable, sizeof(tmp));</code><br />
						
            
            <a class="navhash" href="#1277">#</a>
						
              <code id="1277">    ^</code><br />
						
            
            <a class="navhash" href="#1278">#</a>
						
              <code id="1278">convert.c:107:10: warning: incompatible implicit declaration of built-in function 'memcpy' [enabled by default]</code><br />
						
            
            <a class="navhash" href="#1279">#</a>
						
              <code id="1279">    (void)memcpy((void *)&tmp, (void *)syllable, sizeof(tmp));</code><br />
						
            
            <a class="navhash" href="#1280">#</a>
						
              <code id="1280">          ^</code><br />
						
            
            <a class="navhash" href="#1281">#</a>
						
              <code id="1281">convert.c: In function 'numerize':</code><br />
						
            
            <a class="navhash" href="#1282">#</a>
						
              <code id="1282">convert.c:132:2: warning: implicit declaration of function 'calloc' [-Wimplicit-function-declaration]</code><br />
						
            
            <a class="navhash" href="#1283">#</a>
						
              <code id="1283">  if ( (tmp = (char *)calloc(1, 4)) == NULL)</code><br />
						
            
            <a class="navhash" href="#1284">#</a>
						
              <code id="1284">  ^</code><br />
						
            
            <a class="navhash" href="#1285">#</a>
						
              <code id="1285">convert.c:132:22: warning: incompatible implicit declaration of built-in function 'calloc' [enabled by default]</code><br />
						
            
            <a class="navhash" href="#1286">#</a>
						
              <code id="1286">  if ( (tmp = (char *)calloc(1, 4)) == NULL)</code><br />
						
            
            <a class="navhash" href="#1287">#</a>
						
              <code id="1287">                      ^</code><br />
						
            
            <a class="navhash" href="#1288">#</a>
						
              <code id="1288">convert.c:132:39: error: 'NULL' undeclared (first use in this function)</code><br />
						
            
            <a class="navhash" href="#1289">#</a>
						
              <code id="1289">  if ( (tmp = (char *)calloc(1, 4)) == NULL)</code><br />
						
            
            <a class="navhash" href="#1290">#</a>
						
              <code id="1290">                                       ^</code><br />
						
            
            <a class="navhash" href="#1291">#</a>
						
              <code id="1291">convert.c:132:39: note: each undeclared identifier is reported only once for each function it appears in</code><br />
						
            
            <a class="navhash" href="#1292">#</a>
						
              <code id="1292">convert.c:134:7: warning: incompatible implicit declaration of built-in function 'strlen' [enabled by default]</code><br />
						
            
            <a class="navhash" href="#1293">#</a>
						
              <code id="1293">  if ( strlen (syllable) == 1 )</code><br />
						
            
            <a class="navhash" href="#1294">#</a>
						
              <code id="1294">       ^</code><br />
						
            
            <a class="navhash" href="#1295">#</a>
						
              <code id="1295">convert.c:137:14: warning: incompatible implicit declaration of built-in function 'memcpy' [enabled by default]</code><br />
						
            
            <a class="navhash" href="#1296">#</a>
						
              <code id="1296">        (void)memcpy ((void *)syllable, (void *)tmp, 1);</code><br />
						
            
            <a class="navhash" href="#1297">#</a>
						
              <code id="1297">              ^</code><br />
						
            
            <a class="navhash" href="#1298">#</a>
						
              <code id="1298">convert.c:139:2: warning: implicit declaration of function 'free' [-Wimplicit-function-declaration]</code><br />
						
            
            <a class="navhash" href="#1299">#</a>
						
              <code id="1299">  free ((void *)tmp);</code><br />
						
            
            <a class="navhash" href="#1300">#</a>
						
              <code id="1300">  ^</code><br />
						
            
            <a class="navhash" href="#1301">#</a>
						
              <code id="1301">convert.c:139:2: warning: incompatible implicit declaration of built-in function 'free' [enabled by default]</code><br />
						
            
            <a class="navhash" href="#1302">#</a>
						
              <code id="1302">convert.c: In function 'specialize':</code><br />
						
            
            <a class="navhash" href="#1303">#</a>
						
              <code id="1303">convert.c:158:22: warning: incompatible implicit declaration of built-in function 'calloc' [enabled by default]</code><br />
						
            
            <a class="navhash" href="#1304">#</a>
						
              <code id="1304">  if ( (tmp = (char *)calloc(1, 4)) == NULL)</code><br />
						
            
            <a class="navhash" href="#1305">#</a>
						
              <code id="1305">                      ^</code><br />
						
            
            <a class="navhash" href="#1306">#</a>
						
              <code id="1306">convert.c:158:39: error: 'NULL' undeclared (first use in this function)</code><br />
						
            
            <a class="navhash" href="#1307">#</a>
						
              <code id="1307">  if ( (tmp = (char *)calloc(1, 4)) == NULL)</code><br />
						
            
            <a class="navhash" href="#1308">#</a>
						
              <code id="1308">                                       ^</code><br />
						
            
            <a class="navhash" href="#1309">#</a>
						
              <code id="1309">convert.c:160:7: warning: incompatible implicit declaration of built-in function 'strlen' [enabled by default]</code><br />
						
            
            <a class="navhash" href="#1310">#</a>
						
              <code id="1310">  if ( strlen (syllable) == 1 )</code><br />
						
            
            <a class="navhash" href="#1311">#</a>
						
              <code id="1311">       ^</code><br />
						
            
            <a class="navhash" href="#1312">#</a>
						
              <code id="1312">convert.c:163:14: warning: incompatible implicit declaration of built-in function 'memcpy' [enabled by default]</code><br />
						
            
            <a class="navhash" href="#1313">#</a>
						
              <code id="1313">        (void)memcpy ((void *)syllable, (void *)tmp, 1);</code><br />
						
            
            <a class="navhash" href="#1314">#</a>
						
              <code id="1314">              ^</code><br />
						
            
            <a class="navhash" href="#1315">#</a>
						
              <code id="1315">convert.c:165:2: warning: incompatible implicit declaration of built-in function 'free' [enabled by default]</code><br />
						
            
            <a class="navhash" href="#1316">#</a>
						
              <code id="1316">  free ((void *)tmp);</code><br />
						
            
            <a class="navhash" href="#1317">#</a>
						
              <code id="1317">  ^</code><br />
						
            
            <a class="navhash" href="#1318">#</a>
						
              <code id="1318">convert.c: In function 'symb2name':</code><br />
						
            
            <a class="navhash" href="#1319">#</a>
						
              <code id="1319">convert.c:233:6: warning: incompatible implicit declaration of built-in function 'strlen' [enabled by default]</code><br />
						
            
            <a class="navhash" href="#1320">#</a>
						
              <code id="1320">  if (strlen(syllable) == 1)</code><br />
						
            
            <a class="navhash" href="#1321">#</a>
						
              <code id="1321">      ^</code><br />
						
            
            <a class="navhash" href="#1322">#</a>
						
              <code id="1322">convert.c:239:16: warning: incompatible implicit declaration of built-in function 'memcpy' [enabled by default]</code><br />
						
            
            <a class="navhash" href="#1323">#</a>
						
              <code id="1323">          (void)memcpy((void*)h_syllable, (void*)ssn[i].name, strlen(ssn[i].name));</code><br />
						
            
            <a class="navhash" href="#1324">#</a>
						
              <code id="1324">                ^</code><br />
						
            
            <a class="navhash" href="#1325">#</a>
						
              <code id="1325">convert.c:244:14: warning: incompatible implicit declaration of built-in function 'memcpy' [enabled by default]</code><br />
						
            
            <a class="navhash" href="#1326">#</a>
						
              <code id="1326">        (void)memcpy((void*)h_syllable, (void*)syllable, strlen(syllable));</code><br />
						
            
            <a class="navhash" href="#1327">#</a>
						
              <code id="1327">              ^</code><br />
						
            
            <a class="navhash" href="#1328">#</a>
						
              <code id="1328">convert.c: In function 'spell_word':</code><br />
						
            
            <a class="navhash" href="#1329">#</a>
						
              <code id="1329">convert.c:367:18: warning: incompatible implicit declaration of built-in function 'strlen' [enabled by default]</code><br />
						
            
            <a class="navhash" href="#1330">#</a>
						
              <code id="1330">   int word_len = strlen(word);</code><br />
						
            
            <a class="navhash" href="#1331">#</a>
						
              <code id="1331">                  ^</code><br />
						
            
            <a class="navhash" href="#1332">#</a>
						
              <code id="1332">convert.c:382:32: warning: incompatible implicit declaration of built-in function 'calloc' [enabled by default]</code><br />
						
            
            <a class="navhash" href="#1333">#</a>
						
              <code id="1333">   if ( (spelled_word = (char *)calloc(1, (size_t)s_length)) == NULL)</code><br />
						
            
            <a class="navhash" href="#1334">#</a>
						
              <code id="1334">                                ^</code><br />
						
            
            <a class="navhash" href="#1335">#</a>
						
              <code id="1335">convert.c:382:43: error: 'size_t' undeclared (first use in this function)</code><br />
						
            
            <a class="navhash" href="#1336">#</a>
						
              <code id="1336">   if ( (spelled_word = (char *)calloc(1, (size_t)s_length)) == NULL)</code><br />
						
            
            <a class="navhash" href="#1337">#</a>
						
              <code id="1337">                                           ^</code><br />
						
            
            <a class="navhash" href="#1338">#</a>
						<span class="error">
              <code id="1338">convert.c:382:50: error: expected ')' before 's_length'</code><br />
						</span>
            
            <a class="navhash" href="#1339">#</a>
						
              <code id="1339">   if ( (spelled_word = (char *)calloc(1, (size_t)s_length)) == NULL)</code><br />
						
            
            <a class="navhash" href="#1340">#</a>
						
              <code id="1340">                                                  ^</code><br />
						
            
            <a class="navhash" href="#1341">#</a>
						
              <code id="1341">convert.c:382:64: error: 'NULL' undeclared (first use in this function)</code><br />
						
            
            <a class="navhash" href="#1342">#</a>
						
              <code id="1342">   if ( (spelled_word = (char *)calloc(1, (size_t)s_length)) == NULL)</code><br />
						
            
            <a class="navhash" href="#1343">#</a>
						
              <code id="1343">                                                                ^</code><br />
						
            
            <a class="navhash" href="#1344">#</a>
						
              <code id="1344">convert.c:392:14: warning: incompatible implicit declaration of built-in function 'memcpy' [enabled by default]</code><br />
						
            
            <a class="navhash" href="#1345">#</a>
						
              <code id="1345">       (void) memcpy((void *)tmp_ptr, (void *)cs[j].name, strlen(cs[j].name));</code><br />
						
            
            <a class="navhash" href="#1346">#</a>
						
              <code id="1346">              ^</code><br />
						
            
            <a class="navhash" href="#1347">#</a>
						
              <code id="1347">convert.c:402:10: warning: incompatible implicit declaration of built-in function 'memcpy' [enabled by default]</code><br />
						
            
            <a class="navhash" href="#1348">#</a>
						
              <code id="1348">   (void) memcpy((void *)(tmp_ptr), (void *)&zero, 1);</code><br />
						
            
            <a class="navhash" href="#1349">#</a>
						
              <code id="1349">          ^</code><br />
						
            
            <a class="navhash" href="#1350">#</a>
						
              <code id="1350">make: *** [Makefile:99: apg] Error 1</code><br />
						
            
            <a class="navhash" href="#1351">#</a>
						
              <code id="1351">==> ERROR: A failure occurred in build().</code><br />
						
            
            <a class="navhash" href="#1352">#</a>
						
              <code id="1352">    Aborting...</code><br />
						
            
          </div>
        
      </div>
      <br />
    
  </body>
</html>