<!DOCTYPE html>
<html>
<!-- Jinja template for reports of individual builds

  Copyright 2016 Kareem Khazem. All Rights Reserved.
  Licensed under the Apache License, Version 2.0 (the "License");
  you may not use this file except in compliance with the License.
  You may obtain a copy of the License at

 		 http://www.apache.org/licenses/LICENSE-2.0

  Unless required by applicable law or agreed to in writing, software
  distributed under the License is distributed on an "AS IS" BASIS,
  WITHOUT WARRANTIES OR CONDITIONS OF ANY KIND, either express or
  implied.
  See the License for the specific language governing permissions and
  limitations under the License.
-->
  <head>
    <meta charset="UTF-8">
    <title>android/buckygen</title>
    <link href='https://fonts.googleapis.com/css?family=Roboto:400,900'
          rel='stylesheet' type='text/css'>
    <link
    href='https://fonts.googleapis.com/css?family=Source+Code+Pro:400,700'
          rel='stylesheet' type='text/css'>
    <link href="../style.css" type="text/css" rel="stylesheet">
  </head>
  <body>
    <h1>Build of buckygen
        with <a href="../index.html">android</a>
        toolchain</h1>
    <p>The build took 00h 00m 59s and was
    NOT successful.</p>
    <p>
    The program in this build is written in the following languages,
    according to <a
    href="http://www.dwheeler.com/sloccount/">sloccount</a>:
    </p>
    <table>
      <tr><th>SLOC</th><th>Language</th></tr>
      
      <tr><td class="loc"><code>9,850</code></td>
          <td class="lang">ansic</td></tr>
      <tr><td class="loc"><code>14</code></td>
          <td class="lang">makefile</td></tr>
      <tr><td><code>9,864</code></td>
          <td><em>total</em></td></tr>
    </table>
    <p>
      The process tree of the build process is <a
      href="buckygen-tree.html">here</a>.
    </p>
    
    
      <p>
      Several sub-process invocations were improper; see the process tree
      for details. Summary:
      </p>
      <ul>
        <li>hardcoded invocation:<ul>
            <li>&times;2: gcc

/sysroot/bin/arm-linux-androideabi-gcc
</li>
        </ul></li>
      </ul>
    
    
    
    
    <h2>List of Errors</h2>
    <ul>
      
      <li>unknown_type
        <ul>
          
          <li><a href="#80">buckygen.c:278:1: error: unknown type name 'FILE'</a></li>
          
          <li><a href="#83">buckygen.c:279:1: error: unknown type name 'FILE'</a></li>
          
          <li><a href="#92">buckygen.c:799:28: error: unknown type name 'FILE'</a></li>
          
          <li><a href="#95">buckygen.c:800:33: error: unknown type name 'FILE'</a></li>
          
          <li><a href="#132">buckygen.c:952:12: error: unknown type name 'FILE'</a></li>
          
          <li><a href="#357">buckygen.c:8184:28: error: unknown type name 'FILE'</a></li>
          
          <li><a href="#360">buckygen.c:8218:19: error: unknown type name 'FILE'</a></li>
          
          <li><a href="#363">buckygen.c:8248:24: error: unknown type name 'FILE'</a></li>
          
          <li><a href="#366">buckygen.c:8278:14: error: unknown type name 'FILE'</a></li>
          
          <li><a href="#369">buckygen.c:8344:13: error: unknown type name 'FILE'</a></li>
          
          <li><a href="#372">buckygen.c:8402:18: error: unknown type name 'FILE'</a></li>
          
          <li><a href="#375">buckygen.c:8460:23: error: unknown type name 'FILE'</a></li>
          
          <li><a href="#378">buckygen.c:8575:15: error: unknown type name 'FILE'</a></li>
          
          <li><a href="#381">buckygen.c:8588:20: error: unknown type name 'FILE'</a></li>
          
          <li><a href="#384">buckygen.c:8602:22: error: unknown type name 'FILE'</a></li>
          
          <li><a href="#387">buckygen.c:8663:14: error: unknown type name 'FILE'</a></li>
          
          <li><a href="#390">buckygen.c:8676:19: error: unknown type name 'FILE'</a></li>
          
          <li><a href="#440">buckygen.c:8827:14: error: unknown type name 'FILE'</a></li>
          
          <li><a href="#444">buckygen.c:8895:17: error: unknown type name 'FILE'</a></li>
          
          <li><a href="#474">buckygen.c:8935:17: error: unknown type name 'FILE'</a></li>
          
        </ul>
      </li>
      
    </ul>
    
    
    <h2>Log</h2>
    <p>
    To avoid scrolling, you may jump to the <a
    href="#833">last line</a> of the
    invocation of <code>makepkg</code> that was used to build this
    package.
    </p>
    
    
      <div class="block">
        <div class="info">
          <code>Removed vanilla repositories from pacman.conf and added:</code>
        </div>
        
          <div class="output">
            
            <a class="navhash" href="#1">#</a>
						
              <code id="1">[tuscan]</code><br />
						
            
            <a class="navhash" href="#2">#</a>
						
              <code id="2">Server = file:///var/cache/pacman/pkg/</code><br />
						
            
          </div>
        
      </div>
      <br />
    
      <div class="block">
        <div class="command">
          <code><span class="prompt">CMD: </span>pacman -Syy --noconfirm</code>
        </div>
        
          <div class="output">
            
            <a class="navhash" href="#3">#</a>
						
              <code id="3">:: Synchronizing package databases...</code><br />
						
            
            <a class="navhash" href="#4">#</a>
						
              <code id="4">downloading tuscan.db...</code><br />
						
            
          </div>
        
      </div>
      <br />
    
      <div class="block">
        <div class="info">
          <code>Copied permanent toolchain into container-local sysroot</code>
        </div>
        
          <div class="output">
            
            <a class="navhash" href="#5">#</a>
						
              <code id="5">/toolchain_root/arm-linux-androideabi  -->  /sysroot/arm-linux-androideabi</code><br />
						
            
            <a class="navhash" href="#6">#</a>
						
              <code id="6">/toolchain_root/COPYING3.LIB  -->  /sysroot/COPYING3.LIB</code><br />
						
            
            <a class="navhash" href="#7">#</a>
						
              <code id="7">/toolchain_root/sysroot  -->  /sysroot/sysroot</code><br />
						
            
            <a class="navhash" href="#8">#</a>
						
              <code id="8">/toolchain_root/COPYING.RUNTIME  -->  /sysroot/COPYING.RUNTIME</code><br />
						
            
            <a class="navhash" href="#9">#</a>
						
              <code id="9">/toolchain_root/lib  -->  /sysroot/lib</code><br />
						
            
            <a class="navhash" href="#10">#</a>
						
              <code id="10">/toolchain_root/SOURCES  -->  /sysroot/SOURCES</code><br />
						
            
            <a class="navhash" href="#11">#</a>
						
              <code id="11">/toolchain_root/lib64  -->  /sysroot/lib64</code><br />
						
            
            <a class="navhash" href="#12">#</a>
						
              <code id="12">/toolchain_root/share  -->  /sysroot/share</code><br />
						
            
            <a class="navhash" href="#13">#</a>
						
              <code id="13">/toolchain_root/bin  -->  /sysroot/bin</code><br />
						
            
            <a class="navhash" href="#14">#</a>
						
              <code id="14">/toolchain_root/COPYING  -->  /sysroot/COPYING</code><br />
						
            
            <a class="navhash" href="#15">#</a>
						
              <code id="15">/toolchain_root/COPYING3  -->  /sysroot/COPYING3</code><br />
						
            
            <a class="navhash" href="#16">#</a>
						
              <code id="16">/toolchain_root/COPYING.LIB  -->  /sysroot/COPYING.LIB</code><br />
						
            
            <a class="navhash" href="#17">#</a>
						
              <code id="17">/toolchain_root/include  -->  /sysroot/include</code><br />
						
            
            <a class="navhash" href="#18">#</a>
						
              <code id="18">/toolchain_root/libexec  -->  /sysroot/libexec</code><br />
						
            
          </div>
        
      </div>
      <br />
    
      <div class="block">
        <div class="command">
          <code><span class="prompt">CMD: </span>sudo -u tuscan PATH=/sysroot/bin:/sysroot/libexec/gcc/arm-linux-androideabi/4.8:/usr/local/sbin:/usr/local/bin:/usr/sbin:/usr/bin:/sbin:/bin CC=arm-linux-androideabi-gcc CXX=arm-linux-androideabi-g++ red makepkg --noextract --syncdeps --skipinteg --skippgpcheck --skipchecksums --noconfirm --nocolor --log --noprogressbar --nocheck</code>
        </div>
        
          <div class="output">
            
            <a class="navhash" href="#19">#</a>
						
              <code id="19">==> Making package: buckygen 1.0-1 (Tue Apr  4 19:30:25 UTC 2017)</code><br />
						
            
            <a class="navhash" href="#20">#</a>
						
              <code id="20">==> Checking runtime dependencies...</code><br />
						
            
            <a class="navhash" href="#21">#</a>
						
              <code id="21">==> Checking buildtime dependencies...</code><br />
						
            
            <a class="navhash" href="#22">#</a>
						
              <code id="22">==> WARNING: Using existing $srcdir/ tree</code><br />
						
            
            <a class="navhash" href="#23">#</a>
						
              <code id="23">==> Starting build()...</code><br />
						
            
            <a class="navhash" href="#24">#</a>
						
              <code id="24">rm -f buckygen</code><br />
						
            
            <a class="navhash" href="#25">#</a>
						
              <code id="25">gcc -O4 buckygen.c -o buckygen</code><br />
						
            
            <a class="navhash" href="#26">#</a>
						
              <code id="26">cc1: error: no include path in which to search for stdc-predef.h</code><br />
						
            
            <a class="navhash" href="#27">#</a>
						
              <code id="27">buckygen.c:109:19: error: no include path in which to search for stdio.h</code><br />
						
            
            <a class="navhash" href="#28">#</a>
						
              <code id="28"> #include <stdio.h></code><br />
						
            
            <a class="navhash" href="#29">#</a>
						
              <code id="29">                   ^</code><br />
						
            
            <a class="navhash" href="#30">#</a>
						
              <code id="30">buckygen.c:112:20: error: no include path in which to search for stdlib.h</code><br />
						
            
            <a class="navhash" href="#31">#</a>
						
              <code id="31"> #include <stdlib.h></code><br />
						
            
            <a class="navhash" href="#32">#</a>
						
              <code id="32">                    ^</code><br />
						
            
            <a class="navhash" href="#33">#</a>
						
              <code id="33">buckygen.c:113:19: error: no include path in which to search for errno.h</code><br />
						
            
            <a class="navhash" href="#34">#</a>
						
              <code id="34"> #include <errno.h></code><br />
						
            
            <a class="navhash" href="#35">#</a>
						
              <code id="35">                   ^</code><br />
						
            
            <a class="navhash" href="#36">#</a>
						
              <code id="36">buckygen.c:114:20: error: no include path in which to search for string.h</code><br />
						
            
            <a class="navhash" href="#37">#</a>
						
              <code id="37"> #include <string.h></code><br />
						
            
            <a class="navhash" href="#38">#</a>
						
              <code id="38">                    ^</code><br />
						
            
            <a class="navhash" href="#39">#</a>
						
              <code id="39">buckygen.c:115:20: error: no include path in which to search for limits.h</code><br />
						
            
            <a class="navhash" href="#40">#</a>
						
              <code id="40"> #include <limits.h></code><br />
						
            
            <a class="navhash" href="#41">#</a>
						
              <code id="41">                    ^</code><br />
						
            
            <a class="navhash" href="#42">#</a>
						
              <code id="42">buckygen.c:125:23: error: no include path in which to search for sys/times.h</code><br />
						
            
            <a class="navhash" href="#43">#</a>
						
              <code id="43"> #include <sys/times.h></code><br />
						
            
            <a class="navhash" href="#44">#</a>
						
              <code id="44">                       ^</code><br />
						
            
            <a class="navhash" href="#45">#</a>
						
              <code id="45">buckygen.c:126:18: error: no include path in which to search for time.h</code><br />
						
            
            <a class="navhash" href="#46">#</a>
						
              <code id="46"> #include <time.h></code><br />
						
            
            <a class="navhash" href="#47">#</a>
						
              <code id="47">                  ^</code><br />
						
            
            <a class="navhash" href="#48">#</a>
						
              <code id="48">buckygen.c:128:20: error: no include path in which to search for unistd.h</code><br />
						
            
            <a class="navhash" href="#49">#</a>
						
              <code id="49"> #include <unistd.h></code><br />
						
            
            <a class="navhash" href="#50">#</a>
						
              <code id="50">                    ^</code><br />
						
            
            <a class="navhash" href="#51">#</a>
						
              <code id="51">buckygen.c:248:23: error: 'NULL' undeclared here (not in a function)</code><br />
						
            
            <a class="navhash" href="#52">#</a>
						
              <code id="52"> SPLAYNODE *worklist = NULL;</code><br />
						
            
            <a class="navhash" href="#53">#</a>
						
              <code id="53">                       ^</code><br />
						
            
            <a class="navhash" href="#54">#</a>
						
              <code id="54">In file included from buckygen.c:272:0:</code><br />
						
            
            <a class="navhash" href="#55">#</a>
						
              <code id="55">splay.c: In function 'splay_insert':</code><br />
						
            
            <a class="navhash" href="#56">#</a>
						
              <code id="56">splay.c:283:33: warning: incompatible implicit declaration of built-in function 'malloc' [enabled by default]</code><br />
						
            
            <a class="navhash" href="#57">#</a>
						
              <code id="57">     if ((new_node = (SPLAYNODE*)malloc(SPLAYNODESIZE)) == NULL)</code><br />
						
            
            <a class="navhash" href="#58">#</a>
						
              <code id="58">                                 ^</code><br />
						
            
            <a class="navhash" href="#59">#</a>
						
              <code id="59">splay.c:285:9: warning: incompatible implicit declaration of built-in function 'fprintf' [enabled by default]</code><br />
						
            
            <a class="navhash" href="#60">#</a>
						
              <code id="60">         fprintf(stderr,">E malloc failed in splay_insert()\n");</code><br />
						
            
            <a class="navhash" href="#61">#</a>
						
              <code id="61">         ^</code><br />
						
            
            <a class="navhash" href="#62">#</a>
						
              <code id="62">splay.c:285:17: error: 'stderr' undeclared (first use in this function)</code><br />
						
            
            <a class="navhash" href="#63">#</a>
						
              <code id="63">         fprintf(stderr,">E malloc failed in splay_insert()\n");</code><br />
						
            
            <a class="navhash" href="#64">#</a>
						
              <code id="64">                 ^</code><br />
						
            
            <a class="navhash" href="#65">#</a>
						
              <code id="65">splay.c:285:17: note: each undeclared identifier is reported only once for each function it appears in</code><br />
						
            
            <a class="navhash" href="#66">#</a>
						
              <code id="66">splay.c:286:9: warning: incompatible implicit declaration of built-in function 'exit' [enabled by default]</code><br />
						
            
            <a class="navhash" href="#67">#</a>
						
              <code id="67">         exit(1);</code><br />
						
            
            <a class="navhash" href="#68">#</a>
						
              <code id="68">         ^</code><br />
						
            
            <a class="navhash" href="#69">#</a>
						
              <code id="69">splay.c: In function 'splay_delete':</code><br />
						
            
            <a class="navhash" href="#70">#</a>
						
              <code id="70">splay.c:365:2: warning: incompatible implicit declaration of built-in function 'free' [enabled by default]</code><br />
						
            
            <a class="navhash" href="#71">#</a>
						
              <code id="71">  free(p);</code><br />
						
            
            <a class="navhash" href="#72">#</a>
						
              <code id="72">  ^</code><br />
						
            
            <a class="navhash" href="#73">#</a>
						
              <code id="73">splay.c:375:9: warning: incompatible implicit declaration of built-in function 'free' [enabled by default]</code><br />
						
            
            <a class="navhash" href="#74">#</a>
						
              <code id="74">         free(p);</code><br />
						
            
            <a class="navhash" href="#75">#</a>
						
              <code id="75">         ^</code><br />
						
            
            <a class="navhash" href="#76">#</a>
						
              <code id="76">splay.c:393:6: warning: incompatible implicit declaration of built-in function 'free' [enabled by default]</code><br />
						
            
            <a class="navhash" href="#77">#</a>
						
              <code id="77">      free(p);</code><br />
						
            
            <a class="navhash" href="#78">#</a>
						
              <code id="78">      ^</code><br />
						
            
            <a class="navhash" href="#79">#</a>
						
              <code id="79">buckygen.c: At top level:</code><br />
						
            
            <a class="navhash" href="#80">#</a>
						<span class="error">
              <code id="80">buckygen.c:278:1: error: unknown type name 'FILE'</code><br />
						</span>
            
            <a class="navhash" href="#81">#</a>
						
              <code id="81"> static FILE *outfile;      /* output file for graphs */</code><br />
						
            
            <a class="navhash" href="#82">#</a>
						
              <code id="82"> ^</code><br />
						
            
            <a class="navhash" href="#83">#</a>
						<span class="error">
              <code id="83">buckygen.c:279:1: error: unknown type name 'FILE'</code><br />
						</span>
            
            <a class="navhash" href="#84">#</a>
						
              <code id="84"> static FILE *msgfile;      /* file for informational messages */</code><br />
						
            
            <a class="navhash" href="#85">#</a>
						
              <code id="85"> ^</code><br />
						
            
            <a class="navhash" href="#86">#</a>
						
              <code id="86">buckygen.c:449:16: error: 'INT_MAX' undeclared here (not in a function)</code><br />
						
            
            <a class="navhash" href="#87">#</a>
						
              <code id="87"> #define MAXVAL INT_MAX - 2</code><br />
						
            
            <a class="navhash" href="#88">#</a>
						
              <code id="88">                ^</code><br />
						
            
            <a class="navhash" href="#89">#</a>
						
              <code id="89">buckygen.c:450:24: note: in expansion of macro 'MAXVAL'</code><br />
						
            
            <a class="navhash" href="#90">#</a>
						
              <code id="90"> static int markvalue = MAXVAL;</code><br />
						
            
            <a class="navhash" href="#91">#</a>
						
              <code id="91">                        ^</code><br />
						
            
            <a class="navhash" href="#92">#</a>
						<span class="error">
              <code id="92">buckygen.c:799:28: error: unknown type name 'FILE'</code><br />
						</span>
            
            <a class="navhash" href="#93">#</a>
						
              <code id="93"> static void (*write_graph)(FILE*,int);</code><br />
						
            
            <a class="navhash" href="#94">#</a>
						
              <code id="94">                            ^</code><br />
						
            
            <a class="navhash" href="#95">#</a>
						<span class="error">
              <code id="95">buckygen.c:800:33: error: unknown type name 'FILE'</code><br />
						</span>
            
            <a class="navhash" href="#96">#</a>
						
              <code id="96"> static void (*write_dual_graph)(FILE*,int);</code><br />
						
            
            <a class="navhash" href="#97">#</a>
						
              <code id="97">                                 ^</code><br />
						
            
            <a class="navhash" href="#98">#</a>
						
              <code id="98">buckygen.c: In function 'print_embedded_graph':</code><br />
						
            
            <a class="navhash" href="#99">#</a>
						
              <code id="99">buckygen.c:841:5: warning: incompatible implicit declaration of built-in function 'fprintf' [enabled by default]</code><br />
						
            
            <a class="navhash" href="#100">#</a>
						
              <code id="100">     fprintf(stderr, "nv: %d, ne: %d\n", nv, ne);</code><br />
						
            
            <a class="navhash" href="#101">#</a>
						
              <code id="101">     ^</code><br />
						
            
            <a class="navhash" href="#102">#</a>
						
              <code id="102">buckygen.c:841:13: error: 'stderr' undeclared (first use in this function)</code><br />
						
            
            <a class="navhash" href="#103">#</a>
						
              <code id="103">     fprintf(stderr, "nv: %d, ne: %d\n", nv, ne);</code><br />
						
            
            <a class="navhash" href="#104">#</a>
						
              <code id="104">             ^</code><br />
						
            
            <a class="navhash" href="#105">#</a>
						
              <code id="105">buckygen.c:861:13: warning: incompatible implicit declaration of built-in function 'exit' [enabled by default]</code><br />
						
            
            <a class="navhash" href="#106">#</a>
						
              <code id="106">             exit(1);</code><br />
						
            
            <a class="navhash" href="#107">#</a>
						
              <code id="107">             ^</code><br />
						
            
            <a class="navhash" href="#108">#</a>
						
              <code id="108">buckygen.c:867:17: warning: incompatible implicit declaration of built-in function 'exit' [enabled by default]</code><br />
						
            
            <a class="navhash" href="#109">#</a>
						
              <code id="109">                 exit(1);</code><br />
						
            
            <a class="navhash" href="#110">#</a>
						
              <code id="110">                 ^</code><br />
						
            
            <a class="navhash" href="#111">#</a>
						
              <code id="111">buckygen.c:873:9: warning: incompatible implicit declaration of built-in function 'exit' [enabled by default]</code><br />
						
            
            <a class="navhash" href="#112">#</a>
						
              <code id="112">         exit(1);</code><br />
						
            
            <a class="navhash" href="#113">#</a>
						
              <code id="113">         ^</code><br />
						
            
            <a class="navhash" href="#114">#</a>
						
              <code id="114">buckygen.c: In function 'print_code':</code><br />
						
            
            <a class="navhash" href="#115">#</a>
						
              <code id="115">buckygen.c:886:9: warning: incompatible implicit declaration of built-in function 'fprintf' [enabled by default]</code><br />
						
            
            <a class="navhash" href="#116">#</a>
						
              <code id="116">         fprintf(stderr, "%d ", canon_form[i]);</code><br />
						
            
            <a class="navhash" href="#117">#</a>
						
              <code id="117">         ^</code><br />
						
            
            <a class="navhash" href="#118">#</a>
						
              <code id="118">buckygen.c:886:17: error: 'stderr' undeclared (first use in this function)</code><br />
						
            
            <a class="navhash" href="#119">#</a>
						
              <code id="119">         fprintf(stderr, "%d ", canon_form[i]);</code><br />
						
            
            <a class="navhash" href="#120">#</a>
						
              <code id="120">                 ^</code><br />
						
            
            <a class="navhash" href="#121">#</a>
						
              <code id="121">buckygen.c: In function 'outputnode':</code><br />
						
            
            <a class="navhash" href="#122">#</a>
						
              <code id="122">buckygen.c:945:5: warning: incompatible implicit declaration of built-in function 'fprintf' [enabled by default]</code><br />
						
            
            <a class="navhash" href="#123">#</a>
						
              <code id="123">     fprintf(stderr, "Error: outputting of nodes not allowed\n");</code><br />
						
            
            <a class="navhash" href="#124">#</a>
						
              <code id="124">     ^</code><br />
						
            
            <a class="navhash" href="#125">#</a>
						
              <code id="125">buckygen.c:945:13: error: 'stderr' undeclared (first use in this function)</code><br />
						
            
            <a class="navhash" href="#126">#</a>
						
              <code id="126">     fprintf(stderr, "Error: outputting of nodes not allowed\n");</code><br />
						
            
            <a class="navhash" href="#127">#</a>
						
              <code id="127">             ^</code><br />
						
            
            <a class="navhash" href="#128">#</a>
						
              <code id="128">buckygen.c:946:5: warning: incompatible implicit declaration of built-in function 'exit' [enabled by default]</code><br />
						
            
            <a class="navhash" href="#129">#</a>
						
              <code id="129">     exit(1);</code><br />
						
            
            <a class="navhash" href="#130">#</a>
						
              <code id="130">     ^</code><br />
						
            
            <a class="navhash" href="#131">#</a>
						
              <code id="131">buckygen.c: At top level:</code><br />
						
            
            <a class="navhash" href="#132">#</a>
						<span class="error">
              <code id="132">buckygen.c:952:12: error: unknown type name 'FILE'</code><br />
						</span>
            
            <a class="navhash" href="#133">#</a>
						
              <code id="133"> show_group(FILE *f, int nbtot, int nbop)</code><br />
						
            
            <a class="navhash" href="#134">#</a>
						
              <code id="134">            ^</code><br />
						
            
            <a class="navhash" href="#135">#</a>
						
              <code id="135">buckygen.c: In function 'insert_edge_fuller':</code><br />
						
            
            <a class="navhash" href="#136">#</a>
						
              <code id="136">buckygen.c:336:5: warning: incompatible implicit declaration of built-in function 'fprintf' [enabled by default]</code><br />
						
            
            <a class="navhash" href="#137">#</a>
						
              <code id="137">    {fprintf(stderr,">E Ran out of edges\n"); exit(1);}</code><br />
						
            
            <a class="navhash" href="#138">#</a>
						
              <code id="138">     ^</code><br />
						
            
            <a class="navhash" href="#139">#</a>
						
              <code id="139">buckygen.c:1073:5: note: in expansion of macro 'NEWEDGE'</code><br />
						
            
            <a class="navhash" href="#140">#</a>
						
              <code id="140">     NEWEDGE(e);</code><br />
						
            
            <a class="navhash" href="#141">#</a>
						
              <code id="141">     ^</code><br />
						
            
            <a class="navhash" href="#142">#</a>
						
              <code id="142">buckygen.c:336:13: error: 'stderr' undeclared (first use in this function)</code><br />
						
            
            <a class="navhash" href="#143">#</a>
						
              <code id="143">    {fprintf(stderr,">E Ran out of edges\n"); exit(1);}</code><br />
						
            
            <a class="navhash" href="#144">#</a>
						
              <code id="144">             ^</code><br />
						
            
            <a class="navhash" href="#145">#</a>
						
              <code id="145">buckygen.c:1073:5: note: in expansion of macro 'NEWEDGE'</code><br />
						
            
            <a class="navhash" href="#146">#</a>
						
              <code id="146">     NEWEDGE(e);</code><br />
						
            
            <a class="navhash" href="#147">#</a>
						
              <code id="147">     ^</code><br />
						
            
            <a class="navhash" href="#148">#</a>
						
              <code id="148">buckygen.c:336:46: warning: incompatible implicit declaration of built-in function 'exit' [enabled by default]</code><br />
						
            
            <a class="navhash" href="#149">#</a>
						
              <code id="149">    {fprintf(stderr,">E Ran out of edges\n"); exit(1);}</code><br />
						
            
            <a class="navhash" href="#150">#</a>
						
              <code id="150">                                              ^</code><br />
						
            
            <a class="navhash" href="#151">#</a>
						
              <code id="151">buckygen.c:1073:5: note: in expansion of macro 'NEWEDGE'</code><br />
						
            
            <a class="navhash" href="#152">#</a>
						
              <code id="152">     NEWEDGE(e);</code><br />
						
            
            <a class="navhash" href="#153">#</a>
						
              <code id="153">     ^</code><br />
						
            
            <a class="navhash" href="#154">#</a>
						
              <code id="154">buckygen.c: In function 'insert_edge_fuller_invers':</code><br />
						
            
            <a class="navhash" href="#155">#</a>
						
              <code id="155">buckygen.c:336:5: warning: incompatible implicit declaration of built-in function 'fprintf' [enabled by default]</code><br />
						
            
            <a class="navhash" href="#156">#</a>
						
              <code id="156">    {fprintf(stderr,">E Ran out of edges\n"); exit(1);}</code><br />
						
            
            <a class="navhash" href="#157">#</a>
						
              <code id="157">     ^</code><br />
						
            
            <a class="navhash" href="#158">#</a>
						
              <code id="158">buckygen.c:1101:5: note: in expansion of macro 'NEWEDGE'</code><br />
						
            
            <a class="navhash" href="#159">#</a>
						
              <code id="159">     NEWEDGE(e);</code><br />
						
            
            <a class="navhash" href="#160">#</a>
						
              <code id="160">     ^</code><br />
						
            
            <a class="navhash" href="#161">#</a>
						
              <code id="161">buckygen.c:336:13: error: 'stderr' undeclared (first use in this function)</code><br />
						
            
            <a class="navhash" href="#162">#</a>
						
              <code id="162">    {fprintf(stderr,">E Ran out of edges\n"); exit(1);}</code><br />
						
            
            <a class="navhash" href="#163">#</a>
						
              <code id="163">             ^</code><br />
						
            
            <a class="navhash" href="#164">#</a>
						
              <code id="164">buckygen.c:1101:5: note: in expansion of macro 'NEWEDGE'</code><br />
						
            
            <a class="navhash" href="#165">#</a>
						
              <code id="165">     NEWEDGE(e);</code><br />
						
            
            <a class="navhash" href="#166">#</a>
						
              <code id="166">     ^</code><br />
						
            
            <a class="navhash" href="#167">#</a>
						
              <code id="167">buckygen.c:336:46: warning: incompatible implicit declaration of built-in function 'exit' [enabled by default]</code><br />
						
            
            <a class="navhash" href="#168">#</a>
						
              <code id="168">    {fprintf(stderr,">E Ran out of edges\n"); exit(1);}</code><br />
						
            
            <a class="navhash" href="#169">#</a>
						
              <code id="169">                                              ^</code><br />
						
            
            <a class="navhash" href="#170">#</a>
						
              <code id="170">buckygen.c:1101:5: note: in expansion of macro 'NEWEDGE'</code><br />
						
            
            <a class="navhash" href="#171">#</a>
						
              <code id="171">     NEWEDGE(e);</code><br />
						
            
            <a class="navhash" href="#172">#</a>
						
              <code id="172">     ^</code><br />
						
            
            <a class="navhash" href="#173">#</a>
						
              <code id="173">buckygen.c: In function 'extend_L0':</code><br />
						
            
            <a class="navhash" href="#174">#</a>
						
              <code id="174">buckygen.c:336:5: warning: incompatible implicit declaration of built-in function 'fprintf' [enabled by default]</code><br />
						
            
            <a class="navhash" href="#175">#</a>
						
              <code id="175">    {fprintf(stderr,">E Ran out of edges\n"); exit(1);}</code><br />
						
            
            <a class="navhash" href="#176">#</a>
						
              <code id="176">     ^</code><br />
						
            
            <a class="navhash" href="#177">#</a>
						
              <code id="177">buckygen.c:1195:13: note: in expansion of macro 'NEWEDGE'</code><br />
						
            
            <a class="navhash" href="#178">#</a>
						
              <code id="178">             NEWEDGE(e);</code><br />
						
            
            <a class="navhash" href="#179">#</a>
						
              <code id="179">             ^</code><br />
						
            
            <a class="navhash" href="#180">#</a>
						
              <code id="180">buckygen.c:336:13: error: 'stderr' undeclared (first use in this function)</code><br />
						
            
            <a class="navhash" href="#181">#</a>
						
              <code id="181">    {fprintf(stderr,">E Ran out of edges\n"); exit(1);}</code><br />
						
            
            <a class="navhash" href="#182">#</a>
						
              <code id="182">             ^</code><br />
						
            
            <a class="navhash" href="#183">#</a>
						
              <code id="183">buckygen.c:1195:13: note: in expansion of macro 'NEWEDGE'</code><br />
						
            
            <a class="navhash" href="#184">#</a>
						
              <code id="184">             NEWEDGE(e);</code><br />
						
            
            <a class="navhash" href="#185">#</a>
						
              <code id="185">             ^</code><br />
						
            
            <a class="navhash" href="#186">#</a>
						
              <code id="186">buckygen.c:336:46: warning: incompatible implicit declaration of built-in function 'exit' [enabled by default]</code><br />
						
            
            <a class="navhash" href="#187">#</a>
						
              <code id="187">    {fprintf(stderr,">E Ran out of edges\n"); exit(1);}</code><br />
						
            
            <a class="navhash" href="#188">#</a>
						
              <code id="188">                                              ^</code><br />
						
            
            <a class="navhash" href="#189">#</a>
						
              <code id="189">buckygen.c:1195:13: note: in expansion of macro 'NEWEDGE'</code><br />
						
            
            <a class="navhash" href="#190">#</a>
						
              <code id="190">             NEWEDGE(e);</code><br />
						
            
            <a class="navhash" href="#191">#</a>
						
              <code id="191">             ^</code><br />
						
            
            <a class="navhash" href="#192">#</a>
						
              <code id="192">buckygen.c: In function 'extend_straight':</code><br />
						
            
            <a class="navhash" href="#193">#</a>
						
              <code id="193">buckygen.c:336:5: warning: incompatible implicit declaration of built-in function 'fprintf' [enabled by default]</code><br />
						
            
            <a class="navhash" href="#194">#</a>
						
              <code id="194">    {fprintf(stderr,">E Ran out of edges\n"); exit(1);}</code><br />
						
            
            <a class="navhash" href="#195">#</a>
						
              <code id="195">     ^</code><br />
						
            
            <a class="navhash" href="#196">#</a>
						
              <code id="196">buckygen.c:1412:13: note: in expansion of macro 'NEWEDGE'</code><br />
						
            
            <a class="navhash" href="#197">#</a>
						
              <code id="197">             NEWEDGE(e);</code><br />
						
            
            <a class="navhash" href="#198">#</a>
						
              <code id="198">             ^</code><br />
						
            
            <a class="navhash" href="#199">#</a>
						
              <code id="199">buckygen.c:336:13: error: 'stderr' undeclared (first use in this function)</code><br />
						
            
            <a class="navhash" href="#200">#</a>
						
              <code id="200">    {fprintf(stderr,">E Ran out of edges\n"); exit(1);}</code><br />
						
            
            <a class="navhash" href="#201">#</a>
						
              <code id="201">             ^</code><br />
						
            
            <a class="navhash" href="#202">#</a>
						
              <code id="202">buckygen.c:1412:13: note: in expansion of macro 'NEWEDGE'</code><br />
						
            
            <a class="navhash" href="#203">#</a>
						
              <code id="203">             NEWEDGE(e);</code><br />
						
            
            <a class="navhash" href="#204">#</a>
						
              <code id="204">             ^</code><br />
						
            
            <a class="navhash" href="#205">#</a>
						
              <code id="205">buckygen.c:336:46: warning: incompatible implicit declaration of built-in function 'exit' [enabled by default]</code><br />
						
            
            <a class="navhash" href="#206">#</a>
						
              <code id="206">    {fprintf(stderr,">E Ran out of edges\n"); exit(1);}</code><br />
						
            
            <a class="navhash" href="#207">#</a>
						
              <code id="207">                                              ^</code><br />
						
            
            <a class="navhash" href="#208">#</a>
						
              <code id="208">buckygen.c:1412:13: note: in expansion of macro 'NEWEDGE'</code><br />
						
            
            <a class="navhash" href="#209">#</a>
						
              <code id="209">             NEWEDGE(e);</code><br />
						
            
            <a class="navhash" href="#210">#</a>
						
              <code id="210">             ^</code><br />
						
            
            <a class="navhash" href="#211">#</a>
						
              <code id="211">buckygen.c: In function 'extend_bent_zero':</code><br />
						
            
            <a class="navhash" href="#212">#</a>
						
              <code id="212">buckygen.c:336:5: warning: incompatible implicit declaration of built-in function 'fprintf' [enabled by default]</code><br />
						
            
            <a class="navhash" href="#213">#</a>
						
              <code id="213">    {fprintf(stderr,">E Ran out of edges\n"); exit(1);}</code><br />
						
            
            <a class="navhash" href="#214">#</a>
						
              <code id="214">     ^</code><br />
						
            
            <a class="navhash" href="#215">#</a>
						
              <code id="215">buckygen.c:1618:13: note: in expansion of macro 'NEWEDGE'</code><br />
						
            
            <a class="navhash" href="#216">#</a>
						
              <code id="216">             NEWEDGE(e);</code><br />
						
            
            <a class="navhash" href="#217">#</a>
						
              <code id="217">             ^</code><br />
						
            
            <a class="navhash" href="#218">#</a>
						
              <code id="218">buckygen.c:336:13: error: 'stderr' undeclared (first use in this function)</code><br />
						
            
            <a class="navhash" href="#219">#</a>
						
              <code id="219">    {fprintf(stderr,">E Ran out of edges\n"); exit(1);}</code><br />
						
            
            <a class="navhash" href="#220">#</a>
						
              <code id="220">             ^</code><br />
						
            
            <a class="navhash" href="#221">#</a>
						
              <code id="221">buckygen.c:1618:13: note: in expansion of macro 'NEWEDGE'</code><br />
						
            
            <a class="navhash" href="#222">#</a>
						
              <code id="222">             NEWEDGE(e);</code><br />
						
            
            <a class="navhash" href="#223">#</a>
						
              <code id="223">             ^</code><br />
						
            
            <a class="navhash" href="#224">#</a>
						
              <code id="224">buckygen.c:336:46: warning: incompatible implicit declaration of built-in function 'exit' [enabled by default]</code><br />
						
            
            <a class="navhash" href="#225">#</a>
						
              <code id="225">    {fprintf(stderr,">E Ran out of edges\n"); exit(1);}</code><br />
						
            
            <a class="navhash" href="#226">#</a>
						
              <code id="226">                                              ^</code><br />
						
            
            <a class="navhash" href="#227">#</a>
						
              <code id="227">buckygen.c:1618:13: note: in expansion of macro 'NEWEDGE'</code><br />
						
            
            <a class="navhash" href="#228">#</a>
						
              <code id="228">             NEWEDGE(e);</code><br />
						
            
            <a class="navhash" href="#229">#</a>
						
              <code id="229">             ^</code><br />
						
            
            <a class="navhash" href="#230">#</a>
						
              <code id="230">buckygen.c: In function 'extend_bent':</code><br />
						
            
            <a class="navhash" href="#231">#</a>
						
              <code id="231">buckygen.c:336:5: warning: incompatible implicit declaration of built-in function 'fprintf' [enabled by default]</code><br />
						
            
            <a class="navhash" href="#232">#</a>
						
              <code id="232">    {fprintf(stderr,">E Ran out of edges\n"); exit(1);}</code><br />
						
            
            <a class="navhash" href="#233">#</a>
						
              <code id="233">     ^</code><br />
						
            
            <a class="navhash" href="#234">#</a>
						
              <code id="234">buckygen.c:1908:13: note: in expansion of macro 'NEWEDGE'</code><br />
						
            
            <a class="navhash" href="#235">#</a>
						
              <code id="235">             NEWEDGE(e);</code><br />
						
            
            <a class="navhash" href="#236">#</a>
						
              <code id="236">             ^</code><br />
						
            
            <a class="navhash" href="#237">#</a>
						
              <code id="237">buckygen.c:336:13: error: 'stderr' undeclared (first use in this function)</code><br />
						
            
            <a class="navhash" href="#238">#</a>
						
              <code id="238">    {fprintf(stderr,">E Ran out of edges\n"); exit(1);}</code><br />
						
            
            <a class="navhash" href="#239">#</a>
						
              <code id="239">             ^</code><br />
						
            
            <a class="navhash" href="#240">#</a>
						
              <code id="240">buckygen.c:1908:13: note: in expansion of macro 'NEWEDGE'</code><br />
						
            
            <a class="navhash" href="#241">#</a>
						
              <code id="241">             NEWEDGE(e);</code><br />
						
            
            <a class="navhash" href="#242">#</a>
						
              <code id="242">             ^</code><br />
						
            
            <a class="navhash" href="#243">#</a>
						
              <code id="243">buckygen.c:336:46: warning: incompatible implicit declaration of built-in function 'exit' [enabled by default]</code><br />
						
            
            <a class="navhash" href="#244">#</a>
						
              <code id="244">    {fprintf(stderr,">E Ran out of edges\n"); exit(1);}</code><br />
						
            
            <a class="navhash" href="#245">#</a>
						
              <code id="245">                                              ^</code><br />
						
            
            <a class="navhash" href="#246">#</a>
						
              <code id="246">buckygen.c:1908:13: note: in expansion of macro 'NEWEDGE'</code><br />
						
            
            <a class="navhash" href="#247">#</a>
						
              <code id="247">             NEWEDGE(e);</code><br />
						
            
            <a class="navhash" href="#248">#</a>
						
              <code id="248">             ^</code><br />
						
            
            <a class="navhash" href="#249">#</a>
						
              <code id="249">buckygen.c: In function 'compute_group':</code><br />
						
            
            <a class="navhash" href="#250">#</a>
						
              <code id="250">buckygen.c:3874:17: warning: incompatible implicit declaration of built-in function 'fprintf' [enabled by default]</code><br />
						
            
            <a class="navhash" href="#251">#</a>
						
              <code id="251">                 fprintf(stderr, "Error: vertices with minimal colour are assumed to have degree <= 5\n");</code><br />
						
            
            <a class="navhash" href="#252">#</a>
						
              <code id="252">                 ^</code><br />
						
            
            <a class="navhash" href="#253">#</a>
						
              <code id="253">buckygen.c:3874:25: error: 'stderr' undeclared (first use in this function)</code><br />
						
            
            <a class="navhash" href="#254">#</a>
						
              <code id="254">                 fprintf(stderr, "Error: vertices with minimal colour are assumed to have degree <= 5\n");</code><br />
						
            
            <a class="navhash" href="#255">#</a>
						
              <code id="255">                         ^</code><br />
						
            
            <a class="navhash" href="#256">#</a>
						
              <code id="256">buckygen.c:3875:17: warning: incompatible implicit declaration of built-in function 'exit' [enabled by default]</code><br />
						
            
            <a class="navhash" href="#257">#</a>
						
              <code id="257">                 exit(1);</code><br />
						
            
            <a class="navhash" href="#258">#</a>
						
              <code id="258">                 ^</code><br />
						
            
            <a class="navhash" href="#259">#</a>
						
              <code id="259">buckygen.c: In function 'initialize_fuller_code':</code><br />
						
            
            <a class="navhash" href="#260">#</a>
						
              <code id="260">buckygen.c:4630:2: warning: incompatible implicit declaration of built-in function 'fprintf' [enabled by default]</code><br />
						
            
            <a class="navhash" href="#261">#</a>
						
              <code id="261">  fprintf(stderr,"Error: graph of size 0 or too big. Max nv is: %d, found: %d\n", MAXN, nv);</code><br />
						
            
            <a class="navhash" href="#262">#</a>
						
              <code id="262">  ^</code><br />
						
            
            <a class="navhash" href="#263">#</a>
						
              <code id="263">buckygen.c:4630:10: error: 'stderr' undeclared (first use in this function)</code><br />
						
            
            <a class="navhash" href="#264">#</a>
						
              <code id="264">  fprintf(stderr,"Error: graph of size 0 or too big. Max nv is: %d, found: %d\n", MAXN, nv);</code><br />
						
            
            <a class="navhash" href="#265">#</a>
						
              <code id="265">          ^</code><br />
						
            
            <a class="navhash" href="#266">#</a>
						
              <code id="266">buckygen.c:4631:2: warning: incompatible implicit declaration of built-in function 'exit' [enabled by default]</code><br />
						
            
            <a class="navhash" href="#267">#</a>
						
              <code id="267">  exit(1);</code><br />
						
            
            <a class="navhash" href="#268">#</a>
						
              <code id="268">  ^</code><br />
						
            
            <a class="navhash" href="#269">#</a>
						
              <code id="269">buckygen.c:336:5: warning: incompatible implicit declaration of built-in function 'fprintf' [enabled by default]</code><br />
						
            
            <a class="navhash" href="#270">#</a>
						
              <code id="270">    {fprintf(stderr,">E Ran out of edges\n"); exit(1);}</code><br />
						
            
            <a class="navhash" href="#271">#</a>
						
              <code id="271">     ^</code><br />
						
            
            <a class="navhash" href="#272">#</a>
						
              <code id="272">buckygen.c:4641:13: note: in expansion of macro 'NEWEDGE'</code><br />
						
            
            <a class="navhash" href="#273">#</a>
						
              <code id="273">             NEWEDGE(e);</code><br />
						
            
            <a class="navhash" href="#274">#</a>
						
              <code id="274">             ^</code><br />
						
            
            <a class="navhash" href="#275">#</a>
						
              <code id="275">buckygen.c:336:46: warning: incompatible implicit declaration of built-in function 'exit' [enabled by default]</code><br />
						
            
            <a class="navhash" href="#276">#</a>
						
              <code id="276">    {fprintf(stderr,">E Ran out of edges\n"); exit(1);}</code><br />
						
            
            <a class="navhash" href="#277">#</a>
						
              <code id="277">                                              ^</code><br />
						
            
            <a class="navhash" href="#278">#</a>
						
              <code id="278">buckygen.c:4641:13: note: in expansion of macro 'NEWEDGE'</code><br />
						
            
            <a class="navhash" href="#279">#</a>
						
              <code id="279">             NEWEDGE(e);</code><br />
						
            
            <a class="navhash" href="#280">#</a>
						
              <code id="280">             ^</code><br />
						
            
            <a class="navhash" href="#281">#</a>
						
              <code id="281">buckygen.c: In function 'initialize_fuller_arrays':</code><br />
						
            
            <a class="navhash" href="#282">#</a>
						
              <code id="282">buckygen.c:4725:9: warning: incompatible implicit declaration of built-in function 'fprintf' [enabled by default]</code><br />
						
            
            <a class="navhash" href="#283">#</a>
						
              <code id="283">         fprintf(stderr, "Error: MAX_BENT_LENGTH is too small: %d\n", MAX_BENT_LENGTH);</code><br />
						
            
            <a class="navhash" href="#284">#</a>
						
              <code id="284">         ^</code><br />
						
            
            <a class="navhash" href="#285">#</a>
						
              <code id="285">buckygen.c:4725:17: error: 'stderr' undeclared (first use in this function)</code><br />
						
            
            <a class="navhash" href="#286">#</a>
						
              <code id="286">         fprintf(stderr, "Error: MAX_BENT_LENGTH is too small: %d\n", MAX_BENT_LENGTH);</code><br />
						
            
            <a class="navhash" href="#287">#</a>
						
              <code id="287">                 ^</code><br />
						
            
            <a class="navhash" href="#288">#</a>
						
              <code id="288">buckygen.c:4726:9: warning: incompatible implicit declaration of built-in function 'exit' [enabled by default]</code><br />
						
            
            <a class="navhash" href="#289">#</a>
						
              <code id="289">         exit(1);</code><br />
						
            
            <a class="navhash" href="#290">#</a>
						
              <code id="290">         ^</code><br />
						
            
            <a class="navhash" href="#291">#</a>
						
              <code id="291">buckygen.c:4756:21: warning: incompatible implicit declaration of built-in function 'fprintf' [enabled by default]</code><br />
						
            
            <a class="navhash" href="#292">#</a>
						
              <code id="292">                     fprintf(stderr, "Error: difference in distance can be at most 1\n");</code><br />
						
            
            <a class="navhash" href="#293">#</a>
						
              <code id="293">                     ^</code><br />
						
            
            <a class="navhash" href="#294">#</a>
						
              <code id="294">buckygen.c:4757:21: warning: incompatible implicit declaration of built-in function 'exit' [enabled by default]</code><br />
						
            
            <a class="navhash" href="#295">#</a>
						
              <code id="295">                     exit(1);</code><br />
						
            
            <a class="navhash" href="#296">#</a>
						
              <code id="296">                     ^</code><br />
						
            
            <a class="navhash" href="#297">#</a>
						
              <code id="297">buckygen.c:4766:17: warning: incompatible implicit declaration of built-in function 'fprintf' [enabled by default]</code><br />
						
            
            <a class="navhash" href="#298">#</a>
						
              <code id="298">                 fprintf(stderr, "Error: distance can be at most %d\n", MAX_STRAIGHT_LENGTH - 1);</code><br />
						
            
            <a class="navhash" href="#299">#</a>
						
              <code id="299">                 ^</code><br />
						
            
            <a class="navhash" href="#300">#</a>
						
              <code id="300">buckygen.c:4768:17: warning: incompatible implicit declaration of built-in function 'exit' [enabled by default]</code><br />
						
            
            <a class="navhash" href="#301">#</a>
						
              <code id="301">                 exit(1);</code><br />
						
            
            <a class="navhash" href="#302">#</a>
						
              <code id="302">                 ^</code><br />
						
            
            <a class="navhash" href="#303">#</a>
						
              <code id="303">buckygen.c:4779:13: warning: incompatible implicit declaration of built-in function 'fprintf' [enabled by default]</code><br />
						
            
            <a class="navhash" href="#304">#</a>
						
              <code id="304">             fprintf(stderr, "Error: distance can be at most %d\n", MAX_STRAIGHT_LENGTH - 1);</code><br />
						
            
            <a class="navhash" href="#305">#</a>
						
              <code id="305">             ^</code><br />
						
            
            <a class="navhash" href="#306">#</a>
						
              <code id="306">buckygen.c:4781:13: warning: incompatible implicit declaration of built-in function 'exit' [enabled by default]</code><br />
						
            
            <a class="navhash" href="#307">#</a>
						
              <code id="307">             exit(1);</code><br />
						
            
            <a class="navhash" href="#308">#</a>
						
              <code id="308">             ^</code><br />
						
            
            <a class="navhash" href="#309">#</a>
						
              <code id="309">buckygen.c: In function 'add_bent_extension':</code><br />
						
            
            <a class="navhash" href="#310">#</a>
						
              <code id="310">buckygen.c:6230:9: warning: incompatible implicit declaration of built-in function 'memcpy' [enabled by default]</code><br />
						
            
            <a class="navhash" href="#311">#</a>
						
              <code id="311">         memcpy(ext_bent, ext_bent_global, sizeof(EDGE *) * num_ext_bent_global);</code><br />
						
            
            <a class="navhash" href="#312">#</a>
						
              <code id="312">         ^</code><br />
						
            
            <a class="navhash" href="#313">#</a>
						
              <code id="313">buckygen.c:6235:9: warning: incompatible implicit declaration of built-in function 'free' [enabled by default]</code><br />
						
            
            <a class="navhash" href="#314">#</a>
						
              <code id="314">         free(ext_bent_global);</code><br />
						
            
            <a class="navhash" href="#315">#</a>
						
              <code id="315">         ^</code><br />
						
            
            <a class="navhash" href="#316">#</a>
						
              <code id="316">buckygen.c:6243:37: warning: incompatible implicit declaration of built-in function 'malloc' [enabled by default]</code><br />
						
            
            <a class="navhash" href="#317">#</a>
						
              <code id="317">         ext_bent_global = (EDGE **) malloc(sizeof(EDGE*) * max_num_ext_bent_global);</code><br />
						
            
            <a class="navhash" href="#318">#</a>
						
              <code id="318">                                     ^</code><br />
						
            
            <a class="navhash" href="#319">#</a>
						
              <code id="319">buckygen.c:6245:13: warning: incompatible implicit declaration of built-in function 'fprintf' [enabled by default]</code><br />
						
            
            <a class="navhash" href="#320">#</a>
						
              <code id="320">             fprintf(stderr, "Error: can't get enough memory\n");</code><br />
						
            
            <a class="navhash" href="#321">#</a>
						
              <code id="321">             ^</code><br />
						
            
            <a class="navhash" href="#322">#</a>
						
              <code id="322">buckygen.c:6245:21: error: 'stderr' undeclared (first use in this function)</code><br />
						
            
            <a class="navhash" href="#323">#</a>
						
              <code id="323">             fprintf(stderr, "Error: can't get enough memory\n");</code><br />
						
            
            <a class="navhash" href="#324">#</a>
						
              <code id="324">                     ^</code><br />
						
            
            <a class="navhash" href="#325">#</a>
						
              <code id="325">buckygen.c:6246:13: warning: incompatible implicit declaration of built-in function 'exit' [enabled by default]</code><br />
						
            
            <a class="navhash" href="#326">#</a>
						
              <code id="326">             exit(1);</code><br />
						
            
            <a class="navhash" href="#327">#</a>
						
              <code id="327">             ^</code><br />
						
            
            <a class="navhash" href="#328">#</a>
						
              <code id="328">buckygen.c:6250:13: warning: incompatible implicit declaration of built-in function 'fprintf' [enabled by default]</code><br />
						
            
            <a class="navhash" href="#329">#</a>
						
              <code id="329">             fprintf(stderr, "Error: can't get enough memory\n");</code><br />
						
            
            <a class="navhash" href="#330">#</a>
						
              <code id="330">             ^</code><br />
						
            
            <a class="navhash" href="#331">#</a>
						
              <code id="331">buckygen.c:6251:13: warning: incompatible implicit declaration of built-in function 'exit' [enabled by default]</code><br />
						
            
            <a class="navhash" href="#332">#</a>
						
              <code id="332">             exit(1);</code><br />
						
            
            <a class="navhash" href="#333">#</a>
						
              <code id="333">             ^</code><br />
						
            
            <a class="navhash" href="#334">#</a>
						
              <code id="334">buckygen.c:6255:13: warning: incompatible implicit declaration of built-in function 'fprintf' [enabled by default]</code><br />
						
            
            <a class="navhash" href="#335">#</a>
						
              <code id="335">             fprintf(stderr, "Error: can't get enough memory\n");</code><br />
						
            
            <a class="navhash" href="#336">#</a>
						
              <code id="336">             ^</code><br />
						
            
            <a class="navhash" href="#337">#</a>
						
              <code id="337">buckygen.c:6256:13: warning: incompatible implicit declaration of built-in function 'exit' [enabled by default]</code><br />
						
            
            <a class="navhash" href="#338">#</a>
						
              <code id="338">             exit(1);</code><br />
						
            
            <a class="navhash" href="#339">#</a>
						
              <code id="339">             ^</code><br />
						
            
            <a class="navhash" href="#340">#</a>
						
              <code id="340">buckygen.c:6260:13: warning: incompatible implicit declaration of built-in function 'fprintf' [enabled by default]</code><br />
						
            
            <a class="navhash" href="#341">#</a>
						
              <code id="341">             fprintf(stderr, "Error: can't get enough memory\n");</code><br />
						
            
            <a class="navhash" href="#342">#</a>
						
              <code id="342">             ^</code><br />
						
            
            <a class="navhash" href="#343">#</a>
						
              <code id="343">buckygen.c:6261:13: warning: incompatible implicit declaration of built-in function 'exit' [enabled by default]</code><br />
						
            
            <a class="navhash" href="#344">#</a>
						
              <code id="344">             exit(1);</code><br />
						
            
            <a class="navhash" href="#345">#</a>
						
              <code id="345">             ^</code><br />
						
            
            <a class="navhash" href="#346">#</a>
						
              <code id="346">buckygen.c: In function 'compute_planar_code':</code><br />
						
            
            <a class="navhash" href="#347">#</a>
						
              <code id="347">buckygen.c:8171:9: warning: incompatible implicit declaration of built-in function 'fprintf' [enabled by default]</code><br />
						
            
            <a class="navhash" href="#348">#</a>
						
              <code id="348">         fprintf(stderr, "Error: invalid code length: %d vs %d\n", length, (nv + ne + 1));</code><br />
						
            
            <a class="navhash" href="#349">#</a>
						
              <code id="349">         ^</code><br />
						
            
            <a class="navhash" href="#350">#</a>
						
              <code id="350">buckygen.c:8171:17: error: 'stderr' undeclared (first use in this function)</code><br />
						
            
            <a class="navhash" href="#351">#</a>
						
              <code id="351">         fprintf(stderr, "Error: invalid code length: %d vs %d\n", length, (nv + ne + 1));</code><br />
						
            
            <a class="navhash" href="#352">#</a>
						
              <code id="352">                 ^</code><br />
						
            
            <a class="navhash" href="#353">#</a>
						
              <code id="353">buckygen.c:8172:9: warning: incompatible implicit declaration of built-in function 'exit' [enabled by default]</code><br />
						
            
            <a class="navhash" href="#354">#</a>
						
              <code id="354">         exit(1);</code><br />
						
            
            <a class="navhash" href="#355">#</a>
						
              <code id="355">         ^</code><br />
						
            
            <a class="navhash" href="#356">#</a>
						
              <code id="356">buckygen.c: At top level:</code><br />
						
            
            <a class="navhash" href="#357">#</a>
						<span class="error">
              <code id="357">buckygen.c:8184:28: error: unknown type name 'FILE'</code><br />
						</span>
            
            <a class="navhash" href="#358">#</a>
						
              <code id="358"> write_planar_code_modified(FILE *f, int doflip)</code><br />
						
            
            <a class="navhash" href="#359">#</a>
						
              <code id="359">                            ^</code><br />
						
            
            <a class="navhash" href="#360">#</a>
						<span class="error">
              <code id="360">buckygen.c:8218:19: error: unknown type name 'FILE'</code><br />
						</span>
            
            <a class="navhash" href="#361">#</a>
						
              <code id="361"> write_planar_code(FILE *f, int doflip)</code><br />
						
            
            <a class="navhash" href="#362">#</a>
						
              <code id="362">                   ^</code><br />
						
            
            <a class="navhash" href="#363">#</a>
						<span class="error">
              <code id="363">buckygen.c:8248:24: error: unknown type name 'FILE'</code><br />
						</span>
            
            <a class="navhash" href="#364">#</a>
						
              <code id="364"> write_dual_planar_code(FILE *f, int doflip)</code><br />
						
            
            <a class="navhash" href="#365">#</a>
						
              <code id="365">                        ^</code><br />
						
            
            <a class="navhash" href="#366">#</a>
						<span class="error">
              <code id="366">buckygen.c:8278:14: error: unknown type name 'FILE'</code><br />
						</span>
            
            <a class="navhash" href="#367">#</a>
						
              <code id="367"> write_digits(FILE *f, int doflip)</code><br />
						
            
            <a class="navhash" href="#368">#</a>
						
              <code id="368">              ^</code><br />
						
            
            <a class="navhash" href="#369">#</a>
						<span class="error">
              <code id="369">buckygen.c:8344:13: error: unknown type name 'FILE'</code><br />
						</span>
            
            <a class="navhash" href="#370">#</a>
						
              <code id="370"> write_alpha(FILE *f, int doflip)</code><br />
						
            
            <a class="navhash" href="#371">#</a>
						
              <code id="371">             ^</code><br />
						
            
            <a class="navhash" href="#372">#</a>
						<span class="error">
              <code id="372">buckygen.c:8402:18: error: unknown type name 'FILE'</code><br />
						</span>
            
            <a class="navhash" href="#373">#</a>
						
              <code id="373"> write_dual_alpha(FILE *f, int doflip)</code><br />
						
            
            <a class="navhash" href="#374">#</a>
						
              <code id="374">                  ^</code><br />
						
            
            <a class="navhash" href="#375">#</a>
						<span class="error">
              <code id="375">buckygen.c:8460:23: error: unknown type name 'FILE'</code><br />
						</span>
            
            <a class="navhash" href="#376">#</a>
						
              <code id="376"> write_code_as_sparse6(FILE *f, unsigned char code[])</code><br />
						
            
            <a class="navhash" href="#377">#</a>
						
              <code id="377">                       ^</code><br />
						
            
            <a class="navhash" href="#378">#</a>
						<span class="error">
              <code id="378">buckygen.c:8575:15: error: unknown type name 'FILE'</code><br />
						</span>
            
            <a class="navhash" href="#379">#</a>
						
              <code id="379"> write_sparse6(FILE *f, int doflip)</code><br />
						
            
            <a class="navhash" href="#380">#</a>
						
              <code id="380">               ^</code><br />
						
            
            <a class="navhash" href="#381">#</a>
						<span class="error">
              <code id="381">buckygen.c:8588:20: error: unknown type name 'FILE'</code><br />
						</span>
            
            <a class="navhash" href="#382">#</a>
						
              <code id="382"> write_dual_sparse6(FILE *f, int doflip)</code><br />
						
            
            <a class="navhash" href="#383">#</a>
						
              <code id="383">                    ^</code><br />
						
            
            <a class="navhash" href="#384">#</a>
						<span class="error">
              <code id="384">buckygen.c:8602:22: error: unknown type name 'FILE'</code><br />
						</span>
            
            <a class="navhash" href="#385">#</a>
						
              <code id="385"> write_code_as_graph6(FILE *f, unsigned char code[])</code><br />
						
            
            <a class="navhash" href="#386">#</a>
						
              <code id="386">                      ^</code><br />
						
            
            <a class="navhash" href="#387">#</a>
						<span class="error">
              <code id="387">buckygen.c:8663:14: error: unknown type name 'FILE'</code><br />
						</span>
            
            <a class="navhash" href="#388">#</a>
						
              <code id="388"> write_graph6(FILE *f, int doflip)</code><br />
						
            
            <a class="navhash" href="#389">#</a>
						
              <code id="389">              ^</code><br />
						
            
            <a class="navhash" href="#390">#</a>
						<span class="error">
              <code id="390">buckygen.c:8676:19: error: unknown type name 'FILE'</code><br />
						</span>
            
            <a class="navhash" href="#391">#</a>
						
              <code id="391"> write_dual_graph6(FILE *f, int doflip)</code><br />
						
            
            <a class="navhash" href="#392">#</a>
						
              <code id="392">                   ^</code><br />
						
            
            <a class="navhash" href="#393">#</a>
						
              <code id="393">buckygen.c: In function 'check_it':</code><br />
						
            
            <a class="navhash" href="#394">#</a>
						
              <code id="394">buckygen.c:8717:13: warning: incompatible implicit declaration of built-in function 'fprintf' [enabled by default]</code><br />
						
            
            <a class="navhash" href="#395">#</a>
						
              <code id="395">             fprintf(stderr,">E next error, code=%d\n",code);</code><br />
						
            
            <a class="navhash" href="#396">#</a>
						
              <code id="396">             ^</code><br />
						
            
            <a class="navhash" href="#397">#</a>
						
              <code id="397">buckygen.c:8717:21: error: 'stderr' undeclared (first use in this function)</code><br />
						
            
            <a class="navhash" href="#398">#</a>
						
              <code id="398">             fprintf(stderr,">E next error, code=%d\n",code);</code><br />
						
            
            <a class="navhash" href="#399">#</a>
						
              <code id="399">                     ^</code><br />
						
            
            <a class="navhash" href="#400">#</a>
						
              <code id="400">buckygen.c:8718:13: warning: incompatible implicit declaration of built-in function 'exit' [enabled by default]</code><br />
						
            
            <a class="navhash" href="#401">#</a>
						
              <code id="401">             exit(1);</code><br />
						
            
            <a class="navhash" href="#402">#</a>
						
              <code id="402">             ^</code><br />
						
            
            <a class="navhash" href="#403">#</a>
						
              <code id="403">buckygen.c:8725:13: warning: incompatible implicit declaration of built-in function 'fprintf' [enabled by default]</code><br />
						
            
            <a class="navhash" href="#404">#</a>
						
              <code id="404">             fprintf(stderr,">E prev error, code=%d\n",code);</code><br />
						
            
            <a class="navhash" href="#405">#</a>
						
              <code id="405">             ^</code><br />
						
            
            <a class="navhash" href="#406">#</a>
						
              <code id="406">buckygen.c:8726:13: warning: incompatible implicit declaration of built-in function 'exit' [enabled by default]</code><br />
						
            
            <a class="navhash" href="#407">#</a>
						
              <code id="407">             exit(1);</code><br />
						
            
            <a class="navhash" href="#408">#</a>
						
              <code id="408">             ^</code><br />
						
            
            <a class="navhash" href="#409">#</a>
						
              <code id="409">buckygen.c:8735:17: warning: incompatible implicit declaration of built-in function 'fprintf' [enabled by default]</code><br />
						
            
            <a class="navhash" href="#410">#</a>
						
              <code id="410">                 fprintf(stderr,">E start error, code=%d\n",code);</code><br />
						
            
            <a class="navhash" href="#411">#</a>
						
              <code id="411">                 ^</code><br />
						
            
            <a class="navhash" href="#412">#</a>
						
              <code id="412">buckygen.c:8736:17: warning: incompatible implicit declaration of built-in function 'exit' [enabled by default]</code><br />
						
            
            <a class="navhash" href="#413">#</a>
						
              <code id="413">                 exit(1);</code><br />
						
            
            <a class="navhash" href="#414">#</a>
						
              <code id="414">                 ^</code><br />
						
            
            <a class="navhash" href="#415">#</a>
						
              <code id="415">buckygen.c:8740:17: warning: incompatible implicit declaration of built-in function 'fprintf' [enabled by default]</code><br />
						
            
            <a class="navhash" href="#416">#</a>
						
              <code id="416">                 fprintf(stderr,">E end label error, code=%d\n",code);</code><br />
						
            
            <a class="navhash" href="#417">#</a>
						
              <code id="417">                 ^</code><br />
						
            
            <a class="navhash" href="#418">#</a>
						
              <code id="418">buckygen.c:8741:17: warning: incompatible implicit declaration of built-in function 'exit' [enabled by default]</code><br />
						
            
            <a class="navhash" href="#419">#</a>
						
              <code id="419">                 exit(1);</code><br />
						
            
            <a class="navhash" href="#420">#</a>
						
              <code id="420">                 ^</code><br />
						
            
            <a class="navhash" href="#421">#</a>
						
              <code id="421">buckygen.c:8745:17: warning: incompatible implicit declaration of built-in function 'fprintf' [enabled by default]</code><br />
						
            
            <a class="navhash" href="#422">#</a>
						
              <code id="422">                 fprintf(stderr,">E invers label error, code=%d\n",code);</code><br />
						
            
            <a class="navhash" href="#423">#</a>
						
              <code id="423">                 ^</code><br />
						
            
            <a class="navhash" href="#424">#</a>
						
              <code id="424">buckygen.c:8746:17: warning: incompatible implicit declaration of built-in function 'exit' [enabled by default]</code><br />
						
            
            <a class="navhash" href="#425">#</a>
						
              <code id="425">                 exit(1);</code><br />
						
            
            <a class="navhash" href="#426">#</a>
						
              <code id="426">                 ^</code><br />
						
            
            <a class="navhash" href="#427">#</a>
						
              <code id="427">buckygen.c:8750:17: warning: incompatible implicit declaration of built-in function 'fprintf' [enabled by default]</code><br />
						
            
            <a class="navhash" href="#428">#</a>
						
              <code id="428">                 fprintf(stderr,">E end error, code=%d\n",code);</code><br />
						
            
            <a class="navhash" href="#429">#</a>
						
              <code id="429">                 ^</code><br />
						
            
            <a class="navhash" href="#430">#</a>
						
              <code id="430">buckygen.c:8751:17: warning: incompatible implicit declaration of built-in function 'exit' [enabled by default]</code><br />
						
            
            <a class="navhash" href="#431">#</a>
						
              <code id="431">                 exit(1);</code><br />
						
            
            <a class="navhash" href="#432">#</a>
						
              <code id="432">                 ^</code><br />
						
            
            <a class="navhash" href="#433">#</a>
						
              <code id="433">buckygen.c:8758:17: warning: incompatible implicit declaration of built-in function 'fprintf' [enabled by default]</code><br />
						
            
            <a class="navhash" href="#434">#</a>
						
              <code id="434">                 fprintf(stderr,">E face error, code=%d\n",code);</code><br />
						
            
            <a class="navhash" href="#435">#</a>
						
              <code id="435">                 ^</code><br />
						
            
            <a class="navhash" href="#436">#</a>
						
              <code id="436">buckygen.c:8759:17: warning: incompatible implicit declaration of built-in function 'exit' [enabled by default]</code><br />
						
            
            <a class="navhash" href="#437">#</a>
						
              <code id="437">                 exit(1);</code><br />
						
            
            <a class="navhash" href="#438">#</a>
						
              <code id="438">                 ^</code><br />
						
            
            <a class="navhash" href="#439">#</a>
						
              <code id="439">buckygen.c: At top level:</code><br />
						
            
            <a class="navhash" href="#440">#</a>
						<span class="error">
              <code id="440">buckygen.c:8827:14: error: unknown type name 'FILE'</code><br />
						</span>
            
            <a class="navhash" href="#441">#</a>
						
              <code id="441"> write_header(FILE *fil) {</code><br />
						
            
            <a class="navhash" href="#442">#</a>
						
              <code id="442">              ^</code><br />
						
            
            <a class="navhash" href="#443">#</a>
						
              <code id="443">buckygen.c: In function 'got_one':</code><br />
						
            
            <a class="navhash" href="#444">#</a>
						<span class="error">
              <code id="444">buckygen.c:8895:17: error: unknown type name 'FILE'</code><br />
						</span>
            
            <a class="navhash" href="#445">#</a>
						
              <code id="445">                 FILE *fil;</code><br />
						
            
            <a class="navhash" href="#446">#</a>
						
              <code id="446">                 ^</code><br />
						
            
            <a class="navhash" href="#447">#</a>
						
              <code id="447">buckygen.c:8897:25: warning: assignment makes pointer from integer without a cast [enabled by default]</code><br />
						
            
            <a class="navhash" href="#448">#</a>
						
              <code id="448">                     fil = fopen(no_penta_spiral_filename, zeroswitch || aswitch || gswitch || sswitch ? "w" : "wb");</code><br />
						
            
            <a class="navhash" href="#449">#</a>
						
              <code id="449">                         ^</code><br />
						
            
            <a class="navhash" href="#450">#</a>
						
              <code id="450">buckygen.c:8899:25: warning: incompatible implicit declaration of built-in function 'fprintf' [enabled by default]</code><br />
						
            
            <a class="navhash" href="#451">#</a>
						
              <code id="451">                         fprintf(stderr, "Error: can't open %s\n", no_penta_spiral_filename);</code><br />
						
            
            <a class="navhash" href="#452">#</a>
						
              <code id="452">                         ^</code><br />
						
            
            <a class="navhash" href="#453">#</a>
						
              <code id="453">buckygen.c:8899:33: error: 'stderr' undeclared (first use in this function)</code><br />
						
            
            <a class="navhash" href="#454">#</a>
						
              <code id="454">                         fprintf(stderr, "Error: can't open %s\n", no_penta_spiral_filename);</code><br />
						
            
            <a class="navhash" href="#455">#</a>
						
              <code id="455">                                 ^</code><br />
						
            
            <a class="navhash" href="#456">#</a>
						
              <code id="456">buckygen.c:8900:25: warning: incompatible implicit declaration of built-in function 'exit' [enabled by default]</code><br />
						
            
            <a class="navhash" href="#457">#</a>
						
              <code id="457">                         exit(1);</code><br />
						
            
            <a class="navhash" href="#458">#</a>
						
              <code id="458">                         ^</code><br />
						
            
            <a class="navhash" href="#459">#</a>
						
              <code id="459">buckygen.c:8905:25: warning: assignment makes pointer from integer without a cast [enabled by default]</code><br />
						
            
            <a class="navhash" href="#460">#</a>
						
              <code id="460">                     fil = fopen(no_penta_spiral_filename, zeroswitch || aswitch || gswitch || sswitch ? "a" : "ab");</code><br />
						
            
            <a class="navhash" href="#461">#</a>
						
              <code id="461">                         ^</code><br />
						
            
            <a class="navhash" href="#462">#</a>
						
              <code id="462">buckygen.c:8907:25: warning: incompatible implicit declaration of built-in function 'fprintf' [enabled by default]</code><br />
						
            
            <a class="navhash" href="#463">#</a>
						
              <code id="463">                         fprintf(stderr, "Error: can't open %s\n", no_penta_spiral_filename);</code><br />
						
            
            <a class="navhash" href="#464">#</a>
						
              <code id="464">                         ^</code><br />
						
            
            <a class="navhash" href="#465">#</a>
						
              <code id="465">buckygen.c:8908:25: warning: incompatible implicit declaration of built-in function 'exit' [enabled by default]</code><br />
						
            
            <a class="navhash" href="#466">#</a>
						
              <code id="466">                         exit(1);</code><br />
						
            
            <a class="navhash" href="#467">#</a>
						
              <code id="467">                         ^</code><br />
						
            
            <a class="navhash" href="#468">#</a>
						
              <code id="468">buckygen.c:8912:31: error: 'write_dual_graph' undeclared (first use in this function)</code><br />
						
            
            <a class="navhash" href="#469">#</a>
						
              <code id="469">                 if(dswitch) (*write_dual_graph)(fil, doflip);</code><br />
						
            
            <a class="navhash" href="#470">#</a>
						
              <code id="470">                               ^</code><br />
						
            
            <a class="navhash" href="#471">#</a>
						
              <code id="471">buckygen.c:8913:24: error: 'write_graph' undeclared (first use in this function)</code><br />
						
            
            <a class="navhash" href="#472">#</a>
						
              <code id="472">                 else (*write_graph)(fil, doflip);</code><br />
						
            
            <a class="navhash" href="#473">#</a>
						
              <code id="473">                        ^</code><br />
						
            
            <a class="navhash" href="#474">#</a>
						<span class="error">
              <code id="474">buckygen.c:8935:17: error: unknown type name 'FILE'</code><br />
						</span>
            
            <a class="navhash" href="#475">#</a>
						
              <code id="475">                 FILE *fil;</code><br />
						
            
            <a class="navhash" href="#476">#</a>
						
              <code id="476">                 ^</code><br />
						
            
            <a class="navhash" href="#477">#</a>
						
              <code id="477">buckygen.c:8937:25: warning: assignment makes pointer from integer without a cast [enabled by default]</code><br />
						
            
            <a class="navhash" href="#478">#</a>
						
              <code id="478">                     fil = fopen(no_spiral_filename, zeroswitch || aswitch || gswitch || sswitch ? "w" : "wb");</code><br />
						
            
            <a class="navhash" href="#479">#</a>
						
              <code id="479">                         ^</code><br />
						
            
            <a class="navhash" href="#480">#</a>
						
              <code id="480">buckygen.c:8939:25: warning: incompatible implicit declaration of built-in function 'fprintf' [enabled by default]</code><br />
						
            
            <a class="navhash" href="#481">#</a>
						
              <code id="481">                         fprintf(stderr, "Error: can't open %s\n", no_spiral_filename);</code><br />
						
            
            <a class="navhash" href="#482">#</a>
						
              <code id="482">                         ^</code><br />
						
            
            <a class="navhash" href="#483">#</a>
						
              <code id="483">buckygen.c:8940:25: warning: incompatible implicit declaration of built-in function 'exit' [enabled by default]</code><br />
						
            
            <a class="navhash" href="#484">#</a>
						
              <code id="484">                         exit(1);</code><br />
						
            
            <a class="navhash" href="#485">#</a>
						
              <code id="485">                         ^</code><br />
						
            
            <a class="navhash" href="#486">#</a>
						
              <code id="486">buckygen.c:8945:25: warning: assignment makes pointer from integer without a cast [enabled by default]</code><br />
						
            
            <a class="navhash" href="#487">#</a>
						
              <code id="487">                     fil = fopen(no_spiral_filename, zeroswitch || aswitch || gswitch || sswitch ? "a" : "ab");</code><br />
						
            
            <a class="navhash" href="#488">#</a>
						
              <code id="488">                         ^</code><br />
						
            
            <a class="navhash" href="#489">#</a>
						
              <code id="489">buckygen.c:8947:25: warning: incompatible implicit declaration of built-in function 'fprintf' [enabled by default]</code><br />
						
            
            <a class="navhash" href="#490">#</a>
						
              <code id="490">                         fprintf(stderr, "Error: can't open %s\n", no_spiral_filename);</code><br />
						
            
            <a class="navhash" href="#491">#</a>
						
              <code id="491">                         ^</code><br />
						
            
            <a class="navhash" href="#492">#</a>
						
              <code id="492">buckygen.c:8948:25: warning: incompatible implicit declaration of built-in function 'exit' [enabled by default]</code><br />
						
            
            <a class="navhash" href="#493">#</a>
						
              <code id="493">                         exit(1);</code><br />
						
            
            <a class="navhash" href="#494">#</a>
						
              <code id="494">                         ^</code><br />
						
            
            <a class="navhash" href="#495">#</a>
						
              <code id="495">buckygen.c: In function 'test_canon_edge_short':</code><br />
						
            
            <a class="navhash" href="#496">#</a>
						
              <code id="496">buckygen.c:10107:9: warning: incompatible implicit declaration of built-in function 'memcpy' [enabled by default]</code><br />
						
            
            <a class="navhash" href="#497">#</a>
						
              <code id="497">         memcpy(good_next_tmp, good_next, sizeof(EDGE *) * num_good_next);</code><br />
						
            
            <a class="navhash" href="#498">#</a>
						
              <code id="498">         ^</code><br />
						
            
            <a class="navhash" href="#499">#</a>
						
              <code id="499">buckygen.c: In function 'scansimple_fuller_ipr':</code><br />
						
            
            <a class="navhash" href="#500">#</a>
						
              <code id="500">buckygen.c:12948:33: warning: incompatible implicit declaration of built-in function 'malloc' [enabled by default]</code><br />
						
            
            <a class="navhash" href="#501">#</a>
						
              <code id="501">     EDGE **ext_bent = (EDGE **) malloc(sizeof(EDGE*) * (num_ext_bent + 1));</code><br />
						
            
            <a class="navhash" href="#502">#</a>
						
              <code id="502">                                 ^</code><br />
						
            
            <a class="navhash" href="#503">#</a>
						
              <code id="503">buckygen.c:12950:9: warning: incompatible implicit declaration of built-in function 'fprintf' [enabled by default]</code><br />
						
            
            <a class="navhash" href="#504">#</a>
						
              <code id="504">         fprintf(stderr, "Error: can't get enough memory\n");</code><br />
						
            
            <a class="navhash" href="#505">#</a>
						
              <code id="505">         ^</code><br />
						
            
            <a class="navhash" href="#506">#</a>
						
              <code id="506">buckygen.c:12950:17: error: 'stderr' undeclared (first use in this function)</code><br />
						
            
            <a class="navhash" href="#507">#</a>
						
              <code id="507">         fprintf(stderr, "Error: can't get enough memory\n");</code><br />
						
            
            <a class="navhash" href="#508">#</a>
						
              <code id="508">                 ^</code><br />
						
            
            <a class="navhash" href="#509">#</a>
						
              <code id="509">buckygen.c:12951:9: warning: incompatible implicit declaration of built-in function 'exit' [enabled by default]</code><br />
						
            
            <a class="navhash" href="#510">#</a>
						
              <code id="510">         exit(1);</code><br />
						
            
            <a class="navhash" href="#511">#</a>
						
              <code id="511">         ^</code><br />
						
            
            <a class="navhash" href="#512">#</a>
						
              <code id="512">buckygen.c:12955:9: warning: incompatible implicit declaration of built-in function 'fprintf' [enabled by default]</code><br />
						
            
            <a class="navhash" href="#513">#</a>
						
              <code id="513">         fprintf(stderr, "Error: can't get enough memory\n");</code><br />
						
            
            <a class="navhash" href="#514">#</a>
						
              <code id="514">         ^</code><br />
						
            
            <a class="navhash" href="#515">#</a>
						
              <code id="515">buckygen.c:12956:9: warning: incompatible implicit declaration of built-in function 'exit' [enabled by default]</code><br />
						
            
            <a class="navhash" href="#516">#</a>
						
              <code id="516">         exit(1);</code><br />
						
            
            <a class="navhash" href="#517">#</a>
						
              <code id="517">         ^</code><br />
						
            
            <a class="navhash" href="#518">#</a>
						
              <code id="518">buckygen.c:12960:9: warning: incompatible implicit declaration of built-in function 'fprintf' [enabled by default]</code><br />
						
            
            <a class="navhash" href="#519">#</a>
						
              <code id="519">         fprintf(stderr, "Error: can't get enough memory\n");</code><br />
						
            
            <a class="navhash" href="#520">#</a>
						
              <code id="520">         ^</code><br />
						
            
            <a class="navhash" href="#521">#</a>
						
              <code id="521">buckygen.c:12961:9: warning: incompatible implicit declaration of built-in function 'exit' [enabled by default]</code><br />
						
            
            <a class="navhash" href="#522">#</a>
						
              <code id="522">         exit(1);</code><br />
						
            
            <a class="navhash" href="#523">#</a>
						
              <code id="523">         ^</code><br />
						
            
            <a class="navhash" href="#524">#</a>
						
              <code id="524">buckygen.c:12965:9: warning: incompatible implicit declaration of built-in function 'fprintf' [enabled by default]</code><br />
						
            
            <a class="navhash" href="#525">#</a>
						
              <code id="525">         fprintf(stderr, "Error: can't get enough memory\n");</code><br />
						
            
            <a class="navhash" href="#526">#</a>
						
              <code id="526">         ^</code><br />
						
            
            <a class="navhash" href="#527">#</a>
						
              <code id="527">buckygen.c:12966:9: warning: incompatible implicit declaration of built-in function 'exit' [enabled by default]</code><br />
						
            
            <a class="navhash" href="#528">#</a>
						
              <code id="528">         exit(1);</code><br />
						
            
            <a class="navhash" href="#529">#</a>
						
              <code id="529">         ^</code><br />
						
            
            <a class="navhash" href="#530">#</a>
						
              <code id="530">buckygen.c:12970:9: warning: incompatible implicit declaration of built-in function 'memcpy' [enabled by default]</code><br />
						
            
            <a class="navhash" href="#531">#</a>
						
              <code id="531">         memcpy(ext_bent, ext_bent_global, sizeof(EDGE *) * num_ext_bent);</code><br />
						
            
            <a class="navhash" href="#532">#</a>
						
              <code id="532">         ^</code><br />
						
            
            <a class="navhash" href="#533">#</a>
						
              <code id="533">buckygen.c:13261:5: warning: incompatible implicit declaration of built-in function 'free' [enabled by default]</code><br />
						
            
            <a class="navhash" href="#534">#</a>
						
              <code id="534">     free(ext_bent);</code><br />
						
            
            <a class="navhash" href="#535">#</a>
						
              <code id="535">     ^</code><br />
						
            
            <a class="navhash" href="#536">#</a>
						
              <code id="536">buckygen.c: In function 'has_lm_path':</code><br />
						
            
            <a class="navhash" href="#537">#</a>
						
              <code id="537">buckygen.c:13472:9: warning: incompatible implicit declaration of built-in function 'fprintf' [enabled by default]</code><br />
						
            
            <a class="navhash" href="#538">#</a>
						
              <code id="538">         fprintf(stderr, "Error: outer_path_length and path_length are different: %d vs %d\n",</code><br />
						
            
            <a class="navhash" href="#539">#</a>
						
              <code id="539">         ^</code><br />
						
            
            <a class="navhash" href="#540">#</a>
						
              <code id="540">buckygen.c:13472:17: error: 'stderr' undeclared (first use in this function)</code><br />
						
            
            <a class="navhash" href="#541">#</a>
						
              <code id="541">         fprintf(stderr, "Error: outer_path_length and path_length are different: %d vs %d\n",</code><br />
						
            
            <a class="navhash" href="#542">#</a>
						
              <code id="542">                 ^</code><br />
						
            
            <a class="navhash" href="#543">#</a>
						
              <code id="543">buckygen.c:13474:9: warning: incompatible implicit declaration of built-in function 'exit' [enabled by default]</code><br />
						
            
            <a class="navhash" href="#544">#</a>
						
              <code id="544">         exit(1);</code><br />
						
            
            <a class="navhash" href="#545">#</a>
						
              <code id="545">         ^</code><br />
						
            
            <a class="navhash" href="#546">#</a>
						
              <code id="546">buckygen.c:13478:9: warning: incompatible implicit declaration of built-in function 'fprintf' [enabled by default]</code><br />
						
            
            <a class="navhash" href="#547">#</a>
						
              <code id="547">         fprintf(stderr, "Error: invalid path length: %d vs %d expected\n", *path_length, (el + m));</code><br />
						
            
            <a class="navhash" href="#548">#</a>
						
              <code id="548">         ^</code><br />
						
            
            <a class="navhash" href="#549">#</a>
						
              <code id="549">buckygen.c:13479:9: warning: incompatible implicit declaration of built-in function 'exit' [enabled by default]</code><br />
						
            
            <a class="navhash" href="#550">#</a>
						
              <code id="550">         exit(1);</code><br />
						
            
            <a class="navhash" href="#551">#</a>
						
              <code id="551">         ^</code><br />
						
            
            <a class="navhash" href="#552">#</a>
						
              <code id="552">buckygen.c: In function 'add_ring_bent':</code><br />
						
            
            <a class="navhash" href="#553">#</a>
						
              <code id="553">buckygen.c:336:5: warning: incompatible implicit declaration of built-in function 'fprintf' [enabled by default]</code><br />
						
            
            <a class="navhash" href="#554">#</a>
						
              <code id="554">    {fprintf(stderr,">E Ran out of edges\n"); exit(1);}</code><br />
						
            
            <a class="navhash" href="#555">#</a>
						
              <code id="555">     ^</code><br />
						
            
            <a class="navhash" href="#556">#</a>
						
              <code id="556">buckygen.c:13506:13: note: in expansion of macro 'NEWEDGE'</code><br />
						
            
            <a class="navhash" href="#557">#</a>
						
              <code id="557">             NEWEDGE(e);</code><br />
						
            
            <a class="navhash" href="#558">#</a>
						
              <code id="558">             ^</code><br />
						
            
            <a class="navhash" href="#559">#</a>
						
              <code id="559">buckygen.c:336:13: error: 'stderr' undeclared (first use in this function)</code><br />
						
            
            <a class="navhash" href="#560">#</a>
						
              <code id="560">    {fprintf(stderr,">E Ran out of edges\n"); exit(1);}</code><br />
						
            
            <a class="navhash" href="#561">#</a>
						
              <code id="561">             ^</code><br />
						
            
            <a class="navhash" href="#562">#</a>
						
              <code id="562">buckygen.c:13506:13: note: in expansion of macro 'NEWEDGE'</code><br />
						
            
            <a class="navhash" href="#563">#</a>
						
              <code id="563">             NEWEDGE(e);</code><br />
						
            
            <a class="navhash" href="#564">#</a>
						
              <code id="564">             ^</code><br />
						
            
            <a class="navhash" href="#565">#</a>
						
              <code id="565">buckygen.c:336:46: warning: incompatible implicit declaration of built-in function 'exit' [enabled by default]</code><br />
						
            
            <a class="navhash" href="#566">#</a>
						
              <code id="566">    {fprintf(stderr,">E Ran out of edges\n"); exit(1);}</code><br />
						
            
            <a class="navhash" href="#567">#</a>
						
              <code id="567">                                              ^</code><br />
						
            
            <a class="navhash" href="#568">#</a>
						
              <code id="568">buckygen.c:13506:13: note: in expansion of macro 'NEWEDGE'</code><br />
						
            
            <a class="navhash" href="#569">#</a>
						
              <code id="569">             NEWEDGE(e);</code><br />
						
            
            <a class="navhash" href="#570">#</a>
						
              <code id="570">             ^</code><br />
						
            
            <a class="navhash" href="#571">#</a>
						
              <code id="571">buckygen.c: In function 'add_ring_bent_dispatch':</code><br />
						
            
            <a class="navhash" href="#572">#</a>
						
              <code id="572">buckygen.c:13805:49: warning: incompatible implicit declaration of built-in function 'malloc' [enabled by default]</code><br />
						
            
            <a class="navhash" href="#573">#</a>
						
              <code id="573">     unsigned char *can_form = (unsigned char *) malloc(sizeof(unsigned char) * codelength);</code><br />
						
            
            <a class="navhash" href="#574">#</a>
						
              <code id="574">                                                 ^</code><br />
						
            
            <a class="navhash" href="#575">#</a>
						
              <code id="575">buckygen.c:13807:9: warning: incompatible implicit declaration of built-in function 'fprintf' [enabled by default]</code><br />
						
            
            <a class="navhash" href="#576">#</a>
						
              <code id="576">         fprintf(stderr, "Error: malloc of can_form failed\n");</code><br />
						
            
            <a class="navhash" href="#577">#</a>
						
              <code id="577">         ^</code><br />
						
            
            <a class="navhash" href="#578">#</a>
						
              <code id="578">buckygen.c:13807:17: error: 'stderr' undeclared (first use in this function)</code><br />
						
            
            <a class="navhash" href="#579">#</a>
						
              <code id="579">         fprintf(stderr, "Error: malloc of can_form failed\n");</code><br />
						
            
            <a class="navhash" href="#580">#</a>
						
              <code id="580">                 ^</code><br />
						
            
            <a class="navhash" href="#581">#</a>
						
              <code id="581">buckygen.c:13808:9: warning: incompatible implicit declaration of built-in function 'exit' [enabled by default]</code><br />
						
            
            <a class="navhash" href="#582">#</a>
						
              <code id="582">         exit(1);</code><br />
						
            
            <a class="navhash" href="#583">#</a>
						
              <code id="583">         ^</code><br />
						
            
            <a class="navhash" href="#584">#</a>
						
              <code id="584">buckygen.c: In function 'add_ring_no_bent':</code><br />
						
            
            <a class="navhash" href="#585">#</a>
						
              <code id="585">buckygen.c:336:5: warning: incompatible implicit declaration of built-in function 'fprintf' [enabled by default]</code><br />
						
            
            <a class="navhash" href="#586">#</a>
						
              <code id="586">    {fprintf(stderr,">E Ran out of edges\n"); exit(1);}</code><br />
						
            
            <a class="navhash" href="#587">#</a>
						
              <code id="587">     ^</code><br />
						
            
            <a class="navhash" href="#588">#</a>
						
              <code id="588">buckygen.c:13867:13: note: in expansion of macro 'NEWEDGE'</code><br />
						
            
            <a class="navhash" href="#589">#</a>
						
              <code id="589">             NEWEDGE(e);</code><br />
						
            
            <a class="navhash" href="#590">#</a>
						
              <code id="590">             ^</code><br />
						
            
            <a class="navhash" href="#591">#</a>
						
              <code id="591">buckygen.c:336:13: error: 'stderr' undeclared (first use in this function)</code><br />
						
            
            <a class="navhash" href="#592">#</a>
						
              <code id="592">    {fprintf(stderr,">E Ran out of edges\n"); exit(1);}</code><br />
						
            
            <a class="navhash" href="#593">#</a>
						
              <code id="593">             ^</code><br />
						
            
            <a class="navhash" href="#594">#</a>
						
              <code id="594">buckygen.c:13867:13: note: in expansion of macro 'NEWEDGE'</code><br />
						
            
            <a class="navhash" href="#595">#</a>
						
              <code id="595">             NEWEDGE(e);</code><br />
						
            
            <a class="navhash" href="#596">#</a>
						
              <code id="596">             ^</code><br />
						
            
            <a class="navhash" href="#597">#</a>
						
              <code id="597">buckygen.c:336:46: warning: incompatible implicit declaration of built-in function 'exit' [enabled by default]</code><br />
						
            
            <a class="navhash" href="#598">#</a>
						
              <code id="598">    {fprintf(stderr,">E Ran out of edges\n"); exit(1);}</code><br />
						
            
            <a class="navhash" href="#599">#</a>
						
              <code id="599">                                              ^</code><br />
						
            
            <a class="navhash" href="#600">#</a>
						
              <code id="600">buckygen.c:13867:13: note: in expansion of macro 'NEWEDGE'</code><br />
						
            
            <a class="navhash" href="#601">#</a>
						
              <code id="601">             NEWEDGE(e);</code><br />
						
            
            <a class="navhash" href="#602">#</a>
						
              <code id="602">             ^</code><br />
						
            
            <a class="navhash" href="#603">#</a>
						
              <code id="603">buckygen.c: In function 'add_ring_no_bent_dispatch':</code><br />
						
            
            <a class="navhash" href="#604">#</a>
						
              <code id="604">buckygen.c:14020:53: warning: incompatible implicit declaration of built-in function 'malloc' [enabled by default]</code><br />
						
            
            <a class="navhash" href="#605">#</a>
						
              <code id="605">         unsigned char *can_form = (unsigned char *) malloc(sizeof(unsigned char) * codelength);</code><br />
						
            
            <a class="navhash" href="#606">#</a>
						
              <code id="606">                                                     ^</code><br />
						
            
            <a class="navhash" href="#607">#</a>
						
              <code id="607">buckygen.c:14022:13: warning: incompatible implicit declaration of built-in function 'fprintf' [enabled by default]</code><br />
						
            
            <a class="navhash" href="#608">#</a>
						
              <code id="608">             fprintf(stderr, "Error: malloc of can_form failed\n");</code><br />
						
            
            <a class="navhash" href="#609">#</a>
						
              <code id="609">             ^</code><br />
						
            
            <a class="navhash" href="#610">#</a>
						
              <code id="610">buckygen.c:14022:21: error: 'stderr' undeclared (first use in this function)</code><br />
						
            
            <a class="navhash" href="#611">#</a>
						
              <code id="611">             fprintf(stderr, "Error: malloc of can_form failed\n");</code><br />
						
            
            <a class="navhash" href="#612">#</a>
						
              <code id="612">                     ^</code><br />
						
            
            <a class="navhash" href="#613">#</a>
						
              <code id="613">buckygen.c:14023:13: warning: incompatible implicit declaration of built-in function 'exit' [enabled by default]</code><br />
						
            
            <a class="navhash" href="#614">#</a>
						
              <code id="614">             exit(1);</code><br />
						
            
            <a class="navhash" href="#615">#</a>
						
              <code id="615">             ^</code><br />
						
            
            <a class="navhash" href="#616">#</a>
						
              <code id="616">buckygen.c: In function 'scansimple_and_add_ring':</code><br />
						
            
            <a class="navhash" href="#617">#</a>
						
              <code id="617">buckygen.c:14126:9: warning: incompatible implicit declaration of built-in function 'fprintf' [enabled by default]</code><br />
						
            
            <a class="navhash" href="#618">#</a>
						
              <code id="618">         fprintf(stderr, "Error: no %d,0 boundary found\n", RINGSIZE_5_0);</code><br />
						
            
            <a class="navhash" href="#619">#</a>
						
              <code id="619">         ^</code><br />
						
            
            <a class="navhash" href="#620">#</a>
						
              <code id="620">buckygen.c:14126:17: error: 'stderr' undeclared (first use in this function)</code><br />
						
            
            <a class="navhash" href="#621">#</a>
						
              <code id="621">         fprintf(stderr, "Error: no %d,0 boundary found\n", RINGSIZE_5_0);</code><br />
						
            
            <a class="navhash" href="#622">#</a>
						
              <code id="622">                 ^</code><br />
						
            
            <a class="navhash" href="#623">#</a>
						
              <code id="623">buckygen.c:14127:9: warning: incompatible implicit declaration of built-in function 'exit' [enabled by default]</code><br />
						
            
            <a class="navhash" href="#624">#</a>
						
              <code id="624">         exit(1);</code><br />
						
            
            <a class="navhash" href="#625">#</a>
						
              <code id="625">         ^</code><br />
						
            
            <a class="navhash" href="#626">#</a>
						
              <code id="626">buckygen.c: In function 'add_rings_irreducible_ipr':</code><br />
						
            
            <a class="navhash" href="#627">#</a>
						
              <code id="627">buckygen.c:14237:9: warning: incompatible implicit declaration of built-in function 'fprintf' [enabled by default]</code><br />
						
            
            <a class="navhash" href="#628">#</a>
						
              <code id="628">         fprintf(stderr, "Error: no boundary of an irreducible cap found!\n");</code><br />
						
            
            <a class="navhash" href="#629">#</a>
						
              <code id="629">         ^</code><br />
						
            
            <a class="navhash" href="#630">#</a>
						
              <code id="630">buckygen.c:14237:17: error: 'stderr' undeclared (first use in this function)</code><br />
						
            
            <a class="navhash" href="#631">#</a>
						
              <code id="631">         fprintf(stderr, "Error: no boundary of an irreducible cap found!\n");</code><br />
						
            
            <a class="navhash" href="#632">#</a>
						
              <code id="632">                 ^</code><br />
						
            
            <a class="navhash" href="#633">#</a>
						
              <code id="633">buckygen.c:14238:9: warning: incompatible implicit declaration of built-in function 'exit' [enabled by default]</code><br />
						
            
            <a class="navhash" href="#634">#</a>
						
              <code id="634">         exit(1);</code><br />
						
            
            <a class="navhash" href="#635">#</a>
						
              <code id="635">         ^</code><br />
						
            
            <a class="navhash" href="#636">#</a>
						
              <code id="636">buckygen.c: In function 'check_switch':</code><br />
						
            
            <a class="navhash" href="#637">#</a>
						
              <code id="637">buckygen.c:14279:2: warning: incompatible implicit declaration of built-in function 'fprintf' [enabled by default]</code><br />
						
            
            <a class="navhash" href="#638">#</a>
						
              <code id="638">  fprintf(stderr,">E %s:  -%c is not permitted\n",cmdname,sw);</code><br />
						
            
            <a class="navhash" href="#639">#</a>
						
              <code id="639">  ^</code><br />
						
            
            <a class="navhash" href="#640">#</a>
						
              <code id="640">buckygen.c:14279:10: error: 'stderr' undeclared (first use in this function)</code><br />
						
            
            <a class="navhash" href="#641">#</a>
						
              <code id="641">  fprintf(stderr,">E %s:  -%c is not permitted\n",cmdname,sw);</code><br />
						
            
            <a class="navhash" href="#642">#</a>
						
              <code id="642">          ^</code><br />
						
            
            <a class="navhash" href="#643">#</a>
						
              <code id="643">buckygen.c:14280:2: warning: incompatible implicit declaration of built-in function 'exit' [enabled by default]</code><br />
						
            
            <a class="navhash" href="#644">#</a>
						
              <code id="644">  exit(1);</code><br />
						
            
            <a class="navhash" href="#645">#</a>
						
              <code id="645">  ^</code><br />
						
            
            <a class="navhash" href="#646">#</a>
						
              <code id="646">buckygen.c: In function 'decode_command_line':</code><br />
						
            
            <a class="navhash" href="#647">#</a>
						
              <code id="647">buckygen.c:14307:33: warning: incompatible implicit declaration of built-in function 'fprintf' [enabled by default]</code><br />
						
            
            <a class="navhash" href="#648">#</a>
						
              <code id="648">     for (i = 0; i < argc ; ++i) fprintf(stderr,"%s ",argv[i]);</code><br />
						
            
            <a class="navhash" href="#649">#</a>
						
              <code id="649">                                 ^</code><br />
						
            
            <a class="navhash" href="#650">#</a>
						
              <code id="650">buckygen.c:14307:41: error: 'stderr' undeclared (first use in this function)</code><br />
						
            
            <a class="navhash" href="#651">#</a>
						
              <code id="651">     for (i = 0; i < argc ; ++i) fprintf(stderr,"%s ",argv[i]);</code><br />
						
            
            <a class="navhash" href="#652">#</a>
						
              <code id="652">                                         ^</code><br />
						
            
            <a class="navhash" href="#653">#</a>
						
              <code id="653">buckygen.c:14377:7: warning: incompatible implicit declaration of built-in function 'exit' [enabled by default]</code><br />
						
            
            <a class="navhash" href="#654">#</a>
						
              <code id="654">       exit(1);</code><br />
						
            
            <a class="navhash" href="#655">#</a>
						
              <code id="655">       ^</code><br />
						
            
            <a class="navhash" href="#656">#</a>
						
              <code id="656">buckygen.c:14390:22: warning: incompatible implicit declaration of built-in function 'sscanf' [enabled by default]</code><br />
						
            
            <a class="navhash" href="#657">#</a>
						
              <code id="657">             else if (sscanf(arg,"%d/%d",&ares,&amod) == 2)</code><br />
						
            
            <a class="navhash" href="#658">#</a>
						
              <code id="658">                      ^</code><br />
						
            
            <a class="navhash" href="#659">#</a>
						
              <code id="659">buckygen.c:14407:9: warning: incompatible implicit declaration of built-in function 'exit' [enabled by default]</code><br />
						
            
            <a class="navhash" href="#660">#</a>
						
              <code id="660">         exit(1);</code><br />
						
            
            <a class="navhash" href="#661">#</a>
						
              <code id="661">         ^</code><br />
						
            
            <a class="navhash" href="#662">#</a>
						
              <code id="662">buckygen.c:14413:9: warning: incompatible implicit declaration of built-in function 'exit' [enabled by default]</code><br />
						
            
            <a class="navhash" href="#663">#</a>
						
              <code id="663">         exit(1);</code><br />
						
            
            <a class="navhash" href="#664">#</a>
						
              <code id="664">         ^</code><br />
						
            
            <a class="navhash" href="#665">#</a>
						
              <code id="665">buckygen.c: In function 'open_output_file':</code><br />
						
            
            <a class="navhash" href="#666">#</a>
						
              <code id="666">buckygen.c:14477:9: warning: incompatible implicit declaration of built-in function 'fprintf' [enabled by default]</code><br />
						
            
            <a class="navhash" href="#667">#</a>
						
              <code id="667">         fprintf(stderr,">E %s: -a, -g, -s, -u are incompatible\n",cmdname);</code><br />
						
            
            <a class="navhash" href="#668">#</a>
						
              <code id="668">         ^</code><br />
						
            
            <a class="navhash" href="#669">#</a>
						
              <code id="669">buckygen.c:14477:17: error: 'stderr' undeclared (first use in this function)</code><br />
						
            
            <a class="navhash" href="#670">#</a>
						
              <code id="670">         fprintf(stderr,">E %s: -a, -g, -s, -u are incompatible\n",cmdname);</code><br />
						
            
            <a class="navhash" href="#671">#</a>
						
              <code id="671">                 ^</code><br />
						
            
            <a class="navhash" href="#672">#</a>
						
              <code id="672">buckygen.c:14478:9: warning: incompatible implicit declaration of built-in function 'exit' [enabled by default]</code><br />
						
            
            <a class="navhash" href="#673">#</a>
						
              <code id="673">         exit(1);</code><br />
						
            
            <a class="navhash" href="#674">#</a>
						
              <code id="674">         ^</code><br />
						
            
            <a class="navhash" href="#675">#</a>
						
              <code id="675">buckygen.c:14489:13: warning: incompatible implicit declaration of built-in function 'fprintf' [enabled by default]</code><br />
						
            
            <a class="navhash" href="#676">#</a>
						
              <code id="676">             fprintf(stderr,">E %s: n is too large for that output format\n",</code><br />
						
            
            <a class="navhash" href="#677">#</a>
						
              <code id="677">             ^</code><br />
						
            
            <a class="navhash" href="#678">#</a>
						
              <code id="678">buckygen.c:14491:13: warning: incompatible implicit declaration of built-in function 'exit' [enabled by default]</code><br />
						
            
            <a class="navhash" href="#679">#</a>
						
              <code id="679">             exit(1);</code><br />
						
            
            <a class="navhash" href="#680">#</a>
						
              <code id="680">             ^</code><br />
						
            
            <a class="navhash" href="#681">#</a>
						
              <code id="681">buckygen.c:14499:19: error: 'stdout' undeclared (first use in this function)</code><br />
						
            
            <a class="navhash" href="#682">#</a>
						
              <code id="682">         outfile = stdout;</code><br />
						
            
            <a class="navhash" href="#683">#</a>
						
              <code id="683">                   ^</code><br />
						
            
            <a class="navhash" href="#684">#</a>
						
              <code id="684">buckygen.c:14501:23: warning: assignment makes pointer from integer without a cast [enabled by default]</code><br />
						
            
            <a class="navhash" href="#685">#</a>
						
              <code id="685">     else if ((outfile = fopen(outfilename,</code><br />
						
            
            <a class="navhash" href="#686">#</a>
						
              <code id="686">                       ^</code><br />
						
            
            <a class="navhash" href="#687">#</a>
						
              <code id="687">buckygen.c:14504:9: warning: incompatible implicit declaration of built-in function 'fprintf' [enabled by default]</code><br />
						
            
            <a class="navhash" href="#688">#</a>
						
              <code id="688">         fprintf(stderr,</code><br />
						
            
            <a class="navhash" href="#689">#</a>
						
              <code id="689">         ^</code><br />
						
            
            <a class="navhash" href="#690">#</a>
						
              <code id="690">buckygen.c:14507:9: warning: incompatible implicit declaration of built-in function 'exit' [enabled by default]</code><br />
						
            
            <a class="navhash" href="#691">#</a>
						
              <code id="691">         exit(1);</code><br />
						
            
            <a class="navhash" href="#692">#</a>
						
              <code id="692">         ^</code><br />
						
            
            <a class="navhash" href="#693">#</a>
						
              <code id="693">buckygen.c:14511:9: error: 'write_graph' undeclared (first use in this function)</code><br />
						
            
            <a class="navhash" href="#694">#</a>
						
              <code id="694">         write_graph = write_dual_graph = write_digits;</code><br />
						
            
            <a class="navhash" href="#695">#</a>
						
              <code id="695">         ^</code><br />
						
            
            <a class="navhash" href="#696">#</a>
						
              <code id="696">buckygen.c:14511:23: error: 'write_dual_graph' undeclared (first use in this function)</code><br />
						
            
            <a class="navhash" href="#697">#</a>
						
              <code id="697">         write_graph = write_dual_graph = write_digits;</code><br />
						
            
            <a class="navhash" href="#698">#</a>
						
              <code id="698">                       ^</code><br />
						
            
            <a class="navhash" href="#699">#</a>
						
              <code id="699">buckygen.c:14511:42: error: 'write_digits' undeclared (first use in this function)</code><br />
						
            
            <a class="navhash" href="#700">#</a>
						
              <code id="700">         write_graph = write_dual_graph = write_digits;</code><br />
						
            
            <a class="navhash" href="#701">#</a>
						
              <code id="701">                                          ^</code><br />
						
            
            <a class="navhash" href="#702">#</a>
						
              <code id="702">buckygen.c:14514:23: error: 'write_alpha' undeclared (first use in this function)</code><br />
						
            
            <a class="navhash" href="#703">#</a>
						
              <code id="703">         write_graph = write_alpha;</code><br />
						
            
            <a class="navhash" href="#704">#</a>
						
              <code id="704">                       ^</code><br />
						
            
            <a class="navhash" href="#705">#</a>
						
              <code id="705">buckygen.c:14515:28: error: 'write_dual_alpha' undeclared (first use in this function)</code><br />
						
            
            <a class="navhash" href="#706">#</a>
						
              <code id="706">         write_dual_graph = write_dual_alpha;</code><br />
						
            
            <a class="navhash" href="#707">#</a>
						
              <code id="707">                            ^</code><br />
						
            
            <a class="navhash" href="#708">#</a>
						
              <code id="708">buckygen.c:14519:23: error: 'write_graph6' undeclared (first use in this function)</code><br />
						
            
            <a class="navhash" href="#709">#</a>
						
              <code id="709">         write_graph = write_graph6;</code><br />
						
            
            <a class="navhash" href="#710">#</a>
						
              <code id="710">                       ^</code><br />
						
            
            <a class="navhash" href="#711">#</a>
						
              <code id="711">buckygen.c:14520:28: error: 'write_dual_graph6' undeclared (first use in this function)</code><br />
						
            
            <a class="navhash" href="#712">#</a>
						
              <code id="712">         write_dual_graph = write_dual_graph6;</code><br />
						
            
            <a class="navhash" href="#713">#</a>
						
              <code id="713">                            ^</code><br />
						
            
            <a class="navhash" href="#714">#</a>
						
              <code id="714">buckygen.c:14524:23: error: 'write_sparse6' undeclared (first use in this function)</code><br />
						
            
            <a class="navhash" href="#715">#</a>
						
              <code id="715">         write_graph = write_sparse6;</code><br />
						
            
            <a class="navhash" href="#716">#</a>
						
              <code id="716">                       ^</code><br />
						
            
            <a class="navhash" href="#717">#</a>
						
              <code id="717">buckygen.c:14525:28: error: 'write_dual_sparse6' undeclared (first use in this function)</code><br />
						
            
            <a class="navhash" href="#718">#</a>
						
              <code id="718">         write_dual_graph = write_dual_sparse6;</code><br />
						
            
            <a class="navhash" href="#719">#</a>
						
              <code id="719">                            ^</code><br />
						
            
            <a class="navhash" href="#720">#</a>
						
              <code id="720">buckygen.c:14529:23: error: 'write_planar_code' undeclared (first use in this function)</code><br />
						
            
            <a class="navhash" href="#721">#</a>
						
              <code id="721">         write_graph = write_planar_code;</code><br />
						
            
            <a class="navhash" href="#722">#</a>
						
              <code id="722">                       ^</code><br />
						
            
            <a class="navhash" href="#723">#</a>
						
              <code id="723">buckygen.c:14530:28: error: 'write_dual_planar_code' undeclared (first use in this function)</code><br />
						
            
            <a class="navhash" href="#724">#</a>
						
              <code id="724">         write_dual_graph = write_dual_planar_code;</code><br />
						
            
            <a class="navhash" href="#725">#</a>
						
              <code id="725">                            ^</code><br />
						
            
            <a class="navhash" href="#726">#</a>
						
              <code id="726">buckygen.c: In function 'make_outputfiles_spirals':</code><br />
						
            
            <a class="navhash" href="#727">#</a>
						
              <code id="727">buckygen.c:14543:5: warning: incompatible implicit declaration of built-in function 'sprintf' [enabled by default]</code><br />
						
            
            <a class="navhash" href="#728">#</a>
						
              <code id="728">     sprintf(no_penta_spiral_filename, "No_pentagon_spiral_%d", maxnv);</code><br />
						
            
            <a class="navhash" href="#729">#</a>
						
              <code id="729">     ^</code><br />
						
            
            <a class="navhash" href="#730">#</a>
						
              <code id="730">buckygen.c:14549:9: warning: incompatible implicit declaration of built-in function 'strcat' [enabled by default]</code><br />
						
            
            <a class="navhash" href="#731">#</a>
						
              <code id="731">         strcat(no_penta_spiral_filename, strbuffer);</code><br />
						
            
            <a class="navhash" href="#732">#</a>
						
              <code id="732">         ^</code><br />
						
            
            <a class="navhash" href="#733">#</a>
						
              <code id="733">buckygen.c:14555:9: warning: incompatible implicit declaration of built-in function 'strcat' [enabled by default]</code><br />
						
            
            <a class="navhash" href="#734">#</a>
						
              <code id="734">         strcat(no_penta_spiral_filename, strbuffer);</code><br />
						
            
            <a class="navhash" href="#735">#</a>
						
              <code id="735">         ^</code><br />
						
            
            <a class="navhash" href="#736">#</a>
						
              <code id="736">buckygen.c:14561:9: warning: incompatible implicit declaration of built-in function 'strcat' [enabled by default]</code><br />
						
            
            <a class="navhash" href="#737">#</a>
						
              <code id="737">         strcat(no_penta_spiral_filename, strbuffer);</code><br />
						
            
            <a class="navhash" href="#738">#</a>
						
              <code id="738">         ^</code><br />
						
            
            <a class="navhash" href="#739">#</a>
						
              <code id="739">buckygen.c: In function 'simple_dispatch':</code><br />
						
            
            <a class="navhash" href="#740">#</a>
						
              <code id="740">buckygen.c:622:4: warning: incompatible implicit declaration of built-in function 'fprintf' [enabled by default]</code><br />
						
            
            <a class="navhash" href="#741">#</a>
						
              <code id="741">   {fprintf(stderr,">E %s: the value of %s must be ",cmdname,varname); \</code><br />
						
            
            <a class="navhash" href="#742">#</a>
						
              <code id="742">    ^</code><br />
						
            
            <a class="navhash" href="#743">#</a>
						
              <code id="743">buckygen.c:14577:5: note: in expansion of macro 'CHECKRANGE'</code><br />
						
            
            <a class="navhash" href="#744">#</a>
						
              <code id="744">     CHECKRANGE(maxnv,"n",startingsize,MAXN);</code><br />
						
            
            <a class="navhash" href="#745">#</a>
						
              <code id="745">     ^</code><br />
						
            
            <a class="navhash" href="#746">#</a>
						
              <code id="746">buckygen.c:622:12: error: 'stderr' undeclared (first use in this function)</code><br />
						
            
            <a class="navhash" href="#747">#</a>
						
              <code id="747">   {fprintf(stderr,">E %s: the value of %s must be ",cmdname,varname); \</code><br />
						
            
            <a class="navhash" href="#748">#</a>
						
              <code id="748">            ^</code><br />
						
            
            <a class="navhash" href="#749">#</a>
						
              <code id="749">buckygen.c:14577:5: note: in expansion of macro 'CHECKRANGE'</code><br />
						
            
            <a class="navhash" href="#750">#</a>
						
              <code id="750">     CHECKRANGE(maxnv,"n",startingsize,MAXN);</code><br />
						
            
            <a class="navhash" href="#751">#</a>
						
              <code id="751">     ^</code><br />
						
            
            <a class="navhash" href="#752">#</a>
						
              <code id="752">buckygen.c:625:5: warning: incompatible implicit declaration of built-in function 'exit' [enabled by default]</code><br />
						
            
            <a class="navhash" href="#753">#</a>
						
              <code id="753">     exit(1);}</code><br />
						
            
            <a class="navhash" href="#754">#</a>
						
              <code id="754">     ^</code><br />
						
            
            <a class="navhash" href="#755">#</a>
						
              <code id="755">buckygen.c:14577:5: note: in expansion of macro 'CHECKRANGE'</code><br />
						
            
            <a class="navhash" href="#756">#</a>
						
              <code id="756">     CHECKRANGE(maxnv,"n",startingsize,MAXN);</code><br />
						
            
            <a class="navhash" href="#757">#</a>
						
              <code id="757">     ^</code><br />
						
            
            <a class="navhash" href="#758">#</a>
						
              <code id="758">buckygen.c:14581:13: warning: incompatible implicit declaration of built-in function 'fprintf' [enabled by default]</code><br />
						
            
            <a class="navhash" href="#759">#</a>
						
              <code id="759">             fprintf(stderr, ">E %s: start value is %d, but must be %d <= start < %d\n", cmdname, start_output, startingsize, maxnv);</code><br />
						
            
            <a class="navhash" href="#760">#</a>
						
              <code id="760">             ^</code><br />
						
            
            <a class="navhash" href="#761">#</a>
						
              <code id="761">buckygen.c:14582:13: warning: incompatible implicit declaration of built-in function 'exit' [enabled by default]</code><br />
						
            
            <a class="navhash" href="#762">#</a>
						
              <code id="762">             exit(1);</code><br />
						
            
            <a class="navhash" href="#763">#</a>
						
              <code id="763">             ^</code><br />
						
            
            <a class="navhash" href="#764">#</a>
						
              <code id="764">buckygen.c:14591:5: warning: incompatible implicit declaration of built-in function 'strcpy' [enabled by default]</code><br />
						
            
            <a class="navhash" href="#765">#</a>
						
              <code id="765">     strcpy(outtypename,"fullerenes");</code><br />
						
            
            <a class="navhash" href="#766">#</a>
						
              <code id="766">     ^</code><br />
						
            
            <a class="navhash" href="#767">#</a>
						
              <code id="767">buckygen.c:14607:9: warning: incompatible implicit declaration of built-in function 'fprintf' [enabled by default]</code><br />
						
            
            <a class="navhash" href="#768">#</a>
						
              <code id="768">         fprintf(stderr, "Splitlevel is %d\n", splitlevel);</code><br />
						
            
            <a class="navhash" href="#769">#</a>
						
              <code id="769">         ^</code><br />
						
            
            <a class="navhash" href="#770">#</a>
						
              <code id="770">buckygen.c:14620:37: warning: incompatible implicit declaration of built-in function 'malloc' [enabled by default]</code><br />
						
            
            <a class="navhash" href="#771">#</a>
						
              <code id="771">         ext_bent_global = (EDGE **) malloc(sizeof(EDGE*) * DEFAULT_MAX_EXT_BENT_SIZE);</code><br />
						
            
            <a class="navhash" href="#772">#</a>
						
              <code id="772">                                     ^</code><br />
						
            
            <a class="navhash" href="#773">#</a>
						
              <code id="773">buckygen.c:14622:13: warning: incompatible implicit declaration of built-in function 'fprintf' [enabled by default]</code><br />
						
            
            <a class="navhash" href="#774">#</a>
						
              <code id="774">             fprintf(stderr, "Error: can't get enough memory\n");</code><br />
						
            
            <a class="navhash" href="#775">#</a>
						
              <code id="775">             ^</code><br />
						
            
            <a class="navhash" href="#776">#</a>
						
              <code id="776">buckygen.c:14623:13: warning: incompatible implicit declaration of built-in function 'exit' [enabled by default]</code><br />
						
            
            <a class="navhash" href="#777">#</a>
						
              <code id="777">             exit(1);</code><br />
						
            
            <a class="navhash" href="#778">#</a>
						
              <code id="778">             ^</code><br />
						
            
            <a class="navhash" href="#779">#</a>
						
              <code id="779">buckygen.c:14627:13: warning: incompatible implicit declaration of built-in function 'fprintf' [enabled by default]</code><br />
						
            
            <a class="navhash" href="#780">#</a>
						
              <code id="780">             fprintf(stderr, "Error: can't get enough memory\n");</code><br />
						
            
            <a class="navhash" href="#781">#</a>
						
              <code id="781">             ^</code><br />
						
            
            <a class="navhash" href="#782">#</a>
						
              <code id="782">buckygen.c:14628:13: warning: incompatible implicit declaration of built-in function 'exit' [enabled by default]</code><br />
						
            
            <a class="navhash" href="#783">#</a>
						
              <code id="783">             exit(1);</code><br />
						
            
            <a class="navhash" href="#784">#</a>
						
              <code id="784">             ^</code><br />
						
            
            <a class="navhash" href="#785">#</a>
						
              <code id="785">buckygen.c:14632:13: warning: incompatible implicit declaration of built-in function 'fprintf' [enabled by default]</code><br />
						
            
            <a class="navhash" href="#786">#</a>
						
              <code id="786">             fprintf(stderr, "Error: can't get enough memory\n");</code><br />
						
            
            <a class="navhash" href="#787">#</a>
						
              <code id="787">             ^</code><br />
						
            
            <a class="navhash" href="#788">#</a>
						
              <code id="788">buckygen.c:14633:13: warning: incompatible implicit declaration of built-in function 'exit' [enabled by default]</code><br />
						
            
            <a class="navhash" href="#789">#</a>
						
              <code id="789">             exit(1);</code><br />
						
            
            <a class="navhash" href="#790">#</a>
						
              <code id="790">             ^</code><br />
						
            
            <a class="navhash" href="#791">#</a>
						
              <code id="791">buckygen.c:14637:13: warning: incompatible implicit declaration of built-in function 'fprintf' [enabled by default]</code><br />
						
            
            <a class="navhash" href="#792">#</a>
						
              <code id="792">             fprintf(stderr, "Error: can't get enough memory\n");</code><br />
						
            
            <a class="navhash" href="#793">#</a>
						
              <code id="793">             ^</code><br />
						
            
            <a class="navhash" href="#794">#</a>
						
              <code id="794">buckygen.c:14638:13: warning: incompatible implicit declaration of built-in function 'exit' [enabled by default]</code><br />
						
            
            <a class="navhash" href="#795">#</a>
						
              <code id="795">             exit(1);</code><br />
						
            
            <a class="navhash" href="#796">#</a>
						
              <code id="796">             ^</code><br />
						
            
            <a class="navhash" href="#797">#</a>
						
              <code id="797">buckygen.c:14677:9: warning: incompatible implicit declaration of built-in function 'free' [enabled by default]</code><br />
						
            
            <a class="navhash" href="#798">#</a>
						
              <code id="798">         free(ext_bent_global);</code><br />
						
            
            <a class="navhash" href="#799">#</a>
						
              <code id="799">         ^</code><br />
						
            
            <a class="navhash" href="#800">#</a>
						
              <code id="800">buckygen.c: In function 'main':</code><br />
						
            
            <a class="navhash" href="#801">#</a>
						
              <code id="801">buckygen.c:14767:16: error: storage size of 'timestruct0' isn't known</code><br />
						
            
            <a class="navhash" href="#802">#</a>
						
              <code id="802">     struct tms timestruct0,timestruct1;</code><br />
						
            
            <a class="navhash" href="#803">#</a>
						
              <code id="803">                ^</code><br />
						
            
            <a class="navhash" href="#804">#</a>
						
              <code id="804">buckygen.c:14767:28: error: storage size of 'timestruct1' isn't known</code><br />
						
            
            <a class="navhash" href="#805">#</a>
						
              <code id="805">     struct tms timestruct0,timestruct1;</code><br />
						
            
            <a class="navhash" href="#806">#</a>
						
              <code id="806">                            ^</code><br />
						
            
            <a class="navhash" href="#807">#</a>
						
              <code id="807">buckygen.c:14775:2: warning: incompatible implicit declaration of built-in function 'fprintf' [enabled by default]</code><br />
						
            
            <a class="navhash" href="#808">#</a>
						
              <code id="808">  fprintf(stderr,"Buckygen version %s\n",VERSION);</code><br />
						
            
            <a class="navhash" href="#809">#</a>
						
              <code id="809">  ^</code><br />
						
            
            <a class="navhash" href="#810">#</a>
						
              <code id="810">buckygen.c:14775:10: error: 'stderr' undeclared (first use in this function)</code><br />
						
            
            <a class="navhash" href="#811">#</a>
						
              <code id="811">  fprintf(stderr,"Buckygen version %s\n",VERSION);</code><br />
						
            
            <a class="navhash" href="#812">#</a>
						
              <code id="812">          ^</code><br />
						
            
            <a class="navhash" href="#813">#</a>
						
              <code id="813">buckygen.c:14838:17: warning: incompatible implicit declaration of built-in function 'fprintf' [enabled by default]</code><br />
						
            
            <a class="navhash" href="#814">#</a>
						
              <code id="814">                 fprintf(stderr, "Number of fullerenes with %d vertices which do not have a spiral starting at a pentagon: %llu\n", i, number_without_pentagon_spiral[i]);</code><br />
						
            
            <a class="navhash" href="#815">#</a>
						
              <code id="815">                 ^</code><br />
						
            
            <a class="navhash" href="#816">#</a>
						
              <code id="816">buckygen.c:14845:9: warning: incompatible implicit declaration of built-in function 'fprintf' [enabled by default]</code><br />
						
            
            <a class="navhash" href="#817">#</a>
						
              <code id="817">         fprintf(stderr, "Number of fullerenes generated with %d vertices: ", i);</code><br />
						
            
            <a class="navhash" href="#818">#</a>
						
              <code id="818">         ^</code><br />
						
            
            <a class="navhash" href="#819">#</a>
						
              <code id="819">buckygen.c:407:2: warning: incompatible implicit declaration of built-in function 'fprintf' [enabled by default]</code><br />
						
            
            <a class="navhash" href="#820">#</a>
						
              <code id="820">  fprintf(file,"%ld",big.lo); else fprintf(file,"%ld%09ld",big.hi,big.lo)</code><br />
						
            
            <a class="navhash" href="#821">#</a>
						
              <code id="821">  ^</code><br />
						
            
            <a class="navhash" href="#822">#</a>
						
              <code id="822">buckygen.c:14867:2: note: in expansion of macro 'PRINTBIG'</code><br />
						
            
            <a class="navhash" href="#823">#</a>
						
              <code id="823">  PRINTBIG(msgfile,totalout);</code><br />
						
            
            <a class="navhash" href="#824">#</a>
						
              <code id="824">  ^</code><br />
						
            
            <a class="navhash" href="#825">#</a>
						
              <code id="825">buckygen.c:407:2: warning: incompatible implicit declaration of built-in function 'fprintf' [enabled by default]</code><br />
						
            
            <a class="navhash" href="#826">#</a>
						
              <code id="826">  fprintf(file,"%ld",big.lo); else fprintf(file,"%ld%09ld",big.hi,big.lo)</code><br />
						
            
            <a class="navhash" href="#827">#</a>
						
              <code id="827">  ^</code><br />
						
            
            <a class="navhash" href="#828">#</a>
						
              <code id="828">buckygen.c:14871:5: note: in expansion of macro 'PRINTBIG'</code><br />
						
            
            <a class="navhash" href="#829">#</a>
						
              <code id="829">     PRINTBIG(msgfile,(oswitch ? totalout_op : totalout));</code><br />
						
            
            <a class="navhash" href="#830">#</a>
						
              <code id="830">     ^</code><br />
						
            
            <a class="navhash" href="#831">#</a>
						
              <code id="831">make: *** [makefile:12: buckygen] Error 1</code><br />
						
            
            <a class="navhash" href="#832">#</a>
						
              <code id="832">==> ERROR: A failure occurred in build().</code><br />
						
            
            <a class="navhash" href="#833">#</a>
						
              <code id="833">    Aborting...</code><br />
						
            
          </div>
        
      </div>
      <br />
    
  </body>
</html>