<!DOCTYPE html>
<html>
<!-- Jinja template for reports of individual builds

  Copyright 2016 Kareem Khazem. All Rights Reserved.
  Licensed under the Apache License, Version 2.0 (the "License");
  you may not use this file except in compliance with the License.
  You may obtain a copy of the License at

 		 http://www.apache.org/licenses/LICENSE-2.0

  Unless required by applicable law or agreed to in writing, software
  distributed under the License is distributed on an "AS IS" BASIS,
  WITHOUT WARRANTIES OR CONDITIONS OF ANY KIND, either express or
  implied.
  See the License for the specific language governing permissions and
  limitations under the License.
-->
  <head>
    <meta charset="UTF-8">
    <title>android/ddrescue</title>
    <link href='https://fonts.googleapis.com/css?family=Roboto:400,900'
          rel='stylesheet' type='text/css'>
    <link
    href='https://fonts.googleapis.com/css?family=Source+Code+Pro:400,700'
          rel='stylesheet' type='text/css'>
    <link href="../style.css" type="text/css" rel="stylesheet">
  </head>
  <body>
    <h1>Build of ddrescue
        with <a href="../index.html">android</a>
        toolchain</h1>
    <p>The build took 00h 01m 11s and was
    NOT successful.</p>
    <p>
    The program in this build is written in the following languages,
    according to <a
    href="http://www.dwheeler.com/sloccount/">sloccount</a>:
    </p>
    <table>
      <tr><th>SLOC</th><th>Language</th></tr>
      
      <tr><td class="loc"><code>4,495</code></td>
          <td class="lang">cpp</td></tr>
      <tr><td class="loc"><code>607</code></td>
          <td class="lang">sh</td></tr>
      <tr><td class="loc"><code>139</code></td>
          <td class="lang">makefile</td></tr>
      <tr><td><code>5,241</code></td>
          <td><em>total</em></td></tr>
    </table>
    <p>
      The process tree of the build process is <a
      href="ddrescue-tree.html">here</a>.
    </p>
    
    
      <p>
      Several sub-process invocations were improper; see the process tree
      for details. Summary:
      </p>
      <ul>
        <li>hardcoded invocation:<ul>
            <li>&times;9: g++

/sysroot/bin/arm-linux-androideabi-g++
</li>
        
            <li>&times;1: /usr/sbin/g++

/sysroot/bin/arm-linux-androideabi-g++
</li>
        </ul></li>
      </ul>
    
    
    
    
    <h2>List of Errors</h2>
    <ul>
      
      <li>parse_error
        <ul>
          
          <li><a href="#357">block.h:277:32: error: expected primary-expression before 'const'</a></li>
          
          <li><a href="#360">block.h:277:41: error: expected primary-expression before 'const'</a></li>
          
          <li><a href="#369">block.h:278:30: error: expected primary-expression before 'const'</a></li>
          
          <li><a href="#375">block.h:279:36: error: expected primary-expression before 'const'</a></li>
          
        </ul>
      </li>
      
    </ul>
    
    
    <h2>Log</h2>
    <p>
    To avoid scrolling, you may jump to the <a
    href="#501">last line</a> of the
    invocation of <code>makepkg</code> that was used to build this
    package.
    </p>
    
    
      <div class="block">
        <div class="info">
          <code>Removed vanilla repositories from pacman.conf and added:</code>
        </div>
        
          <div class="output">
            
            <a class="navhash" href="#1">#</a>
						
              <code id="1">[tuscan]</code><br />
						
            
            <a class="navhash" href="#2">#</a>
						
              <code id="2">Server = file:///var/cache/pacman/pkg/</code><br />
						
            
          </div>
        
      </div>
      <br />
    
      <div class="block">
        <div class="command">
          <code><span class="prompt">CMD: </span>pacman -Syy --noconfirm</code>
        </div>
        
          <div class="output">
            
            <a class="navhash" href="#3">#</a>
						
              <code id="3">:: Synchronizing package databases...</code><br />
						
            
            <a class="navhash" href="#4">#</a>
						
              <code id="4">downloading tuscan.db...</code><br />
						
            
          </div>
        
      </div>
      <br />
    
      <div class="block">
        <div class="info">
          <code>Copied permanent toolchain into container-local sysroot</code>
        </div>
        
          <div class="output">
            
            <a class="navhash" href="#5">#</a>
						
              <code id="5">/toolchain_root/arm-linux-androideabi  -->  /sysroot/arm-linux-androideabi</code><br />
						
            
            <a class="navhash" href="#6">#</a>
						
              <code id="6">/toolchain_root/COPYING3.LIB  -->  /sysroot/COPYING3.LIB</code><br />
						
            
            <a class="navhash" href="#7">#</a>
						
              <code id="7">/toolchain_root/sysroot  -->  /sysroot/sysroot</code><br />
						
            
            <a class="navhash" href="#8">#</a>
						
              <code id="8">/toolchain_root/COPYING.RUNTIME  -->  /sysroot/COPYING.RUNTIME</code><br />
						
            
            <a class="navhash" href="#9">#</a>
						
              <code id="9">/toolchain_root/lib  -->  /sysroot/lib</code><br />
						
            
            <a class="navhash" href="#10">#</a>
						
              <code id="10">/toolchain_root/SOURCES  -->  /sysroot/SOURCES</code><br />
						
            
            <a class="navhash" href="#11">#</a>
						
              <code id="11">/toolchain_root/lib64  -->  /sysroot/lib64</code><br />
						
            
            <a class="navhash" href="#12">#</a>
						
              <code id="12">/toolchain_root/share  -->  /sysroot/share</code><br />
						
            
            <a class="navhash" href="#13">#</a>
						
              <code id="13">/toolchain_root/bin  -->  /sysroot/bin</code><br />
						
            
            <a class="navhash" href="#14">#</a>
						
              <code id="14">/toolchain_root/COPYING  -->  /sysroot/COPYING</code><br />
						
            
            <a class="navhash" href="#15">#</a>
						
              <code id="15">/toolchain_root/COPYING3  -->  /sysroot/COPYING3</code><br />
						
            
            <a class="navhash" href="#16">#</a>
						
              <code id="16">/toolchain_root/COPYING.LIB  -->  /sysroot/COPYING.LIB</code><br />
						
            
            <a class="navhash" href="#17">#</a>
						
              <code id="17">/toolchain_root/include  -->  /sysroot/include</code><br />
						
            
            <a class="navhash" href="#18">#</a>
						
              <code id="18">/toolchain_root/libexec  -->  /sysroot/libexec</code><br />
						
            
          </div>
        
      </div>
      <br />
    
      <div class="block">
        <div class="command">
          <code><span class="prompt">CMD: </span>sudo -u tuscan PATH=/sysroot/bin:/sysroot/libexec/gcc/arm-linux-androideabi/4.8:/usr/local/sbin:/usr/local/bin:/usr/sbin:/usr/bin:/sbin:/bin CC=arm-linux-androideabi-gcc CXX=arm-linux-androideabi-g++ red makepkg --noextract --syncdeps --skipinteg --skippgpcheck --skipchecksums --noconfirm --nocolor --log --noprogressbar --nocheck</code>
        </div>
        
          <div class="output">
            
            <a class="navhash" href="#19">#</a>
						
              <code id="19">==> Making package: ddrescue 1.21-1 (Tue Apr  4 21:13:27 UTC 2017)</code><br />
						
            
            <a class="navhash" href="#20">#</a>
						
              <code id="20">==> Checking runtime dependencies...</code><br />
						
            
            <a class="navhash" href="#21">#</a>
						
              <code id="21">==> Checking buildtime dependencies...</code><br />
						
            
            <a class="navhash" href="#22">#</a>
						
              <code id="22">==> WARNING: Using existing $srcdir/ tree</code><br />
						
            
            <a class="navhash" href="#23">#</a>
						
              <code id="23">==> Starting build()...</code><br />
						
            
            <a class="navhash" href="#24">#</a>
						
              <code id="24">configure: WARNING: unrecognized option: '--build=x86_64-unknown-linux'</code><br />
						
            
            <a class="navhash" href="#25">#</a>
						
              <code id="25">configure: WARNING: unrecognized option: '--host=arm-linux-androideabi'</code><br />
						
            
            <a class="navhash" href="#26">#</a>
						
              <code id="26"></code><br />
						
            
            <a class="navhash" href="#27">#</a>
						
              <code id="27">creating config.status</code><br />
						
            
            <a class="navhash" href="#28">#</a>
						
              <code id="28">creating Makefile</code><br />
						
            
            <a class="navhash" href="#29">#</a>
						
              <code id="29">VPATH = .</code><br />
						
            
            <a class="navhash" href="#30">#</a>
						
              <code id="30">prefix = /usr</code><br />
						
            
            <a class="navhash" href="#31">#</a>
						
              <code id="31">exec_prefix = $(prefix)</code><br />
						
            
            <a class="navhash" href="#32">#</a>
						
              <code id="32">bindir = $(exec_prefix)/bin</code><br />
						
            
            <a class="navhash" href="#33">#</a>
						
              <code id="33">datarootdir = $(prefix)/share</code><br />
						
            
            <a class="navhash" href="#34">#</a>
						
              <code id="34">infodir = $(datarootdir)/info</code><br />
						
            
            <a class="navhash" href="#35">#</a>
						
              <code id="35">mandir = $(datarootdir)/man</code><br />
						
            
            <a class="navhash" href="#36">#</a>
						
              <code id="36">CXX = g++</code><br />
						
            
            <a class="navhash" href="#37">#</a>
						
              <code id="37">CPPFLAGS = </code><br />
						
            
            <a class="navhash" href="#38">#</a>
						
              <code id="38">CXXFLAGS = -Wall -W -O2</code><br />
						
            
            <a class="navhash" href="#39">#</a>
						
              <code id="39">LDFLAGS = </code><br />
						
            
            <a class="navhash" href="#40">#</a>
						
              <code id="40">OK. Now you can run make.</code><br />
						
            
            <a class="navhash" href="#41">#</a>
						
              <code id="41">g++  -Wall -W -O2 -c -o arg_parser.o arg_parser.cc</code><br />
						
            
            <a class="navhash" href="#42">#</a>
						
              <code id="42">g++  -Wall -W -O2 -c -o rational.o rational.cc</code><br />
						
            
            <a class="navhash" href="#43">#</a>
						
              <code id="43">g++  -Wall -W -O2  -c -o non_posix.o non_posix.cc</code><br />
						
            
            <a class="navhash" href="#44">#</a>
						
              <code id="44">g++  -Wall -W -O2 -c -o loggers.o loggers.cc</code><br />
						
            
            <a class="navhash" href="#45">#</a>
						
              <code id="45">cc1plus: error: no include path in which to search for stdc-predef.h</code><br />
						
            
            <a class="navhash" href="#46">#</a>
						
              <code id="46">rational.cc:12:21: error: no include path in which to search for algorithm</code><br />
						
            
            <a class="navhash" href="#47">#</a>
						
              <code id="47"> #include <algorithm></code><br />
						
            
            <a class="navhash" href="#48">#</a>
						
              <code id="48">                     ^</code><br />
						
            
            <a class="navhash" href="#49">#</a>
						
              <code id="49">rational.cc:13:18: error: no include path in which to search for cctype</code><br />
						
            
            <a class="navhash" href="#50">#</a>
						
              <code id="50"> #include <cctype></code><br />
						
            
            <a class="navhash" href="#51">#</a>
						
              <code id="51">                  ^</code><br />
						
            
            <a class="navhash" href="#52">#</a>
						
              <code id="52">rational.cc:14:19: error: no include path in which to search for climits</code><br />
						
            
            <a class="navhash" href="#53">#</a>
						
              <code id="53"> #include <climits></code><br />
						
            
            <a class="navhash" href="#54">#</a>
						
              <code id="54">                   ^</code><br />
						
            
            <a class="navhash" href="#55">#</a>
						
              <code id="55">rational.cc:15:19: error: no include path in which to search for cstdlib</code><br />
						
            
            <a class="navhash" href="#56">#</a>
						
              <code id="56"> #include <cstdlib></code><br />
						
            
            <a class="navhash" href="#57">#</a>
						
              <code id="57">                   ^</code><br />
						
            
            <a class="navhash" href="#58">#</a>
						
              <code id="58">rational.cc:16:18: error: no include path in which to search for string</code><br />
						
            
            <a class="navhash" href="#59">#</a>
						
              <code id="59"> #include <string></code><br />
						
            
            <a class="navhash" href="#60">#</a>
						
              <code id="60">                  ^</code><br />
						
            
            <a class="navhash" href="#61">#</a>
						
              <code id="61">In file included from rational.cc:18:0:</code><br />
						
            
            <a class="navhash" href="#62">#</a>
						
              <code id="62">rational.h:123:9: error: 'string' in namespace 'std' does not name a type</code><br />
						
            
            <a class="navhash" href="#63">#</a>
						
              <code id="63">   const std::string to_decimal( const unsigned iwidth = 1, int prec = -2 ) const;</code><br />
						
            
            <a class="navhash" href="#64">#</a>
						
              <code id="64">         ^</code><br />
						
            
            <a class="navhash" href="#65">#</a>
						
              <code id="65">rational.h:124:9: error: 'string' in namespace 'std' does not name a type</code><br />
						
            
            <a class="navhash" href="#66">#</a>
						
              <code id="66">   const std::string to_fraction( const unsigned width = 1 ) const;</code><br />
						
            
            <a class="navhash" href="#67">#</a>
						
              <code id="67">         ^</code><br />
						
            
            <a class="navhash" href="#68">#</a>
						
              <code id="68">rational.h: In constructor 'Rational::Rational(int)':</code><br />
						
            
            <a class="navhash" href="#69">#</a>
						
              <code id="69">rational.h:34:18: error: 'INT_MAX' was not declared in this scope</code><br />
						
            
            <a class="navhash" href="#70">#</a>
						
              <code id="70">     { if( num < -INT_MAX ) { num = -INT_MAX; den = 0; } }</code><br />
						
            
            <a class="navhash" href="#71">#</a>
						
              <code id="71">                  ^</code><br />
						
            
            <a class="navhash" href="#72">#</a>
						
              <code id="72">rational.h: In member function 'Rational& Rational::operator=(int)':</code><br />
						
            
            <a class="navhash" href="#73">#</a>
						
              <code id="73">rational.h:40:36: error: 'INT_MAX' was not declared in this scope</code><br />
						
            
            <a class="navhash" href="#74">#</a>
						
              <code id="74">     { num = n; den = 1; if( num < -INT_MAX ) { num = -INT_MAX; den = 0; }</code><br />
						
            
            <a class="navhash" href="#75">#</a>
						
              <code id="75">                                    ^</code><br />
						
            
            <a class="navhash" href="#76">#</a>
						
              <code id="76">cc1plus: error: no include path in which to search for stdc-predef.h</code><br />
						
            
            <a class="navhash" href="#77">#</a>
						
              <code id="77">loggers.cc:20:18: error: no include path in which to search for cstdio</code><br />
						
            
            <a class="navhash" href="#78">#</a>
						
              <code id="78"> #include <cstdio></code><br />
						
            
            <a class="navhash" href="#79">#</a>
						
              <code id="79">                  ^</code><br />
						
            
            <a class="navhash" href="#80">#</a>
						
              <code id="80">loggers.cc:21:18: error: no include path in which to search for string</code><br />
						
            
            <a class="navhash" href="#81">#</a>
						
              <code id="81"> #include <string></code><br />
						
            
            <a class="navhash" href="#82">#</a>
						
              <code id="82">                  ^</code><br />
						
            
            <a class="navhash" href="#83">#</a>
						
              <code id="83">loggers.cc:22:18: error: no include path in which to search for vector</code><br />
						
            
            <a class="navhash" href="#84">#</a>
						
              <code id="84"> #include <vector></code><br />
						
            
            <a class="navhash" href="#85">#</a>
						
              <code id="85">                  ^</code><br />
						
            
            <a class="navhash" href="#86">#</a>
						
              <code id="86">loggers.cc:23:22: error: no include path in which to search for sys/stat.h</code><br />
						
            
            <a class="navhash" href="#87">#</a>
						
              <code id="87"> #include <sys/stat.h></code><br />
						
            
            <a class="navhash" href="#88">#</a>
						
              <code id="88">                      ^</code><br />
						
            
            <a class="navhash" href="#89">#</a>
						
              <code id="89">rational.cc: At global scope:</code><br />
						
            
            <a class="navhash" href="#90">#</a>
						
              <code id="90">rational.cc:59:7: error: 'string' in namespace 'std' does not name a type</code><br />
						
            
            <a class="navhash" href="#91">#</a>
						
              <code id="91"> const std::string overflow_string( const int n )</code><br />
						
            
            <a class="navhash" href="#92">#</a>
						
              <code id="92">       ^</code><br />
						
            
            <a class="navhash" href="#93">#</a>
						
              <code id="93">rational.cc: In function 'int {anonymous}::overflow_value(int)':</code><br />
						
            
            <a class="navhash" href="#94">#</a>
						
              <code id="94">rational.cc:63:24: error: 'INT_MAX' was not declared in this scope</code><br />
						
            
            <a class="navhash" href="#95">#</a>
						
              <code id="95">   { if( n > 0 ) return INT_MAX; if( n < 0 ) return -INT_MAX; return 0; }</code><br />
						
            
            <a class="navhash" href="#96">#</a>
						
              <code id="96">                        ^</code><br />
						
            
            <a class="navhash" href="#97">#</a>
						
              <code id="97">rational.cc:63:53: error: 'INT_MAX' was not declared in this scope</code><br />
						
            
            <a class="navhash" href="#98">#</a>
						
              <code id="98">   { if( n > 0 ) return INT_MAX; if( n < 0 ) return -INT_MAX; return 0; }</code><br />
						
            
            <a class="navhash" href="#99">#</a>
						
              <code id="99">                                                     ^</code><br />
						
            
            <a class="navhash" href="#100">#</a>
						
              <code id="100">In file included from loggers.cc:25:0:</code><br />
						
            
            <a class="navhash" href="#101">#</a>
						
              <code id="101">block.h: In constructor 'Block::Block(long long int, long long int)':</code><br />
						
            
            <a class="navhash" href="#102">#</a>
						
              <code id="102">block.h:38:52: error: 'min' is not a member of 'std'</code><br />
						
            
            <a class="navhash" href="#103">#</a>
						
              <code id="103">     { if( p < 0 ) { pos_ = 0; if( s > 0 ) size_ -= std::min( s, -p ); }</code><br />
						
            
            <a class="navhash" href="#104">#</a>
						
              <code id="104">                                                    ^</code><br />
						
            
            <a class="navhash" href="#105">#</a>
						
              <code id="105">rational.cc: In function 'int {anonymous}::lloverflow_value(long long int)':</code><br />
						
            
            <a class="navhash" href="#106">#</a>
						
              <code id="106">rational.cc:66:24: error: 'INT_MAX' was not declared in this scope</code><br />
						
            
            <a class="navhash" href="#107">#</a>
						
              <code id="107">   { if( n > 0 ) return INT_MAX; if( n < 0 ) return -INT_MAX; return 0; }</code><br />
						
            
            <a class="navhash" href="#108">#</a>
						
              <code id="108">                        ^</code><br />
						
            
            <a class="navhash" href="#109">#</a>
						
              <code id="109">rational.cc:66:53: error: 'INT_MAX' was not declared in this scope</code><br />
						
            
            <a class="navhash" href="#110">#</a>
						
              <code id="110">   { if( n > 0 ) return INT_MAX; if( n < 0 ) return -INT_MAX; return 0; }</code><br />
						
            
            <a class="navhash" href="#111">#</a>
						
              <code id="111">                                                     ^</code><br />
						
            
            <a class="navhash" href="#112">#</a>
						
              <code id="112">block.h: In member function 'void Block::pos(long long int)':</code><br />
						
            
            <a class="navhash" href="#113">#</a>
						
              <code id="113">block.h:46:14: error: 'max' is not a member of 'std'</code><br />
						
            
            <a class="navhash" href="#114">#</a>
						
              <code id="114">     { pos_ = std::max( p, 0LL );</code><br />
						
            
            <a class="navhash" href="#115">#</a>
						
              <code id="115">              ^</code><br />
						
            
            <a class="navhash" href="#116">#</a>
						
              <code id="116">rational.cc: In member function 'void Rational::normalize(long long int, long long int)':</code><br />
						
            
            <a class="navhash" href="#117">#</a>
						
              <code id="117">rational.cc:81:12: error: 'INT_MAX' was not declared in this scope</code><br />
						
            
            <a class="navhash" href="#118">#</a>
						
              <code id="118">   if( n <= INT_MAX && n >= -INT_MAX && d <= INT_MAX && d >= -INT_MAX )</code><br />
						
            
            <a class="navhash" href="#119">#</a>
						
              <code id="119">            ^</code><br />
						
            
            <a class="navhash" href="#120">#</a>
						
              <code id="120">block.h: In member function 'Block& Block::assign(long long int, long long int)':</code><br />
						
            
            <a class="navhash" href="#121">#</a>
						
              <code id="121">block.h:55:50: error: 'min' is not a member of 'std'</code><br />
						
            
            <a class="navhash" href="#122">#</a>
						
              <code id="122">     if( p < 0 ) { pos_ = 0; if( s > 0 ) size_ -= std::min( s, -p ); }</code><br />
						
            
            <a class="navhash" href="#123">#</a>
						
              <code id="123">                                                  ^</code><br />
						
            
            <a class="navhash" href="#124">#</a>
						
              <code id="124">rational.cc: In member function 'void Rational::normalize()':</code><br />
						
            
            <a class="navhash" href="#125">#</a>
						
              <code id="125">rational.cc:92:14: error: 'INT_MAX' was not declared in this scope</code><br />
						
            
            <a class="navhash" href="#126">#</a>
						
              <code id="126">   if( num < -INT_MAX )</code><br />
						
            
            <a class="navhash" href="#127">#</a>
						
              <code id="127">              ^</code><br />
						
            
            <a class="navhash" href="#128">#</a>
						
              <code id="128">rational.cc:99:16: error: 'INT_MAX' was not declared in this scope</code><br />
						
            
            <a class="navhash" href="#129">#</a>
						
              <code id="129">     if( den < -INT_MAX ) { num = overflow_value( -num ); den = 0; return; }</code><br />
						
            
            <a class="navhash" href="#130">#</a>
						
              <code id="130">                ^</code><br />
						
            
            <a class="navhash" href="#131">#</a>
						
              <code id="131">cc1plus: error: no include path in which to search for stdc-predef.h</code><br />
						
            
            <a class="navhash" href="#132">#</a>
						
              <code id="132">arg_parser.cc:20:19: error: no include path in which to search for cstring</code><br />
						
            
            <a class="navhash" href="#133">#</a>
						
              <code id="133"> #include <cstring></code><br />
						
            
            <a class="navhash" href="#134">#</a>
						
              <code id="134">                   ^</code><br />
						
            
            <a class="navhash" href="#135">#</a>
						
              <code id="135">arg_parser.cc:21:18: error: no include path in which to search for string</code><br />
						
            
            <a class="navhash" href="#136">#</a>
						
              <code id="136"> #include <string></code><br />
						
            
            <a class="navhash" href="#137">#</a>
						
              <code id="137">                  ^</code><br />
						
            
            <a class="navhash" href="#138">#</a>
						
              <code id="138">arg_parser.cc:22:18: error: no include path in which to search for vector</code><br />
						
            
            <a class="navhash" href="#139">#</a>
						
              <code id="139"> #include <vector></code><br />
						
            
            <a class="navhash" href="#140">#</a>
						
              <code id="140">                  ^</code><br />
						
            
            <a class="navhash" href="#141">#</a>
						
              <code id="141">rational.cc: In member function 'int Rational::round() const':</code><br />
						
            
            <a class="navhash" href="#142">#</a>
						
              <code id="142">rational.cc:150:20: error: 'abs' is not a member of 'std'</code><br />
						
            
            <a class="navhash" href="#143">#</a>
						
              <code id="143">   const int rest = std::abs( num ) % den;</code><br />
						
            
            <a class="navhash" href="#144">#</a>
						
              <code id="144">                    ^</code><br />
						
            
            <a class="navhash" href="#145">#</a>
						
              <code id="145">In file included from arg_parser.cc:24:0:</code><br />
						
            
            <a class="navhash" href="#146">#</a>
						
              <code id="146">arg_parser.h:59:5: error: 'string' in namespace 'std' does not name a type</code><br />
						
            
            <a class="navhash" href="#147">#</a>
						
              <code id="147">     std::string argument;</code><br />
						
            
            <a class="navhash" href="#148">#</a>
						
              <code id="148">     ^</code><br />
						
            
            <a class="navhash" href="#149">#</a>
						
              <code id="149">rational.cc: In member function 'int Rational::parse(const char*)':</code><br />
						
            
            <a class="navhash" href="#150">#</a>
						
              <code id="150">rational.cc:169:10: error: 'isspace' is not a member of 'std'</code><br />
						
            
            <a class="navhash" href="#151">#</a>
						
              <code id="151">   while( std::isspace( s[c] ) ) ++c;</code><br />
						
            
            <a class="navhash" href="#152">#</a>
						
              <code id="152">          ^</code><br />
						
            
            <a class="navhash" href="#153">#</a>
						
              <code id="153">arg_parser.h:63:3: error: 'string' in namespace 'std' does not name a type</code><br />
						
            
            <a class="navhash" href="#154">#</a>
						
              <code id="154">   std::string error_;</code><br />
						
            
            <a class="navhash" href="#155">#</a>
						
              <code id="155">   ^</code><br />
						
            
            <a class="navhash" href="#156">#</a>
						
              <code id="156">arg_parser.h:64:3: error: 'vector' in namespace 'std' does not name a type</code><br />
						
            
            <a class="navhash" href="#157">#</a>
						
              <code id="157">   std::vector< Record > data;</code><br />
						
            
            <a class="navhash" href="#158">#</a>
						
              <code id="158">   ^</code><br />
						
            
            <a class="navhash" href="#159">#</a>
						
              <code id="159">rational.cc:172:8: error: 'isdigit' is not a member of 'std'</code><br />
						
            
            <a class="navhash" href="#160">#</a>
						
              <code id="160">   if( !std::isdigit( s[c] ) && s[c] != '.' ) return 0;</code><br />
						
            
            <a class="navhash" href="#161">#</a>
						
              <code id="161">        ^</code><br />
						
            
            <a class="navhash" href="#162">#</a>
						
              <code id="162">rational.cc:174:10: error: 'isdigit' is not a member of 'std'</code><br />
						
            
            <a class="navhash" href="#163">#</a>
						
              <code id="163">   while( std::isdigit( s[c] ) )</code><br />
						
            
            <a class="navhash" href="#164">#</a>
						
              <code id="164">          ^</code><br />
						
            
            <a class="navhash" href="#165">#</a>
						
              <code id="165">arg_parser.h:79:9: error: 'string' in namespace 'std' does not name a type</code><br />
						
            
            <a class="navhash" href="#166">#</a>
						
              <code id="166">   const std::string & error() const { return error_; }</code><br />
						
            
            <a class="navhash" href="#167">#</a>
						
              <code id="167">         ^</code><br />
						
            
            <a class="navhash" href="#168">#</a>
						
              <code id="168">block.h: At global scope:</code><br />
						
            
            <a class="navhash" href="#169">#</a>
						
              <code id="169">block.h:119:3: error: 'vector' in namespace 'std' does not name a type</code><br />
						
            
            <a class="navhash" href="#170">#</a>
						
              <code id="170">   std::vector< Block > block_vector; // blocks are ordered and don't overlap</code><br />
						
            
            <a class="navhash" href="#171">#</a>
						
              <code id="171">   ^</code><br />
						
            
            <a class="navhash" href="#172">#</a>
						
              <code id="172">rational.cc:182:15: error: 'isdigit' is not a member of 'std'</code><br />
						
            
            <a class="navhash" href="#173">#</a>
						
              <code id="173">     ++c; if( !std::isdigit( s[c] ) ) return 0;</code><br />
						
            
            <a class="navhash" href="#174">#</a>
						
              <code id="174">               ^</code><br />
						
            
            <a class="navhash" href="#175">#</a>
						
              <code id="175">arg_parser.h:92:9: error: 'string' in namespace 'std' does not name a type</code><br />
						
            
            <a class="navhash" href="#176">#</a>
						
              <code id="176">   const std::string & argument( const int i ) const</code><br />
						
            
            <a class="navhash" href="#177">#</a>
						
              <code id="177">         ^</code><br />
						
            
            <a class="navhash" href="#178">#</a>
						
              <code id="178">rational.cc:183:12: error: 'isdigit' is not a member of 'std'</code><br />
						
            
            <a class="navhash" href="#179">#</a>
						
              <code id="179">     while( std::isdigit( s[c] ) )</code><br />
						
            
            <a class="navhash" href="#180">#</a>
						
              <code id="180">            ^</code><br />
						
            
            <a class="navhash" href="#181">#</a>
						
              <code id="181">rational.cc:193:12: error: 'isdigit' is not a member of 'std'</code><br />
						
            
            <a class="navhash" href="#182">#</a>
						
              <code id="182">     while( std::isdigit( s[c] ) )</code><br />
						
            
            <a class="navhash" href="#183">#</a>
						
              <code id="183">            ^</code><br />
						
            
            <a class="navhash" href="#184">#</a>
						
              <code id="184">arg_parser.h: In member function 'int Arg_parser::arguments() const':</code><br />
						
            
            <a class="navhash" href="#185">#</a>
						
              <code id="185">arg_parser.h:82:34: error: 'data' was not declared in this scope</code><br />
						
            
            <a class="navhash" href="#186">#</a>
						
              <code id="186">   int arguments() const { return data.size(); }</code><br />
						
            
            <a class="navhash" href="#187">#</a>
						
              <code id="187">                                  ^</code><br />
						
            
            <a class="navhash" href="#188">#</a>
						
              <code id="188">block.h: In member function 'long long int Domain::pos() const':</code><br />
						
            
            <a class="navhash" href="#189">#</a>
						
              <code id="189">block.h:127:34: error: 'block_vector' was not declared in this scope</code><br />
						
            
            <a class="navhash" href="#190">#</a>
						
              <code id="190">   long long pos() const { return block_vector.front().pos(); }</code><br />
						
            
            <a class="navhash" href="#191">#</a>
						
              <code id="191">                                  ^</code><br />
						
            
            <a class="navhash" href="#192">#</a>
						
              <code id="192">block.h: In member function 'long long int Domain::end() const':</code><br />
						
            
            <a class="navhash" href="#193">#</a>
						
              <code id="193">block.h:128:34: error: 'block_vector' was not declared in this scope</code><br />
						
            
            <a class="navhash" href="#194">#</a>
						
              <code id="194">   long long end() const { return block_vector.back().end(); }</code><br />
						
            
            <a class="navhash" href="#195">#</a>
						
              <code id="195">                                  ^</code><br />
						
            
            <a class="navhash" href="#196">#</a>
						
              <code id="196">arg_parser.h: In member function 'int Arg_parser::code(int) const':</code><br />
						
            
            <a class="navhash" href="#197">#</a>
						
              <code id="197">arg_parser.h:88:44: error: 'data' was not declared in this scope</code><br />
						
            
            <a class="navhash" href="#198">#</a>
						
              <code id="198">     if( i >= 0 && i < arguments() ) return data[i].code;</code><br />
						
            
            <a class="navhash" href="#199">#</a>
						
              <code id="199">                                            ^</code><br />
						
            
            <a class="navhash" href="#200">#</a>
						
              <code id="200">block.h: In member function 'const Block& Domain::block(long int) const':</code><br />
						
            
            <a class="navhash" href="#201">#</a>
						
              <code id="201">block.h:130:54: error: 'block_vector' was not declared in this scope</code><br />
						
            
            <a class="navhash" href="#202">#</a>
						
              <code id="202">   const Block & block( const long i ) const { return block_vector[i]; }</code><br />
						
            
            <a class="navhash" href="#203">#</a>
						
              <code id="203">                                                      ^</code><br />
						
            
            <a class="navhash" href="#204">#</a>
						
              <code id="204">block.h: In member function 'long int Domain::blocks() const':</code><br />
						
            
            <a class="navhash" href="#205">#</a>
						
              <code id="205">block.h:131:32: error: 'block_vector' was not declared in this scope</code><br />
						
            
            <a class="navhash" href="#206">#</a>
						
              <code id="206">   long blocks() const { return block_vector.size(); }</code><br />
						
            
            <a class="navhash" href="#207">#</a>
						
              <code id="207">                                ^</code><br />
						
            
            <a class="navhash" href="#208">#</a>
						
              <code id="208">rational.cc: At global scope:</code><br />
						
            
            <a class="navhash" href="#209">#</a>
						
              <code id="209">rational.cc:223:7: error: 'string' in namespace 'std' does not name a type</code><br />
						
            
            <a class="navhash" href="#210">#</a>
						
              <code id="210"> const std::string Rational::to_decimal( const unsigned iwidth, int prec ) const</code><br />
						
            
            <a class="navhash" href="#211">#</a>
						
              <code id="211">       ^</code><br />
						
            
            <a class="navhash" href="#212">#</a>
						
              <code id="212">rational.cc:251:7: error: 'string' in namespace 'std' does not name a type</code><br />
						
            
            <a class="navhash" href="#213">#</a>
						
              <code id="213"> const std::string Rational::to_fraction( const unsigned width ) const</code><br />
						
            
            <a class="navhash" href="#214">#</a>
						
              <code id="214">       ^</code><br />
						
            
            <a class="navhash" href="#215">#</a>
						
              <code id="215">cc1plus: error: no include path in which to search for stdc-predef.h</code><br />
						
            
            <a class="navhash" href="#216">#</a>
						
              <code id="216">arg_parser.cc: In member function 'bool Arg_parser::parse_long_option(const char*, const char*, const Arg_parser::Option*, int&)':</code><br />
						
            
            <a class="navhash" href="#217">#</a>
						
              <code id="217">arg_parser.cc:38:28: error: 'strncmp' is not a member of 'std'</code><br />
						
            
            <a class="navhash" href="#218">#</a>
						
              <code id="218">     if( options[i].name && std::strncmp( options[i].name, &opt[2], len ) == 0 )</code><br />
						
            
            <a class="navhash" href="#219">#</a>
						
              <code id="219">                            ^</code><br />
						
            
            <a class="navhash" href="#220">#</a>
						
              <code id="220">block.h: In member function 'long long int Domain::in_size() const':</code><br />
						
            
            <a class="navhash" href="#221">#</a>
						
              <code id="221">block.h:140:37: error: 'block_vector' was not declared in this scope</code><br />
						
            
            <a class="navhash" href="#222">#</a>
						
              <code id="222">       for( unsigned long i = 0; i < block_vector.size(); ++i )</code><br />
						
            
            <a class="navhash" href="#223">#</a>
						
              <code id="223">                                     ^</code><br />
						
            
            <a class="navhash" href="#224">#</a>
						
              <code id="224">arg_parser.cc:40:11: error: 'strlen' is not a member of 'std'</code><br />
						
            
            <a class="navhash" href="#225">#</a>
						
              <code id="225">       if( std::strlen( options[i].name ) == len ) // Exact match found</code><br />
						
            
            <a class="navhash" href="#226">#</a>
						
              <code id="226">           ^</code><br />
						
            
            <a class="navhash" href="#227">#</a>
						
              <code id="227">block.h: In member function 'bool Domain::operator!=(const Domain&) const':</code><br />
						
            
            <a class="navhash" href="#228">#</a>
						
              <code id="228">block.h:148:9: error: 'block_vector' was not declared in this scope</code><br />
						
            
            <a class="navhash" href="#229">#</a>
						
              <code id="229">     if( block_vector.size() != d.block_vector.size() ) return true;</code><br />
						
            
            <a class="navhash" href="#230">#</a>
						
              <code id="230">         ^</code><br />
						
            
            <a class="navhash" href="#231">#</a>
						
              <code id="231">block.h:148:34: error: 'const class Domain' has no member named 'block_vector'</code><br />
						
            
            <a class="navhash" href="#232">#</a>
						
              <code id="232">     if( block_vector.size() != d.block_vector.size() ) return true;</code><br />
						
            
            <a class="navhash" href="#233">#</a>
						
              <code id="233">                                  ^</code><br />
						
            
            <a class="navhash" href="#234">#</a>
						
              <code id="234">block.h:149:35: error: 'block_vector' was not declared in this scope</code><br />
						
            
            <a class="navhash" href="#235">#</a>
						
              <code id="235">     for( unsigned long i = 0; i < block_vector.size(); ++i )</code><br />
						
            
            <a class="navhash" href="#236">#</a>
						
              <code id="236">                                   ^</code><br />
						
            
            <a class="navhash" href="#237">#</a>
						
              <code id="237">arg_parser.cc:50:5: error: 'error_' was not declared in this scope</code><br />
						
            
            <a class="navhash" href="#238">#</a>
						
              <code id="238">     error_ = "option '"; error_ += opt; error_ += "' is ambiguous";</code><br />
						
            
            <a class="navhash" href="#239">#</a>
						
              <code id="239">     ^</code><br />
						
            
            <a class="navhash" href="#240">#</a>
						
              <code id="240">block.h:150:32: error: 'const class Domain' has no member named 'block_vector'</code><br />
						
            
            <a class="navhash" href="#241">#</a>
						
              <code id="241">       if( block_vector[i] != d.block_vector[i] ) return true;</code><br />
						
            
            <a class="navhash" href="#242">#</a>
						
              <code id="242">                                ^</code><br />
						
            
            <a class="navhash" href="#243">#</a>
						
              <code id="243">arg_parser.cc:56:5: error: 'error_' was not declared in this scope</code><br />
						
            
            <a class="navhash" href="#244">#</a>
						
              <code id="244">     error_ = "unrecognized option '"; error_ += opt; error_ += '\'';</code><br />
						
            
            <a class="navhash" href="#245">#</a>
						
              <code id="245">     ^</code><br />
						
            
            <a class="navhash" href="#246">#</a>
						
              <code id="246">arg_parser.cc:61:3: error: 'data' was not declared in this scope</code><br />
						
            
            <a class="navhash" href="#247">#</a>
						
              <code id="247">   data.push_back( Record( options[index].code ) );</code><br />
						
            
            <a class="navhash" href="#248">#</a>
						
              <code id="248">   ^</code><br />
						
            
            <a class="navhash" href="#249">#</a>
						
              <code id="249">block.h: In member function 'bool Domain::includes(const Block&) const':</code><br />
						
            
            <a class="navhash" href="#250">#</a>
						
              <code id="250">block.h:159:30: error: 'block_vector' was not declared in this scope</code><br />
						
            
            <a class="navhash" href="#251">#</a>
						
              <code id="251">     unsigned long l = 0, r = block_vector.size();</code><br />
						
            
            <a class="navhash" href="#252">#</a>
						
              <code id="252">                              ^</code><br />
						
            
            <a class="navhash" href="#253">#</a>
						
              <code id="253">arg_parser.cc:67:7: error: 'error_' was not declared in this scope</code><br />
						
            
            <a class="navhash" href="#254">#</a>
						
              <code id="254">       error_ = "option '--"; error_ += options[index].name;</code><br />
						
            
            <a class="navhash" href="#255">#</a>
						
              <code id="255">       ^</code><br />
						
            
            <a class="navhash" href="#256">#</a>
						
              <code id="256">block.h: In member function 'bool Domain::includes(long long int) const':</code><br />
						
            
            <a class="navhash" href="#257">#</a>
						
              <code id="257">block.h:172:35: error: 'block_vector' was not declared in this scope</code><br />
						
            
            <a class="navhash" href="#258">#</a>
						
              <code id="258">     for( unsigned long i = 0; i < block_vector.size(); ++i )</code><br />
						
            
            <a class="navhash" href="#259">#</a>
						
              <code id="259">                                   ^</code><br />
						
            
            <a class="navhash" href="#260">#</a>
						
              <code id="260">arg_parser.cc:73:7: error: 'error_' was not declared in this scope</code><br />
						
            
            <a class="navhash" href="#261">#</a>
						
              <code id="261">       error_ = "option '--"; error_ += options[index].name;</code><br />
						
            
            <a class="navhash" href="#262">#</a>
						
              <code id="262">       ^</code><br />
						
            
            <a class="navhash" href="#263">#</a>
						
              <code id="263">block.h: In member function 'void Domain::clear()':</code><br />
						
            
            <a class="navhash" href="#264">#</a>
						
              <code id="264">block.h:179:5: error: 'block_vector' was not declared in this scope</code><br />
						
            
            <a class="navhash" href="#265">#</a>
						
              <code id="265">     block_vector.clear(); block_vector.push_back( Block( 0, 0 ) );</code><br />
						
            
            <a class="navhash" href="#266">#</a>
						
              <code id="266">     ^</code><br />
						
            
            <a class="navhash" href="#267">#</a>
						
              <code id="267">arg_parser.cc:85:7: error: 'error_' was not declared in this scope</code><br />
						
            
            <a class="navhash" href="#268">#</a>
						
              <code id="268">       error_ = "option '--"; error_ += options[index].name;</code><br />
						
            
            <a class="navhash" href="#269">#</a>
						
              <code id="269">       ^</code><br />
						
            
            <a class="navhash" href="#270">#</a>
						
              <code id="270">block.h: At global scope:</code><br />
						
            
            <a class="navhash" href="#271">#</a>
						
              <code id="271">block.h:198:3: error: 'string' in namespace 'std' does not name a type</code><br />
						
            
            <a class="navhash" href="#272">#</a>
						
              <code id="272">   std::string current_msg;</code><br />
						
            
            <a class="navhash" href="#273">#</a>
						
              <code id="273">   ^</code><br />
						
            
            <a class="navhash" href="#274">#</a>
						
              <code id="274">block.h:202:3: error: 'vector' in namespace 'std' does not name a type</code><br />
						
            
            <a class="navhash" href="#275">#</a>
						
              <code id="275">   std::vector< Sblock > sblock_vector; // note: blocks are consecutive</code><br />
						
            
            <a class="navhash" href="#276">#</a>
						
              <code id="276">   ^</code><br />
						
            
            <a class="navhash" href="#277">#</a>
						
              <code id="277">block.h:218:22: error: 'FILE' has not been declared</code><br />
						
            
            <a class="navhash" href="#278">#</a>
						
              <code id="278">   int write_mapfile( FILE * f = 0, const bool timestamp = false,</code><br />
						
            
            <a class="navhash" href="#279">#</a>
						
              <code id="279">                      ^</code><br />
						
            
            <a class="navhash" href="#280">#</a>
						
              <code id="280">arg_parser.cc: In member function 'bool Arg_parser::parse_short_option(const char*, const char*, const Arg_parser::Option*, int&)':</code><br />
						
            
            <a class="navhash" href="#281">#</a>
						
              <code id="281">arg_parser.cc:114:7: error: 'error_' was not declared in this scope</code><br />
						
            
            <a class="navhash" href="#282">#</a>
						
              <code id="282">       error_ = "invalid option -- '"; error_ += c; error_ += '\'';</code><br />
						
            
            <a class="navhash" href="#283">#</a>
						
              <code id="283">       ^</code><br />
						
            
            <a class="navhash" href="#284">#</a>
						
              <code id="284">arg_parser.cc:118:5: error: 'data' was not declared in this scope</code><br />
						
            
            <a class="navhash" href="#285">#</a>
						
              <code id="285">     data.push_back( Record( c ) );</code><br />
						
            
            <a class="navhash" href="#286">#</a>
						
              <code id="286">     ^</code><br />
						
            
            <a class="navhash" href="#287">#</a>
						
              <code id="287">block.h: In member function 'void Mapfile::insert_sblock(long int, const Sblock&)':</code><br />
						
            
            <a class="navhash" href="#288">#</a>
						
              <code id="288">block.h:205:7: error: 'sblock_vector' was not declared in this scope</code><br />
						
            
            <a class="navhash" href="#289">#</a>
						
              <code id="289">     { sblock_vector.insert( sblock_vector.begin() + i, sb ); }</code><br />
						
            
            <a class="navhash" href="#290">#</a>
						
              <code id="290">       ^</code><br />
						
            
            <a class="navhash" href="#291">#</a>
						
              <code id="291">arg_parser.cc:129:9: error: 'error_' was not declared in this scope</code><br />
						
            
            <a class="navhash" href="#292">#</a>
						
              <code id="292">         error_ = "option requires an argument -- '"; error_ += c;</code><br />
						
            
            <a class="navhash" href="#293">#</a>
						
              <code id="293">         ^</code><br />
						
            
            <a class="navhash" href="#294">#</a>
						
              <code id="294">block.h: In member function 'void Mapfile::set_to_status(Sblock::Status)':</code><br />
						
            
            <a class="navhash" href="#295">#</a>
						
              <code id="295">block.h:216:7: error: 'sblock_vector' was not declared in this scope</code><br />
						
            
            <a class="navhash" href="#296">#</a>
						
              <code id="296">     { sblock_vector.assign( 1, Sblock( 0, -1, st ) ); }</code><br />
						
            
            <a class="navhash" href="#297">#</a>
						
              <code id="297">       ^</code><br />
						
            
            <a class="navhash" href="#298">#</a>
						
              <code id="298">make: *** [Makefile:55: non_posix.o] Error 1</code><br />
						
            
            <a class="navhash" href="#299">#</a>
						
              <code id="299">make: *** Waiting for unfinished jobs....</code><br />
						
            
            <a class="navhash" href="#300">#</a>
						
              <code id="300">block.h: In member function 'void Mapfile::current_status(Mapfile::Status, const char*)':</code><br />
						
            
            <a class="navhash" href="#301">#</a>
						
              <code id="301">block.h:230:7: error: 'current_msg' was not declared in this scope</code><br />
						
            
            <a class="navhash" href="#302">#</a>
						
              <code id="302">       current_msg = ( st == finished ) ? "Finished" : msg; }</code><br />
						
            
            <a class="navhash" href="#303">#</a>
						
              <code id="303">       ^</code><br />
						
            
            <a class="navhash" href="#304">#</a>
						
              <code id="304">arg_parser.cc: In constructor 'Arg_parser::Arg_parser(int, const char* const*, const Arg_parser::Option*, bool)':</code><br />
						
            
            <a class="navhash" href="#305">#</a>
						
              <code id="305">arg_parser.cc:145:3: error: 'vector' is not a member of 'std'</code><br />
						
            
            <a class="navhash" href="#306">#</a>
						
              <code id="306">   std::vector< std::string > non_options; // skipped non-options</code><br />
						
            
            <a class="navhash" href="#307">#</a>
						
              <code id="307">   ^</code><br />
						
            
            <a class="navhash" href="#308">#</a>
						
              <code id="308">arg_parser.cc:145:16: error: 'string' is not a member of 'std'</code><br />
						
            
            <a class="navhash" href="#309">#</a>
						
              <code id="309">   std::vector< std::string > non_options; // skipped non-options</code><br />
						
            
            <a class="navhash" href="#310">#</a>
						
              <code id="310">                ^</code><br />
						
            
            <a class="navhash" href="#311">#</a>
						
              <code id="311">arg_parser.cc:145:30: error: 'non_options' was not declared in this scope</code><br />
						
            
            <a class="navhash" href="#312">#</a>
						
              <code id="312">   std::vector< std::string > non_options; // skipped non-options</code><br />
						
            
            <a class="navhash" href="#313">#</a>
						
              <code id="313">                              ^</code><br />
						
            
            <a class="navhash" href="#314">#</a>
						
              <code id="314">block.h: In member function 'Block Mapfile::extent() const':</code><br />
						
            
            <a class="navhash" href="#315">#</a>
						
              <code id="315">block.h:233:11: error: 'sblock_vector' was not declared in this scope</code><br />
						
            
            <a class="navhash" href="#316">#</a>
						
              <code id="316">     { if( sblock_vector.empty() ) return Block( 0, 0 );</code><br />
						
            
            <a class="navhash" href="#317">#</a>
						
              <code id="317">           ^</code><br />
						
            
            <a class="navhash" href="#318">#</a>
						
              <code id="318">block.h:234:21: error: 'sblock_vector' was not declared in this scope</code><br />
						
            
            <a class="navhash" href="#319">#</a>
						
              <code id="319">       return Block( sblock_vector.front().pos(),</code><br />
						
            
            <a class="navhash" href="#320">#</a>
						
              <code id="320">                     ^</code><br />
						
            
            <a class="navhash" href="#321">#</a>
						
              <code id="321">block.h: In member function 'const Sblock& Mapfile::sblock(long int) const':</code><br />
						
            
            <a class="navhash" href="#322">#</a>
						
              <code id="322">block.h:236:56: error: 'sblock_vector' was not declared in this scope</code><br />
						
            
            <a class="navhash" href="#323">#</a>
						
              <code id="323">   const Sblock & sblock( const long i ) const { return sblock_vector[i]; }</code><br />
						
            
            <a class="navhash" href="#324">#</a>
						
              <code id="324">                                                        ^</code><br />
						
            
            <a class="navhash" href="#325">#</a>
						
              <code id="325">block.h: In member function 'long int Mapfile::sblocks() const':</code><br />
						
            
            <a class="navhash" href="#326">#</a>
						
              <code id="326">block.h:237:33: error: 'sblock_vector' was not declared in this scope</code><br />
						
            
            <a class="navhash" href="#327">#</a>
						
              <code id="327">   long sblocks() const { return sblock_vector.size(); }</code><br />
						
            
            <a class="navhash" href="#328">#</a>
						
              <code id="328">                                 ^</code><br />
						
            
            <a class="navhash" href="#329">#</a>
						
              <code id="329">block.h: In member function 'void Mapfile::change_sblock_status(long int, Sblock::Status)':</code><br />
						
            
            <a class="navhash" href="#330">#</a>
						
              <code id="330">block.h:239:7: error: 'sblock_vector' was not declared in this scope</code><br />
						
            
            <a class="navhash" href="#331">#</a>
						
              <code id="331">     { sblock_vector[i].status( st ); }</code><br />
						
            
            <a class="navhash" href="#332">#</a>
						
              <code id="332">       ^</code><br />
						
            
            <a class="navhash" href="#333">#</a>
						
              <code id="333">arg_parser.cc:167:14: error: 'data' was not declared in this scope</code><br />
						
            
            <a class="navhash" href="#334">#</a>
						
              <code id="334">       else { data.push_back( Record() ); data.back().argument = argv[argind++]; }</code><br />
						
            
            <a class="navhash" href="#335">#</a>
						
              <code id="335">              ^</code><br />
						
            
            <a class="navhash" href="#336">#</a>
						
              <code id="336">block.h: In member function 'bool Mapfile::try_split_sblock_by(long long int, long int)':</code><br />
						
            
            <a class="navhash" href="#337">#</a>
						
              <code id="337">block.h:245:9: error: 'sblock_vector' was not declared in this scope</code><br />
						
            
            <a class="navhash" href="#338">#</a>
						
              <code id="338">     if( sblock_vector[i].strictly_includes( pos ) )</code><br />
						
            
            <a class="navhash" href="#339">#</a>
						
              <code id="339">         ^</code><br />
						
            
            <a class="navhash" href="#340">#</a>
						
              <code id="340">make: *** [Makefile:64: rational.o] Error 1</code><br />
						
            
            <a class="navhash" href="#341">#</a>
						
              <code id="341">arg_parser.cc:170:7: error: 'error_' was not declared in this scope</code><br />
						
            
            <a class="navhash" href="#342">#</a>
						
              <code id="342">   if( error_.size() ) data.clear();</code><br />
						
            
            <a class="navhash" href="#343">#</a>
						
              <code id="343">       ^</code><br />
						
            
            <a class="navhash" href="#344">#</a>
						
              <code id="344">arg_parser.cc:170:23: error: 'data' was not declared in this scope</code><br />
						
            
            <a class="navhash" href="#345">#</a>
						
              <code id="345">   if( error_.size() ) data.clear();</code><br />
						
            
            <a class="navhash" href="#346">#</a>
						
              <code id="346">                       ^</code><br />
						
            
            <a class="navhash" href="#347">#</a>
						
              <code id="347">arg_parser.cc:174:9: error: 'data' was not declared in this scope</code><br />
						
            
            <a class="navhash" href="#348">#</a>
						
              <code id="348">       { data.push_back( Record() ); data.back().argument.swap( non_options[i] ); }</code><br />
						
            
            <a class="navhash" href="#349">#</a>
						
              <code id="349">         ^</code><br />
						
            
            <a class="navhash" href="#350">#</a>
						
              <code id="350">arg_parser.cc:176:9: error: 'data' was not declared in this scope</code><br />
						
            
            <a class="navhash" href="#351">#</a>
						
              <code id="351">       { data.push_back( Record() ); data.back().argument = argv[argind++]; }</code><br />
						
            
            <a class="navhash" href="#352">#</a>
						
              <code id="352">         ^</code><br />
						
            
            <a class="navhash" href="#353">#</a>
						
              <code id="353">block.h: At global scope:</code><br />
						
            
            <a class="navhash" href="#354">#</a>
						
              <code id="354">block.h:277:25: error: 'FILE' was not declared in this scope</code><br />
						
            
            <a class="navhash" href="#355">#</a>
						
              <code id="355"> bool write_file_header( FILE * const f, const char * const filetype );</code><br />
						
            
            <a class="navhash" href="#356">#</a>
						
              <code id="356">                         ^</code><br />
						
            
            <a class="navhash" href="#357">#</a>
						<span class="error">
              <code id="357">block.h:277:32: error: expected primary-expression before 'const'</code><br />
						</span>
            
            <a class="navhash" href="#358">#</a>
						
              <code id="358"> bool write_file_header( FILE * const f, const char * const filetype );</code><br />
						
            
            <a class="navhash" href="#359">#</a>
						
              <code id="359">                                ^</code><br />
						
            
            <a class="navhash" href="#360">#</a>
						<span class="error">
              <code id="360">block.h:277:41: error: expected primary-expression before 'const'</code><br />
						</span>
            
            <a class="navhash" href="#361">#</a>
						
              <code id="361"> bool write_file_header( FILE * const f, const char * const filetype );</code><br />
						
            
            <a class="navhash" href="#362">#</a>
						
              <code id="362">                                         ^</code><br />
						
            
            <a class="navhash" href="#363">#</a>
						
              <code id="363">block.h:277:69: error: expression list treated as compound expression in initializer [-fpermissive]</code><br />
						
            
            <a class="navhash" href="#364">#</a>
						
              <code id="364"> bool write_file_header( FILE * const f, const char * const filetype );</code><br />
						
            
            <a class="navhash" href="#365">#</a>
						
              <code id="365">                                                                     ^</code><br />
						
            
            <a class="navhash" href="#366">#</a>
						
              <code id="366">block.h:278:23: error: 'FILE' was not declared in this scope</code><br />
						
            
            <a class="navhash" href="#367">#</a>
						
              <code id="367"> bool write_timestamp( FILE * const f );</code><br />
						
            
            <a class="navhash" href="#368">#</a>
						
              <code id="368">                       ^</code><br />
						
            
            <a class="navhash" href="#369">#</a>
						<span class="error">
              <code id="369">block.h:278:30: error: expected primary-expression before 'const'</code><br />
						</span>
            
            <a class="navhash" href="#370">#</a>
						
              <code id="370"> bool write_timestamp( FILE * const f );</code><br />
						
            
            <a class="navhash" href="#371">#</a>
						
              <code id="371">                              ^</code><br />
						
            
            <a class="navhash" href="#372">#</a>
						
              <code id="372">block.h:279:29: error: 'FILE' was not declared in this scope</code><br />
						
            
            <a class="navhash" href="#373">#</a>
						
              <code id="373"> bool write_final_timestamp( FILE * const f );</code><br />
						
            
            <a class="navhash" href="#374">#</a>
						
              <code id="374">                             ^</code><br />
						
            
            <a class="navhash" href="#375">#</a>
						<span class="error">
              <code id="375">block.h:279:36: error: expected primary-expression before 'const'</code><br />
						</span>
            
            <a class="navhash" href="#376">#</a>
						
              <code id="376"> bool write_final_timestamp( FILE * const f );</code><br />
						
            
            <a class="navhash" href="#377">#</a>
						
              <code id="377">                                    ^</code><br />
						
            
            <a class="navhash" href="#378">#</a>
						
              <code id="378">In file included from loggers.cc:26:0:</code><br />
						
            
            <a class="navhash" href="#379">#</a>
						
              <code id="379">loggers.h:22:3: error: 'FILE' does not name a type</code><br />
						
            
            <a class="navhash" href="#380">#</a>
						
              <code id="380">   FILE * f;    // output stream</code><br />
						
            
            <a class="navhash" href="#381">#</a>
						
              <code id="381">   ^</code><br />
						
            
            <a class="navhash" href="#382">#</a>
						
              <code id="382">arg_parser.cc: In constructor 'Arg_parser::Arg_parser(const char*, const char*, const Arg_parser::Option*)':</code><br />
						
            
            <a class="navhash" href="#383">#</a>
						
              <code id="383">arg_parser.cc:193:9: error: 'error_' was not declared in this scope</code><br />
						
            
            <a class="navhash" href="#384">#</a>
						
              <code id="384">     if( error_.size() ) data.clear();</code><br />
						
            
            <a class="navhash" href="#385">#</a>
						
              <code id="385">         ^</code><br />
						
            
            <a class="navhash" href="#386">#</a>
						
              <code id="386">arg_parser.cc:193:25: error: 'data' was not declared in this scope</code><br />
						
            
            <a class="navhash" href="#387">#</a>
						
              <code id="387">     if( error_.size() ) data.clear();</code><br />
						
            
            <a class="navhash" href="#388">#</a>
						
              <code id="388">                         ^</code><br />
						
            
            <a class="navhash" href="#389">#</a>
						
              <code id="389">loggers.h: In constructor 'Logger::Logger()':</code><br />
						
            
            <a class="navhash" href="#390">#</a>
						
              <code id="390">loggers.h:26:30: error: class 'Logger' does not have any field named 'f'</code><br />
						
            
            <a class="navhash" href="#391">#</a>
						
              <code id="391">   Logger() : filename_( 0 ), f( 0 ), error( false ) {}</code><br />
						
            
            <a class="navhash" href="#392">#</a>
						
              <code id="392">                              ^</code><br />
						
            
            <a class="navhash" href="#393">#</a>
						
              <code id="393">arg_parser.cc:195:10: error: 'data' was not declared in this scope</code><br />
						
            
            <a class="navhash" href="#394">#</a>
						
              <code id="394">   else { data.push_back( Record() ); data.back().argument = opt; }</code><br />
						
            
            <a class="navhash" href="#395">#</a>
						
              <code id="395">          ^</code><br />
						
            
            <a class="navhash" href="#396">#</a>
						
              <code id="396">loggers.cc: In function 'const char* {anonymous}::format_time_dhms(long int)':</code><br />
						
            
            <a class="navhash" href="#397">#</a>
						
              <code id="397">loggers.cc:39:75: error: 'snprintf' was not declared in this scope</code><br />
						
            
            <a class="navhash" href="#398">#</a>
						
              <code id="398">   if( d ) snprintf( buf, sizeof buf, "%ldd:%02dh:%02dm:%02ds", d, h, m, s );</code><br />
						
            
            <a class="navhash" href="#399">#</a>
						
              <code id="399">                                                                           ^</code><br />
						
            
            <a class="navhash" href="#400">#</a>
						
              <code id="400">loggers.cc:40:70: error: 'snprintf' was not declared in this scope</code><br />
						
            
            <a class="navhash" href="#401">#</a>
						
              <code id="401">   else if( h ) snprintf( buf, sizeof buf, "%dh:%02dm:%02ds", h, m, s );</code><br />
						
            
            <a class="navhash" href="#402">#</a>
						
              <code id="402">                                                                      ^</code><br />
						
            
            <a class="navhash" href="#403">#</a>
						
              <code id="403">loggers.cc:41:61: error: 'snprintf' was not declared in this scope</code><br />
						
            
            <a class="navhash" href="#404">#</a>
						
              <code id="404">   else if( m ) snprintf( buf, sizeof buf, "%dm:%02ds", m, s );</code><br />
						
            
            <a class="navhash" href="#405">#</a>
						
              <code id="405">                                                             ^</code><br />
						
            
            <a class="navhash" href="#406">#</a>
						
              <code id="406">loggers.cc:42:44: error: 'snprintf' was not declared in this scope</code><br />
						
            
            <a class="navhash" href="#407">#</a>
						
              <code id="407">   else snprintf( buf, sizeof buf, "%ds", s );</code><br />
						
            
            <a class="navhash" href="#408">#</a>
						
              <code id="408">                                            ^</code><br />
						
            
            <a class="navhash" href="#409">#</a>
						
              <code id="409">loggers.cc: In member function 'bool Logger::set_filename(const char*)':</code><br />
						
            
            <a class="navhash" href="#410">#</a>
						
              <code id="410">loggers.cc:57:17: error: aggregate 'Logger::set_filename(const char*)::stat st' has incomplete type and cannot be defined</code><br />
						
            
            <a class="navhash" href="#411">#</a>
						
              <code id="411">     struct stat st;</code><br />
						
            
            <a class="navhash" href="#412">#</a>
						
              <code id="412">                 ^</code><br />
						
            
            <a class="navhash" href="#413">#</a>
						
              <code id="413">loggers.cc:58:25: error: invalid use of incomplete type 'struct Logger::set_filename(const char*)::stat'</code><br />
						
            
            <a class="navhash" href="#414">#</a>
						
              <code id="414">     if( stat( name, &st ) == 0 && !S_ISREG( st.st_mode ) ) return false;</code><br />
						
            
            <a class="navhash" href="#415">#</a>
						
              <code id="415">                         ^</code><br />
						
            
            <a class="navhash" href="#416">#</a>
						
              <code id="416">loggers.cc:57:12: error: forward declaration of 'struct Logger::set_filename(const char*)::stat'</code><br />
						
            
            <a class="navhash" href="#417">#</a>
						
              <code id="417">     struct stat st;</code><br />
						
            
            <a class="navhash" href="#418">#</a>
						
              <code id="418">            ^</code><br />
						
            
            <a class="navhash" href="#419">#</a>
						
              <code id="419">loggers.cc:58:56: error: 'S_ISREG' was not declared in this scope</code><br />
						
            
            <a class="navhash" href="#420">#</a>
						
              <code id="420">     if( stat( name, &st ) == 0 && !S_ISREG( st.st_mode ) ) return false;</code><br />
						
            
            <a class="navhash" href="#421">#</a>
						
              <code id="421">                                                        ^</code><br />
						
            
            <a class="navhash" href="#422">#</a>
						
              <code id="422">loggers.cc: In member function 'bool Logger::close_file()':</code><br />
						
            
            <a class="navhash" href="#423">#</a>
						
              <code id="423">loggers.cc:67:7: error: 'f' was not declared in this scope</code><br />
						
            
            <a class="navhash" href="#424">#</a>
						
              <code id="424">   if( f && !error && !write_final_timestamp( f ) ) error = true;</code><br />
						
            
            <a class="navhash" href="#425">#</a>
						
              <code id="425">       ^</code><br />
						
            
            <a class="navhash" href="#426">#</a>
						
              <code id="426">loggers.cc:67:48: error: 'write_final_timestamp' cannot be used as a function</code><br />
						
            
            <a class="navhash" href="#427">#</a>
						
              <code id="427">   if( f && !error && !write_final_timestamp( f ) ) error = true;</code><br />
						
            
            <a class="navhash" href="#428">#</a>
						
              <code id="428">                                                ^</code><br />
						
            
            <a class="navhash" href="#429">#</a>
						
              <code id="429">loggers.cc:68:7: error: 'f' was not declared in this scope</code><br />
						
            
            <a class="navhash" href="#430">#</a>
						
              <code id="430">   if( f && std::fclose( f ) != 0 ) error = true;</code><br />
						
            
            <a class="navhash" href="#431">#</a>
						
              <code id="431">       ^</code><br />
						
            
            <a class="navhash" href="#432">#</a>
						
              <code id="432">loggers.cc:68:12: error: 'fclose' is not a member of 'std'</code><br />
						
            
            <a class="navhash" href="#433">#</a>
						
              <code id="433">   if( f && std::fclose( f ) != 0 ) error = true;</code><br />
						
            
            <a class="navhash" href="#434">#</a>
						
              <code id="434">            ^</code><br />
						
            
            <a class="navhash" href="#435">#</a>
						
              <code id="435">loggers.cc:69:3: error: 'f' was not declared in this scope</code><br />
						
            
            <a class="navhash" href="#436">#</a>
						
              <code id="436">   f = 0;</code><br />
						
            
            <a class="navhash" href="#437">#</a>
						
              <code id="437">   ^</code><br />
						
            
            <a class="navhash" href="#438">#</a>
						
              <code id="438">loggers.cc: In member function 'bool Rate_logger::open_file()':</code><br />
						
            
            <a class="navhash" href="#439">#</a>
						
              <code id="439">loggers.cc:77:8: error: 'f' was not declared in this scope</code><br />
						
            
            <a class="navhash" href="#440">#</a>
						
              <code id="440">   if( !f )</code><br />
						
            
            <a class="navhash" href="#441">#</a>
						
              <code id="441">        ^</code><br />
						
            
            <a class="navhash" href="#442">#</a>
						
              <code id="442">loggers.cc:80:9: error: 'fopen' is not a member of 'std'</code><br />
						
            
            <a class="navhash" href="#443">#</a>
						
              <code id="443">     f = std::fopen( filename_, "w" );</code><br />
						
            
            <a class="navhash" href="#444">#</a>
						
              <code id="444">         ^</code><br />
						
            
            <a class="navhash" href="#445">#</a>
						
              <code id="445">loggers.cc:81:58: error: 'write_file_header' cannot be used as a function</code><br />
						
            
            <a class="navhash" href="#446">#</a>
						
              <code id="446">     error = !f || !write_file_header( f, "Rates Logfile" ) ||</code><br />
						
            
            <a class="navhash" href="#447">#</a>
						
              <code id="447">                                                          ^</code><br />
						
            
            <a class="navhash" href="#448">#</a>
						
              <code id="448">loggers.cc:82:13: error: 'fputs' is not a member of 'std'</code><br />
						
            
            <a class="navhash" href="#449">#</a>
						
              <code id="449">             std::fputs( "#Time  Ipos  Current_rate  Average_rate  Errors  Errsize\n", f ) == EOF;</code><br />
						
            
            <a class="navhash" href="#450">#</a>
						
              <code id="450">             ^</code><br />
						
            
            <a class="navhash" href="#451">#</a>
						
              <code id="451">loggers.cc:82:94: error: 'EOF' was not declared in this scope</code><br />
						
            
            <a class="navhash" href="#452">#</a>
						
              <code id="452">             std::fputs( "#Time  Ipos  Current_rate  Average_rate  Errors  Errsize\n", f ) == EOF;</code><br />
						
            
            <a class="navhash" href="#453">#</a>
						
              <code id="453">                                                                                              ^</code><br />
						
            
            <a class="navhash" href="#454">#</a>
						
              <code id="454">loggers.cc: In member function 'bool Rate_logger::print_line(long int, long long int, long long int, long long int, long int, long long int)':</code><br />
						
            
            <a class="navhash" href="#455">#</a>
						
              <code id="455">loggers.cc:92:7: error: 'f' was not declared in this scope</code><br />
						
            
            <a class="navhash" href="#456">#</a>
						
              <code id="456">   if( f && !error && time > last_time )</code><br />
						
            
            <a class="navhash" href="#457">#</a>
						
              <code id="457">       ^</code><br />
						
            
            <a class="navhash" href="#458">#</a>
						
              <code id="458">loggers.cc:95:9: error: 'fprintf' is not a member of 'std'</code><br />
						
            
            <a class="navhash" href="#459">#</a>
						
              <code id="459">     if( std::fprintf( f, "%2ld  0x%08llX  %8lld  %8lld  %7ld  %8lld\n",</code><br />
						
            
            <a class="navhash" href="#460">#</a>
						
              <code id="460">         ^</code><br />
						
            
            <a class="navhash" href="#461">#</a>
						
              <code id="461">loggers.cc: In member function 'bool Read_logger::open_file()':</code><br />
						
            
            <a class="navhash" href="#462">#</a>
						
              <code id="462">loggers.cc:106:8: error: 'f' was not declared in this scope</code><br />
						
            
            <a class="navhash" href="#463">#</a>
						
              <code id="463">   if( !f )</code><br />
						
            
            <a class="navhash" href="#464">#</a>
						
              <code id="464">        ^</code><br />
						
            
            <a class="navhash" href="#465">#</a>
						
              <code id="465">loggers.cc:109:9: error: 'fopen' is not a member of 'std'</code><br />
						
            
            <a class="navhash" href="#466">#</a>
						
              <code id="466">     f = std::fopen( filename_, "w" );</code><br />
						
            
            <a class="navhash" href="#467">#</a>
						
              <code id="467">         ^</code><br />
						
            
            <a class="navhash" href="#468">#</a>
						
              <code id="468">loggers.cc:110:58: error: 'write_file_header' cannot be used as a function</code><br />
						
            
            <a class="navhash" href="#469">#</a>
						
              <code id="469">     error = !f || !write_file_header( f, "Reads Logfile" ) ||</code><br />
						
            
            <a class="navhash" href="#470">#</a>
						
              <code id="470">                                                          ^</code><br />
						
            
            <a class="navhash" href="#471">#</a>
						
              <code id="471">loggers.cc:111:13: error: 'fputs' is not a member of 'std'</code><br />
						
            
            <a class="navhash" href="#472">#</a>
						
              <code id="472">             std::fputs( "#  Ipos       Size  Copied_size  Error_size\n", f ) == EOF;</code><br />
						
            
            <a class="navhash" href="#473">#</a>
						
              <code id="473">             ^</code><br />
						
            
            <a class="navhash" href="#474">#</a>
						
              <code id="474">loggers.cc:111:81: error: 'EOF' was not declared in this scope</code><br />
						
            
            <a class="navhash" href="#475">#</a>
						
              <code id="475">             std::fputs( "#  Ipos       Size  Copied_size  Error_size\n", f ) == EOF;</code><br />
						
            
            <a class="navhash" href="#476">#</a>
						
              <code id="476">                                                                                 ^</code><br />
						
            
            <a class="navhash" href="#477">#</a>
						
              <code id="477">loggers.cc: In member function 'bool Read_logger::print_line(long long int, long long int, int, int)':</code><br />
						
            
            <a class="navhash" href="#478">#</a>
						
              <code id="478">loggers.cc:120:7: error: 'f' was not declared in this scope</code><br />
						
            
            <a class="navhash" href="#479">#</a>
						
              <code id="479">   if( f && !error &&</code><br />
						
            
            <a class="navhash" href="#480">#</a>
						
              <code id="480">       ^</code><br />
						
            
            <a class="navhash" href="#481">#</a>
						
              <code id="481">loggers.cc:121:7: error: 'fprintf' is not a member of 'std'</code><br />
						
            
            <a class="navhash" href="#482">#</a>
						
              <code id="482">       std::fprintf( f, "0x%08llX %lld %d %d\n",</code><br />
						
            
            <a class="navhash" href="#483">#</a>
						
              <code id="483">       ^</code><br />
						
            
            <a class="navhash" href="#484">#</a>
						
              <code id="484">loggers.cc: In member function 'bool Read_logger::print_msg(long int, const char*)':</code><br />
						
            
            <a class="navhash" href="#485">#</a>
						
              <code id="485">loggers.cc:131:7: error: 'f' was not declared in this scope</code><br />
						
            
            <a class="navhash" href="#486">#</a>
						
              <code id="486">   if( f && !error &&</code><br />
						
            
            <a class="navhash" href="#487">#</a>
						
              <code id="487">       ^</code><br />
						
            
            <a class="navhash" href="#488">#</a>
						
              <code id="488">loggers.cc:132:7: error: 'fprintf' is not a member of 'std'</code><br />
						
            
            <a class="navhash" href="#489">#</a>
						
              <code id="489">       std::fprintf( f, "%s# %s  %s\n", prev_is_msg ? "" : "\n\n",</code><br />
						
            
            <a class="navhash" href="#490">#</a>
						
              <code id="490">       ^</code><br />
						
            
            <a class="navhash" href="#491">#</a>
						
              <code id="491">make: *** [Makefile:64: arg_parser.o] Error 1</code><br />
						
            
            <a class="navhash" href="#492">#</a>
						
              <code id="492">loggers.cc: In member function 'bool Read_logger::print_time(long int)':</code><br />
						
            
            <a class="navhash" href="#493">#</a>
						
              <code id="493">loggers.cc:142:7: error: 'f' was not declared in this scope</code><br />
						
            
            <a class="navhash" href="#494">#</a>
						
              <code id="494">   if( f && !error && time > 0 &&</code><br />
						
            
            <a class="navhash" href="#495">#</a>
						
              <code id="495">       ^</code><br />
						
            
            <a class="navhash" href="#496">#</a>
						
              <code id="496">loggers.cc:143:7: error: 'fprintf' is not a member of 'std'</code><br />
						
            
            <a class="navhash" href="#497">#</a>
						
              <code id="497">       std::fprintf( f, "# %s\n", format_time_dhms( time ) ) < 0 )</code><br />
						
            
            <a class="navhash" href="#498">#</a>
						
              <code id="498">       ^</code><br />
						
            
            <a class="navhash" href="#499">#</a>
						
              <code id="499">make: *** [Makefile:64: loggers.o] Error 1</code><br />
						
            
            <a class="navhash" href="#500">#</a>
						
              <code id="500">==> ERROR: A failure occurred in build().</code><br />
						
            
            <a class="navhash" href="#501">#</a>
						
              <code id="501">    Aborting...</code><br />
						
            
          </div>
        
      </div>
      <br />
    
  </body>
</html>