<!DOCTYPE html>
<html>
<!-- Jinja template for reports of individual builds

  Copyright 2016 Kareem Khazem. All Rights Reserved.
  Licensed under the Apache License, Version 2.0 (the "License");
  you may not use this file except in compliance with the License.
  You may obtain a copy of the License at

 		 http://www.apache.org/licenses/LICENSE-2.0

  Unless required by applicable law or agreed to in writing, software
  distributed under the License is distributed on an "AS IS" BASIS,
  WITHOUT WARRANTIES OR CONDITIONS OF ANY KIND, either express or
  implied.
  See the License for the specific language governing permissions and
  limitations under the License.
-->
  <head>
    <meta charset="UTF-8">
    <title>android/gptfdisk</title>
    <link href='https://fonts.googleapis.com/css?family=Roboto:400,900'
          rel='stylesheet' type='text/css'>
    <link
    href='https://fonts.googleapis.com/css?family=Source+Code+Pro:400,700'
          rel='stylesheet' type='text/css'>
    <link href="../style.css" type="text/css" rel="stylesheet">
  </head>
  <body>
    <h1>Build of gptfdisk
        with <a href="../index.html">android</a>
        toolchain</h1>
    <p>The build took 00h 01m 03s and was
    NOT successful.</p>
    <p>
    The program in this build is written in the following languages,
    according to <a
    href="http://www.dwheeler.com/sloccount/">sloccount</a>:
    </p>
    <table>
      <tr><th>SLOC</th><th>Language</th></tr>
      
      <tr><td class="loc"><code>8,294</code></td>
          <td class="lang">cpp</td></tr>
      <tr><td class="loc"><code>244</code></td>
          <td class="lang">sh</td></tr>
      <tr><td class="loc"><code>30</code></td>
          <td class="lang">makefile</td></tr>
      <tr><td><code>8,568</code></td>
          <td><em>total</em></td></tr>
    </table>
    <p>
      The process tree of the build process is <a
      href="gptfdisk-tree.html">here</a>.
    </p>
    
    
      <p>
      Several sub-process invocations were improper; see the process tree
      for details. Summary:
      </p>
      <ul>
        <li>hardcoded invocation:<ul>
            <li>&times;8: g++

/sysroot/bin/arm-linux-androideabi-g++
</li>
        </ul></li>
      </ul>
    
    
    
    
    <h2>List of Errors</h2>
    <ul>
      
      <li>parse_error
        <ul>
          
          <li><a href="#240">support.cc:98:11: error: expected ';' before 'line'</a></li>
          
          <li><a href="#480">guid.cc:67:11: error: expected ';' before 'copy'</a></li>
          
          <li><a href="#486">guid.cc:68:11: error: expected ';' before 'len'</a></li>
          
          <li><a href="#489">guid.cc:70:11: error: expected ';' before 'longSegs'</a></li>
          
          <li><a href="#495">guid.cc:71:11: error: expected ';' before 'shortSegs'</a></li>
          
          <li><a href="#570">parttypes.h:55:34: error: expected ')' before 'ID'</a></li>
          
          <li><a href="#835">gptpart.cc:194:11: error: expected ';' before 'len'</a></li>
          
          <li><a href="#838">gptpart.cc:195:11: error: expected ';' before 'pos'</a></li>
          
          <li><a href="#841">gptpart.cc:196:17: error: expected ';' before 'i'</a></li>
          
          <li><a href="#856">gptpart.cc:197:16: error: expected ';' before 'uni'</a></li>
          
          <li><a href="#862">gptpart.cc:198:15: error: expected ';' before 'cp'</a></li>
          
          <li><a href="#895">gptpart.cc:236:35: error: expected ';' before 'uni'</a></li>
          
          <li><a href="#957">gptpart.cc:292:11: error: expected ';' before 'sizeInIeee'</a></li>
          
          <li><a href="#960">gptpart.cc:293:18: error: expected ';' before 'description'</a></li>
          
          <li><a href="#966">gptpart.cc:294:11: error: expected ';' before 'i'</a></li>
          
          <li><a href="#999">gptpart.cc:318:14: error: expected ';' before 'desc'</a></li>
          
          <li><a href="#1002">gptpart.cc:319:14: error: expected ';' before 'n'</a></li>
          
          <li><a href="#1005">gptpart.cc:320:14: error: expected ';' before 'i'</a></li>
          
          <li><a href="#1008">gptpart.cc:321:14: error: expected ';' before 'len'</a></li>
          
        </ul>
      </li>
      
    </ul>
    
    
    <h2>Log</h2>
    <p>
    To avoid scrolling, you may jump to the <a
    href="#1055">last line</a> of the
    invocation of <code>makepkg</code> that was used to build this
    package.
    </p>
    
    
      <div class="block">
        <div class="info">
          <code>Removed vanilla repositories from pacman.conf and added:</code>
        </div>
        
          <div class="output">
            
            <a class="navhash" href="#1">#</a>
						
              <code id="1">[tuscan]</code><br />
						
            
            <a class="navhash" href="#2">#</a>
						
              <code id="2">Server = file:///var/cache/pacman/pkg/</code><br />
						
            
          </div>
        
      </div>
      <br />
    
      <div class="block">
        <div class="command">
          <code><span class="prompt">CMD: </span>pacman -Syy --noconfirm</code>
        </div>
        
          <div class="output">
            
            <a class="navhash" href="#3">#</a>
						
              <code id="3">:: Synchronizing package databases...</code><br />
						
            
            <a class="navhash" href="#4">#</a>
						
              <code id="4">downloading tuscan.db...</code><br />
						
            
          </div>
        
      </div>
      <br />
    
      <div class="block">
        <div class="info">
          <code>Copied permanent toolchain into container-local sysroot</code>
        </div>
        
          <div class="output">
            
            <a class="navhash" href="#5">#</a>
						
              <code id="5">/toolchain_root/arm-linux-androideabi  -->  /sysroot/arm-linux-androideabi</code><br />
						
            
            <a class="navhash" href="#6">#</a>
						
              <code id="6">/toolchain_root/COPYING3.LIB  -->  /sysroot/COPYING3.LIB</code><br />
						
            
            <a class="navhash" href="#7">#</a>
						
              <code id="7">/toolchain_root/sysroot  -->  /sysroot/sysroot</code><br />
						
            
            <a class="navhash" href="#8">#</a>
						
              <code id="8">/toolchain_root/COPYING.RUNTIME  -->  /sysroot/COPYING.RUNTIME</code><br />
						
            
            <a class="navhash" href="#9">#</a>
						
              <code id="9">/toolchain_root/lib  -->  /sysroot/lib</code><br />
						
            
            <a class="navhash" href="#10">#</a>
						
              <code id="10">/toolchain_root/SOURCES  -->  /sysroot/SOURCES</code><br />
						
            
            <a class="navhash" href="#11">#</a>
						
              <code id="11">/toolchain_root/lib64  -->  /sysroot/lib64</code><br />
						
            
            <a class="navhash" href="#12">#</a>
						
              <code id="12">/toolchain_root/share  -->  /sysroot/share</code><br />
						
            
            <a class="navhash" href="#13">#</a>
						
              <code id="13">/toolchain_root/bin  -->  /sysroot/bin</code><br />
						
            
            <a class="navhash" href="#14">#</a>
						
              <code id="14">/toolchain_root/COPYING  -->  /sysroot/COPYING</code><br />
						
            
            <a class="navhash" href="#15">#</a>
						
              <code id="15">/toolchain_root/COPYING3  -->  /sysroot/COPYING3</code><br />
						
            
            <a class="navhash" href="#16">#</a>
						
              <code id="16">/toolchain_root/COPYING.LIB  -->  /sysroot/COPYING.LIB</code><br />
						
            
            <a class="navhash" href="#17">#</a>
						
              <code id="17">/toolchain_root/include  -->  /sysroot/include</code><br />
						
            
            <a class="navhash" href="#18">#</a>
						
              <code id="18">/toolchain_root/libexec  -->  /sysroot/libexec</code><br />
						
            
          </div>
        
      </div>
      <br />
    
      <div class="block">
        <div class="command">
          <code><span class="prompt">CMD: </span>sudo -u tuscan PATH=/sysroot/bin:/sysroot/libexec/gcc/arm-linux-androideabi/4.8:/usr/local/sbin:/usr/local/bin:/usr/sbin:/usr/bin:/sbin:/bin CC=arm-linux-androideabi-gcc CXX=arm-linux-androideabi-g++ red makepkg --noextract --syncdeps --skipinteg --skippgpcheck --skipchecksums --noconfirm --nocolor --log --noprogressbar --nocheck</code>
        </div>
        
          <div class="output">
            
            <a class="navhash" href="#19">#</a>
						
              <code id="19">==> Making package: gptfdisk 1.0.1-2 (Tue Apr  4 21:10:27 UTC 2017)</code><br />
						
            
            <a class="navhash" href="#20">#</a>
						
              <code id="20">==> Checking runtime dependencies...</code><br />
						
            
            <a class="navhash" href="#21">#</a>
						
              <code id="21">==> Checking buildtime dependencies...</code><br />
						
            
            <a class="navhash" href="#22">#</a>
						
              <code id="22">==> WARNING: Using existing $srcdir/ tree</code><br />
						
            
            <a class="navhash" href="#23">#</a>
						
              <code id="23">==> Starting build()...</code><br />
						
            
            <a class="navhash" href="#24">#</a>
						
              <code id="24">g++  -Wall -D_FILE_OFFSET_BITS=64   -c -o crc32.o crc32.cc</code><br />
						
            
            <a class="navhash" href="#25">#</a>
						
              <code id="25">g++  -Wall -D_FILE_OFFSET_BITS=64   -c -o support.o support.cc</code><br />
						
            
            <a class="navhash" href="#26">#</a>
						
              <code id="26">g++  -Wall -D_FILE_OFFSET_BITS=64   -c -o guid.o guid.cc</code><br />
						
            
            <a class="navhash" href="#27">#</a>
						
              <code id="27">g++  -Wall -D_FILE_OFFSET_BITS=64   -c -o gptpart.o gptpart.cc</code><br />
						
            
            <a class="navhash" href="#28">#</a>
						
              <code id="28">cc1plus: error: no include path in which to search for stdc-predef.h</code><br />
						
            
            <a class="navhash" href="#29">#</a>
						
              <code id="29">crc32.cc:16:19: error: no include path in which to search for stdio.h</code><br />
						
            
            <a class="navhash" href="#30">#</a>
						
              <code id="30"> #include <stdio.h></code><br />
						
            
            <a class="navhash" href="#31">#</a>
						
              <code id="31">                   ^</code><br />
						
            
            <a class="navhash" href="#32">#</a>
						
              <code id="32">crc32.cc:17:20: error: no include path in which to search for stdlib.h</code><br />
						
            
            <a class="navhash" href="#33">#</a>
						
              <code id="33"> #include <stdlib.h></code><br />
						
            
            <a class="navhash" href="#34">#</a>
						
              <code id="34">                    ^</code><br />
						
            
            <a class="navhash" href="#35">#</a>
						
              <code id="35">crc32.cc:18:23: error: no include path in which to search for sys/types.h</code><br />
						
            
            <a class="navhash" href="#36">#</a>
						
              <code id="36"> #include <sys/types.h></code><br />
						
            
            <a class="navhash" href="#37">#</a>
						
              <code id="37">                       ^</code><br />
						
            
            <a class="navhash" href="#38">#</a>
						
              <code id="38">In file included from crc32.cc:19:0:</code><br />
						
            
            <a class="navhash" href="#39">#</a>
						
              <code id="39">crc32.h:16:20: error: no include path in which to search for stdint.h</code><br />
						
            
            <a class="navhash" href="#40">#</a>
						
              <code id="40"> #include <stdint.h></code><br />
						
            
            <a class="navhash" href="#41">#</a>
						
              <code id="41">                    ^</code><br />
						
            
            <a class="navhash" href="#42">#</a>
						
              <code id="42">crc32.h:19:1: error: 'uint32_t' does not name a type</code><br />
						
            
            <a class="navhash" href="#43">#</a>
						
              <code id="43"> uint32_t chksum_crc32 (unsigned char *block, unsigned int length);</code><br />
						
            
            <a class="navhash" href="#44">#</a>
						
              <code id="44"> ^</code><br />
						
            
            <a class="navhash" href="#45">#</a>
						
              <code id="45">crc32.cc:25:1: error: 'uint32_t' does not name a type</code><br />
						
            
            <a class="navhash" href="#46">#</a>
						
              <code id="46"> uint32_t crc_tab[256];</code><br />
						
            
            <a class="navhash" href="#47">#</a>
						
              <code id="47"> ^</code><br />
						
            
            <a class="navhash" href="#48">#</a>
						
              <code id="48">crc32.cc:32:1: error: 'uint32_t' does not name a type</code><br />
						
            
            <a class="navhash" href="#49">#</a>
						
              <code id="49"> uint32_t chksum_crc32 (unsigned char *block, unsigned int length)</code><br />
						
            
            <a class="navhash" href="#50">#</a>
						
              <code id="50"> ^</code><br />
						
            
            <a class="navhash" href="#51">#</a>
						
              <code id="51">make: *** [<builtin>: crc32.o] Error 1</code><br />
						
            
            <a class="navhash" href="#52">#</a>
						
              <code id="52">make: *** Waiting for unfinished jobs....</code><br />
						
            
            <a class="navhash" href="#53">#</a>
						
              <code id="53">cc1plus: error: no include path in which to search for stdc-predef.h</code><br />
						
            
            <a class="navhash" href="#54">#</a>
						
              <code id="54">support.cc:12:19: error: no include path in which to search for stdio.h</code><br />
						
            
            <a class="navhash" href="#55">#</a>
						
              <code id="55"> #include <stdio.h></code><br />
						
            
            <a class="navhash" href="#56">#</a>
						
              <code id="56">                   ^</code><br />
						
            
            <a class="navhash" href="#57">#</a>
						
              <code id="57">support.cc:13:20: error: no include path in which to search for stdint.h</code><br />
						
            
            <a class="navhash" href="#58">#</a>
						
              <code id="58"> #include <stdint.h></code><br />
						
            
            <a class="navhash" href="#59">#</a>
						
              <code id="59">                    ^</code><br />
						
            
            <a class="navhash" href="#60">#</a>
						
              <code id="60">support.cc:14:19: error: no include path in which to search for errno.h</code><br />
						
            
            <a class="navhash" href="#61">#</a>
						
              <code id="61"> #include <errno.h></code><br />
						
            
            <a class="navhash" href="#62">#</a>
						
              <code id="62">                   ^</code><br />
						
            
            <a class="navhash" href="#63">#</a>
						
              <code id="63">support.cc:15:19: error: no include path in which to search for fcntl.h</code><br />
						
            
            <a class="navhash" href="#64">#</a>
						
              <code id="64"> #include <fcntl.h></code><br />
						
            
            <a class="navhash" href="#65">#</a>
						
              <code id="65">                   ^</code><br />
						
            
            <a class="navhash" href="#66">#</a>
						
              <code id="66">support.cc:16:20: error: no include path in which to search for string.h</code><br />
						
            
            <a class="navhash" href="#67">#</a>
						
              <code id="67"> #include <string.h></code><br />
						
            
            <a class="navhash" href="#68">#</a>
						
              <code id="68">                    ^</code><br />
						
            
            <a class="navhash" href="#69">#</a>
						
              <code id="69">support.cc:17:22: error: no include path in which to search for sys/stat.h</code><br />
						
            
            <a class="navhash" href="#70">#</a>
						
              <code id="70"> #include <sys/stat.h></code><br />
						
            
            <a class="navhash" href="#71">#</a>
						
              <code id="71">                      ^</code><br />
						
            
            <a class="navhash" href="#72">#</a>
						
              <code id="72">support.cc:18:18: error: no include path in which to search for string</code><br />
						
            
            <a class="navhash" href="#73">#</a>
						
              <code id="73"> #include <string></code><br />
						
            
            <a class="navhash" href="#74">#</a>
						
              <code id="74">                  ^</code><br />
						
            
            <a class="navhash" href="#75">#</a>
						
              <code id="75">support.cc:19:20: error: no include path in which to search for iostream</code><br />
						
            
            <a class="navhash" href="#76">#</a>
						
              <code id="76"> #include <iostream></code><br />
						
            
            <a class="navhash" href="#77">#</a>
						
              <code id="77">                    ^</code><br />
						
            
            <a class="navhash" href="#78">#</a>
						
              <code id="78">support.cc:20:19: error: no include path in which to search for sstream</code><br />
						
            
            <a class="navhash" href="#79">#</a>
						
              <code id="79"> #include <sstream></code><br />
						
            
            <a class="navhash" href="#80">#</a>
						
              <code id="80">                   ^</code><br />
						
            
            <a class="navhash" href="#81">#</a>
						
              <code id="81">In file included from support.cc:21:0:</code><br />
						
            
            <a class="navhash" href="#82">#</a>
						
              <code id="82">support.h:4:20: error: no include path in which to search for stdint.h</code><br />
						
            
            <a class="navhash" href="#83">#</a>
						
              <code id="83"> #include <stdint.h></code><br />
						
            
            <a class="navhash" href="#84">#</a>
						
              <code id="84">                    ^</code><br />
						
            
            <a class="navhash" href="#85">#</a>
						
              <code id="85">support.h:5:20: error: no include path in which to search for stdlib.h</code><br />
						
            
            <a class="navhash" href="#86">#</a>
						
              <code id="86"> #include <stdlib.h></code><br />
						
            
            <a class="navhash" href="#87">#</a>
						
              <code id="87">                    ^</code><br />
						
            
            <a class="navhash" href="#88">#</a>
						
              <code id="88">support.h:6:18: error: no include path in which to search for string</code><br />
						
            
            <a class="navhash" href="#89">#</a>
						
              <code id="89"> #include <string></code><br />
						
            
            <a class="navhash" href="#90">#</a>
						
              <code id="90">                  ^</code><br />
						
            
            <a class="navhash" href="#91">#</a>
						
              <code id="91">support.h:44:22: error: no include path in which to search for linux/fs.h</code><br />
						
            
            <a class="navhash" href="#92">#</a>
						
              <code id="92"> #include <linux/fs.h></code><br />
						
            
            <a class="navhash" href="#93">#</a>
						
              <code id="93">                      ^</code><br />
						
            
            <a class="navhash" href="#94">#</a>
						
              <code id="94">support.cc:23:23: error: no include path in which to search for sys/types.h</code><br />
						
            
            <a class="navhash" href="#95">#</a>
						
              <code id="95"> #include <sys/types.h></code><br />
						
            
            <a class="navhash" href="#96">#</a>
						
              <code id="96">                       ^</code><br />
						
            
            <a class="navhash" href="#97">#</a>
						
              <code id="97">cc1plus: error: no include path in which to search for stdc-predef.h</code><br />
						
            
            <a class="navhash" href="#98">#</a>
						
              <code id="98">In file included from support.cc:21:0:</code><br />
						
            
            <a class="navhash" href="#99">#</a>
						
              <code id="99">support.h:74:1: error: 'string' does not name a type</code><br />
						
            
            <a class="navhash" href="#100">#</a>
						
              <code id="100"> string ReadString(void);</code><br />
						
            
            <a class="navhash" href="#101">#</a>
						
              <code id="101"> ^</code><br />
						
            
            <a class="navhash" href="#102">#</a>
						
              <code id="102">guid.cc:17:19: error: no include path in which to search for stdio.h</code><br />
						
            
            <a class="navhash" href="#103">#</a>
						
              <code id="103"> #include <stdio.h></code><br />
						
            
            <a class="navhash" href="#104">#</a>
						
              <code id="104">                   ^</code><br />
						
            
            <a class="navhash" href="#105">#</a>
						
              <code id="105">guid.cc:18:18: error: no include path in which to search for time.h</code><br />
						
            
            <a class="navhash" href="#106">#</a>
						
              <code id="106"> #include <time.h></code><br />
						
            
            <a class="navhash" href="#107">#</a>
						
              <code id="107">                  ^</code><br />
						
            
            <a class="navhash" href="#108">#</a>
						
              <code id="108">support.h:75:49: error: 'string' does not name a type</code><br />
						
            
            <a class="navhash" href="#109">#</a>
						
              <code id="109"> int GetNumber(int low, int high, int def, const string & prompt);</code><br />
						
            
            <a class="navhash" href="#110">#</a>
						
              <code id="110">                                                 ^</code><br />
						
            
            <a class="navhash" href="#111">#</a>
						
              <code id="111">guid.cc:19:20: error: no include path in which to search for string.h</code><br />
						
            
            <a class="navhash" href="#112">#</a>
						
              <code id="112"> #include <string.h></code><br />
						
            
            <a class="navhash" href="#113">#</a>
						
              <code id="113">                    ^</code><br />
						
            
            <a class="navhash" href="#114">#</a>
						
              <code id="114">support.h:75:58: error: ISO C++ forbids declaration of 'prompt' with no type [-fpermissive]</code><br />
						
            
            <a class="navhash" href="#115">#</a>
						
              <code id="115"> int GetNumber(int low, int high, int def, const string & prompt);</code><br />
						
            
            <a class="navhash" href="#116">#</a>
						
              <code id="116">                                                          ^</code><br />
						
            
            <a class="navhash" href="#117">#</a>
						
              <code id="117">guid.cc:20:18: error: no include path in which to search for string</code><br />
						
            
            <a class="navhash" href="#118">#</a>
						
              <code id="118"> #include <string></code><br />
						
            
            <a class="navhash" href="#119">#</a>
						
              <code id="119">                  ^</code><br />
						
            
            <a class="navhash" href="#120">#</a>
						
              <code id="120">guid.cc:21:20: error: no include path in which to search for iostream</code><br />
						
            
            <a class="navhash" href="#121">#</a>
						
              <code id="121"> #include <iostream></code><br />
						
            
            <a class="navhash" href="#122">#</a>
						
              <code id="122">                    ^</code><br />
						
            
            <a class="navhash" href="#123">#</a>
						
              <code id="123">support.h:77:1: error: 'uint64_t' does not name a type</code><br />
						
            
            <a class="navhash" href="#124">#</a>
						
              <code id="124"> uint64_t GetSectorNum(uint64_t low, uint64_t high, uint64_t def, uint64_t sSize, const std::string& prompt);</code><br />
						
            
            <a class="navhash" href="#125">#</a>
						
              <code id="125"> ^</code><br />
						
            
            <a class="navhash" href="#126">#</a>
						
              <code id="126">In file included from guid.cc:22:0:</code><br />
						
            
            <a class="navhash" href="#127">#</a>
						
              <code id="127">guid.h:17:20: error: no include path in which to search for stdint.h</code><br />
						
            
            <a class="navhash" href="#128">#</a>
						
              <code id="128"> #include <stdint.h></code><br />
						
            
            <a class="navhash" href="#129">#</a>
						
              <code id="129">                    ^</code><br />
						
            
            <a class="navhash" href="#130">#</a>
						
              <code id="130">guid.h:18:18: error: no include path in which to search for string</code><br />
						
            
            <a class="navhash" href="#131">#</a>
						
              <code id="131"> #include <string></code><br />
						
            
            <a class="navhash" href="#132">#</a>
						
              <code id="132">                  ^</code><br />
						
            
            <a class="navhash" href="#133">#</a>
						
              <code id="133">support.h:78:1: error: 'uint64_t' does not name a type</code><br />
						
            
            <a class="navhash" href="#134">#</a>
						
              <code id="134"> uint64_t IeeeToInt(string IeeeValue, uint64_t sSize, uint64_t low, uint64_t high, uint64_t def = 0);</code><br />
						
            
            <a class="navhash" href="#135">#</a>
						
              <code id="135"> ^</code><br />
						
            
            <a class="navhash" href="#136">#</a>
						
              <code id="136">guid.h:29:23: error: no include path in which to search for uuid/uuid.h</code><br />
						
            
            <a class="navhash" href="#137">#</a>
						
              <code id="137"> #include <uuid/uuid.h></code><br />
						
            
            <a class="navhash" href="#138">#</a>
						
              <code id="138">                       ^</code><br />
						
            
            <a class="navhash" href="#139">#</a>
						
              <code id="139">support.h:79:1: error: 'string' does not name a type</code><br />
						
            
            <a class="navhash" href="#140">#</a>
						
              <code id="140"> string BytesToIeee(uint64_t size, uint32_t sectorSize);</code><br />
						
            
            <a class="navhash" href="#141">#</a>
						
              <code id="141"> ^</code><br />
						
            
            <a class="navhash" href="#142">#</a>
						
              <code id="142">support.h:80:30: error: 'string' does not name a type</code><br />
						
            
            <a class="navhash" href="#143">#</a>
						
              <code id="143"> unsigned char StrToHex(const string & input, unsigned int position);</code><br />
						
            
            <a class="navhash" href="#144">#</a>
						
              <code id="144">                              ^</code><br />
						
            
            <a class="navhash" href="#145">#</a>
						
              <code id="145">support.h:80:39: error: ISO C++ forbids declaration of 'input' with no type [-fpermissive]</code><br />
						
            
            <a class="navhash" href="#146">#</a>
						
              <code id="146"> unsigned char StrToHex(const string & input, unsigned int position);</code><br />
						
            
            <a class="navhash" href="#147">#</a>
						
              <code id="147">                                       ^</code><br />
						
            
            <a class="navhash" href="#148">#</a>
						
              <code id="148">In file included from guid.cc:23:0:</code><br />
						
            
            <a class="navhash" href="#149">#</a>
						
              <code id="149">support.h:4:20: error: no include path in which to search for stdint.h</code><br />
						
            
            <a class="navhash" href="#150">#</a>
						
              <code id="150"> #include <stdint.h></code><br />
						
            
            <a class="navhash" href="#151">#</a>
						
              <code id="151">                    ^</code><br />
						
            
            <a class="navhash" href="#152">#</a>
						
              <code id="152">support.h:5:20: error: no include path in which to search for stdlib.h</code><br />
						
            
            <a class="navhash" href="#153">#</a>
						
              <code id="153"> #include <stdlib.h></code><br />
						
            
            <a class="navhash" href="#154">#</a>
						
              <code id="154">                    ^</code><br />
						
            
            <a class="navhash" href="#155">#</a>
						
              <code id="155">support.h:81:11: error: 'string' was not declared in this scope</code><br />
						
            
            <a class="navhash" href="#156">#</a>
						
              <code id="156"> int IsHex(string input); // Returns 1 if input can be hexadecimal number....</code><br />
						
            
            <a class="navhash" href="#157">#</a>
						
              <code id="157">           ^</code><br />
						
            
            <a class="navhash" href="#158">#</a>
						
              <code id="158">support.h:6:18: error: no include path in which to search for string</code><br />
						
            
            <a class="navhash" href="#159">#</a>
						
              <code id="159"> #include <string></code><br />
						
            
            <a class="navhash" href="#160">#</a>
						
              <code id="160">                  ^</code><br />
						
            
            <a class="navhash" href="#161">#</a>
						
              <code id="161">support.h:44:22: error: no include path in which to search for linux/fs.h</code><br />
						
            
            <a class="navhash" href="#162">#</a>
						
              <code id="162"> #include <linux/fs.h></code><br />
						
            
            <a class="navhash" href="#163">#</a>
						
              <code id="163">                      ^</code><br />
						
            
            <a class="navhash" href="#164">#</a>
						
              <code id="164">support.cc:55:1: error: 'string' does not name a type</code><br />
						
            
            <a class="navhash" href="#165">#</a>
						
              <code id="165"> string ReadString(void) {</code><br />
						
            
            <a class="navhash" href="#166">#</a>
						
              <code id="166"> ^</code><br />
						
            
            <a class="navhash" href="#167">#</a>
						
              <code id="167">support.cc:70:49: error: 'string' does not name a type</code><br />
						
            
            <a class="navhash" href="#168">#</a>
						
              <code id="168"> int GetNumber(int low, int high, int def, const string & prompt) {</code><br />
						
            
            <a class="navhash" href="#169">#</a>
						
              <code id="169">                                                 ^</code><br />
						
            
            <a class="navhash" href="#170">#</a>
						
              <code id="170">support.cc:70:58: error: ISO C++ forbids declaration of 'prompt' with no type [-fpermissive]</code><br />
						
            
            <a class="navhash" href="#171">#</a>
						
              <code id="171"> int GetNumber(int low, int high, int def, const string & prompt) {</code><br />
						
            
            <a class="navhash" href="#172">#</a>
						
              <code id="172">                                                          ^</code><br />
						
            
            <a class="navhash" href="#173">#</a>
						
              <code id="173">support.cc: In function 'int GetNumber(int, int, int, const int&)':</code><br />
						
            
            <a class="navhash" href="#174">#</a>
						
              <code id="174">support.cc:76:10: error: 'cout' was not declared in this scope</code><br />
						
            
            <a class="navhash" href="#175">#</a>
						
              <code id="175">          cout << prompt;</code><br />
						
            
            <a class="navhash" href="#176">#</a>
						
              <code id="176">          ^</code><br />
						
            
            <a class="navhash" href="#177">#</a>
						
              <code id="177">support.cc:77:10: error: 'cin' was not declared in this scope</code><br />
						
            
            <a class="navhash" href="#178">#</a>
						
              <code id="178">          cin.getline(line, 255);</code><br />
						
            
            <a class="navhash" href="#179">#</a>
						
              <code id="179">          ^</code><br />
						
            
            <a class="navhash" href="#180">#</a>
						
              <code id="180">support.cc:79:19: error: 'exit' was not declared in this scope</code><br />
						
            
            <a class="navhash" href="#181">#</a>
						
              <code id="181">             exit(5);</code><br />
						
            
            <a class="navhash" href="#182">#</a>
						
              <code id="182">                   ^</code><br />
						
            
            <a class="navhash" href="#183">#</a>
						
              <code id="183">In file included from guid.cc:22:0:</code><br />
						
            
            <a class="navhash" href="#184">#</a>
						
              <code id="184">guid.h:30:9: error: 'uuid_t' does not name a type</code><br />
						
            
            <a class="navhash" href="#185">#</a>
						
              <code id="185"> typedef uuid_t my_uuid_t;</code><br />
						
            
            <a class="navhash" href="#186">#</a>
						
              <code id="186">         ^</code><br />
						
            
            <a class="navhash" href="#187">#</a>
						
              <code id="187">support.cc:80:44: error: 'sscanf' was not declared in this scope</code><br />
						
            
            <a class="navhash" href="#188">#</a>
						
              <code id="188">          num = sscanf(line, "%d", &response);</code><br />
						
            
            <a class="navhash" href="#189">#</a>
						
              <code id="189">                                            ^</code><br />
						
            
            <a class="navhash" href="#190">#</a>
						
              <code id="190">cc1plus: error: no include path in which to search for stdc-predef.h</code><br />
						
            
            <a class="navhash" href="#191">#</a>
						
              <code id="191">guid.h:41:7: error: 'my_uuid_t' does not name a type</code><br />
						
            
            <a class="navhash" href="#192">#</a>
						
              <code id="192">       my_uuid_t uuidData;</code><br />
						
            
            <a class="navhash" href="#193">#</a>
						
              <code id="193">       ^</code><br />
						
            
            <a class="navhash" href="#194">#</a>
						
              <code id="194">gptpart.cc:24:20: error: no include path in which to search for string.h</code><br />
						
            
            <a class="navhash" href="#195">#</a>
						
              <code id="195"> #include <string.h></code><br />
						
            
            <a class="navhash" href="#196">#</a>
						
              <code id="196">                    ^</code><br />
						
            
            <a class="navhash" href="#197">#</a>
						
              <code id="197">gptpart.cc:25:19: error: no include path in which to search for stdio.h</code><br />
						
            
            <a class="navhash" href="#198">#</a>
						
              <code id="198"> #include <stdio.h></code><br />
						
            
            <a class="navhash" href="#199">#</a>
						
              <code id="199">                   ^</code><br />
						
            
            <a class="navhash" href="#200">#</a>
						
              <code id="200">guid.h:42:7: error: 'string' does not name a type</code><br />
						
            
            <a class="navhash" href="#201">#</a>
						
              <code id="201">       string DeleteSpaces(string s);</code><br />
						
            
            <a class="navhash" href="#202">#</a>
						
              <code id="202">       ^</code><br />
						
            
            <a class="navhash" href="#203">#</a>
						
              <code id="203">gptpart.cc:26:20: error: no include path in which to search for iostream</code><br />
						
            
            <a class="navhash" href="#204">#</a>
						
              <code id="204"> #include <iostream></code><br />
						
            
            <a class="navhash" href="#205">#</a>
						
              <code id="205">                    ^</code><br />
						
            
            <a class="navhash" href="#206">#</a>
						
              <code id="206">support.cc:89:7: error: 'cout' was not declared in this scope</code><br />
						
            
            <a class="navhash" href="#207">#</a>
						
              <code id="207">       cout << "Using " << low << "\n";</code><br />
						
            
            <a class="navhash" href="#208">#</a>
						
              <code id="208">       ^</code><br />
						
            
            <a class="navhash" href="#209">#</a>
						
              <code id="209">In file included from gptpart.cc:27:0:</code><br />
						
            
            <a class="navhash" href="#210">#</a>
						
              <code id="210">gptpart.h:18:20: error: no include path in which to search for stdint.h</code><br />
						
            
            <a class="navhash" href="#211">#</a>
						
              <code id="211"> #include <stdint.h></code><br />
						
            
            <a class="navhash" href="#212">#</a>
						
              <code id="212">                    ^</code><br />
						
            
            <a class="navhash" href="#213">#</a>
						
              <code id="213">guid.h:46:22: error: 'string' does not name a type</code><br />
						
            
            <a class="navhash" href="#214">#</a>
						
              <code id="214">       GUIDData(const string & orig);</code><br />
						
            
            <a class="navhash" href="#215">#</a>
						
              <code id="215">                      ^</code><br />
						
            
            <a class="navhash" href="#216">#</a>
						
              <code id="216">gptpart.h:19:18: error: no include path in which to search for string</code><br />
						
            
            <a class="navhash" href="#217">#</a>
						
              <code id="217"> #include <string></code><br />
						
            
            <a class="navhash" href="#218">#</a>
						
              <code id="218">                  ^</code><br />
						
            
            <a class="navhash" href="#219">#</a>
						
              <code id="219">gptpart.h:20:23: error: no include path in which to search for sys/types.h</code><br />
						
            
            <a class="navhash" href="#220">#</a>
						
              <code id="220"> #include <sys/types.h></code><br />
						
            
            <a class="navhash" href="#221">#</a>
						
              <code id="221">                       ^</code><br />
						
            
            <a class="navhash" href="#222">#</a>
						
              <code id="222">guid.h:46:31: error: ISO C++ forbids declaration of 'orig' with no type [-fpermissive]</code><br />
						
            
            <a class="navhash" href="#223">#</a>
						
              <code id="223">       GUIDData(const string & orig);</code><br />
						
            
            <a class="navhash" href="#224">#</a>
						
              <code id="224">                               ^</code><br />
						
            
            <a class="navhash" href="#225">#</a>
						
              <code id="225">In file included from gptpart.h:21:0,</code><br />
						
            
            <a class="navhash" href="#226">#</a>
						
              <code id="226">                 from gptpart.cc:27:</code><br />
						
            
            <a class="navhash" href="#227">#</a>
						
              <code id="227">support.h:4:20: error: no include path in which to search for stdint.h</code><br />
						
            
            <a class="navhash" href="#228">#</a>
						
              <code id="228"> #include <stdint.h></code><br />
						
            
            <a class="navhash" href="#229">#</a>
						
              <code id="229">                    ^</code><br />
						
            
            <a class="navhash" href="#230">#</a>
						
              <code id="230">support.cc: In function 'char GetYN()':</code><br />
						
            
            <a class="navhash" href="#231">#</a>
						
              <code id="231">support.cc:98:4: error: 'string' was not declared in this scope</code><br />
						
            
            <a class="navhash" href="#232">#</a>
						
              <code id="232">    string line;</code><br />
						
            
            <a class="navhash" href="#233">#</a>
						
              <code id="233">    ^</code><br />
						
            
            <a class="navhash" href="#234">#</a>
						
              <code id="234">support.h:5:20: error: no include path in which to search for stdlib.h</code><br />
						
            
            <a class="navhash" href="#235">#</a>
						
              <code id="235"> #include <stdlib.h></code><br />
						
            
            <a class="navhash" href="#236">#</a>
						
              <code id="236">                    ^</code><br />
						
            
            <a class="navhash" href="#237">#</a>
						
              <code id="237">support.h:6:18: error: no include path in which to search for string</code><br />
						
            
            <a class="navhash" href="#238">#</a>
						
              <code id="238"> #include <string></code><br />
						
            
            <a class="navhash" href="#239">#</a>
						
              <code id="239">                  ^</code><br />
						
            
            <a class="navhash" href="#240">#</a>
						<span class="error">
              <code id="240">support.cc:98:11: error: expected ';' before 'line'</code><br />
						</span>
            
            <a class="navhash" href="#241">#</a>
						
              <code id="241">    string line;</code><br />
						
            
            <a class="navhash" href="#242">#</a>
						
              <code id="242">           ^</code><br />
						
            
            <a class="navhash" href="#243">#</a>
						
              <code id="243">support.h:44:22: error: no include path in which to search for linux/fs.h</code><br />
						
            
            <a class="navhash" href="#244">#</a>
						
              <code id="244"> #include <linux/fs.h></code><br />
						
            
            <a class="navhash" href="#245">#</a>
						
              <code id="245">                      ^</code><br />
						
            
            <a class="navhash" href="#246">#</a>
						
              <code id="246">guid.h:52:34: error: 'string' does not name a type</code><br />
						
            
            <a class="navhash" href="#247">#</a>
						
              <code id="247">       GUIDData & operator=(const string & orig);</code><br />
						
            
            <a class="navhash" href="#248">#</a>
						
              <code id="248">                                  ^</code><br />
						
            
            <a class="navhash" href="#249">#</a>
						
              <code id="249">support.cc:102:22: error: 'cout' was not declared in this scope</code><br />
						
            
            <a class="navhash" href="#250">#</a>
						
              <code id="250">       if ( again ) { cout << "Your option? " ; }</code><br />
						
            
            <a class="navhash" href="#251">#</a>
						
              <code id="251">                      ^</code><br />
						
            
            <a class="navhash" href="#252">#</a>
						
              <code id="252">guid.h:52:43: error: ISO C++ forbids declaration of 'orig' with no type [-fpermissive]</code><br />
						
            
            <a class="navhash" href="#253">#</a>
						
              <code id="253">       GUIDData & operator=(const string & orig);</code><br />
						
            
            <a class="navhash" href="#254">#</a>
						
              <code id="254">                                           ^</code><br />
						
            
            <a class="navhash" href="#255">#</a>
						
              <code id="255">support.cc:104:7: error: 'cout' was not declared in this scope</code><br />
						
            
            <a class="navhash" href="#256">#</a>
						
              <code id="256">       cout << "(Y/N): ";</code><br />
						
            
            <a class="navhash" href="#257">#</a>
						
              <code id="257">       ^</code><br />
						
            
            <a class="navhash" href="#258">#</a>
						
              <code id="258">In file included from gptpart.h:22:0,</code><br />
						
            
            <a class="navhash" href="#259">#</a>
						
              <code id="259">                 from gptpart.cc:27:</code><br />
						
            
            <a class="navhash" href="#260">#</a>
						
              <code id="260">parttypes.h:4:20: error: no include path in which to search for stdint.h</code><br />
						
            
            <a class="navhash" href="#261">#</a>
						
              <code id="261"> #include <stdint.h></code><br />
						
            
            <a class="navhash" href="#262">#</a>
						
              <code id="262">                    ^</code><br />
						
            
            <a class="navhash" href="#263">#</a>
						
              <code id="263">parttypes.h:5:20: error: no include path in which to search for stdlib.h</code><br />
						
            
            <a class="navhash" href="#264">#</a>
						
              <code id="264"> #include <stdlib.h></code><br />
						
            
            <a class="navhash" href="#265">#</a>
						
              <code id="265">                    ^</code><br />
						
            
            <a class="navhash" href="#266">#</a>
						
              <code id="266">support.cc:105:7: error: 'line' was not declared in this scope</code><br />
						
            
            <a class="navhash" href="#267">#</a>
						
              <code id="267">       line = ReadString();</code><br />
						
            
            <a class="navhash" href="#268">#</a>
						
              <code id="268">       ^</code><br />
						
            
            <a class="navhash" href="#269">#</a>
						
              <code id="269">parttypes.h:11:18: error: no include path in which to search for string</code><br />
						
            
            <a class="navhash" href="#270">#</a>
						
              <code id="270"> #include <string></code><br />
						
            
            <a class="navhash" href="#271">#</a>
						
              <code id="271">                  ^</code><br />
						
            
            <a class="navhash" href="#272">#</a>
						
              <code id="272">support.cc:105:25: error: 'ReadString' was not declared in this scope</code><br />
						
            
            <a class="navhash" href="#273">#</a>
						
              <code id="273">       line = ReadString();</code><br />
						
            
            <a class="navhash" href="#274">#</a>
						
              <code id="274">                         ^</code><br />
						
            
            <a class="navhash" href="#275">#</a>
						
              <code id="275">guid.h:62:7: error: 'string' does not name a type</code><br />
						
            
            <a class="navhash" href="#276">#</a>
						
              <code id="276">       string AsString(void) const;</code><br />
						
            
            <a class="navhash" href="#277">#</a>
						
              <code id="277">       ^</code><br />
						
            
            <a class="navhash" href="#278">#</a>
						
              <code id="278">In file included from parttypes.h:12:0,</code><br />
						
            
            <a class="navhash" href="#279">#</a>
						
              <code id="279">                 from gptpart.h:22,</code><br />
						
            
            <a class="navhash" href="#280">#</a>
						
              <code id="280">                 from gptpart.cc:27:</code><br />
						
            
            <a class="navhash" href="#281">#</a>
						
              <code id="281">support.h:4:20: error: no include path in which to search for stdint.h</code><br />
						
            
            <a class="navhash" href="#282">#</a>
						
              <code id="282"> #include <stdint.h></code><br />
						
            
            <a class="navhash" href="#283">#</a>
						
              <code id="283">                    ^</code><br />
						
            
            <a class="navhash" href="#284">#</a>
						
              <code id="284">support.cc:106:33: error: 'toupper' was not declared in this scope</code><br />
						
            
            <a class="navhash" href="#285">#</a>
						
              <code id="285">       response = toupper(line[0]);</code><br />
						
            
            <a class="navhash" href="#286">#</a>
						
              <code id="286">                                 ^</code><br />
						
            
            <a class="navhash" href="#287">#</a>
						
              <code id="287">support.h:5:20: error: no include path in which to search for stdlib.h</code><br />
						
            
            <a class="navhash" href="#288">#</a>
						
              <code id="288"> #include <stdlib.h></code><br />
						
            
            <a class="navhash" href="#289">#</a>
						
              <code id="289">                    ^</code><br />
						
            
            <a class="navhash" href="#290">#</a>
						
              <code id="290">support.h:6:18: error: no include path in which to search for string</code><br />
						
            
            <a class="navhash" href="#291">#</a>
						
              <code id="291"> #include <string></code><br />
						
            
            <a class="navhash" href="#292">#</a>
						
              <code id="292">                  ^</code><br />
						
            
            <a class="navhash" href="#293">#</a>
						
              <code id="293">guid.h:65:1: error: 'ostream' does not name a type</code><br />
						
            
            <a class="navhash" href="#294">#</a>
						
              <code id="294"> ostream & operator<<(ostream & os, const GUIDData & data);</code><br />
						
            
            <a class="navhash" href="#295">#</a>
						
              <code id="295"> ^</code><br />
						
            
            <a class="navhash" href="#296">#</a>
						
              <code id="296">support.cc: At global scope:</code><br />
						
            
            <a class="navhash" href="#297">#</a>
						
              <code id="297">support.cc:119:1: error: 'uint64_t' does not name a type</code><br />
						
            
            <a class="navhash" href="#298">#</a>
						
              <code id="298"> uint64_t GetSectorNum(uint64_t low, uint64_t high, uint64_t def, uint64_t sSize,</code><br />
						
            
            <a class="navhash" href="#299">#</a>
						
              <code id="299"> ^</code><br />
						
            
            <a class="navhash" href="#300">#</a>
						
              <code id="300">In file included from parttypes.h:13:0,</code><br />
						
            
            <a class="navhash" href="#301">#</a>
						
              <code id="301">                 from gptpart.h:22,</code><br />
						
            
            <a class="navhash" href="#302">#</a>
						
              <code id="302">                 from gptpart.cc:27:</code><br />
						
            
            <a class="navhash" href="#303">#</a>
						
              <code id="303">guid.h:17:20: error: no include path in which to search for stdint.h</code><br />
						
            
            <a class="navhash" href="#304">#</a>
						
              <code id="304"> #include <stdint.h></code><br />
						
            
            <a class="navhash" href="#305">#</a>
						
              <code id="305">                    ^</code><br />
						
            
            <a class="navhash" href="#306">#</a>
						
              <code id="306">In file included from guid.cc:23:0:</code><br />
						
            
            <a class="navhash" href="#307">#</a>
						
              <code id="307">support.h:74:1: error: 'string' does not name a type</code><br />
						
            
            <a class="navhash" href="#308">#</a>
						
              <code id="308"> string ReadString(void);</code><br />
						
            
            <a class="navhash" href="#309">#</a>
						
              <code id="309"> ^</code><br />
						
            
            <a class="navhash" href="#310">#</a>
						
              <code id="310">guid.h:18:18: error: no include path in which to search for string</code><br />
						
            
            <a class="navhash" href="#311">#</a>
						
              <code id="311"> #include <string></code><br />
						
            
            <a class="navhash" href="#312">#</a>
						
              <code id="312">                  ^</code><br />
						
            
            <a class="navhash" href="#313">#</a>
						
              <code id="313">support.cc:151:1: error: 'uint64_t' does not name a type</code><br />
						
            
            <a class="navhash" href="#314">#</a>
						
              <code id="314"> uint64_t IeeeToInt(string inValue, uint64_t sSize, uint64_t low, uint64_t high, uint64_t def) {</code><br />
						
            
            <a class="navhash" href="#315">#</a>
						
              <code id="315"> ^</code><br />
						
            
            <a class="navhash" href="#316">#</a>
						
              <code id="316">guid.h:29:23: error: no include path in which to search for uuid/uuid.h</code><br />
						
            
            <a class="navhash" href="#317">#</a>
						
              <code id="317"> #include <uuid/uuid.h></code><br />
						
            
            <a class="navhash" href="#318">#</a>
						
              <code id="318">                       ^</code><br />
						
            
            <a class="navhash" href="#319">#</a>
						
              <code id="319">support.h:75:49: error: 'string' does not name a type</code><br />
						
            
            <a class="navhash" href="#320">#</a>
						
              <code id="320"> int GetNumber(int low, int high, int def, const string & prompt);</code><br />
						
            
            <a class="navhash" href="#321">#</a>
						
              <code id="321">                                                 ^</code><br />
						
            
            <a class="navhash" href="#322">#</a>
						
              <code id="322">support.h:75:58: error: ISO C++ forbids declaration of 'prompt' with no type [-fpermissive]</code><br />
						
            
            <a class="navhash" href="#323">#</a>
						
              <code id="323"> int GetNumber(int low, int high, int def, const string & prompt);</code><br />
						
            
            <a class="navhash" href="#324">#</a>
						
              <code id="324">                                                          ^</code><br />
						
            
            <a class="navhash" href="#325">#</a>
						
              <code id="325">support.cc:243:1: error: 'string' does not name a type</code><br />
						
            
            <a class="navhash" href="#326">#</a>
						
              <code id="326"> string BytesToIeee(uint64_t size, uint32_t sectorSize) {</code><br />
						
            
            <a class="navhash" href="#327">#</a>
						
              <code id="327"> ^</code><br />
						
            
            <a class="navhash" href="#328">#</a>
						
              <code id="328">support.h:77:1: error: 'uint64_t' does not name a type</code><br />
						
            
            <a class="navhash" href="#329">#</a>
						
              <code id="329"> uint64_t GetSectorNum(uint64_t low, uint64_t high, uint64_t def, uint64_t sSize, const std::string& prompt);</code><br />
						
            
            <a class="navhash" href="#330">#</a>
						
              <code id="330"> ^</code><br />
						
            
            <a class="navhash" href="#331">#</a>
						
              <code id="331">support.cc:276:30: error: 'string' does not name a type</code><br />
						
            
            <a class="navhash" href="#332">#</a>
						
              <code id="332"> unsigned char StrToHex(const string & input, unsigned int position) {</code><br />
						
            
            <a class="navhash" href="#333">#</a>
						
              <code id="333">                              ^</code><br />
						
            
            <a class="navhash" href="#334">#</a>
						
              <code id="334">support.h:78:1: error: 'uint64_t' does not name a type</code><br />
						
            
            <a class="navhash" href="#335">#</a>
						
              <code id="335"> uint64_t IeeeToInt(string IeeeValue, uint64_t sSize, uint64_t low, uint64_t high, uint64_t def = 0);</code><br />
						
            
            <a class="navhash" href="#336">#</a>
						
              <code id="336"> ^</code><br />
						
            
            <a class="navhash" href="#337">#</a>
						
              <code id="337">support.cc:276:39: error: ISO C++ forbids declaration of 'input' with no type [-fpermissive]</code><br />
						
            
            <a class="navhash" href="#338">#</a>
						
              <code id="338"> unsigned char StrToHex(const string & input, unsigned int position) {</code><br />
						
            
            <a class="navhash" href="#339">#</a>
						
              <code id="339">                                       ^</code><br />
						
            
            <a class="navhash" href="#340">#</a>
						
              <code id="340">In file included from gptpart.h:24:0,</code><br />
						
            
            <a class="navhash" href="#341">#</a>
						
              <code id="341">                 from gptpart.cc:27:</code><br />
						
            
            <a class="navhash" href="#342">#</a>
						
              <code id="342">attributes.h:4:20: error: no include path in which to search for stdint.h</code><br />
						
            
            <a class="navhash" href="#343">#</a>
						
              <code id="343"> #include <stdint.h></code><br />
						
            
            <a class="navhash" href="#344">#</a>
						
              <code id="344">                    ^</code><br />
						
            
            <a class="navhash" href="#345">#</a>
						
              <code id="345">support.h:79:1: error: 'string' does not name a type</code><br />
						
            
            <a class="navhash" href="#346">#</a>
						
              <code id="346"> string BytesToIeee(uint64_t size, uint32_t sectorSize);</code><br />
						
            
            <a class="navhash" href="#347">#</a>
						
              <code id="347"> ^</code><br />
						
            
            <a class="navhash" href="#348">#</a>
						
              <code id="348">attributes.h:5:18: error: no include path in which to search for string</code><br />
						
            
            <a class="navhash" href="#349">#</a>
						
              <code id="349"> #include <string></code><br />
						
            
            <a class="navhash" href="#350">#</a>
						
              <code id="350">                  ^</code><br />
						
            
            <a class="navhash" href="#351">#</a>
						
              <code id="351">support.h:80:30: error: 'string' does not name a type</code><br />
						
            
            <a class="navhash" href="#352">#</a>
						
              <code id="352"> unsigned char StrToHex(const string & input, unsigned int position);</code><br />
						
            
            <a class="navhash" href="#353">#</a>
						
              <code id="353">                              ^</code><br />
						
            
            <a class="navhash" href="#354">#</a>
						
              <code id="354">support.h:80:39: error: ISO C++ forbids declaration of 'input' with no type [-fpermissive]</code><br />
						
            
            <a class="navhash" href="#355">#</a>
						
              <code id="355"> unsigned char StrToHex(const string & input, unsigned int position);</code><br />
						
            
            <a class="navhash" href="#356">#</a>
						
              <code id="356">                                       ^</code><br />
						
            
            <a class="navhash" href="#357">#</a>
						
              <code id="357">support.cc: In function 'unsigned char StrToHex(const int&, unsigned int)':</code><br />
						
            
            <a class="navhash" href="#358">#</a>
						
              <code id="358">support.cc:280:14: error: request for member 'length' in 'input', which is of non-class type 'const int'</code><br />
						
            
            <a class="navhash" href="#359">#</a>
						
              <code id="359">    if (input.length() > position) {</code><br />
						
            
            <a class="navhash" href="#360">#</a>
						
              <code id="360">              ^</code><br />
						
            
            <a class="navhash" href="#361">#</a>
						
              <code id="361">support.h:81:11: error: 'string' was not declared in this scope</code><br />
						
            
            <a class="navhash" href="#362">#</a>
						
              <code id="362"> int IsHex(string input); // Returns 1 if input can be hexadecimal number....</code><br />
						
            
            <a class="navhash" href="#363">#</a>
						
              <code id="363">           ^</code><br />
						
            
            <a class="navhash" href="#364">#</a>
						
              <code id="364">support.cc:281:20: error: request for member 'substr' in 'input', which is of non-class type 'const int'</code><br />
						
            
            <a class="navhash" href="#365">#</a>
						
              <code id="365">       sscanf(input.substr(position, 2).c_str(), "%x", &temp);</code><br />
						
            
            <a class="navhash" href="#366">#</a>
						
              <code id="366">                    ^</code><br />
						
            
            <a class="navhash" href="#367">#</a>
						
              <code id="367">In file included from gptpart.cc:28:0:</code><br />
						
            
            <a class="navhash" href="#368">#</a>
						
              <code id="368">attributes.h:4:20: error: no include path in which to search for stdint.h</code><br />
						
            
            <a class="navhash" href="#369">#</a>
						
              <code id="369"> #include <stdint.h></code><br />
						
            
            <a class="navhash" href="#370">#</a>
						
              <code id="370">                    ^</code><br />
						
            
            <a class="navhash" href="#371">#</a>
						
              <code id="371">attributes.h:5:18: error: no include path in which to search for string</code><br />
						
            
            <a class="navhash" href="#372">#</a>
						
              <code id="372"> #include <string></code><br />
						
            
            <a class="navhash" href="#373">#</a>
						
              <code id="373">                  ^</code><br />
						
            
            <a class="navhash" href="#374">#</a>
						
              <code id="374">support.cc:281:60: error: 'sscanf' was not declared in this scope</code><br />
						
            
            <a class="navhash" href="#375">#</a>
						
              <code id="375">       sscanf(input.substr(position, 2).c_str(), "%x", &temp);</code><br />
						
            
            <a class="navhash" href="#376">#</a>
						
              <code id="376">                                                            ^</code><br />
						
            
            <a class="navhash" href="#377">#</a>
						
              <code id="377">guid.cc: In constructor 'GUIDData::GUIDData()':</code><br />
						
            
            <a class="navhash" href="#378">#</a>
						
              <code id="378">guid.cc:31:34: error: 'time' was not declared in this scope</code><br />
						
            
            <a class="navhash" href="#379">#</a>
						
              <code id="379">       srand((unsigned int) time(0));</code><br />
						
            
            <a class="navhash" href="#380">#</a>
						
              <code id="380">                                  ^</code><br />
						
            
            <a class="navhash" href="#381">#</a>
						
              <code id="381">support.cc: At global scope:</code><br />
						
            
            <a class="navhash" href="#382">#</a>
						
              <code id="382">support.cc:292:11: error: redefinition of 'int IsHex'</code><br />
						
            
            <a class="navhash" href="#383">#</a>
						
              <code id="383"> int IsHex(string input) {</code><br />
						
            
            <a class="navhash" href="#384">#</a>
						
              <code id="384">           ^</code><br />
						
            
            <a class="navhash" href="#385">#</a>
						
              <code id="385">guid.cc:31:35: error: 'srand' was not declared in this scope</code><br />
						
            
            <a class="navhash" href="#386">#</a>
						
              <code id="386">       srand((unsigned int) time(0));</code><br />
						
            
            <a class="navhash" href="#387">#</a>
						
              <code id="387">                                   ^</code><br />
						
            
            <a class="navhash" href="#388">#</a>
						
              <code id="388">In file included from support.cc:21:0:</code><br />
						
            
            <a class="navhash" href="#389">#</a>
						
              <code id="389">support.h:81:5: error: 'int IsHex' previously defined here</code><br />
						
            
            <a class="navhash" href="#390">#</a>
						
              <code id="390"> int IsHex(string input); // Returns 1 if input can be hexadecimal number....</code><br />
						
            
            <a class="navhash" href="#391">#</a>
						
              <code id="391">     ^</code><br />
						
            
            <a class="navhash" href="#392">#</a>
						
              <code id="392">support.cc:292:11: error: 'string' was not declared in this scope</code><br />
						
            
            <a class="navhash" href="#393">#</a>
						
              <code id="393"> int IsHex(string input) {</code><br />
						
            
            <a class="navhash" href="#394">#</a>
						
              <code id="394">           ^</code><br />
						
            
            <a class="navhash" href="#395">#</a>
						
              <code id="395">guid.cc: In copy constructor 'GUIDData::GUIDData(const GUIDData&)':</code><br />
						
            
            <a class="navhash" href="#396">#</a>
						
              <code id="396">guid.cc:38:11: error: 'uuidData' was not declared in this scope</code><br />
						
            
            <a class="navhash" href="#397">#</a>
						
              <code id="397">    memcpy(uuidData, orig.uuidData, sizeof(uuidData));</code><br />
						
            
            <a class="navhash" href="#398">#</a>
						
              <code id="398">           ^</code><br />
						
            
            <a class="navhash" href="#399">#</a>
						
              <code id="399">guid.cc:38:26: error: 'const class GUIDData' has no member named 'uuidData'</code><br />
						
            
            <a class="navhash" href="#400">#</a>
						
              <code id="400">    memcpy(uuidData, orig.uuidData, sizeof(uuidData));</code><br />
						
            
            <a class="navhash" href="#401">#</a>
						
              <code id="401">                          ^</code><br />
						
            
            <a class="navhash" href="#402">#</a>
						
              <code id="402">guid.cc:38:52: error: 'memcpy' was not declared in this scope</code><br />
						
            
            <a class="navhash" href="#403">#</a>
						
              <code id="403">    memcpy(uuidData, orig.uuidData, sizeof(uuidData));</code><br />
						
            
            <a class="navhash" href="#404">#</a>
						
              <code id="404">                                                    ^</code><br />
						
            
            <a class="navhash" href="#405">#</a>
						
              <code id="405">guid.cc: At global scope:</code><br />
						
            
            <a class="navhash" href="#406">#</a>
						
              <code id="406">guid.cc:41:26: error: 'string' does not name a type</code><br />
						
            
            <a class="navhash" href="#407">#</a>
						
              <code id="407"> GUIDData::GUIDData(const string & orig) {</code><br />
						
            
            <a class="navhash" href="#408">#</a>
						
              <code id="408">                          ^</code><br />
						
            
            <a class="navhash" href="#409">#</a>
						
              <code id="409">guid.cc:41:35: error: ISO C++ forbids declaration of 'orig' with no type [-fpermissive]</code><br />
						
            
            <a class="navhash" href="#410">#</a>
						
              <code id="410"> GUIDData::GUIDData(const string & orig) {</code><br />
						
            
            <a class="navhash" href="#411">#</a>
						
              <code id="411">                                   ^</code><br />
						
            
            <a class="navhash" href="#412">#</a>
						
              <code id="412">In file included from gptpart.h:21:0,</code><br />
						
            
            <a class="navhash" href="#413">#</a>
						
              <code id="413">                 from gptpart.cc:27:</code><br />
						
            
            <a class="navhash" href="#414">#</a>
						
              <code id="414">support.h:74:1: error: 'string' does not name a type</code><br />
						
            
            <a class="navhash" href="#415">#</a>
						
              <code id="415"> string ReadString(void);</code><br />
						
            
            <a class="navhash" href="#416">#</a>
						
              <code id="416"> ^</code><br />
						
            
            <a class="navhash" href="#417">#</a>
						
              <code id="417">support.h:75:49: error: 'string' does not name a type</code><br />
						
            
            <a class="navhash" href="#418">#</a>
						
              <code id="418"> int GetNumber(int low, int high, int def, const string & prompt);</code><br />
						
            
            <a class="navhash" href="#419">#</a>
						
              <code id="419">                                                 ^</code><br />
						
            
            <a class="navhash" href="#420">#</a>
						
              <code id="420">support.h:75:58: error: ISO C++ forbids declaration of 'prompt' with no type [-fpermissive]</code><br />
						
            
            <a class="navhash" href="#421">#</a>
						
              <code id="421"> int GetNumber(int low, int high, int def, const string & prompt);</code><br />
						
            
            <a class="navhash" href="#422">#</a>
						
              <code id="422">                                                          ^</code><br />
						
            
            <a class="navhash" href="#423">#</a>
						
              <code id="423">support.h:77:1: error: 'uint64_t' does not name a type</code><br />
						
            
            <a class="navhash" href="#424">#</a>
						
              <code id="424"> uint64_t GetSectorNum(uint64_t low, uint64_t high, uint64_t def, uint64_t sSize, const std::string& prompt);</code><br />
						
            
            <a class="navhash" href="#425">#</a>
						
              <code id="425"> ^</code><br />
						
            
            <a class="navhash" href="#426">#</a>
						
              <code id="426">support.h:78:1: error: 'uint64_t' does not name a type</code><br />
						
            
            <a class="navhash" href="#427">#</a>
						
              <code id="427"> uint64_t IeeeToInt(string IeeeValue, uint64_t sSize, uint64_t low, uint64_t high, uint64_t def = 0);</code><br />
						
            
            <a class="navhash" href="#428">#</a>
						
              <code id="428"> ^</code><br />
						
            
            <a class="navhash" href="#429">#</a>
						
              <code id="429">support.h:79:1: error: 'string' does not name a type</code><br />
						
            
            <a class="navhash" href="#430">#</a>
						
              <code id="430"> string BytesToIeee(uint64_t size, uint32_t sectorSize);</code><br />
						
            
            <a class="navhash" href="#431">#</a>
						
              <code id="431"> ^</code><br />
						
            
            <a class="navhash" href="#432">#</a>
						
              <code id="432">support.h:80:30: error: 'string' does not name a type</code><br />
						
            
            <a class="navhash" href="#433">#</a>
						
              <code id="433"> unsigned char StrToHex(const string & input, unsigned int position);</code><br />
						
            
            <a class="navhash" href="#434">#</a>
						
              <code id="434">                              ^</code><br />
						
            
            <a class="navhash" href="#435">#</a>
						
              <code id="435">support.h:80:39: error: ISO C++ forbids declaration of 'input' with no type [-fpermissive]</code><br />
						
            
            <a class="navhash" href="#436">#</a>
						
              <code id="436"> unsigned char StrToHex(const string & input, unsigned int position);</code><br />
						
            
            <a class="navhash" href="#437">#</a>
						
              <code id="437">                                       ^</code><br />
						
            
            <a class="navhash" href="#438">#</a>
						
              <code id="438">guid.cc: In member function 'GUIDData& GUIDData::operator=(const GUIDData&)':</code><br />
						
            
            <a class="navhash" href="#439">#</a>
						
              <code id="439">guid.cc:53:11: error: 'uuidData' was not declared in this scope</code><br />
						
            
            <a class="navhash" href="#440">#</a>
						
              <code id="440">    memcpy(uuidData, orig.uuidData, sizeof(uuidData));</code><br />
						
            
            <a class="navhash" href="#441">#</a>
						
              <code id="441">           ^</code><br />
						
            
            <a class="navhash" href="#442">#</a>
						
              <code id="442">support.h:81:11: error: 'string' was not declared in this scope</code><br />
						
            
            <a class="navhash" href="#443">#</a>
						
              <code id="443"> int IsHex(string input); // Returns 1 if input can be hexadecimal number....</code><br />
						
            
            <a class="navhash" href="#444">#</a>
						
              <code id="444">           ^</code><br />
						
            
            <a class="navhash" href="#445">#</a>
						
              <code id="445">guid.cc:53:26: error: 'const class GUIDData' has no member named 'uuidData'</code><br />
						
            
            <a class="navhash" href="#446">#</a>
						
              <code id="446">    memcpy(uuidData, orig.uuidData, sizeof(uuidData));</code><br />
						
            
            <a class="navhash" href="#447">#</a>
						
              <code id="447">                          ^</code><br />
						
            
            <a class="navhash" href="#448">#</a>
						
              <code id="448">guid.cc:53:52: error: 'memcpy' was not declared in this scope</code><br />
						
            
            <a class="navhash" href="#449">#</a>
						
              <code id="449">    memcpy(uuidData, orig.uuidData, sizeof(uuidData));</code><br />
						
            
            <a class="navhash" href="#450">#</a>
						
              <code id="450">                                                    ^</code><br />
						
            
            <a class="navhash" href="#451">#</a>
						
              <code id="451">In file included from parttypes.h:13:0,</code><br />
						
            
            <a class="navhash" href="#452">#</a>
						
              <code id="452">                 from gptpart.h:22,</code><br />
						
            
            <a class="navhash" href="#453">#</a>
						
              <code id="453">                 from gptpart.cc:27:</code><br />
						
            
            <a class="navhash" href="#454">#</a>
						
              <code id="454">guid.h:30:9: error: 'uuid_t' does not name a type</code><br />
						
            
            <a class="navhash" href="#455">#</a>
						
              <code id="455"> typedef uuid_t my_uuid_t;</code><br />
						
            
            <a class="navhash" href="#456">#</a>
						
              <code id="456">         ^</code><br />
						
            
            <a class="navhash" href="#457">#</a>
						
              <code id="457">guid.h:41:7: error: 'my_uuid_t' does not name a type</code><br />
						
            
            <a class="navhash" href="#458">#</a>
						
              <code id="458">       my_uuid_t uuidData;</code><br />
						
            
            <a class="navhash" href="#459">#</a>
						
              <code id="459">       ^</code><br />
						
            
            <a class="navhash" href="#460">#</a>
						
              <code id="460">guid.cc: At global scope:</code><br />
						
            
            <a class="navhash" href="#461">#</a>
						
              <code id="461">guid.cc:66:38: error: 'string' does not name a type</code><br />
						
            
            <a class="navhash" href="#462">#</a>
						
              <code id="462"> GUIDData & GUIDData::operator=(const string & orig) {</code><br />
						
            
            <a class="navhash" href="#463">#</a>
						
              <code id="463">                                      ^</code><br />
						
            
            <a class="navhash" href="#464">#</a>
						
              <code id="464">guid.h:42:7: error: 'string' does not name a type</code><br />
						
            
            <a class="navhash" href="#465">#</a>
						
              <code id="465">       string DeleteSpaces(string s);</code><br />
						
            
            <a class="navhash" href="#466">#</a>
						
              <code id="466">       ^</code><br />
						
            
            <a class="navhash" href="#467">#</a>
						
              <code id="467">guid.cc:66:47: error: ISO C++ forbids declaration of 'orig' with no type [-fpermissive]</code><br />
						
            
            <a class="navhash" href="#468">#</a>
						
              <code id="468"> GUIDData & GUIDData::operator=(const string & orig) {</code><br />
						
            
            <a class="navhash" href="#469">#</a>
						
              <code id="469">                                               ^</code><br />
						
            
            <a class="navhash" href="#470">#</a>
						
              <code id="470">guid.h:46:22: error: 'string' does not name a type</code><br />
						
            
            <a class="navhash" href="#471">#</a>
						
              <code id="471">       GUIDData(const string & orig);</code><br />
						
            
            <a class="navhash" href="#472">#</a>
						
              <code id="472">                      ^</code><br />
						
            
            <a class="navhash" href="#473">#</a>
						
              <code id="473">guid.cc: In member function 'GUIDData& GUIDData::operator=(const int&)':</code><br />
						
            
            <a class="navhash" href="#474">#</a>
						
              <code id="474">guid.cc:67:4: error: 'string' was not declared in this scope</code><br />
						
            
            <a class="navhash" href="#475">#</a>
						
              <code id="475">    string copy, fragment;</code><br />
						
            
            <a class="navhash" href="#476">#</a>
						
              <code id="476">    ^</code><br />
						
            
            <a class="navhash" href="#477">#</a>
						
              <code id="477">guid.h:46:31: error: ISO C++ forbids declaration of 'orig' with no type [-fpermissive]</code><br />
						
            
            <a class="navhash" href="#478">#</a>
						
              <code id="478">       GUIDData(const string & orig);</code><br />
						
            
            <a class="navhash" href="#479">#</a>
						
              <code id="479">                               ^</code><br />
						
            
            <a class="navhash" href="#480">#</a>
						<span class="error">
              <code id="480">guid.cc:67:11: error: expected ';' before 'copy'</code><br />
						</span>
            
            <a class="navhash" href="#481">#</a>
						
              <code id="481">    string copy, fragment;</code><br />
						
            
            <a class="navhash" href="#482">#</a>
						
              <code id="482">           ^</code><br />
						
            
            <a class="navhash" href="#483">#</a>
						
              <code id="483">guid.cc:68:4: error: 'size_t' was not declared in this scope</code><br />
						
            
            <a class="navhash" href="#484">#</a>
						
              <code id="484">    size_t len;</code><br />
						
            
            <a class="navhash" href="#485">#</a>
						
              <code id="485">    ^</code><br />
						
            
            <a class="navhash" href="#486">#</a>
						<span class="error">
              <code id="486">guid.cc:68:11: error: expected ';' before 'len'</code><br />
						</span>
            
            <a class="navhash" href="#487">#</a>
						
              <code id="487">    size_t len;</code><br />
						
            
            <a class="navhash" href="#488">#</a>
						
              <code id="488">           ^</code><br />
						
            
            <a class="navhash" href="#489">#</a>
						<span class="error">
              <code id="489">guid.cc:70:11: error: expected ';' before 'longSegs'</code><br />
						</span>
            
            <a class="navhash" href="#490">#</a>
						
              <code id="490">    size_t longSegs[6] = {0, 9, 14, 19, 24, 36};</code><br />
						
            
            <a class="navhash" href="#491">#</a>
						
              <code id="491">           ^</code><br />
						
            
            <a class="navhash" href="#492">#</a>
						
              <code id="492">guid.h:52:34: error: 'string' does not name a type</code><br />
						
            
            <a class="navhash" href="#493">#</a>
						
              <code id="493">       GUIDData & operator=(const string & orig);</code><br />
						
            
            <a class="navhash" href="#494">#</a>
						
              <code id="494">                                  ^</code><br />
						
            
            <a class="navhash" href="#495">#</a>
						<span class="error">
              <code id="495">guid.cc:71:11: error: expected ';' before 'shortSegs'</code><br />
						</span>
            
            <a class="navhash" href="#496">#</a>
						
              <code id="496">    size_t shortSegs[6] = {0, 8, 12, 16, 20, 32};</code><br />
						
            
            <a class="navhash" href="#497">#</a>
						
              <code id="497">           ^</code><br />
						
            
            <a class="navhash" href="#498">#</a>
						
              <code id="498">guid.h:52:43: error: ISO C++ forbids declaration of 'orig' with no type [-fpermissive]</code><br />
						
            
            <a class="navhash" href="#499">#</a>
						
              <code id="499">       GUIDData & operator=(const string & orig);</code><br />
						
            
            <a class="navhash" href="#500">#</a>
						
              <code id="500">                                           ^</code><br />
						
            
            <a class="navhash" href="#501">#</a>
						
              <code id="501">guid.cc:72:12: error: 'segStart' was not declared in this scope</code><br />
						
            
            <a class="navhash" href="#502">#</a>
						
              <code id="502">    size_t *segStart = longSegs; // Assume there are separators between segments</code><br />
						
            
            <a class="navhash" href="#503">#</a>
						
              <code id="503">            ^</code><br />
						
            
            <a class="navhash" href="#504">#</a>
						
              <code id="504">guid.cc:72:23: error: 'longSegs' was not declared in this scope</code><br />
						
            
            <a class="navhash" href="#505">#</a>
						
              <code id="505">    size_t *segStart = longSegs; // Assume there are separators between segments</code><br />
						
            
            <a class="navhash" href="#506">#</a>
						
              <code id="506">                       ^</code><br />
						
            
            <a class="navhash" href="#507">#</a>
						
              <code id="507">guid.cc:76:15: error: invalid types 'const int[int]' for array subscript</code><br />
						
            
            <a class="navhash" href="#508">#</a>
						
              <code id="508">    if ((orig[0] == 'R') || (orig[0] == 'r')) {</code><br />
						
            
            <a class="navhash" href="#509">#</a>
						
              <code id="509">               ^</code><br />
						
            
            <a class="navhash" href="#510">#</a>
						
              <code id="510">guid.cc:76:35: error: invalid types 'const int[int]' for array subscript</code><br />
						
            
            <a class="navhash" href="#511">#</a>
						
              <code id="511">    if ((orig[0] == 'R') || (orig[0] == 'r')) {</code><br />
						
            
            <a class="navhash" href="#512">#</a>
						
              <code id="512">                                   ^</code><br />
						
            
            <a class="navhash" href="#513">#</a>
						
              <code id="513">guid.h:62:7: error: 'string' does not name a type</code><br />
						
            
            <a class="navhash" href="#514">#</a>
						
              <code id="514">       string AsString(void) const;</code><br />
						
            
            <a class="navhash" href="#515">#</a>
						
              <code id="515">       ^</code><br />
						
            
            <a class="navhash" href="#516">#</a>
						
              <code id="516">guid.cc:82:7: error: 'copy' was not declared in this scope</code><br />
						
            
            <a class="navhash" href="#517">#</a>
						
              <code id="517">       copy = DeleteSpaces(orig);</code><br />
						
            
            <a class="navhash" href="#518">#</a>
						
              <code id="518">       ^</code><br />
						
            
            <a class="navhash" href="#519">#</a>
						
              <code id="519">guid.h:65:1: error: 'ostream' does not name a type</code><br />
						
            
            <a class="navhash" href="#520">#</a>
						
              <code id="520"> ostream & operator<<(ostream & os, const GUIDData & data);</code><br />
						
            
            <a class="navhash" href="#521">#</a>
						
              <code id="521"> ^</code><br />
						
            
            <a class="navhash" href="#522">#</a>
						
              <code id="522">guid.cc:82:31: error: 'DeleteSpaces' was not declared in this scope</code><br />
						
            
            <a class="navhash" href="#523">#</a>
						
              <code id="523">       copy = DeleteSpaces(orig);</code><br />
						
            
            <a class="navhash" href="#524">#</a>
						
              <code id="524">                               ^</code><br />
						
            
            <a class="navhash" href="#525">#</a>
						
              <code id="525">In file included from gptpart.h:22:0,</code><br />
						
            
            <a class="navhash" href="#526">#</a>
						
              <code id="526">                 from gptpart.cc:27:</code><br />
						
            
            <a class="navhash" href="#527">#</a>
						
              <code id="527">parttypes.h:25:4: error: 'uint16_t' does not name a type</code><br />
						
            
            <a class="navhash" href="#528">#</a>
						
              <code id="528">    uint16_t MBRType;</code><br />
						
            
            <a class="navhash" href="#529">#</a>
						
              <code id="529">    ^</code><br />
						
            
            <a class="navhash" href="#530">#</a>
						
              <code id="530">guid.cc:85:7: error: 'len' was not declared in this scope</code><br />
						
            
            <a class="navhash" href="#531">#</a>
						
              <code id="531">       len = copy.length();</code><br />
						
            
            <a class="navhash" href="#532">#</a>
						
              <code id="532">       ^</code><br />
						
            
            <a class="navhash" href="#533">#</a>
						
              <code id="533">parttypes.h:27:4: error: 'string' does not name a type</code><br />
						
            
            <a class="navhash" href="#534">#</a>
						
              <code id="534">    string name;</code><br />
						
            
            <a class="navhash" href="#535">#</a>
						
              <code id="535">    ^</code><br />
						
            
            <a class="navhash" href="#536">#</a>
						
              <code id="536">guid.cc:87:21: error: 'shortSegs' was not declared in this scope</code><br />
						
            
            <a class="navhash" href="#537">#</a>
						
              <code id="537">          segStart = shortSegs;</code><br />
						
            
            <a class="navhash" href="#538">#</a>
						
              <code id="538">                     ^</code><br />
						
            
            <a class="navhash" href="#539">#</a>
						
              <code id="539">guid.cc:93:10: error: 'uuidData' was not declared in this scope</code><br />
						
            
            <a class="navhash" href="#540">#</a>
						
              <code id="540">          uuidData[3] = StrToHex(copy, 0);</code><br />
						
            
            <a class="navhash" href="#541">#</a>
						
              <code id="541">          ^</code><br />
						
            
            <a class="navhash" href="#542">#</a>
						
              <code id="542">guid.cc:99:10: error: 'uuidData' was not declared in this scope</code><br />
						
            
            <a class="navhash" href="#543">#</a>
						
              <code id="543">          uuidData[5] = StrToHex(copy, (unsigned int) segStart[1]);</code><br />
						
            
            <a class="navhash" href="#544">#</a>
						
              <code id="544">          ^</code><br />
						
            
            <a class="navhash" href="#545">#</a>
						
              <code id="545">parttypes.h:45:16: error: 'uint16_t' has not been declared</code><br />
						
            
            <a class="navhash" href="#546">#</a>
						
              <code id="546">    int AddType(uint16_t mbrType, const char * guidData, const char * name, int toDisplay = 1);</code><br />
						
            
            <a class="navhash" href="#547">#</a>
						
              <code id="547">                ^</code><br />
						
            
            <a class="navhash" href="#548">#</a>
						
              <code id="548">make: *** [<builtin>: support.o] Error 1</code><br />
						
            
            <a class="navhash" href="#549">#</a>
						
              <code id="549">guid.cc:103:10: error: 'uuidData' was not declared in this scope</code><br />
						
            
            <a class="navhash" href="#550">#</a>
						
              <code id="550">          uuidData[7] = StrToHex(copy, (unsigned int) segStart[2]);</code><br />
						
            
            <a class="navhash" href="#551">#</a>
						
              <code id="551">          ^</code><br />
						
            
            <a class="navhash" href="#552">#</a>
						
              <code id="552">parttypes.h:48:31: error: 'string' does not name a type</code><br />
						
            
            <a class="navhash" href="#553">#</a>
						
              <code id="553">    PartType & operator=(const string & orig);</code><br />
						
            
            <a class="navhash" href="#554">#</a>
						
              <code id="554">                               ^</code><br />
						
            
            <a class="navhash" href="#555">#</a>
						
              <code id="555">parttypes.h:48:40: error: ISO C++ forbids declaration of 'orig' with no type [-fpermissive]</code><br />
						
            
            <a class="navhash" href="#556">#</a>
						
              <code id="556">    PartType & operator=(const string & orig);</code><br />
						
            
            <a class="navhash" href="#557">#</a>
						
              <code id="557">                                        ^</code><br />
						
            
            <a class="navhash" href="#558">#</a>
						
              <code id="558">guid.cc:107:10: error: 'uuidData' was not declared in this scope</code><br />
						
            
            <a class="navhash" href="#559">#</a>
						
              <code id="559">          uuidData[8] = StrToHex(copy, (unsigned int) segStart[3]);</code><br />
						
            
            <a class="navhash" href="#560">#</a>
						
              <code id="560">          ^</code><br />
						
            
            <a class="navhash" href="#561">#</a>
						
              <code id="561">guid.cc:111:10: error: 'uuidData' was not declared in this scope</code><br />
						
            
            <a class="navhash" href="#562">#</a>
						
              <code id="562">          uuidData[10] = StrToHex(copy, (unsigned int) segStart[4]);</code><br />
						
            
            <a class="navhash" href="#563">#</a>
						
              <code id="563">          ^</code><br />
						
            
            <a class="navhash" href="#564">#</a>
						
              <code id="564">parttypes.h:55:25: error: declaration of 'operator=' as non-function</code><br />
						
            
            <a class="navhash" href="#565">#</a>
						
              <code id="565">    PartType & operator=(uint16_t ID); // Use MBR type code times 0x0100 to assign GUID</code><br />
						
            
            <a class="navhash" href="#566">#</a>
						
              <code id="566">                         ^</code><br />
						
            
            <a class="navhash" href="#567">#</a>
						
              <code id="567">parttypes.h:55:23: error: expected ';' at end of member declaration</code><br />
						
            
            <a class="navhash" href="#568">#</a>
						
              <code id="568">    PartType & operator=(uint16_t ID); // Use MBR type code times 0x0100 to assign GUID</code><br />
						
            
            <a class="navhash" href="#569">#</a>
						
              <code id="569">                       ^</code><br />
						
            
            <a class="navhash" href="#570">#</a>
						<span class="error">
              <code id="570">parttypes.h:55:34: error: expected ')' before 'ID'</code><br />
						</span>
            
            <a class="navhash" href="#571">#</a>
						
              <code id="571">    PartType & operator=(uint16_t ID); // Use MBR type code times 0x0100 to assign GUID</code><br />
						
            
            <a class="navhash" href="#572">#</a>
						
              <code id="572">                                  ^</code><br />
						
            
            <a class="navhash" href="#573">#</a>
						
              <code id="573">parttypes.h:58:4: error: 'string' does not name a type</code><br />
						
            
            <a class="navhash" href="#574">#</a>
						
              <code id="574">    string TypeName(void) const;</code><br />
						
            
            <a class="navhash" href="#575">#</a>
						
              <code id="575">    ^</code><br />
						
            
            <a class="navhash" href="#576">#</a>
						
              <code id="576">In file included from gptpart.h:22:0,</code><br />
						
            
            <a class="navhash" href="#577">#</a>
						
              <code id="577">                 from gptpart.cc:27:</code><br />
						
            
            <a class="navhash" href="#578">#</a>
						
              <code id="578">parttypes.h:9:23: error: 'string' does not name a type</code><br />
						
            
            <a class="navhash" href="#579">#</a>
						
              <code id="579"> #define UnicodeString string</code><br />
						
            
            <a class="navhash" href="#580">#</a>
						
              <code id="580">                       ^</code><br />
						
            
            <a class="navhash" href="#581">#</a>
						
              <code id="581">parttypes.h:59:4: note: in expansion of macro 'UnicodeString'</code><br />
						
            
            <a class="navhash" href="#582">#</a>
						
              <code id="582">    UnicodeString UTypeName(void) const;</code><br />
						
            
            <a class="navhash" href="#583">#</a>
						
              <code id="583">    ^</code><br />
						
            
            <a class="navhash" href="#584">#</a>
						
              <code id="584">In file included from gptpart.h:22:0,</code><br />
						
            
            <a class="navhash" href="#585">#</a>
						
              <code id="585">                 from gptpart.cc:27:</code><br />
						
            
            <a class="navhash" href="#586">#</a>
						
              <code id="586">parttypes.h:60:4: error: 'uint16_t' does not name a type</code><br />
						
            
            <a class="navhash" href="#587">#</a>
						
              <code id="587">    uint16_t GetHexType() const;</code><br />
						
            
            <a class="navhash" href="#588">#</a>
						
              <code id="588">    ^</code><br />
						
            
            <a class="navhash" href="#589">#</a>
						
              <code id="589">parttypes.h:64:14: error: 'uint16_t' has not been declared</code><br />
						
            
            <a class="navhash" href="#590">#</a>
						
              <code id="590">    int Valid(uint16_t code) const;</code><br />
						
            
            <a class="navhash" href="#591">#</a>
						
              <code id="591">              ^</code><br />
						
            
            <a class="navhash" href="#592">#</a>
						
              <code id="592">guid.cc: In member function 'GUIDData& GUIDData::operator=(const char*)':</code><br />
						
            
            <a class="navhash" href="#593">#</a>
						
              <code id="593">guid.cc:125:22: error: 'string' was not declared in this scope</code><br />
						
            
            <a class="navhash" href="#594">#</a>
						
              <code id="594">    return operator=((string) orig);</code><br />
						
            
            <a class="navhash" href="#595">#</a>
						
              <code id="595">                      ^</code><br />
						
            
            <a class="navhash" href="#596">#</a>
						
              <code id="596">guid.cc: In member function 'void GUIDData::Zero()':</code><br />
						
            
            <a class="navhash" href="#597">#</a>
						
              <code id="597">guid.cc:130:11: error: 'uuidData' was not declared in this scope</code><br />
						
            
            <a class="navhash" href="#598">#</a>
						
              <code id="598">    memset(uuidData, 0, sizeof(uuidData));</code><br />
						
            
            <a class="navhash" href="#599">#</a>
						
              <code id="599">           ^</code><br />
						
            
            <a class="navhash" href="#600">#</a>
						
              <code id="600">guid.cc:130:40: error: 'memset' was not declared in this scope</code><br />
						
            
            <a class="navhash" href="#601">#</a>
						
              <code id="601">    memset(uuidData, 0, sizeof(uuidData));</code><br />
						
            
            <a class="navhash" href="#602">#</a>
						
              <code id="602">                                        ^</code><br />
						
            
            <a class="navhash" href="#603">#</a>
						
              <code id="603">In file included from gptpart.h:24:0,</code><br />
						
            
            <a class="navhash" href="#604">#</a>
						
              <code id="604">                 from gptpart.cc:27:</code><br />
						
            
            <a class="navhash" href="#605">#</a>
						
              <code id="605">attributes.h:17:11: error: 'string' does not name a type</code><br />
						
            
            <a class="navhash" href="#606">#</a>
						
              <code id="606">    static string atNames[NUM_ATR];</code><br />
						
            
            <a class="navhash" href="#607">#</a>
						
              <code id="607">           ^</code><br />
						
            
            <a class="navhash" href="#608">#</a>
						
              <code id="608">attributes.h:20:4: error: 'uint64_t' does not name a type</code><br />
						
            
            <a class="navhash" href="#609">#</a>
						
              <code id="609">    uint64_t attributes;</code><br />
						
            
            <a class="navhash" href="#610">#</a>
						
              <code id="610">    ^</code><br />
						
            
            <a class="navhash" href="#611">#</a>
						
              <code id="611">guid.cc: In member function 'void GUIDData::Randomize()':</code><br />
						
            
            <a class="navhash" href="#612">#</a>
						
              <code id="612">guid.cc:160:7: error: 'cerr' was not declared in this scope</code><br />
						
            
            <a class="navhash" href="#613">#</a>
						
              <code id="613">       cerr << "Warning! Unable to generate a proper UUID! Creating an improper one as a last\n"</code><br />
						
            
            <a class="navhash" href="#614">#</a>
						
              <code id="614">       ^</code><br />
						
            
            <a class="navhash" href="#615">#</a>
						
              <code id="615">attributes.h:24:21: error: 'uint64_t' does not name a type</code><br />
						
            
            <a class="navhash" href="#616">#</a>
						
              <code id="616">    Attributes(const uint64_t a);</code><br />
						
            
            <a class="navhash" href="#617">#</a>
						
              <code id="617">                     ^</code><br />
						
            
            <a class="navhash" href="#618">#</a>
						
              <code id="618">attributes.h:24:30: error: ISO C++ forbids declaration of 'a' with no type [-fpermissive]</code><br />
						
            
            <a class="navhash" href="#619">#</a>
						
              <code id="619">    Attributes(const uint64_t a);</code><br />
						
            
            <a class="navhash" href="#620">#</a>
						
              <code id="620">                              ^</code><br />
						
            
            <a class="navhash" href="#621">#</a>
						
              <code id="621">attributes.h:26:19: error: 'uint64_t' has not been declared</code><br />
						
            
            <a class="navhash" href="#622">#</a>
						
              <code id="622">    void operator=(uint64_t a) {attributes = a;}</code><br />
						
            
            <a class="navhash" href="#623">#</a>
						
              <code id="623">                   ^</code><br />
						
            
            <a class="navhash" href="#624">#</a>
						
              <code id="624">guid.cc:163:10: error: 'uuidData' was not declared in this scope</code><br />
						
            
            <a class="navhash" href="#625">#</a>
						
              <code id="625">          uuidData[i] = (unsigned char) (256.0 * (rand() / (RAND_MAX + 1.0)));</code><br />
						
            
            <a class="navhash" href="#626">#</a>
						
              <code id="626">          ^</code><br />
						
            
            <a class="navhash" href="#627">#</a>
						
              <code id="627">attributes.h:28:4: error: 'uint64_t' does not name a type</code><br />
						
            
            <a class="navhash" href="#628">#</a>
						
              <code id="628">    uint64_t GetAttributes(void) const {return attributes;}</code><br />
						
            
            <a class="navhash" href="#629">#</a>
						
              <code id="629">    ^</code><br />
						
            
            <a class="navhash" href="#630">#</a>
						
              <code id="630">guid.cc:163:55: error: 'rand' was not declared in this scope</code><br />
						
            
            <a class="navhash" href="#631">#</a>
						
              <code id="631">          uuidData[i] = (unsigned char) (256.0 * (rand() / (RAND_MAX + 1.0)));</code><br />
						
            
            <a class="navhash" href="#632">#</a>
						
              <code id="632">                                                       ^</code><br />
						
            
            <a class="navhash" href="#633">#</a>
						
              <code id="633">attributes.h:30:30: error: 'uint32_t' does not name a type</code><br />
						
            
            <a class="navhash" href="#634">#</a>
						
              <code id="634">    void ShowAttributes(const uint32_t partNum);</code><br />
						
            
            <a class="navhash" href="#635">#</a>
						
              <code id="635">                              ^</code><br />
						
            
            <a class="navhash" href="#636">#</a>
						
              <code id="636">guid.cc:163:60: error: 'RAND_MAX' was not declared in this scope</code><br />
						
            
            <a class="navhash" href="#637">#</a>
						
              <code id="637">          uuidData[i] = (unsigned char) (256.0 * (rand() / (RAND_MAX + 1.0)));</code><br />
						
            
            <a class="navhash" href="#638">#</a>
						
              <code id="638">                                                            ^</code><br />
						
            
            <a class="navhash" href="#639">#</a>
						
              <code id="639">attributes.h:30:39: error: ISO C++ forbids declaration of 'partNum' with no type [-fpermissive]</code><br />
						
            
            <a class="navhash" href="#640">#</a>
						
              <code id="640">    void ShowAttributes(const uint32_t partNum);</code><br />
						
            
            <a class="navhash" href="#641">#</a>
						
              <code id="641">                                       ^</code><br />
						
            
            <a class="navhash" href="#642">#</a>
						
              <code id="642">attributes.h:33:35: error: 'uint32_t' does not name a type</code><br />
						
            
            <a class="navhash" href="#643">#</a>
						
              <code id="643">    bool OperateOnAttributes(const uint32_t partNum, const string& attributeOperator, const string& attributeBits);</code><br />
						
            
            <a class="navhash" href="#644">#</a>
						
              <code id="644">                                   ^</code><br />
						
            
            <a class="navhash" href="#645">#</a>
						
              <code id="645">attributes.h:33:44: error: ISO C++ forbids declaration of 'partNum' with no type [-fpermissive]</code><br />
						
            
            <a class="navhash" href="#646">#</a>
						
              <code id="646">    bool OperateOnAttributes(const uint32_t partNum, const string& attributeOperator, const string& attributeBits);</code><br />
						
            
            <a class="navhash" href="#647">#</a>
						
              <code id="647">                                            ^</code><br />
						
            
            <a class="navhash" href="#648">#</a>
						
              <code id="648">attributes.h:33:59: error: 'string' does not name a type</code><br />
						
            
            <a class="navhash" href="#649">#</a>
						
              <code id="649">    bool OperateOnAttributes(const uint32_t partNum, const string& attributeOperator, const string& attributeBits);</code><br />
						
            
            <a class="navhash" href="#650">#</a>
						
              <code id="650">                                                           ^</code><br />
						
            
            <a class="navhash" href="#651">#</a>
						
              <code id="651">guid.cc: In member function 'int GUIDData::operator==(const GUIDData&) const':</code><br />
						
            
            <a class="navhash" href="#652">#</a>
						
              <code id="652">guid.cc:169:19: error: 'uuidData' was not declared in this scope</code><br />
						
            
            <a class="navhash" href="#653">#</a>
						
              <code id="653">    return !memcmp(uuidData, orig.uuidData, sizeof(uuidData));</code><br />
						
            
            <a class="navhash" href="#654">#</a>
						
              <code id="654">                   ^</code><br />
						
            
            <a class="navhash" href="#655">#</a>
						
              <code id="655">attributes.h:33:67: error: ISO C++ forbids declaration of 'attributeOperator' with no type [-fpermissive]</code><br />
						
            
            <a class="navhash" href="#656">#</a>
						
              <code id="656">    bool OperateOnAttributes(const uint32_t partNum, const string& attributeOperator, const string& attributeBits);</code><br />
						
            
            <a class="navhash" href="#657">#</a>
						
              <code id="657">                                                                   ^</code><br />
						
            
            <a class="navhash" href="#658">#</a>
						
              <code id="658">guid.cc:169:34: error: 'const class GUIDData' has no member named 'uuidData'</code><br />
						
            
            <a class="navhash" href="#659">#</a>
						
              <code id="659">    return !memcmp(uuidData, orig.uuidData, sizeof(uuidData));</code><br />
						
            
            <a class="navhash" href="#660">#</a>
						
              <code id="660">                                  ^</code><br />
						
            
            <a class="navhash" href="#661">#</a>
						
              <code id="661">attributes.h:33:92: error: 'string' does not name a type</code><br />
						
            
            <a class="navhash" href="#662">#</a>
						
              <code id="662">    bool OperateOnAttributes(const uint32_t partNum, const string& attributeOperator, const string& attributeBits);</code><br />
						
            
            <a class="navhash" href="#663">#</a>
						
              <code id="663">                                                                                            ^</code><br />
						
            
            <a class="navhash" href="#664">#</a>
						
              <code id="664">attributes.h:33:100: error: ISO C++ forbids declaration of 'attributeBits' with no type [-fpermissive]</code><br />
						
            
            <a class="navhash" href="#665">#</a>
						
              <code id="665">    bool OperateOnAttributes(const uint32_t partNum, const string& attributeOperator, const string& attributeBits);</code><br />
						
            
            <a class="navhash" href="#666">#</a>
						
              <code id="666">                                                                                                    ^</code><br />
						
            
            <a class="navhash" href="#667">#</a>
						
              <code id="667">guid.cc:169:60: error: 'memcmp' was not declared in this scope</code><br />
						
            
            <a class="navhash" href="#668">#</a>
						
              <code id="668">    return !memcmp(uuidData, orig.uuidData, sizeof(uuidData));</code><br />
						
            
            <a class="navhash" href="#669">#</a>
						
              <code id="669">                                                            ^</code><br />
						
            
            <a class="navhash" href="#670">#</a>
						
              <code id="670">attributes.h:35:17: error: 'string' does not name a type</code><br />
						
            
            <a class="navhash" href="#671">#</a>
						
              <code id="671">    static const string& GetAttributeName(const uint32_t bitNum) {return atNames [bitNum];}</code><br />
						
            
            <a class="navhash" href="#672">#</a>
						
              <code id="672">                 ^</code><br />
						
            
            <a class="navhash" href="#673">#</a>
						
              <code id="673">attributes.h: In member function 'void Attributes::operator=(int)':</code><br />
						
            
            <a class="navhash" href="#674">#</a>
						
              <code id="674">attributes.h:26:32: error: 'attributes' was not declared in this scope</code><br />
						
            
            <a class="navhash" href="#675">#</a>
						
              <code id="675">    void operator=(uint64_t a) {attributes = a;}</code><br />
						
            
            <a class="navhash" href="#676">#</a>
						
              <code id="676">                                ^</code><br />
						
            
            <a class="navhash" href="#677">#</a>
						
              <code id="677">guid.cc: At global scope:</code><br />
						
            
            <a class="navhash" href="#678">#</a>
						
              <code id="678">guid.cc:178:1: error: 'string' does not name a type</code><br />
						
            
            <a class="navhash" href="#679">#</a>
						
              <code id="679"> string GUIDData::AsString(void) const {</code><br />
						
            
            <a class="navhash" href="#680">#</a>
						
              <code id="680"> ^</code><br />
						
            
            <a class="navhash" href="#681">#</a>
						
              <code id="681">attributes.h: At global scope:</code><br />
						
            
            <a class="navhash" href="#682">#</a>
						
              <code id="682">attributes.h:39:1: error: 'ostream' does not name a type</code><br />
						
            
            <a class="navhash" href="#683">#</a>
						
              <code id="683"> ostream & operator<<(ostream & os, const Attributes & data);</code><br />
						
            
            <a class="navhash" href="#684">#</a>
						
              <code id="684"> ^</code><br />
						
            
            <a class="navhash" href="#685">#</a>
						
              <code id="685">guid.cc:192:1: error: 'string' does not name a type</code><br />
						
            
            <a class="navhash" href="#686">#</a>
						
              <code id="686"> string GUIDData::DeleteSpaces(string s) {</code><br />
						
            
            <a class="navhash" href="#687">#</a>
						
              <code id="687"> ^</code><br />
						
            
            <a class="navhash" href="#688">#</a>
						
              <code id="688">In file included from gptpart.cc:27:0:</code><br />
						
            
            <a class="navhash" href="#689">#</a>
						
              <code id="689">gptpart.h:50:7: error: 'uint64_t' does not name a type</code><br />
						
            
            <a class="navhash" href="#690">#</a>
						
              <code id="690">       uint64_t firstLBA;</code><br />
						
            
            <a class="navhash" href="#691">#</a>
						
              <code id="691">       ^</code><br />
						
            
            <a class="navhash" href="#692">#</a>
						
              <code id="692">guid.cc:212:1: error: 'ostream' does not name a type</code><br />
						
            
            <a class="navhash" href="#693">#</a>
						
              <code id="693"> ostream & operator<<(ostream & os, const GUIDData & data) {</code><br />
						
            
            <a class="navhash" href="#694">#</a>
						
              <code id="694"> ^</code><br />
						
            
            <a class="navhash" href="#695">#</a>
						
              <code id="695">gptpart.h:51:7: error: 'uint64_t' does not name a type</code><br />
						
            
            <a class="navhash" href="#696">#</a>
						
              <code id="696">       uint64_t lastLBA;</code><br />
						
            
            <a class="navhash" href="#697">#</a>
						
              <code id="697">       ^</code><br />
						
            
            <a class="navhash" href="#698">#</a>
						
              <code id="698">gptpart.h:53:7: error: 'uint16_t' does not name a type</code><br />
						
            
            <a class="navhash" href="#699">#</a>
						
              <code id="699">       uint16_t name[NAME_SIZE];</code><br />
						
            
            <a class="navhash" href="#700">#</a>
						
              <code id="700">       ^</code><br />
						
            
            <a class="navhash" href="#701">#</a>
						
              <code id="701">gptpart.h:60:7: error: 'uint16_t' does not name a type</code><br />
						
            
            <a class="navhash" href="#702">#</a>
						
              <code id="702">       uint16_t GetHexType(void) const;</code><br />
						
            
            <a class="navhash" href="#703">#</a>
						
              <code id="703">       ^</code><br />
						
            
            <a class="navhash" href="#704">#</a>
						
              <code id="704">gptpart.h:61:7: error: 'string' does not name a type</code><br />
						
            
            <a class="navhash" href="#705">#</a>
						
              <code id="705">       string GetTypeName(void);</code><br />
						
            
            <a class="navhash" href="#706">#</a>
						
              <code id="706">       ^</code><br />
						
            
            <a class="navhash" href="#707">#</a>
						
              <code id="707">In file included from gptpart.h:22:0,</code><br />
						
            
            <a class="navhash" href="#708">#</a>
						
              <code id="708">                 from gptpart.cc:27:</code><br />
						
            
            <a class="navhash" href="#709">#</a>
						
              <code id="709">parttypes.h:9:23: error: 'string' does not name a type</code><br />
						
            
            <a class="navhash" href="#710">#</a>
						
              <code id="710"> #define UnicodeString string</code><br />
						
            
            <a class="navhash" href="#711">#</a>
						
              <code id="711">                       ^</code><br />
						
            
            <a class="navhash" href="#712">#</a>
						
              <code id="712">gptpart.h:62:7: note: in expansion of macro 'UnicodeString'</code><br />
						
            
            <a class="navhash" href="#713">#</a>
						
              <code id="713">       UnicodeString GetUTypeName(void);</code><br />
						
            
            <a class="navhash" href="#714">#</a>
						
              <code id="714">       ^</code><br />
						
            
            <a class="navhash" href="#715">#</a>
						
              <code id="715">In file included from gptpart.cc:27:0:</code><br />
						
            
            <a class="navhash" href="#716">#</a>
						
              <code id="716">gptpart.h:64:7: error: 'uint64_t' does not name a type</code><br />
						
            
            <a class="navhash" href="#717">#</a>
						
              <code id="717">       uint64_t GetFirstLBA(void) const {return firstLBA;}</code><br />
						
            
            <a class="navhash" href="#718">#</a>
						
              <code id="718">       ^</code><br />
						
            
            <a class="navhash" href="#719">#</a>
						
              <code id="719">gptpart.h:65:7: error: 'uint64_t' does not name a type</code><br />
						
            
            <a class="navhash" href="#720">#</a>
						
              <code id="720">       uint64_t GetLastLBA(void) const {return lastLBA;}</code><br />
						
            
            <a class="navhash" href="#721">#</a>
						
              <code id="721">       ^</code><br />
						
            
            <a class="navhash" href="#722">#</a>
						
              <code id="722">gptpart.h:66:7: error: 'uint64_t' does not name a type</code><br />
						
            
            <a class="navhash" href="#723">#</a>
						
              <code id="723">       uint64_t GetLengthLBA(void) const;</code><br />
						
            
            <a class="navhash" href="#724">#</a>
						
              <code id="724">       ^</code><br />
						
            
            <a class="navhash" href="#725">#</a>
						
              <code id="725">gptpart.h:68:27: error: 'uint32_t' has not been declared</code><br />
						
            
            <a class="navhash" href="#726">#</a>
						
              <code id="726">       void ShowAttributes(uint32_t partNum) {attributes.ShowAttributes(partNum);}</code><br />
						
            
            <a class="navhash" href="#727">#</a>
						
              <code id="727">                           ^</code><br />
						
            
            <a class="navhash" href="#728">#</a>
						
              <code id="728">In file included from gptpart.h:22:0,</code><br />
						
            
            <a class="navhash" href="#729">#</a>
						
              <code id="729">                 from gptpart.cc:27:</code><br />
						
            
            <a class="navhash" href="#730">#</a>
						
              <code id="730">parttypes.h:9:23: error: 'string' does not name a type</code><br />
						
            
            <a class="navhash" href="#731">#</a>
						
              <code id="731"> #define UnicodeString string</code><br />
						
            
            <a class="navhash" href="#732">#</a>
						
              <code id="732">                       ^</code><br />
						
            
            <a class="navhash" href="#733">#</a>
						
              <code id="733">gptpart.h:69:7: note: in expansion of macro 'UnicodeString'</code><br />
						
            
            <a class="navhash" href="#734">#</a>
						
              <code id="734">       UnicodeString GetDescription(void);</code><br />
						
            
            <a class="navhash" href="#735">#</a>
						
              <code id="735">       ^</code><br />
						
            
            <a class="navhash" href="#736">#</a>
						
              <code id="736">guid.cc: In member function 'GUIDData& GUIDData::operator=(const char*)':</code><br />
						
            
            <a class="navhash" href="#737">#</a>
						
              <code id="737">guid.cc:126:1: warning: control reaches end of non-void function [-Wreturn-type]</code><br />
						
            
            <a class="navhash" href="#738">#</a>
						
              <code id="738"> } // GUIDData::operator=(const char * orig)</code><br />
						
            
            <a class="navhash" href="#739">#</a>
						
              <code id="739"> ^</code><br />
						
            
            <a class="navhash" href="#740">#</a>
						
              <code id="740">In file included from gptpart.cc:27:0:</code><br />
						
            
            <a class="navhash" href="#741">#</a>
						
              <code id="741">gptpart.h:75:20: error: 'uint16_t' has not been declared</code><br />
						
            
            <a class="navhash" href="#742">#</a>
						
              <code id="742">       void SetType(uint16_t hex) {partitionType = hex;}</code><br />
						
            
            <a class="navhash" href="#743">#</a>
						
              <code id="743">                    ^</code><br />
						
            
            <a class="navhash" href="#744">#</a>
						
              <code id="744">gptpart.h:78:24: error: 'uint64_t' has not been declared</code><br />
						
            
            <a class="navhash" href="#745">#</a>
						
              <code id="745">       void SetFirstLBA(uint64_t f) {firstLBA = f;}</code><br />
						
            
            <a class="navhash" href="#746">#</a>
						
              <code id="746">                        ^</code><br />
						
            
            <a class="navhash" href="#747">#</a>
						
              <code id="747">guid.cc: In member function 'int GUIDData::operator==(const GUIDData&) const':</code><br />
						
            
            <a class="navhash" href="#748">#</a>
						
              <code id="748">guid.cc:170:1: warning: control reaches end of non-void function [-Wreturn-type]</code><br />
						
            
            <a class="navhash" href="#749">#</a>
						
              <code id="749"> } // GUIDData::operator==</code><br />
						
            
            <a class="navhash" href="#750">#</a>
						
              <code id="750"> ^</code><br />
						
            
            <a class="navhash" href="#751">#</a>
						
              <code id="751">gptpart.h:79:23: error: 'uint64_t' has not been declared</code><br />
						
            
            <a class="navhash" href="#752">#</a>
						
              <code id="752">       void SetLastLBA(uint64_t l) {lastLBA = l;}</code><br />
						
            
            <a class="navhash" href="#753">#</a>
						
              <code id="753">                       ^</code><br />
						
            
            <a class="navhash" href="#754">#</a>
						
              <code id="754">gptpart.h:80:26: error: 'uint64_t' has not been declared</code><br />
						
            
            <a class="navhash" href="#755">#</a>
						
              <code id="755">       void SetAttributes(uint64_t a) {attributes = a;}</code><br />
						
            
            <a class="navhash" href="#756">#</a>
						
              <code id="756">                          ^</code><br />
						
            
            <a class="navhash" href="#757">#</a>
						
              <code id="757">gptpart.h:82:26: error: 'string' does not name a type</code><br />
						
            
            <a class="navhash" href="#758">#</a>
						
              <code id="758">       void SetName(const string & theName);</code><br />
						
            
            <a class="navhash" href="#759">#</a>
						
              <code id="759">                          ^</code><br />
						
            
            <a class="navhash" href="#760">#</a>
						
              <code id="760">gptpart.h:82:35: error: ISO C++ forbids declaration of 'theName' with no type [-fpermissive]</code><br />
						
            
            <a class="navhash" href="#761">#</a>
						
              <code id="761">       void SetName(const string & theName);</code><br />
						
            
            <a class="navhash" href="#762">#</a>
						
              <code id="762">                                   ^</code><br />
						
            
            <a class="navhash" href="#763">#</a>
						
              <code id="763">gptpart.h:91:37: error: 'uint32_t' has not been declared</code><br />
						
            
            <a class="navhash" href="#764">#</a>
						
              <code id="764">       void ShowSummary(int partNum, uint32_t blockSize); // display summary information (1-line)</code><br />
						
            
            <a class="navhash" href="#765">#</a>
						
              <code id="765">                                     ^</code><br />
						
            
            <a class="navhash" href="#766">#</a>
						
              <code id="766">gptpart.h:92:24: error: 'uint32_t' has not been declared</code><br />
						
            
            <a class="navhash" href="#767">#</a>
						
              <code id="767">       void ShowDetails(uint32_t blockSize); // display detailed information (multi-line)</code><br />
						
            
            <a class="navhash" href="#768">#</a>
						
              <code id="768">                        ^</code><br />
						
            
            <a class="navhash" href="#769">#</a>
						
              <code id="769">gptpart.h: In member function 'void GPTPart::SetFirstLBA(int)':</code><br />
						
            
            <a class="navhash" href="#770">#</a>
						
              <code id="770">gptpart.h:78:37: error: 'firstLBA' was not declared in this scope</code><br />
						
            
            <a class="navhash" href="#771">#</a>
						
              <code id="771">       void SetFirstLBA(uint64_t f) {firstLBA = f;}</code><br />
						
            
            <a class="navhash" href="#772">#</a>
						
              <code id="772">                                     ^</code><br />
						
            
            <a class="navhash" href="#773">#</a>
						
              <code id="773">gptpart.h: In member function 'void GPTPart::SetLastLBA(int)':</code><br />
						
            
            <a class="navhash" href="#774">#</a>
						
              <code id="774">gptpart.h:79:36: error: 'lastLBA' was not declared in this scope</code><br />
						
            
            <a class="navhash" href="#775">#</a>
						
              <code id="775">       void SetLastLBA(uint64_t l) {lastLBA = l;}</code><br />
						
            
            <a class="navhash" href="#776">#</a>
						
              <code id="776">                                    ^</code><br />
						
            
            <a class="navhash" href="#777">#</a>
						
              <code id="777">make: *** [<builtin>: guid.o] Error 1</code><br />
						
            
            <a class="navhash" href="#778">#</a>
						
              <code id="778">gptpart.cc: In constructor 'GPTPart::GPTPart()':</code><br />
						
            
            <a class="navhash" href="#779">#</a>
						
              <code id="779">gptpart.cc:35:4: error: 'firstLBA' was not declared in this scope</code><br />
						
            
            <a class="navhash" href="#780">#</a>
						
              <code id="780">    firstLBA = 0;</code><br />
						
            
            <a class="navhash" href="#781">#</a>
						
              <code id="781">    ^</code><br />
						
            
            <a class="navhash" href="#782">#</a>
						
              <code id="782">gptpart.cc:36:4: error: 'lastLBA' was not declared in this scope</code><br />
						
            
            <a class="navhash" href="#783">#</a>
						
              <code id="783">    lastLBA = 0;</code><br />
						
            
            <a class="navhash" href="#784">#</a>
						
              <code id="784">    ^</code><br />
						
            
            <a class="navhash" href="#785">#</a>
						
              <code id="785">gptpart.cc:38:11: error: 'name' was not declared in this scope</code><br />
						
            
            <a class="navhash" href="#786">#</a>
						
              <code id="786">    memset(name, 0, NAME_SIZE * sizeof(name[0]) );</code><br />
						
            
            <a class="navhash" href="#787">#</a>
						
              <code id="787">           ^</code><br />
						
            
            <a class="navhash" href="#788">#</a>
						
              <code id="788">gptpart.cc:38:48: error: 'memset' was not declared in this scope</code><br />
						
            
            <a class="navhash" href="#789">#</a>
						
              <code id="789">    memset(name, 0, NAME_SIZE * sizeof(name[0]) );</code><br />
						
            
            <a class="navhash" href="#790">#</a>
						
              <code id="790">                                                ^</code><br />
						
            
            <a class="navhash" href="#791">#</a>
						
              <code id="791">gptpart.cc: At global scope:</code><br />
						
            
            <a class="navhash" href="#792">#</a>
						
              <code id="792">gptpart.cc:45:1: error: 'uint16_t' does not name a type</code><br />
						
            
            <a class="navhash" href="#793">#</a>
						
              <code id="793"> uint16_t GPTPart::GetHexType(void) const {</code><br />
						
            
            <a class="navhash" href="#794">#</a>
						
              <code id="794"> ^</code><br />
						
            
            <a class="navhash" href="#795">#</a>
						
              <code id="795">gptpart.cc:51:1: error: 'string' does not name a type</code><br />
						
            
            <a class="navhash" href="#796">#</a>
						
              <code id="796"> string GPTPart::GetTypeName(void) {</code><br />
						
            
            <a class="navhash" href="#797">#</a>
						
              <code id="797"> ^</code><br />
						
            
            <a class="navhash" href="#798">#</a>
						
              <code id="798">gptpart.cc:65:1: error: 'uint64_t' does not name a type</code><br />
						
            
            <a class="navhash" href="#799">#</a>
						
              <code id="799"> uint64_t GPTPart::GetLengthLBA(void) const {</code><br />
						
            
            <a class="navhash" href="#800">#</a>
						
              <code id="800"> ^</code><br />
						
            
            <a class="navhash" href="#801">#</a>
						
              <code id="801">gptpart.cc:80:1: error: 'string' does not name a type</code><br />
						
            
            <a class="navhash" href="#802">#</a>
						
              <code id="802"> string GPTPart::GetDescription(void) {</code><br />
						
            
            <a class="navhash" href="#803">#</a>
						
              <code id="803"> ^</code><br />
						
            
            <a class="navhash" href="#804">#</a>
						
              <code id="804">gptpart.cc: In member function 'int GPTPart::IsSizedForMBR()':</code><br />
						
            
            <a class="navhash" href="#805">#</a>
						
              <code id="805">gptpart.cc:146:9: error: 'firstLBA' was not declared in this scope</code><br />
						
            
            <a class="navhash" href="#806">#</a>
						
              <code id="806">    if ((firstLBA > UINT32_MAX) || ((lastLBA - firstLBA) > UINT32_MAX) || (firstLBA > lastLBA))</code><br />
						
            
            <a class="navhash" href="#807">#</a>
						
              <code id="807">         ^</code><br />
						
            
            <a class="navhash" href="#808">#</a>
						
              <code id="808">gptpart.cc:146:20: error: 'UINT32_MAX' was not declared in this scope</code><br />
						
            
            <a class="navhash" href="#809">#</a>
						
              <code id="809">    if ((firstLBA > UINT32_MAX) || ((lastLBA - firstLBA) > UINT32_MAX) || (firstLBA > lastLBA))</code><br />
						
            
            <a class="navhash" href="#810">#</a>
						
              <code id="810">                    ^</code><br />
						
            
            <a class="navhash" href="#811">#</a>
						
              <code id="811">gptpart.cc:146:37: error: 'lastLBA' was not declared in this scope</code><br />
						
            
            <a class="navhash" href="#812">#</a>
						
              <code id="812">    if ((firstLBA > UINT32_MAX) || ((lastLBA - firstLBA) > UINT32_MAX) || (firstLBA > lastLBA))</code><br />
						
            
            <a class="navhash" href="#813">#</a>
						
              <code id="813">                                     ^</code><br />
						
            
            <a class="navhash" href="#814">#</a>
						
              <code id="814">gptpart.cc: In member function 'void GPTPart::SetType(PartType)':</code><br />
						
            
            <a class="navhash" href="#815">#</a>
						
              <code id="815">gptpart.cc:161:23: error: 'GetDescription' was not declared in this scope</code><br />
						
            
            <a class="navhash" href="#816">#</a>
						
              <code id="816">    if (GetDescription() == partitionType.TypeName()) {</code><br />
						
            
            <a class="navhash" href="#817">#</a>
						
              <code id="817">                       ^</code><br />
						
            
            <a class="navhash" href="#818">#</a>
						
              <code id="818">gptpart.cc:161:42: error: 'class PartType' has no member named 'TypeName'</code><br />
						
            
            <a class="navhash" href="#819">#</a>
						
              <code id="819">    if (GetDescription() == partitionType.TypeName()) {</code><br />
						
            
            <a class="navhash" href="#820">#</a>
						
              <code id="820">                                          ^</code><br />
						
            
            <a class="navhash" href="#821">#</a>
						
              <code id="821">gptpart.cc:163:17: error: 'class PartType' has no member named 'TypeName'</code><br />
						
            
            <a class="navhash" href="#822">#</a>
						
              <code id="822">       SetName(t.TypeName());</code><br />
						
            
            <a class="navhash" href="#823">#</a>
						
              <code id="823">                 ^</code><br />
						
            
            <a class="navhash" href="#824">#</a>
						
              <code id="824">gptpart.cc: At global scope:</code><br />
						
            
            <a class="navhash" href="#825">#</a>
						
              <code id="825">gptpart.cc:192:29: error: 'string' does not name a type</code><br />
						
            
            <a class="navhash" href="#826">#</a>
						
              <code id="826"> void GPTPart::SetName(const string & theName) {</code><br />
						
            
            <a class="navhash" href="#827">#</a>
						
              <code id="827">                             ^</code><br />
						
            
            <a class="navhash" href="#828">#</a>
						
              <code id="828">gptpart.cc:192:38: error: ISO C++ forbids declaration of 'theName' with no type [-fpermissive]</code><br />
						
            
            <a class="navhash" href="#829">#</a>
						
              <code id="829"> void GPTPart::SetName(const string & theName) {</code><br />
						
            
            <a class="navhash" href="#830">#</a>
						
              <code id="830">                                      ^</code><br />
						
            
            <a class="navhash" href="#831">#</a>
						
              <code id="831">gptpart.cc: In member function 'void GPTPart::SetName(const int&)':</code><br />
						
            
            <a class="navhash" href="#832">#</a>
						
              <code id="832">gptpart.cc:194:4: error: 'size_t' was not declared in this scope</code><br />
						
            
            <a class="navhash" href="#833">#</a>
						
              <code id="833">    size_t len = theName.length() ;</code><br />
						
            
            <a class="navhash" href="#834">#</a>
						
              <code id="834">    ^</code><br />
						
            
            <a class="navhash" href="#835">#</a>
						<span class="error">
              <code id="835">gptpart.cc:194:11: error: expected ';' before 'len'</code><br />
						</span>
            
            <a class="navhash" href="#836">#</a>
						
              <code id="836">    size_t len = theName.length() ;</code><br />
						
            
            <a class="navhash" href="#837">#</a>
						
              <code id="837">           ^</code><br />
						
            
            <a class="navhash" href="#838">#</a>
						<span class="error">
              <code id="838">gptpart.cc:195:11: error: expected ';' before 'pos'</code><br />
						</span>
            
            <a class="navhash" href="#839">#</a>
						
              <code id="839">    size_t pos = 0 ;</code><br />
						
            
            <a class="navhash" href="#840">#</a>
						
              <code id="840">           ^</code><br />
						
            
            <a class="navhash" href="#841">#</a>
						<span class="error">
              <code id="841">gptpart.cc:196:17: error: expected ';' before 'i'</code><br />
						</span>
            
            <a class="navhash" href="#842">#</a>
						
              <code id="842">    for ( size_t i = 0 ; pos < NAME_SIZE && i < len ; ) {</code><br />
						
            
            <a class="navhash" href="#843">#</a>
						
              <code id="843">                 ^</code><br />
						
            
            <a class="navhash" href="#844">#</a>
						
              <code id="844">gptpart.cc:196:25: error: 'pos' was not declared in this scope</code><br />
						
            
            <a class="navhash" href="#845">#</a>
						
              <code id="845">    for ( size_t i = 0 ; pos < NAME_SIZE && i < len ; ) {</code><br />
						
            
            <a class="navhash" href="#846">#</a>
						
              <code id="846">                         ^</code><br />
						
            
            <a class="navhash" href="#847">#</a>
						
              <code id="847">gptpart.cc:196:44: error: 'i' was not declared in this scope</code><br />
						
            
            <a class="navhash" href="#848">#</a>
						
              <code id="848">    for ( size_t i = 0 ; pos < NAME_SIZE && i < len ; ) {</code><br />
						
            
            <a class="navhash" href="#849">#</a>
						
              <code id="849">                                            ^</code><br />
						
            
            <a class="navhash" href="#850">#</a>
						
              <code id="850">gptpart.cc:196:48: error: 'len' was not declared in this scope</code><br />
						
            
            <a class="navhash" href="#851">#</a>
						
              <code id="851">    for ( size_t i = 0 ; pos < NAME_SIZE && i < len ; ) {</code><br />
						
            
            <a class="navhash" href="#852">#</a>
						
              <code id="852">                                                ^</code><br />
						
            
            <a class="navhash" href="#853">#</a>
						
              <code id="853">gptpart.cc:197:7: error: 'uint32_t' was not declared in this scope</code><br />
						
            
            <a class="navhash" href="#854">#</a>
						
              <code id="854">       uint32_t uni ;</code><br />
						
            
            <a class="navhash" href="#855">#</a>
						
              <code id="855">       ^</code><br />
						
            
            <a class="navhash" href="#856">#</a>
						<span class="error">
              <code id="856">gptpart.cc:197:16: error: expected ';' before 'uni'</code><br />
						</span>
            
            <a class="navhash" href="#857">#</a>
						
              <code id="857">       uint32_t uni ;</code><br />
						
            
            <a class="navhash" href="#858">#</a>
						
              <code id="858">                ^</code><br />
						
            
            <a class="navhash" href="#859">#</a>
						
              <code id="859">gptpart.cc:198:7: error: 'uint8_t' was not declared in this scope</code><br />
						
            
            <a class="navhash" href="#860">#</a>
						
              <code id="860">       uint8_t cp = theName[ i ++ ] ;</code><br />
						
            
            <a class="navhash" href="#861">#</a>
						
              <code id="861">       ^</code><br />
						
            
            <a class="navhash" href="#862">#</a>
						<span class="error">
              <code id="862">gptpart.cc:198:15: error: expected ';' before 'cp'</code><br />
						</span>
            
            <a class="navhash" href="#863">#</a>
						
              <code id="863">       uint8_t cp = theName[ i ++ ] ;</code><br />
						
            
            <a class="navhash" href="#864">#</a>
						
              <code id="864">               ^</code><br />
						
            
            <a class="navhash" href="#865">#</a>
						
              <code id="865">gptpart.cc:200:12: error: 'cp' was not declared in this scope</code><br />
						
            
            <a class="navhash" href="#866">#</a>
						
              <code id="866">       if ( cp < 0x80 ) {</code><br />
						
            
            <a class="navhash" href="#867">#</a>
						
              <code id="867">            ^</code><br />
						
            
            <a class="navhash" href="#868">#</a>
						
              <code id="868">gptpart.cc:201:10: error: 'uni' was not declared in this scope</code><br />
						
            
            <a class="navhash" href="#869">#</a>
						
              <code id="869">          uni = cp ;</code><br />
						
            
            <a class="navhash" href="#870">#</a>
						
              <code id="870">          ^</code><br />
						
            
            <a class="navhash" href="#871">#</a>
						
              <code id="871">gptpart.cc:209:10: error: 'uni' was not declared in this scope</code><br />
						
            
            <a class="navhash" href="#872">#</a>
						
              <code id="872">          uni = cp & 0x1f ;</code><br />
						
            
            <a class="navhash" href="#873">#</a>
						
              <code id="873">          ^</code><br />
						
            
            <a class="navhash" href="#874">#</a>
						
              <code id="874">gptpart.cc:213:10: error: 'uni' was not declared in this scope</code><br />
						
            
            <a class="navhash" href="#875">#</a>
						
              <code id="875">          uni = cp & 0x0f ;</code><br />
						
            
            <a class="navhash" href="#876">#</a>
						
              <code id="876">          ^</code><br />
						
            
            <a class="navhash" href="#877">#</a>
						
              <code id="877">gptpart.cc:217:10: error: 'uni' was not declared in this scope</code><br />
						
            
            <a class="navhash" href="#878">#</a>
						
              <code id="878">          uni = cp & 0x7 ;</code><br />
						
            
            <a class="navhash" href="#879">#</a>
						
              <code id="879">          ^</code><br />
						
            
            <a class="navhash" href="#880">#</a>
						
              <code id="880">gptpart.cc:225:10: error: 'cp' was not declared in this scope</code><br />
						
            
            <a class="navhash" href="#881">#</a>
						
              <code id="881">          cp = theName[ i ++ ] ;</code><br />
						
            
            <a class="navhash" href="#882">#</a>
						
              <code id="882">          ^</code><br />
						
            
            <a class="navhash" href="#883">#</a>
						
              <code id="883">gptpart.cc:230:10: error: 'uni' was not declared in this scope</code><br />
						
            
            <a class="navhash" href="#884">#</a>
						
              <code id="884">          uni <<= 6 ;</code><br />
						
            
            <a class="navhash" href="#885">#</a>
						
              <code id="885">          ^</code><br />
						
            
            <a class="navhash" href="#886">#</a>
						
              <code id="886">gptpart.cc:235:12: error: 'uni' was not declared in this scope</code><br />
						
            
            <a class="navhash" href="#887">#</a>
						
              <code id="887">       if ( uni < 0x10000 ) {</code><br />
						
            
            <a class="navhash" href="#888">#</a>
						
              <code id="888">            ^</code><br />
						
            
            <a class="navhash" href="#889">#</a>
						
              <code id="889">gptpart.cc:236:10: error: 'name' was not declared in this scope</code><br />
						
            
            <a class="navhash" href="#890">#</a>
						
              <code id="890">          name[ pos ] = (uint16_t) uni ;</code><br />
						
            
            <a class="navhash" href="#891">#</a>
						
              <code id="891">          ^</code><br />
						
            
            <a class="navhash" href="#892">#</a>
						
              <code id="892">gptpart.cc:236:25: error: 'uint16_t' was not declared in this scope</code><br />
						
            
            <a class="navhash" href="#893">#</a>
						
              <code id="893">          name[ pos ] = (uint16_t) uni ;</code><br />
						
            
            <a class="navhash" href="#894">#</a>
						
              <code id="894">                         ^</code><br />
						
            
            <a class="navhash" href="#895">#</a>
						<span class="error">
              <code id="895">gptpart.cc:236:35: error: expected ';' before 'uni'</code><br />
						</span>
            
            <a class="navhash" href="#896">#</a>
						
              <code id="896">          name[ pos ] = (uint16_t) uni ;</code><br />
						
            
            <a class="navhash" href="#897">#</a>
						
              <code id="897">                                   ^</code><br />
						
            
            <a class="navhash" href="#898">#</a>
						
              <code id="898">gptpart.cc:246:10: error: 'name' was not declared in this scope</code><br />
						
            
            <a class="navhash" href="#899">#</a>
						
              <code id="899">          name[ pos ] = (uint16_t)( uni >> 10 ) | 0xd800 ;</code><br />
						
            
            <a class="navhash" href="#900">#</a>
						
              <code id="900">          ^</code><br />
						
            
            <a class="navhash" href="#901">#</a>
						
              <code id="901">gptpart.cc:246:25: error: 'uint16_t' was not declared in this scope</code><br />
						
            
            <a class="navhash" href="#902">#</a>
						
              <code id="902">          name[ pos ] = (uint16_t)( uni >> 10 ) | 0xd800 ;</code><br />
						
            
            <a class="navhash" href="#903">#</a>
						
              <code id="903">                         ^</code><br />
						
            
            <a class="navhash" href="#904">#</a>
						
              <code id="904">gptpart.cc:256:12: error: 'pos' was not declared in this scope</code><br />
						
            
            <a class="navhash" href="#905">#</a>
						
              <code id="905">    while ( pos < NAME_SIZE ) {</code><br />
						
            
            <a class="navhash" href="#906">#</a>
						
              <code id="906">            ^</code><br />
						
            
            <a class="navhash" href="#907">#</a>
						
              <code id="907">gptpart.cc:257:7: error: 'name' was not declared in this scope</code><br />
						
            
            <a class="navhash" href="#908">#</a>
						
              <code id="908">       name[ pos ++ ] = 0 ;</code><br />
						
            
            <a class="navhash" href="#909">#</a>
						
              <code id="909">       ^</code><br />
						
            
            <a class="navhash" href="#910">#</a>
						
              <code id="910">gptpart.cc: In member function 'void GPTPart::SetDefaultDescription()':</code><br />
						
            
            <a class="navhash" href="#911">#</a>
						
              <code id="911">gptpart.cc:265:26: error: 'class PartType' has no member named 'TypeName'</code><br />
						
            
            <a class="navhash" href="#912">#</a>
						
              <code id="912">    SetName(partitionType.TypeName());</code><br />
						
            
            <a class="navhash" href="#913">#</a>
						
              <code id="913">                          ^</code><br />
						
            
            <a class="navhash" href="#914">#</a>
						
              <code id="914">gptpart.cc: In member function 'GPTPart& GPTPart::operator=(const GPTPart&)':</code><br />
						
            
            <a class="navhash" href="#915">#</a>
						
              <code id="915">gptpart.cc:271:4: error: 'firstLBA' was not declared in this scope</code><br />
						
            
            <a class="navhash" href="#916">#</a>
						
              <code id="916">    firstLBA = orig.firstLBA;</code><br />
						
            
            <a class="navhash" href="#917">#</a>
						
              <code id="917">    ^</code><br />
						
            
            <a class="navhash" href="#918">#</a>
						
              <code id="918">gptpart.cc:271:20: error: 'const class GPTPart' has no member named 'firstLBA'</code><br />
						
            
            <a class="navhash" href="#919">#</a>
						
              <code id="919">    firstLBA = orig.firstLBA;</code><br />
						
            
            <a class="navhash" href="#920">#</a>
						
              <code id="920">                    ^</code><br />
						
            
            <a class="navhash" href="#921">#</a>
						
              <code id="921">gptpart.cc:272:4: error: 'lastLBA' was not declared in this scope</code><br />
						
            
            <a class="navhash" href="#922">#</a>
						
              <code id="922">    lastLBA = orig.lastLBA;</code><br />
						
            
            <a class="navhash" href="#923">#</a>
						
              <code id="923">    ^</code><br />
						
            
            <a class="navhash" href="#924">#</a>
						
              <code id="924">gptpart.cc:272:19: error: 'const class GPTPart' has no member named 'lastLBA'</code><br />
						
            
            <a class="navhash" href="#925">#</a>
						
              <code id="925">    lastLBA = orig.lastLBA;</code><br />
						
            
            <a class="navhash" href="#926">#</a>
						
              <code id="926">                   ^</code><br />
						
            
            <a class="navhash" href="#927">#</a>
						
              <code id="927">gptpart.cc:274:11: error: 'name' was not declared in this scope</code><br />
						
            
            <a class="navhash" href="#928">#</a>
						
              <code id="928">    memcpy(name, orig.name, NAME_SIZE * sizeof( name[ 0 ] ) );</code><br />
						
            
            <a class="navhash" href="#929">#</a>
						
              <code id="929">           ^</code><br />
						
            
            <a class="navhash" href="#930">#</a>
						
              <code id="930">gptpart.cc:274:22: error: 'const class GPTPart' has no member named 'name'</code><br />
						
            
            <a class="navhash" href="#931">#</a>
						
              <code id="931">    memcpy(name, orig.name, NAME_SIZE * sizeof( name[ 0 ] ) );</code><br />
						
            
            <a class="navhash" href="#932">#</a>
						
              <code id="932">                      ^</code><br />
						
            
            <a class="navhash" href="#933">#</a>
						
              <code id="933">gptpart.cc:274:60: error: 'memcpy' was not declared in this scope</code><br />
						
            
            <a class="navhash" href="#934">#</a>
						
              <code id="934">    memcpy(name, orig.name, NAME_SIZE * sizeof( name[ 0 ] ) );</code><br />
						
            
            <a class="navhash" href="#935">#</a>
						
              <code id="935">                                                            ^</code><br />
						
            
            <a class="navhash" href="#936">#</a>
						
              <code id="936">gptpart.cc: In member function 'bool GPTPart::operator<(const GPTPart&) const':</code><br />
						
            
            <a class="navhash" href="#937">#</a>
						
              <code id="937">gptpart.cc:284:8: error: 'firstLBA' was not declared in this scope</code><br />
						
            
            <a class="navhash" href="#938">#</a>
						
              <code id="938">    if (firstLBA && other.firstLBA)</code><br />
						
            
            <a class="navhash" href="#939">#</a>
						
              <code id="939">        ^</code><br />
						
            
            <a class="navhash" href="#940">#</a>
						
              <code id="940">gptpart.cc:284:26: error: 'const class GPTPart' has no member named 'firstLBA'</code><br />
						
            
            <a class="navhash" href="#941">#</a>
						
              <code id="941">    if (firstLBA && other.firstLBA)</code><br />
						
            
            <a class="navhash" href="#942">#</a>
						
              <code id="942">                          ^</code><br />
						
            
            <a class="navhash" href="#943">#</a>
						
              <code id="943">gptpart.cc:285:32: error: 'const class GPTPart' has no member named 'firstLBA'</code><br />
						
            
            <a class="navhash" href="#944">#</a>
						
              <code id="944">       return (firstLBA < other.firstLBA);</code><br />
						
            
            <a class="navhash" href="#945">#</a>
						
              <code id="945">                                ^</code><br />
						
            
            <a class="navhash" href="#946">#</a>
						
              <code id="946">gptpart.cc:287:21: error: 'const class GPTPart' has no member named 'firstLBA'</code><br />
						
            
            <a class="navhash" href="#947">#</a>
						
              <code id="947">       return (other.firstLBA < firstLBA);</code><br />
						
            
            <a class="navhash" href="#948">#</a>
						
              <code id="948">                     ^</code><br />
						
            
            <a class="navhash" href="#949">#</a>
						
              <code id="949">gptpart.cc: At global scope:</code><br />
						
            
            <a class="navhash" href="#950">#</a>
						
              <code id="950">gptpart.cc:291:40: error: 'uint32_t' has not been declared</code><br />
						
            
            <a class="navhash" href="#951">#</a>
						
              <code id="951"> void GPTPart::ShowSummary(int partNum, uint32_t blockSize) {</code><br />
						
            
            <a class="navhash" href="#952">#</a>
						
              <code id="952">                                        ^</code><br />
						
            
            <a class="navhash" href="#953">#</a>
						
              <code id="953">gptpart.cc: In member function 'void GPTPart::ShowSummary(int, int)':</code><br />
						
            
            <a class="navhash" href="#954">#</a>
						
              <code id="954">gptpart.cc:292:4: error: 'string' was not declared in this scope</code><br />
						
            
            <a class="navhash" href="#955">#</a>
						
              <code id="955">    string sizeInIeee;</code><br />
						
            
            <a class="navhash" href="#956">#</a>
						
              <code id="956">    ^</code><br />
						
            
            <a class="navhash" href="#957">#</a>
						<span class="error">
              <code id="957">gptpart.cc:292:11: error: expected ';' before 'sizeInIeee'</code><br />
						</span>
            
            <a class="navhash" href="#958">#</a>
						
              <code id="958">    string sizeInIeee;</code><br />
						
            
            <a class="navhash" href="#959">#</a>
						
              <code id="959">           ^</code><br />
						
            
            <a class="navhash" href="#960">#</a>
						<span class="error">
              <code id="960">gptpart.cc:293:18: error: expected ';' before 'description'</code><br />
						</span>
            
            <a class="navhash" href="#961">#</a>
						
              <code id="961">    UnicodeString description;</code><br />
						
            
            <a class="navhash" href="#962">#</a>
						
              <code id="962">                  ^</code><br />
						
            
            <a class="navhash" href="#963">#</a>
						
              <code id="963">gptpart.cc:294:4: error: 'size_t' was not declared in this scope</code><br />
						
            
            <a class="navhash" href="#964">#</a>
						
              <code id="964">    size_t i;</code><br />
						
            
            <a class="navhash" href="#965">#</a>
						
              <code id="965">    ^</code><br />
						
            
            <a class="navhash" href="#966">#</a>
						<span class="error">
              <code id="966">gptpart.cc:294:11: error: expected ';' before 'i'</code><br />
						</span>
            
            <a class="navhash" href="#967">#</a>
						
              <code id="967">    size_t i;</code><br />
						
            
            <a class="navhash" href="#968">#</a>
						
              <code id="968">           ^</code><br />
						
            
            <a class="navhash" href="#969">#</a>
						
              <code id="969">gptpart.cc:296:8: error: 'firstLBA' was not declared in this scope</code><br />
						
            
            <a class="navhash" href="#970">#</a>
						
              <code id="970">    if (firstLBA != 0) {</code><br />
						
            
            <a class="navhash" href="#971">#</a>
						
              <code id="971">        ^</code><br />
						
            
            <a class="navhash" href="#972">#</a>
						
              <code id="972">gptpart.cc:297:7: error: 'sizeInIeee' was not declared in this scope</code><br />
						
            
            <a class="navhash" href="#973">#</a>
						
              <code id="973">       sizeInIeee = BytesToIeee(lastLBA - firstLBA + 1, blockSize);</code><br />
						
            
            <a class="navhash" href="#974">#</a>
						
              <code id="974">       ^</code><br />
						
            
            <a class="navhash" href="#975">#</a>
						
              <code id="975">gptpart.cc:297:32: error: 'lastLBA' was not declared in this scope</code><br />
						
            
            <a class="navhash" href="#976">#</a>
						
              <code id="976">       sizeInIeee = BytesToIeee(lastLBA - firstLBA + 1, blockSize);</code><br />
						
            
            <a class="navhash" href="#977">#</a>
						
              <code id="977">                                ^</code><br />
						
            
            <a class="navhash" href="#978">#</a>
						
              <code id="978">gptpart.cc:297:65: error: 'BytesToIeee' was not declared in this scope</code><br />
						
            
            <a class="navhash" href="#979">#</a>
						
              <code id="979">       sizeInIeee = BytesToIeee(lastLBA - firstLBA + 1, blockSize);</code><br />
						
            
            <a class="navhash" href="#980">#</a>
						
              <code id="980">                                                                 ^</code><br />
						
            
            <a class="navhash" href="#981">#</a>
						
              <code id="981">gptpart.cc:298:7: error: 'cout' was not declared in this scope</code><br />
						
            
            <a class="navhash" href="#982">#</a>
						
              <code id="982">       cout.fill(' ');</code><br />
						
            
            <a class="navhash" href="#983">#</a>
						
              <code id="983">       ^</code><br />
						
            
            <a class="navhash" href="#984">#</a>
						
              <code id="984">gptpart.cc:307:15: error: 'i' was not declared in this scope</code><br />
						
            
            <a class="navhash" href="#985">#</a>
						
              <code id="985">          for (i = 0; i < 10 - sizeInIeee.length(); i++)</code><br />
						
            
            <a class="navhash" href="#986">#</a>
						
              <code id="986">               ^</code><br />
						
            
            <a class="navhash" href="#987">#</a>
						
              <code id="987">gptpart.cc:311:17: error: 'ios' has not been declared</code><br />
						
            
            <a class="navhash" href="#988">#</a>
						
              <code id="988">       cout.setf(ios::uppercase);</code><br />
						
            
            <a class="navhash" href="#989">#</a>
						
              <code id="989">                 ^</code><br />
						
            
            <a class="navhash" href="#990">#</a>
						
              <code id="990">gptpart.cc:312:15: error: 'hex' was not declared in this scope</code><br />
						
            
            <a class="navhash" href="#991">#</a>
						
              <code id="991">       cout << hex << partitionType.GetHexType() << "  " << dec;</code><br />
						
            
            <a class="navhash" href="#992">#</a>
						
              <code id="992">               ^</code><br />
						
            
            <a class="navhash" href="#993">#</a>
						
              <code id="993">gptpart.cc:312:36: error: 'class PartType' has no member named 'GetHexType'</code><br />
						
            
            <a class="navhash" href="#994">#</a>
						
              <code id="994">       cout << hex << partitionType.GetHexType() << "  " << dec;</code><br />
						
            
            <a class="navhash" href="#995">#</a>
						
              <code id="995">                                    ^</code><br />
						
            
            <a class="navhash" href="#996">#</a>
						
              <code id="996">gptpart.cc:312:60: error: 'dec' was not declared in this scope</code><br />
						
            
            <a class="navhash" href="#997">#</a>
						
              <code id="997">       cout << hex << partitionType.GetHexType() << "  " << dec;</code><br />
						
            
            <a class="navhash" href="#998">#</a>
						
              <code id="998">                                                            ^</code><br />
						
            
            <a class="navhash" href="#999">#</a>
						<span class="error">
              <code id="999">gptpart.cc:318:14: error: expected ';' before 'desc'</code><br />
						</span>
            
            <a class="navhash" href="#1000">#</a>
						
              <code id="1000">       string desc = GetDescription() ;</code><br />
						
            
            <a class="navhash" href="#1001">#</a>
						
              <code id="1001">              ^</code><br />
						
            
            <a class="navhash" href="#1002">#</a>
						<span class="error">
              <code id="1002">gptpart.cc:319:14: error: expected ';' before 'n'</code><br />
						</span>
            
            <a class="navhash" href="#1003">#</a>
						
              <code id="1003">       size_t n = 0 ;</code><br />
						
            
            <a class="navhash" href="#1004">#</a>
						
              <code id="1004">              ^</code><br />
						
            
            <a class="navhash" href="#1005">#</a>
						<span class="error">
              <code id="1005">gptpart.cc:320:14: error: expected ';' before 'i'</code><br />
						</span>
            
            <a class="navhash" href="#1006">#</a>
						
              <code id="1006">       size_t i = 0 ;</code><br />
						
            
            <a class="navhash" href="#1007">#</a>
						
              <code id="1007">              ^</code><br />
						
            
            <a class="navhash" href="#1008">#</a>
						<span class="error">
              <code id="1008">gptpart.cc:321:14: error: expected ';' before 'len'</code><br />
						</span>
            
            <a class="navhash" href="#1009">#</a>
						
              <code id="1009">       size_t len = desc.length() ;</code><br />
						
            
            <a class="navhash" href="#1010">#</a>
						
              <code id="1010">              ^</code><br />
						
            
            <a class="navhash" href="#1011">#</a>
						
              <code id="1011">gptpart.cc:322:15: error: 'n' was not declared in this scope</code><br />
						
            
            <a class="navhash" href="#1012">#</a>
						
              <code id="1012">       while ( n < 22 && i < len ) {</code><br />
						
            
            <a class="navhash" href="#1013">#</a>
						
              <code id="1013">               ^</code><br />
						
            
            <a class="navhash" href="#1014">#</a>
						
              <code id="1014">gptpart.cc:322:25: error: 'i' was not declared in this scope</code><br />
						
            
            <a class="navhash" href="#1015">#</a>
						
              <code id="1015">       while ( n < 22 && i < len ) {</code><br />
						
            
            <a class="navhash" href="#1016">#</a>
						
              <code id="1016">                         ^</code><br />
						
            
            <a class="navhash" href="#1017">#</a>
						
              <code id="1017">gptpart.cc:322:29: error: 'len' was not declared in this scope</code><br />
						
            
            <a class="navhash" href="#1018">#</a>
						
              <code id="1018">       while ( n < 22 && i < len ) {</code><br />
						
            
            <a class="navhash" href="#1019">#</a>
						
              <code id="1019">                             ^</code><br />
						
            
            <a class="navhash" href="#1020">#</a>
						
              <code id="1020">gptpart.cc:329:33: error: 'desc' was not declared in this scope</code><br />
						
            
            <a class="navhash" href="#1021">#</a>
						
              <code id="1021">          while ( i < len && ( ( desc[ i ] & 0xC0 ) == 0x80 ) ) {</code><br />
						
            
            <a class="navhash" href="#1022">#</a>
						
              <code id="1022">                                 ^</code><br />
						
            
            <a class="navhash" href="#1023">#</a>
						
              <code id="1023">gptpart.cc:335:12: error: 'i' was not declared in this scope</code><br />
						
            
            <a class="navhash" href="#1024">#</a>
						
              <code id="1024">       if ( i < len ) {</code><br />
						
            
            <a class="navhash" href="#1025">#</a>
						
              <code id="1025">            ^</code><br />
						
            
            <a class="navhash" href="#1026">#</a>
						
              <code id="1026">gptpart.cc:335:16: error: 'len' was not declared in this scope</code><br />
						
            
            <a class="navhash" href="#1027">#</a>
						
              <code id="1027">       if ( i < len ) {</code><br />
						
            
            <a class="navhash" href="#1028">#</a>
						
              <code id="1028">                ^</code><br />
						
            
            <a class="navhash" href="#1029">#</a>
						
              <code id="1029">gptpart.cc:336:10: error: 'n' was not declared in this scope</code><br />
						
            
            <a class="navhash" href="#1030">#</a>
						
              <code id="1030">          n = 0 ;</code><br />
						
            
            <a class="navhash" href="#1031">#</a>
						
              <code id="1031">          ^</code><br />
						
            
            <a class="navhash" href="#1032">#</a>
						
              <code id="1032">gptpart.cc:346:36: error: 'desc' was not declared in this scope</code><br />
						
            
            <a class="navhash" href="#1033">#</a>
						
              <code id="1033">             while ( i < len && ( ( desc[ i ] & 0xC0 ) == 0x80 ) ) {</code><br />
						
            
            <a class="navhash" href="#1034">#</a>
						
              <code id="1034">                                    ^</code><br />
						
            
            <a class="navhash" href="#1035">#</a>
						
              <code id="1035">gptpart.cc:353:30: error: 'GetDescription' was not declared in this scope</code><br />
						
            
            <a class="navhash" href="#1036">#</a>
						
              <code id="1036">       cout << GetDescription().substr( 0 , i ) ;</code><br />
						
            
            <a class="navhash" href="#1037">#</a>
						
              <code id="1037">                              ^</code><br />
						
            
            <a class="navhash" href="#1038">#</a>
						
              <code id="1038">gptpart.cc:353:44: error: 'i' was not declared in this scope</code><br />
						
            
            <a class="navhash" href="#1039">#</a>
						
              <code id="1039">       cout << GetDescription().substr( 0 , i ) ;</code><br />
						
            
            <a class="navhash" href="#1040">#</a>
						
              <code id="1040">                                            ^</code><br />
						
            
            <a class="navhash" href="#1041">#</a>
						
              <code id="1041">gptpart.cc:354:16: error: 'len' was not declared in this scope</code><br />
						
            
            <a class="navhash" href="#1042">#</a>
						
              <code id="1042">       if ( i < len ) cout << "..." ;</code><br />
						
            
            <a class="navhash" href="#1043">#</a>
						
              <code id="1043">                ^</code><br />
						
            
            <a class="navhash" href="#1044">#</a>
						
              <code id="1044">gptpart.cc: At global scope:</code><br />
						
            
            <a class="navhash" href="#1045">#</a>
						
              <code id="1045">gptpart.cc:363:27: error: variable or field 'ShowDetails' declared void</code><br />
						
            
            <a class="navhash" href="#1046">#</a>
						
              <code id="1046"> void GPTPart::ShowDetails(uint32_t blockSize) {</code><br />
						
            
            <a class="navhash" href="#1047">#</a>
						
              <code id="1047">                           ^</code><br />
						
            
            <a class="navhash" href="#1048">#</a>
						
              <code id="1048">gptpart.cc:363:27: error: 'uint32_t' was not declared in this scope</code><br />
						
            
            <a class="navhash" href="#1049">#</a>
						
              <code id="1049">gptpart.cc: In member function 'bool GPTPart::operator<(const GPTPart&) const':</code><br />
						
            
            <a class="navhash" href="#1050">#</a>
						
              <code id="1050">gptpart.cc:288:1: warning: control reaches end of non-void function [-Wreturn-type]</code><br />
						
            
            <a class="navhash" href="#1051">#</a>
						
              <code id="1051"> } // GPTPart::operator<()</code><br />
						
            
            <a class="navhash" href="#1052">#</a>
						
              <code id="1052"> ^</code><br />
						
            
            <a class="navhash" href="#1053">#</a>
						
              <code id="1053">make: *** [<builtin>: gptpart.o] Error 1</code><br />
						
            
            <a class="navhash" href="#1054">#</a>
						
              <code id="1054">==> ERROR: A failure occurred in build().</code><br />
						
            
            <a class="navhash" href="#1055">#</a>
						
              <code id="1055">    Aborting...</code><br />
						
            
          </div>
        
      </div>
      <br />
    
  </body>
</html>