<!DOCTYPE html>
<html>
<!-- Jinja template for reports of individual builds

  Copyright 2016 Kareem Khazem. All Rights Reserved.
  Licensed under the Apache License, Version 2.0 (the "License");
  you may not use this file except in compliance with the License.
  You may obtain a copy of the License at

 		 http://www.apache.org/licenses/LICENSE-2.0

  Unless required by applicable law or agreed to in writing, software
  distributed under the License is distributed on an "AS IS" BASIS,
  WITHOUT WARRANTIES OR CONDITIONS OF ANY KIND, either express or
  implied.
  See the License for the specific language governing permissions and
  limitations under the License.
-->
  <head>
    <meta charset="UTF-8">
    <title>android/lcab</title>
    <link href='https://fonts.googleapis.com/css?family=Roboto:400,900'
          rel='stylesheet' type='text/css'>
    <link
    href='https://fonts.googleapis.com/css?family=Source+Code+Pro:400,700'
          rel='stylesheet' type='text/css'>
    <link href="../style.css" type="text/css" rel="stylesheet">
  </head>
  <body>
    <h1>Build of lcab
        with <a href="../index.html">android</a>
        toolchain</h1>
    <p>The build took 00h 00m 55s and was
    NOT successful.</p>
    <p>
    The program in this build is written in the following languages,
    according to <a
    href="http://www.dwheeler.com/sloccount/">sloccount</a>:
    </p>
    <table>
      <tr><th>SLOC</th><th>Language</th></tr>
      
      <tr><td class="loc"><code>815</code></td>
          <td class="lang">sh</td></tr>
      <tr><td class="loc"><code>680</code></td>
          <td class="lang">ansic</td></tr>
      <tr><td class="loc"><code>11</code></td>
          <td class="lang">makefile</td></tr>
      <tr><td><code>1,506</code></td>
          <td><em>total</em></td></tr>
    </table>
    <p>
      The process tree of the build process is <a
      href="lcab-tree.html">here</a>.
    </p>
    
    
      <p>
      Several sub-process invocations were improper; see the process tree
      for details. Summary:
      </p>
      <ul>
        <li>hardcoded invocation:<ul>
            <li>&times;8: gcc

/sysroot/bin/arm-linux-androideabi-gcc
</li>
        
            <li>&times;8: as

/sysroot/bin/arm-linux-androideabi-as
</li>
        </ul></li>
      </ul>
    
    
    
    
    
    <h2>Log</h2>
    <p>
    To avoid scrolling, you may jump to the <a
    href="#189">last line</a> of the
    invocation of <code>makepkg</code> that was used to build this
    package.
    </p>
    
    
      <div class="block">
        <div class="info">
          <code>Removed vanilla repositories from pacman.conf and added:</code>
        </div>
        
          <div class="output">
            
            <a class="navhash" href="#1">#</a>
						
              <code id="1">[tuscan]</code><br />
						
            
            <a class="navhash" href="#2">#</a>
						
              <code id="2">Server = file:///var/cache/pacman/pkg/</code><br />
						
            
          </div>
        
      </div>
      <br />
    
      <div class="block">
        <div class="command">
          <code><span class="prompt">CMD: </span>pacman -Syy --noconfirm</code>
        </div>
        
          <div class="output">
            
            <a class="navhash" href="#3">#</a>
						
              <code id="3">:: Synchronizing package databases...</code><br />
						
            
            <a class="navhash" href="#4">#</a>
						
              <code id="4">downloading tuscan.db...</code><br />
						
            
          </div>
        
      </div>
      <br />
    
      <div class="block">
        <div class="info">
          <code>Copied permanent toolchain into container-local sysroot</code>
        </div>
        
          <div class="output">
            
            <a class="navhash" href="#5">#</a>
						
              <code id="5">/toolchain_root/arm-linux-androideabi  -->  /sysroot/arm-linux-androideabi</code><br />
						
            
            <a class="navhash" href="#6">#</a>
						
              <code id="6">/toolchain_root/COPYING3.LIB  -->  /sysroot/COPYING3.LIB</code><br />
						
            
            <a class="navhash" href="#7">#</a>
						
              <code id="7">/toolchain_root/sysroot  -->  /sysroot/sysroot</code><br />
						
            
            <a class="navhash" href="#8">#</a>
						
              <code id="8">/toolchain_root/COPYING.RUNTIME  -->  /sysroot/COPYING.RUNTIME</code><br />
						
            
            <a class="navhash" href="#9">#</a>
						
              <code id="9">/toolchain_root/lib  -->  /sysroot/lib</code><br />
						
            
            <a class="navhash" href="#10">#</a>
						
              <code id="10">/toolchain_root/SOURCES  -->  /sysroot/SOURCES</code><br />
						
            
            <a class="navhash" href="#11">#</a>
						
              <code id="11">/toolchain_root/lib64  -->  /sysroot/lib64</code><br />
						
            
            <a class="navhash" href="#12">#</a>
						
              <code id="12">/toolchain_root/share  -->  /sysroot/share</code><br />
						
            
            <a class="navhash" href="#13">#</a>
						
              <code id="13">/toolchain_root/bin  -->  /sysroot/bin</code><br />
						
            
            <a class="navhash" href="#14">#</a>
						
              <code id="14">/toolchain_root/COPYING  -->  /sysroot/COPYING</code><br />
						
            
            <a class="navhash" href="#15">#</a>
						
              <code id="15">/toolchain_root/COPYING3  -->  /sysroot/COPYING3</code><br />
						
            
            <a class="navhash" href="#16">#</a>
						
              <code id="16">/toolchain_root/COPYING.LIB  -->  /sysroot/COPYING.LIB</code><br />
						
            
            <a class="navhash" href="#17">#</a>
						
              <code id="17">/toolchain_root/include  -->  /sysroot/include</code><br />
						
            
            <a class="navhash" href="#18">#</a>
						
              <code id="18">/toolchain_root/libexec  -->  /sysroot/libexec</code><br />
						
            
          </div>
        
      </div>
      <br />
    
      <div class="block">
        <div class="command">
          <code><span class="prompt">CMD: </span>sudo -u tuscan PATH=/sysroot/bin:/sysroot/libexec/gcc/arm-linux-androideabi/4.8:/usr/local/sbin:/usr/local/bin:/usr/sbin:/usr/bin:/sbin:/bin CC=arm-linux-androideabi-gcc CXX=arm-linux-androideabi-g++ red makepkg --noextract --syncdeps --skipinteg --skippgpcheck --skipchecksums --noconfirm --nocolor --log --noprogressbar --nocheck</code>
        </div>
        
          <div class="output">
            
            <a class="navhash" href="#19">#</a>
						
              <code id="19">==> Making package: lcab 1.0b12-5 (Tue Apr  4 19:34:29 UTC 2017)</code><br />
						
            
            <a class="navhash" href="#20">#</a>
						
              <code id="20">==> Checking runtime dependencies...</code><br />
						
            
            <a class="navhash" href="#21">#</a>
						
              <code id="21">==> Checking buildtime dependencies...</code><br />
						
            
            <a class="navhash" href="#22">#</a>
						
              <code id="22">==> WARNING: Using existing $srcdir/ tree</code><br />
						
            
            <a class="navhash" href="#23">#</a>
						
              <code id="23">==> Starting build()...</code><br />
						
            
            <a class="navhash" href="#24">#</a>
						
              <code id="24">gcc -ggdb3 -Wall -pipe -c -o cheader.o cheader.c</code><br />
						
            
            <a class="navhash" href="#25">#</a>
						
              <code id="25">gcc -ggdb3 -Wall -pipe -c -o cfolder.o cfolder.c</code><br />
						
            
            <a class="navhash" href="#26">#</a>
						
              <code id="26">gcc -ggdb3 -Wall -pipe -c -o cdata.o cdata.c</code><br />
						
            
            <a class="navhash" href="#27">#</a>
						
              <code id="27">gcc -ggdb3 -Wall -pipe -c -o cfile.o cfile.c</code><br />
						
            
            <a class="navhash" href="#28">#</a>
						
              <code id="28">cc1: error: no include path in which to search for stdc-predef.h</code><br />
						
            
            <a class="navhash" href="#29">#</a>
						
              <code id="29">In file included from cheader.h:18:0,</code><br />
						
            
            <a class="navhash" href="#30">#</a>
						
              <code id="30">                 from cheader.c:17:</code><br />
						
            
            <a class="navhash" href="#31">#</a>
						
              <code id="31">mytypes.h:20:19: error: no include path in which to search for stdio.h</code><br />
						
            
            <a class="navhash" href="#32">#</a>
						
              <code id="32"> #include <stdio.h></code><br />
						
            
            <a class="navhash" href="#33">#</a>
						
              <code id="33">                   ^</code><br />
						
            
            <a class="navhash" href="#34">#</a>
						
              <code id="34">mytypes.h:21:20: error: no include path in which to search for stdlib.h</code><br />
						
            
            <a class="navhash" href="#35">#</a>
						
              <code id="35"> #include <stdlib.h></code><br />
						
            
            <a class="navhash" href="#36">#</a>
						
              <code id="36">                    ^</code><br />
						
            
            <a class="navhash" href="#37">#</a>
						
              <code id="37">mytypes.h:22:20: error: no include path in which to search for string.h</code><br />
						
            
            <a class="navhash" href="#38">#</a>
						
              <code id="38"> #include <string.h></code><br />
						
            
            <a class="navhash" href="#39">#</a>
						
              <code id="39">                    ^</code><br />
						
            
            <a class="navhash" href="#40">#</a>
						
              <code id="40">mytypes.h:23:22: error: no include path in which to search for sys/stat.h</code><br />
						
            
            <a class="navhash" href="#41">#</a>
						
              <code id="41"> #include <sys/stat.h></code><br />
						
            
            <a class="navhash" href="#42">#</a>
						
              <code id="42">                      ^</code><br />
						
            
            <a class="navhash" href="#43">#</a>
						
              <code id="43">mytypes.h:24:23: error: no include path in which to search for sys/types.h</code><br />
						
            
            <a class="navhash" href="#44">#</a>
						
              <code id="44"> #include <sys/types.h></code><br />
						
            
            <a class="navhash" href="#45">#</a>
						
              <code id="45">                       ^</code><br />
						
            
            <a class="navhash" href="#46">#</a>
						
              <code id="46">mytypes.h:26:20: error: no include path in which to search for dirent.h</code><br />
						
            
            <a class="navhash" href="#47">#</a>
						
              <code id="47"> #include <dirent.h></code><br />
						
            
            <a class="navhash" href="#48">#</a>
						
              <code id="48">                    ^</code><br />
						
            
            <a class="navhash" href="#49">#</a>
						
              <code id="49">mytypes.h:27:20: error: no include path in which to search for unistd.h</code><br />
						
            
            <a class="navhash" href="#50">#</a>
						
              <code id="50"> #include <unistd.h></code><br />
						
            
            <a class="navhash" href="#51">#</a>
						
              <code id="51">                    ^</code><br />
						
            
            <a class="navhash" href="#52">#</a>
						
              <code id="52">mytypes.h:28:18: error: no include path in which to search for time.h</code><br />
						
            
            <a class="navhash" href="#53">#</a>
						
              <code id="53"> #include <time.h></code><br />
						
            
            <a class="navhash" href="#54">#</a>
						
              <code id="54">                  ^</code><br />
						
            
            <a class="navhash" href="#55">#</a>
						
              <code id="55">make: *** [Makefile:13: cheader.o] Error 1</code><br />
						
            
            <a class="navhash" href="#56">#</a>
						
              <code id="56">make: *** Waiting for unfinished jobs....</code><br />
						
            
            <a class="navhash" href="#57">#</a>
						
              <code id="57">cc1: error: no include path in which to search for stdc-predef.h</code><br />
						
            
            <a class="navhash" href="#58">#</a>
						
              <code id="58">In file included from cdata.h:18:0,</code><br />
						
            
            <a class="navhash" href="#59">#</a>
						
              <code id="59">                 from cdata.c:17:</code><br />
						
            
            <a class="navhash" href="#60">#</a>
						
              <code id="60">mytypes.h:20:19: error: no include path in which to search for stdio.h</code><br />
						
            
            <a class="navhash" href="#61">#</a>
						
              <code id="61"> #include <stdio.h></code><br />
						
            
            <a class="navhash" href="#62">#</a>
						
              <code id="62">                   ^</code><br />
						
            
            <a class="navhash" href="#63">#</a>
						
              <code id="63">mytypes.h:21:20: error: no include path in which to search for stdlib.h</code><br />
						
            
            <a class="navhash" href="#64">#</a>
						
              <code id="64"> #include <stdlib.h></code><br />
						
            
            <a class="navhash" href="#65">#</a>
						
              <code id="65">                    ^</code><br />
						
            
            <a class="navhash" href="#66">#</a>
						
              <code id="66">mytypes.h:22:20: error: no include path in which to search for string.h</code><br />
						
            
            <a class="navhash" href="#67">#</a>
						
              <code id="67"> #include <string.h></code><br />
						
            
            <a class="navhash" href="#68">#</a>
						
              <code id="68">                    ^</code><br />
						
            
            <a class="navhash" href="#69">#</a>
						
              <code id="69">mytypes.h:23:22: error: no include path in which to search for sys/stat.h</code><br />
						
            
            <a class="navhash" href="#70">#</a>
						
              <code id="70"> #include <sys/stat.h></code><br />
						
            
            <a class="navhash" href="#71">#</a>
						
              <code id="71">                      ^</code><br />
						
            
            <a class="navhash" href="#72">#</a>
						
              <code id="72">mytypes.h:24:23: error: no include path in which to search for sys/types.h</code><br />
						
            
            <a class="navhash" href="#73">#</a>
						
              <code id="73"> #include <sys/types.h></code><br />
						
            
            <a class="navhash" href="#74">#</a>
						
              <code id="74">                       ^</code><br />
						
            
            <a class="navhash" href="#75">#</a>
						
              <code id="75">mytypes.h:26:20: error: no include path in which to search for dirent.h</code><br />
						
            
            <a class="navhash" href="#76">#</a>
						
              <code id="76"> #include <dirent.h></code><br />
						
            
            <a class="navhash" href="#77">#</a>
						
              <code id="77">                    ^</code><br />
						
            
            <a class="navhash" href="#78">#</a>
						
              <code id="78">mytypes.h:27:20: error: no include path in which to search for unistd.h</code><br />
						
            
            <a class="navhash" href="#79">#</a>
						
              <code id="79"> #include <unistd.h></code><br />
						
            
            <a class="navhash" href="#80">#</a>
						
              <code id="80">                    ^</code><br />
						
            
            <a class="navhash" href="#81">#</a>
						
              <code id="81">mytypes.h:28:18: error: no include path in which to search for time.h</code><br />
						
            
            <a class="navhash" href="#82">#</a>
						
              <code id="82"> #include <time.h></code><br />
						
            
            <a class="navhash" href="#83">#</a>
						
              <code id="83">                  ^</code><br />
						
            
            <a class="navhash" href="#84">#</a>
						
              <code id="84">cc1: error: no include path in which to search for stdc-predef.h</code><br />
						
            
            <a class="navhash" href="#85">#</a>
						
              <code id="85">make: *** [Makefile:13: cdata.o] Error 1</code><br />
						
            
            <a class="navhash" href="#86">#</a>
						
              <code id="86">In file included from cfolder.h:18:0,</code><br />
						
            
            <a class="navhash" href="#87">#</a>
						
              <code id="87">                 from cfolder.c:17:</code><br />
						
            
            <a class="navhash" href="#88">#</a>
						
              <code id="88">mytypes.h:20:19: error: no include path in which to search for stdio.h</code><br />
						
            
            <a class="navhash" href="#89">#</a>
						
              <code id="89"> #include <stdio.h></code><br />
						
            
            <a class="navhash" href="#90">#</a>
						
              <code id="90">                   ^</code><br />
						
            
            <a class="navhash" href="#91">#</a>
						
              <code id="91">mytypes.h:21:20: error: no include path in which to search for stdlib.h</code><br />
						
            
            <a class="navhash" href="#92">#</a>
						
              <code id="92"> #include <stdlib.h></code><br />
						
            
            <a class="navhash" href="#93">#</a>
						
              <code id="93">                    ^</code><br />
						
            
            <a class="navhash" href="#94">#</a>
						
              <code id="94">mytypes.h:22:20: error: no include path in which to search for string.h</code><br />
						
            
            <a class="navhash" href="#95">#</a>
						
              <code id="95"> #include <string.h></code><br />
						
            
            <a class="navhash" href="#96">#</a>
						
              <code id="96">                    ^</code><br />
						
            
            <a class="navhash" href="#97">#</a>
						
              <code id="97">mytypes.h:23:22: error: no include path in which to search for sys/stat.h</code><br />
						
            
            <a class="navhash" href="#98">#</a>
						
              <code id="98"> #include <sys/stat.h></code><br />
						
            
            <a class="navhash" href="#99">#</a>
						
              <code id="99">                      ^</code><br />
						
            
            <a class="navhash" href="#100">#</a>
						
              <code id="100">mytypes.h:24:23: error: no include path in which to search for sys/types.h</code><br />
						
            
            <a class="navhash" href="#101">#</a>
						
              <code id="101"> #include <sys/types.h></code><br />
						
            
            <a class="navhash" href="#102">#</a>
						
              <code id="102">                       ^</code><br />
						
            
            <a class="navhash" href="#103">#</a>
						
              <code id="103">mytypes.h:26:20: error: no include path in which to search for dirent.h</code><br />
						
            
            <a class="navhash" href="#104">#</a>
						
              <code id="104"> #include <dirent.h></code><br />
						
            
            <a class="navhash" href="#105">#</a>
						
              <code id="105">                    ^</code><br />
						
            
            <a class="navhash" href="#106">#</a>
						
              <code id="106">mytypes.h:27:20: error: no include path in which to search for unistd.h</code><br />
						
            
            <a class="navhash" href="#107">#</a>
						
              <code id="107"> #include <unistd.h></code><br />
						
            
            <a class="navhash" href="#108">#</a>
						
              <code id="108">                    ^</code><br />
						
            
            <a class="navhash" href="#109">#</a>
						
              <code id="109">mytypes.h:28:18: error: no include path in which to search for time.h</code><br />
						
            
            <a class="navhash" href="#110">#</a>
						
              <code id="110"> #include <time.h></code><br />
						
            
            <a class="navhash" href="#111">#</a>
						
              <code id="111">                  ^</code><br />
						
            
            <a class="navhash" href="#112">#</a>
						
              <code id="112">make: *** [Makefile:13: cfolder.o] Error 1</code><br />
						
            
            <a class="navhash" href="#113">#</a>
						
              <code id="113">cc1: error: no include path in which to search for stdc-predef.h</code><br />
						
            
            <a class="navhash" href="#114">#</a>
						
              <code id="114">In file included from cfile.h:18:0,</code><br />
						
            
            <a class="navhash" href="#115">#</a>
						
              <code id="115">                 from cfile.c:17:</code><br />
						
            
            <a class="navhash" href="#116">#</a>
						
              <code id="116">mytypes.h:20:19: error: no include path in which to search for stdio.h</code><br />
						
            
            <a class="navhash" href="#117">#</a>
						
              <code id="117"> #include <stdio.h></code><br />
						
            
            <a class="navhash" href="#118">#</a>
						
              <code id="118">                   ^</code><br />
						
            
            <a class="navhash" href="#119">#</a>
						
              <code id="119">mytypes.h:21:20: error: no include path in which to search for stdlib.h</code><br />
						
            
            <a class="navhash" href="#120">#</a>
						
              <code id="120"> #include <stdlib.h></code><br />
						
            
            <a class="navhash" href="#121">#</a>
						
              <code id="121">                    ^</code><br />
						
            
            <a class="navhash" href="#122">#</a>
						
              <code id="122">mytypes.h:22:20: error: no include path in which to search for string.h</code><br />
						
            
            <a class="navhash" href="#123">#</a>
						
              <code id="123"> #include <string.h></code><br />
						
            
            <a class="navhash" href="#124">#</a>
						
              <code id="124">                    ^</code><br />
						
            
            <a class="navhash" href="#125">#</a>
						
              <code id="125">mytypes.h:23:22: error: no include path in which to search for sys/stat.h</code><br />
						
            
            <a class="navhash" href="#126">#</a>
						
              <code id="126"> #include <sys/stat.h></code><br />
						
            
            <a class="navhash" href="#127">#</a>
						
              <code id="127">                      ^</code><br />
						
            
            <a class="navhash" href="#128">#</a>
						
              <code id="128">mytypes.h:24:23: error: no include path in which to search for sys/types.h</code><br />
						
            
            <a class="navhash" href="#129">#</a>
						
              <code id="129"> #include <sys/types.h></code><br />
						
            
            <a class="navhash" href="#130">#</a>
						
              <code id="130">                       ^</code><br />
						
            
            <a class="navhash" href="#131">#</a>
						
              <code id="131">mytypes.h:26:20: error: no include path in which to search for dirent.h</code><br />
						
            
            <a class="navhash" href="#132">#</a>
						
              <code id="132"> #include <dirent.h></code><br />
						
            
            <a class="navhash" href="#133">#</a>
						
              <code id="133">                    ^</code><br />
						
            
            <a class="navhash" href="#134">#</a>
						
              <code id="134">mytypes.h:27:20: error: no include path in which to search for unistd.h</code><br />
						
            
            <a class="navhash" href="#135">#</a>
						
              <code id="135"> #include <unistd.h></code><br />
						
            
            <a class="navhash" href="#136">#</a>
						
              <code id="136">                    ^</code><br />
						
            
            <a class="navhash" href="#137">#</a>
						
              <code id="137">mytypes.h:28:18: error: no include path in which to search for time.h</code><br />
						
            
            <a class="navhash" href="#138">#</a>
						
              <code id="138"> #include <time.h></code><br />
						
            
            <a class="navhash" href="#139">#</a>
						
              <code id="139">                  ^</code><br />
						
            
            <a class="navhash" href="#140">#</a>
						
              <code id="140">cfile.c: In function 'cfile_init':</code><br />
						
            
            <a class="navhash" href="#141">#</a>
						
              <code id="141">cfile.c:25:14: error: storage size of 'attributes' isn't known</code><br />
						
            
            <a class="navhash" href="#142">#</a>
						
              <code id="142">  struct stat attributes;</code><br />
						
            
            <a class="navhash" href="#143">#</a>
						
              <code id="143">              ^</code><br />
						
            
            <a class="navhash" href="#144">#</a>
						
              <code id="144">cfile.c:30:2: warning: implicit declaration of function 'stat' [-Wimplicit-function-declaration]</code><br />
						
            
            <a class="navhash" href="#145">#</a>
						
              <code id="145">  stat(origFilename,&attributes);</code><br />
						
            
            <a class="navhash" href="#146">#</a>
						
              <code id="146">  ^</code><br />
						
            
            <a class="navhash" href="#147">#</a>
						
              <code id="147">cfile.c:31:2: warning: implicit declaration of function 'localtime' [-Wimplicit-function-declaration]</code><br />
						
            
            <a class="navhash" href="#148">#</a>
						
              <code id="148">  fts=localtime(&(attributes.st_mtime));</code><br />
						
            
            <a class="navhash" href="#149">#</a>
						
              <code id="149">  ^</code><br />
						
            
            <a class="navhash" href="#150">#</a>
						
              <code id="150">cfile.c:32:2: warning: implicit declaration of function 'printf' [-Wimplicit-function-declaration]</code><br />
						
            
            <a class="navhash" href="#151">#</a>
						
              <code id="151">  printf("cfileInit: %s localtime:\n",filename);</code><br />
						
            
            <a class="navhash" href="#152">#</a>
						
              <code id="152">  ^</code><br />
						
            
            <a class="navhash" href="#153">#</a>
						
              <code id="153">cfile.c:32:2: warning: incompatible implicit declaration of built-in function 'printf' [enabled by default]</code><br />
						
            
            <a class="navhash" href="#154">#</a>
						
              <code id="154">cfile.c:35:20: error: dereferencing pointer to incomplete type</code><br />
						
            
            <a class="navhash" href="#155">#</a>
						
              <code id="155">  cf->date = ( ( fts->tm_year + 1900 - 1980 ) << 9 ) + ( (fts->tm_mon+1) << 5 ) + ( fts->tm_mday); </code><br />
						
            
            <a class="navhash" href="#156">#</a>
						
              <code id="156">                    ^</code><br />
						
            
            <a class="navhash" href="#157">#</a>
						
              <code id="157">cfile.c:35:61: error: dereferencing pointer to incomplete type</code><br />
						
            
            <a class="navhash" href="#158">#</a>
						
              <code id="158">  cf->date = ( ( fts->tm_year + 1900 - 1980 ) << 9 ) + ( (fts->tm_mon+1) << 5 ) + ( fts->tm_mday); </code><br />
						
            
            <a class="navhash" href="#159">#</a>
						
              <code id="159">                                                             ^</code><br />
						
            
            <a class="navhash" href="#160">#</a>
						
              <code id="160">cfile.c:35:87: error: dereferencing pointer to incomplete type</code><br />
						
            
            <a class="navhash" href="#161">#</a>
						
              <code id="161">  cf->date = ( ( fts->tm_year + 1900 - 1980 ) << 9 ) + ( (fts->tm_mon+1) << 5 ) + ( fts->tm_mday); </code><br />
						
            
            <a class="navhash" href="#162">#</a>
						
              <code id="162">                                                                                       ^</code><br />
						
            
            <a class="navhash" href="#163">#</a>
						
              <code id="163">cfile.c:37:18: error: dereferencing pointer to incomplete type</code><br />
						
            
            <a class="navhash" href="#164">#</a>
						
              <code id="164">  cf->time = ( fts->tm_hour << 11 ) + ( fts->tm_min << 5 ) + ( fts->tm_sec / 2 ); </code><br />
						
            
            <a class="navhash" href="#165">#</a>
						
              <code id="165">                  ^</code><br />
						
            
            <a class="navhash" href="#166">#</a>
						
              <code id="166">cfile.c:37:43: error: dereferencing pointer to incomplete type</code><br />
						
            
            <a class="navhash" href="#167">#</a>
						
              <code id="167">  cf->time = ( fts->tm_hour << 11 ) + ( fts->tm_min << 5 ) + ( fts->tm_sec / 2 ); </code><br />
						
            
            <a class="navhash" href="#168">#</a>
						
              <code id="168">                                           ^</code><br />
						
            
            <a class="navhash" href="#169">#</a>
						
              <code id="169">cfile.c:37:66: error: dereferencing pointer to incomplete type</code><br />
						
            
            <a class="navhash" href="#170">#</a>
						
              <code id="170">  cf->time = ( fts->tm_hour << 11 ) + ( fts->tm_min << 5 ) + ( fts->tm_sec / 2 ); </code><br />
						
            
            <a class="navhash" href="#171">#</a>
						
              <code id="171">                                                                  ^</code><br />
						
            
            <a class="navhash" href="#172">#</a>
						
              <code id="172">cfile.c:42:2: warning: implicit declaration of function 'strcpy' [-Wimplicit-function-declaration]</code><br />
						
            
            <a class="navhash" href="#173">#</a>
						
              <code id="173">  strcpy(cf->name, filename);</code><br />
						
            
            <a class="navhash" href="#174">#</a>
						
              <code id="174">  ^</code><br />
						
            
            <a class="navhash" href="#175">#</a>
						
              <code id="175">cfile.c:42:2: warning: incompatible implicit declaration of built-in function 'strcpy' [enabled by default]</code><br />
						
            
            <a class="navhash" href="#176">#</a>
						
              <code id="176">cfile.c:42:2: warning: pointer targets in passing argument 1 of 'strcpy' differ in signedness [-Wpointer-sign]</code><br />
						
            
            <a class="navhash" href="#177">#</a>
						
              <code id="177">cfile.c:42:2: note: expected 'char *' but argument is of type 'byte *'</code><br />
						
            
            <a class="navhash" href="#178">#</a>
						
              <code id="178">cfile.c:43:2: warning: implicit declaration of function 'strlen' [-Wimplicit-function-declaration]</code><br />
						
            
            <a class="navhash" href="#179">#</a>
						
              <code id="179">  cf->name[strlen(filename)] = STRINGTERM; </code><br />
						
            
            <a class="navhash" href="#180">#</a>
						
              <code id="180">  ^</code><br />
						
            
            <a class="navhash" href="#181">#</a>
						
              <code id="181">cfile.c:43:11: warning: incompatible implicit declaration of built-in function 'strlen' [enabled by default]</code><br />
						
            
            <a class="navhash" href="#182">#</a>
						
              <code id="182">  cf->name[strlen(filename)] = STRINGTERM; </code><br />
						
            
            <a class="navhash" href="#183">#</a>
						
              <code id="183">           ^</code><br />
						
            
            <a class="navhash" href="#184">#</a>
						
              <code id="184">cfile.c:25:14: warning: unused variable 'attributes' [-Wunused-variable]</code><br />
						
            
            <a class="navhash" href="#185">#</a>
						
              <code id="185">  struct stat attributes;</code><br />
						
            
            <a class="navhash" href="#186">#</a>
						
              <code id="186">              ^</code><br />
						
            
            <a class="navhash" href="#187">#</a>
						
              <code id="187">make: *** [Makefile:13: cfile.o] Error 1</code><br />
						
            
            <a class="navhash" href="#188">#</a>
						
              <code id="188">==> ERROR: A failure occurred in build().</code><br />
						
            
            <a class="navhash" href="#189">#</a>
						
              <code id="189">    Aborting...</code><br />
						
            
          </div>
        
      </div>
      <br />
    
  </body>
</html>