<!DOCTYPE html>
<html>
<!-- Jinja template for reports of individual builds

  Copyright 2016 Kareem Khazem. All Rights Reserved.
  Licensed under the Apache License, Version 2.0 (the "License");
  you may not use this file except in compliance with the License.
  You may obtain a copy of the License at

 		 http://www.apache.org/licenses/LICENSE-2.0

  Unless required by applicable law or agreed to in writing, software
  distributed under the License is distributed on an "AS IS" BASIS,
  WITHOUT WARRANTIES OR CONDITIONS OF ANY KIND, either express or
  implied.
  See the License for the specific language governing permissions and
  limitations under the License.
-->
  <head>
    <meta charset="UTF-8">
    <title>android/libcrossguid</title>
    <link href='https://fonts.googleapis.com/css?family=Roboto:400,900'
          rel='stylesheet' type='text/css'>
    <link
    href='https://fonts.googleapis.com/css?family=Source+Code+Pro:400,700'
          rel='stylesheet' type='text/css'>
    <link href="../style.css" type="text/css" rel="stylesheet">
  </head>
  <body>
    <h1>Build of libcrossguid
        with <a href="../index.html">android</a>
        toolchain</h1>
    <p>The build took 00h 00m 59s and was
    NOT successful.</p>
    <p>
    The program in this build is written in the following languages,
    according to <a
    href="http://www.dwheeler.com/sloccount/">sloccount</a>:
    </p>
    <table>
      <tr><th>SLOC</th><th>Language</th></tr>
      
      <tr><td class="loc"><code>321</code></td>
          <td class="lang">cpp</td></tr>
      <tr><td class="loc"><code>289</code></td>
          <td class="lang">sh</td></tr>
      <tr><td class="loc"><code>18</code></td>
          <td class="lang">java</td></tr>
      <tr><td><code>628</code></td>
          <td><em>total</em></td></tr>
    </table>
    <p>
      The process tree of the build process is <a
      href="libcrossguid-tree.html">here</a>.
    </p>
    
    
      <p>
      Several sub-process invocations were improper; see the process tree
      for details. Summary:
      </p>
      <ul>
        <li>hardcoded invocation:<ul>
            <li>&times;1: g++

/sysroot/bin/arm-linux-androideabi-g++
</li>
        
            <li>&times;1: /usr/sbin/g++

/sysroot/bin/arm-linux-androideabi-g++
</li>
        </ul></li>
      </ul>
    
    
    
    
    <h2>List of Errors</h2>
    <ul>
      
      <li>parse_error
        <ul>
          
          <li><a href="#51">guid.h:46:27: error: expected ',' or '...' before '<' token</a></li>
          
          <li><a href="#73">guid.cpp:72:24: error: expected ',' or '...' before '<' token</a></li>
          
          <li><a href="#109">guid.cpp:136:19: error: expected primary-expression before 'unsigned'</a></li>
          
          <li><a href="#112">guid.cpp:136:19: error: expected ';' before 'unsigned'</a></li>
          
          <li><a href="#138">guid.cpp:169:10: error: expected ';' before 'id'</a></li>
          
        </ul>
      </li>
      
    </ul>
    
    
    <h2>Log</h2>
    <p>
    To avoid scrolling, you may jump to the <a
    href="#148">last line</a> of the
    invocation of <code>makepkg</code> that was used to build this
    package.
    </p>
    
    
      <div class="block">
        <div class="info">
          <code>Removed vanilla repositories from pacman.conf and added:</code>
        </div>
        
          <div class="output">
            
            <a class="navhash" href="#1">#</a>
						
              <code id="1">[tuscan]</code><br />
						
            
            <a class="navhash" href="#2">#</a>
						
              <code id="2">Server = file:///var/cache/pacman/pkg/</code><br />
						
            
          </div>
        
      </div>
      <br />
    
      <div class="block">
        <div class="command">
          <code><span class="prompt">CMD: </span>pacman -Syy --noconfirm</code>
        </div>
        
          <div class="output">
            
            <a class="navhash" href="#3">#</a>
						
              <code id="3">:: Synchronizing package databases...</code><br />
						
            
            <a class="navhash" href="#4">#</a>
						
              <code id="4">downloading tuscan.db...</code><br />
						
            
          </div>
        
      </div>
      <br />
    
      <div class="block">
        <div class="info">
          <code>Copied permanent toolchain into container-local sysroot</code>
        </div>
        
          <div class="output">
            
            <a class="navhash" href="#5">#</a>
						
              <code id="5">/toolchain_root/arm-linux-androideabi  -->  /sysroot/arm-linux-androideabi</code><br />
						
            
            <a class="navhash" href="#6">#</a>
						
              <code id="6">/toolchain_root/COPYING3.LIB  -->  /sysroot/COPYING3.LIB</code><br />
						
            
            <a class="navhash" href="#7">#</a>
						
              <code id="7">/toolchain_root/sysroot  -->  /sysroot/sysroot</code><br />
						
            
            <a class="navhash" href="#8">#</a>
						
              <code id="8">/toolchain_root/COPYING.RUNTIME  -->  /sysroot/COPYING.RUNTIME</code><br />
						
            
            <a class="navhash" href="#9">#</a>
						
              <code id="9">/toolchain_root/lib  -->  /sysroot/lib</code><br />
						
            
            <a class="navhash" href="#10">#</a>
						
              <code id="10">/toolchain_root/SOURCES  -->  /sysroot/SOURCES</code><br />
						
            
            <a class="navhash" href="#11">#</a>
						
              <code id="11">/toolchain_root/lib64  -->  /sysroot/lib64</code><br />
						
            
            <a class="navhash" href="#12">#</a>
						
              <code id="12">/toolchain_root/share  -->  /sysroot/share</code><br />
						
            
            <a class="navhash" href="#13">#</a>
						
              <code id="13">/toolchain_root/bin  -->  /sysroot/bin</code><br />
						
            
            <a class="navhash" href="#14">#</a>
						
              <code id="14">/toolchain_root/COPYING  -->  /sysroot/COPYING</code><br />
						
            
            <a class="navhash" href="#15">#</a>
						
              <code id="15">/toolchain_root/COPYING3  -->  /sysroot/COPYING3</code><br />
						
            
            <a class="navhash" href="#16">#</a>
						
              <code id="16">/toolchain_root/COPYING.LIB  -->  /sysroot/COPYING.LIB</code><br />
						
            
            <a class="navhash" href="#17">#</a>
						
              <code id="17">/toolchain_root/include  -->  /sysroot/include</code><br />
						
            
            <a class="navhash" href="#18">#</a>
						
              <code id="18">/toolchain_root/libexec  -->  /sysroot/libexec</code><br />
						
            
          </div>
        
      </div>
      <br />
    
      <div class="block">
        <div class="command">
          <code><span class="prompt">CMD: </span>sudo -u tuscan PATH=/sysroot/bin:/sysroot/libexec/gcc/arm-linux-androideabi/4.8:/usr/local/sbin:/usr/local/bin:/usr/sbin:/usr/bin:/sbin:/bin CC=arm-linux-androideabi-gcc CXX=arm-linux-androideabi-g++ red makepkg --noextract --syncdeps --skipinteg --skippgpcheck --skipchecksums --noconfirm --nocolor --log --noprogressbar --nocheck</code>
        </div>
        
          <div class="output">
            
            <a class="navhash" href="#19">#</a>
						
              <code id="19">==> Making package: libcrossguid 20150803.8f399e8-1 (Tue Apr  4 19:42:05 UTC 2017)</code><br />
						
            
            <a class="navhash" href="#20">#</a>
						
              <code id="20">==> Checking runtime dependencies...</code><br />
						
            
            <a class="navhash" href="#21">#</a>
						
              <code id="21">==> Checking buildtime dependencies...</code><br />
						
            
            <a class="navhash" href="#22">#</a>
						
              <code id="22">==> WARNING: Using existing $srcdir/ tree</code><br />
						
            
            <a class="navhash" href="#23">#</a>
						
              <code id="23">==> Starting build()...</code><br />
						
            
            <a class="navhash" href="#24">#</a>
						
              <code id="24">cc1plus: error: no include path in which to search for stdc-predef.h</code><br />
						
            
            <a class="navhash" href="#25">#</a>
						
              <code id="25">In file included from guid.cpp:25:0:</code><br />
						
            
            <a class="navhash" href="#26">#</a>
						
              <code id="26">guid.h:27:20: error: no include path in which to search for iostream</code><br />
						
            
            <a class="navhash" href="#27">#</a>
						
              <code id="27"> #include <iostream></code><br />
						
            
            <a class="navhash" href="#28">#</a>
						
              <code id="28">                    ^</code><br />
						
            
            <a class="navhash" href="#29">#</a>
						
              <code id="29">guid.h:28:18: error: no include path in which to search for vector</code><br />
						
            
            <a class="navhash" href="#30">#</a>
						
              <code id="30"> #include <vector></code><br />
						
            
            <a class="navhash" href="#31">#</a>
						
              <code id="31">                  ^</code><br />
						
            
            <a class="navhash" href="#32">#</a>
						
              <code id="32">guid.h:29:19: error: no include path in which to search for sstream</code><br />
						
            
            <a class="navhash" href="#33">#</a>
						
              <code id="33"> #include <sstream></code><br />
						
            
            <a class="navhash" href="#34">#</a>
						
              <code id="34">                   ^</code><br />
						
            
            <a class="navhash" href="#35">#</a>
						
              <code id="35">guid.h:30:18: error: no include path in which to search for string</code><br />
						
            
            <a class="navhash" href="#36">#</a>
						
              <code id="36"> #include <string></code><br />
						
            
            <a class="navhash" href="#37">#</a>
						
              <code id="37">                  ^</code><br />
						
            
            <a class="navhash" href="#38">#</a>
						
              <code id="38">guid.h:31:19: error: no include path in which to search for iomanip</code><br />
						
            
            <a class="navhash" href="#39">#</a>
						
              <code id="39"> #include <iomanip></code><br />
						
            
            <a class="navhash" href="#40">#</a>
						
              <code id="40">                   ^</code><br />
						
            
            <a class="navhash" href="#41">#</a>
						
              <code id="41">guid.cpp:28:23: error: no include path in which to search for uuid/uuid.h</code><br />
						
            
            <a class="navhash" href="#42">#</a>
						
              <code id="42"> #include <uuid/uuid.h></code><br />
						
            
            <a class="navhash" href="#43">#</a>
						
              <code id="43">                       ^</code><br />
						
            
            <a class="navhash" href="#44">#</a>
						
              <code id="44">In file included from guid.cpp:25:0:</code><br />
						
            
            <a class="navhash" href="#45">#</a>
						
              <code id="45">guid.h:46:16: error: 'vector' in namespace 'std' does not name a type</code><br />
						
            
            <a class="navhash" href="#46">#</a>
						
              <code id="46">     Guid(const std::vector<unsigned char> &bytes);</code><br />
						
            
            <a class="navhash" href="#47">#</a>
						
              <code id="47">                ^</code><br />
						
            
            <a class="navhash" href="#48">#</a>
						
              <code id="48">guid.h:46:21: error: ISO C++ forbids declaration of 'parameter' with no type [-fpermissive]</code><br />
						
            
            <a class="navhash" href="#49">#</a>
						
              <code id="49">     Guid(const std::vector<unsigned char> &bytes);</code><br />
						
            
            <a class="navhash" href="#50">#</a>
						
              <code id="50">                     ^</code><br />
						
            
            <a class="navhash" href="#51">#</a>
						<span class="error">
              <code id="51">guid.h:46:27: error: expected ',' or '...' before '<' token</code><br />
						</span>
            
            <a class="navhash" href="#52">#</a>
						
              <code id="52">     Guid(const std::vector<unsigned char> &bytes);</code><br />
						
            
            <a class="navhash" href="#53">#</a>
						
              <code id="53">                           ^</code><br />
						
            
            <a class="navhash" href="#54">#</a>
						
              <code id="54">guid.h:52:16: error: 'string' in namespace 'std' does not name a type</code><br />
						
            
            <a class="navhash" href="#55">#</a>
						
              <code id="55">     Guid(const std::string &fromString);</code><br />
						
            
            <a class="navhash" href="#56">#</a>
						
              <code id="56">                ^</code><br />
						
            
            <a class="navhash" href="#57">#</a>
						
              <code id="57">guid.h:52:29: error: ISO C++ forbids declaration of 'fromString' with no type [-fpermissive]</code><br />
						
            
            <a class="navhash" href="#58">#</a>
						
              <code id="58">     Guid(const std::string &fromString);</code><br />
						
            
            <a class="navhash" href="#59">#</a>
						
              <code id="59">                             ^</code><br />
						
            
            <a class="navhash" href="#60">#</a>
						
              <code id="60">guid.h:70:5: error: 'vector' in namespace 'std' does not name a type</code><br />
						
            
            <a class="navhash" href="#61">#</a>
						
              <code id="61">     std::vector<unsigned char> _bytes;</code><br />
						
            
            <a class="navhash" href="#62">#</a>
						
              <code id="62">     ^</code><br />
						
            
            <a class="navhash" href="#63">#</a>
						
              <code id="63">guid.h:73:12: error: 'ostream' in namespace 'std' does not name a type</code><br />
						
            
            <a class="navhash" href="#64">#</a>
						
              <code id="64">     friend std::ostream &operator<<(std::ostream &s, const Guid &guid);</code><br />
						
            
            <a class="navhash" href="#65">#</a>
						
              <code id="65">            ^</code><br />
						
            
            <a class="navhash" href="#66">#</a>
						
              <code id="66">guid.cpp:46:1: error: 'ostream' does not name a type</code><br />
						
            
            <a class="navhash" href="#67">#</a>
						
              <code id="67"> ostream &operator<<(ostream &s, const Guid &guid)</code><br />
						
            
            <a class="navhash" href="#68">#</a>
						
              <code id="68"> ^</code><br />
						
            
            <a class="navhash" href="#69">#</a>
						
              <code id="69">guid.cpp:72:18: error: 'vector' does not name a type</code><br />
						
            
            <a class="navhash" href="#70">#</a>
						
              <code id="70"> Guid::Guid(const vector<unsigned char> &bytes)</code><br />
						
            
            <a class="navhash" href="#71">#</a>
						
              <code id="71">                  ^</code><br />
						
            
            <a class="navhash" href="#72">#</a>
						
              <code id="72">guid.cpp:72:18: error: ISO C++ forbids declaration of 'parameter' with no type [-fpermissive]</code><br />
						
            
            <a class="navhash" href="#73">#</a>
						<span class="error">
              <code id="73">guid.cpp:72:24: error: expected ',' or '...' before '<' token</code><br />
						</span>
            
            <a class="navhash" href="#74">#</a>
						
              <code id="74"> Guid::Guid(const vector<unsigned char> &bytes)</code><br />
						
            
            <a class="navhash" href="#75">#</a>
						
              <code id="75">                        ^</code><br />
						
            
            <a class="navhash" href="#76">#</a>
						
              <code id="76">guid.cpp: In constructor 'Guid::Guid(int)':</code><br />
						
            
            <a class="navhash" href="#77">#</a>
						
              <code id="77">guid.cpp:74:3: error: '_bytes' was not declared in this scope</code><br />
						
            
            <a class="navhash" href="#78">#</a>
						
              <code id="78">   _bytes = bytes;</code><br />
						
            
            <a class="navhash" href="#79">#</a>
						
              <code id="79">   ^</code><br />
						
            
            <a class="navhash" href="#80">#</a>
						
              <code id="80">guid.cpp:74:12: error: 'bytes' was not declared in this scope</code><br />
						
            
            <a class="navhash" href="#81">#</a>
						
              <code id="81">   _bytes = bytes;</code><br />
						
            
            <a class="navhash" href="#82">#</a>
						
              <code id="82">            ^</code><br />
						
            
            <a class="navhash" href="#83">#</a>
						
              <code id="83">guid.cpp: In constructor 'Guid::Guid(const unsigned char*)':</code><br />
						
            
            <a class="navhash" href="#84">#</a>
						
              <code id="84">guid.cpp:80:3: error: '_bytes' was not declared in this scope</code><br />
						
            
            <a class="navhash" href="#85">#</a>
						
              <code id="85">   _bytes.assign(bytes, bytes + 16);</code><br />
						
            
            <a class="navhash" href="#86">#</a>
						
              <code id="86">   ^</code><br />
						
            
            <a class="navhash" href="#87">#</a>
						
              <code id="87">guid.cpp: At global scope:</code><br />
						
            
            <a class="navhash" href="#88">#</a>
						
              <code id="88">guid.cpp:105:18: error: 'string' does not name a type</code><br />
						
            
            <a class="navhash" href="#89">#</a>
						
              <code id="89"> Guid::Guid(const string &fromString)</code><br />
						
            
            <a class="navhash" href="#90">#</a>
						
              <code id="90">                  ^</code><br />
						
            
            <a class="navhash" href="#91">#</a>
						
              <code id="91">guid.cpp:105:26: error: ISO C++ forbids declaration of 'fromString' with no type [-fpermissive]</code><br />
						
            
            <a class="navhash" href="#92">#</a>
						
              <code id="92"> Guid::Guid(const string &fromString)</code><br />
						
            
            <a class="navhash" href="#93">#</a>
						
              <code id="93">                          ^</code><br />
						
            
            <a class="navhash" href="#94">#</a>
						
              <code id="94">guid.cpp: In constructor 'Guid::Guid(const int&)':</code><br />
						
            
            <a class="navhash" href="#95">#</a>
						
              <code id="95">guid.cpp:107:3: error: '_bytes' was not declared in this scope</code><br />
						
            
            <a class="navhash" href="#96">#</a>
						
              <code id="96">   _bytes.clear();</code><br />
						
            
            <a class="navhash" href="#97">#</a>
						
              <code id="97">   ^</code><br />
						
            
            <a class="navhash" href="#98">#</a>
						
              <code id="98">guid.cpp:112:25: error: 'begin' was not declared in this scope</code><br />
						
            
            <a class="navhash" href="#99">#</a>
						
              <code id="99">   for (const char &ch : fromString)</code><br />
						
            
            <a class="navhash" href="#100">#</a>
						
              <code id="100">                         ^</code><br />
						
            
            <a class="navhash" href="#101">#</a>
						
              <code id="101">guid.cpp:112:25: error: 'end' was not declared in this scope</code><br />
						
            
            <a class="navhash" href="#102">#</a>
						
              <code id="102">guid.cpp: In constructor 'Guid::Guid()':</code><br />
						
            
            <a class="navhash" href="#103">#</a>
						
              <code id="103">guid.cpp:136:3: error: '_bytes' was not declared in this scope</code><br />
						
            
            <a class="navhash" href="#104">#</a>
						
              <code id="104">   _bytes = vector<unsigned char>(16, 0);</code><br />
						
            
            <a class="navhash" href="#105">#</a>
						
              <code id="105">   ^</code><br />
						
            
            <a class="navhash" href="#106">#</a>
						
              <code id="106">guid.cpp:136:12: error: 'vector' was not declared in this scope</code><br />
						
            
            <a class="navhash" href="#107">#</a>
						
              <code id="107">   _bytes = vector<unsigned char>(16, 0);</code><br />
						
            
            <a class="navhash" href="#108">#</a>
						
              <code id="108">            ^</code><br />
						
            
            <a class="navhash" href="#109">#</a>
						<span class="error">
              <code id="109">guid.cpp:136:19: error: expected primary-expression before 'unsigned'</code><br />
						</span>
            
            <a class="navhash" href="#110">#</a>
						
              <code id="110">   _bytes = vector<unsigned char>(16, 0);</code><br />
						
            
            <a class="navhash" href="#111">#</a>
						
              <code id="111">                   ^</code><br />
						
            
            <a class="navhash" href="#112">#</a>
						<span class="error">
              <code id="112">guid.cpp:136:19: error: expected ';' before 'unsigned'</code><br />
						</span>
            
            <a class="navhash" href="#113">#</a>
						
              <code id="113">guid.cpp: In copy constructor 'Guid::Guid(const Guid&)':</code><br />
						
            
            <a class="navhash" href="#114">#</a>
						
              <code id="114">guid.cpp:142:3: error: '_bytes' was not declared in this scope</code><br />
						
            
            <a class="navhash" href="#115">#</a>
						
              <code id="115">   _bytes = other._bytes;</code><br />
						
            
            <a class="navhash" href="#116">#</a>
						
              <code id="116">   ^</code><br />
						
            
            <a class="navhash" href="#117">#</a>
						
              <code id="117">guid.cpp:142:18: error: 'const class Guid' has no member named '_bytes'</code><br />
						
            
            <a class="navhash" href="#118">#</a>
						
              <code id="118">   _bytes = other._bytes;</code><br />
						
            
            <a class="navhash" href="#119">#</a>
						
              <code id="119">                  ^</code><br />
						
            
            <a class="navhash" href="#120">#</a>
						
              <code id="120">guid.cpp: In member function 'Guid& Guid::operator=(const Guid&)':</code><br />
						
            
            <a class="navhash" href="#121">#</a>
						
              <code id="121">guid.cpp:148:3: error: '_bytes' was not declared in this scope</code><br />
						
            
            <a class="navhash" href="#122">#</a>
						
              <code id="122">   _bytes = other._bytes;</code><br />
						
            
            <a class="navhash" href="#123">#</a>
						
              <code id="123">   ^</code><br />
						
            
            <a class="navhash" href="#124">#</a>
						
              <code id="124">guid.cpp:148:18: error: 'const class Guid' has no member named '_bytes'</code><br />
						
            
            <a class="navhash" href="#125">#</a>
						
              <code id="125">   _bytes = other._bytes;</code><br />
						
            
            <a class="navhash" href="#126">#</a>
						
              <code id="126">                  ^</code><br />
						
            
            <a class="navhash" href="#127">#</a>
						
              <code id="127">guid.cpp: In member function 'bool Guid::operator==(const Guid&) const':</code><br />
						
            
            <a class="navhash" href="#128">#</a>
						
              <code id="128">guid.cpp:155:10: error: '_bytes' was not declared in this scope</code><br />
						
            
            <a class="navhash" href="#129">#</a>
						
              <code id="129">   return _bytes == other._bytes;</code><br />
						
            
            <a class="navhash" href="#130">#</a>
						
              <code id="130">          ^</code><br />
						
            
            <a class="navhash" href="#131">#</a>
						
              <code id="131">guid.cpp:155:26: error: 'const class Guid' has no member named '_bytes'</code><br />
						
            
            <a class="navhash" href="#132">#</a>
						
              <code id="132">   return _bytes == other._bytes;</code><br />
						
            
            <a class="navhash" href="#133">#</a>
						
              <code id="133">                          ^</code><br />
						
            
            <a class="navhash" href="#134">#</a>
						
              <code id="134">guid.cpp: In member function 'Guid GuidGenerator::newGuid()':</code><br />
						
            
            <a class="navhash" href="#135">#</a>
						
              <code id="135">guid.cpp:169:3: error: 'uuid_t' was not declared in this scope</code><br />
						
            
            <a class="navhash" href="#136">#</a>
						
              <code id="136">   uuid_t id;</code><br />
						
            
            <a class="navhash" href="#137">#</a>
						
              <code id="137">   ^</code><br />
						
            
            <a class="navhash" href="#138">#</a>
						<span class="error">
              <code id="138">guid.cpp:169:10: error: expected ';' before 'id'</code><br />
						</span>
            
            <a class="navhash" href="#139">#</a>
						
              <code id="139">   uuid_t id;</code><br />
						
            
            <a class="navhash" href="#140">#</a>
						
              <code id="140">          ^</code><br />
						
            
            <a class="navhash" href="#141">#</a>
						
              <code id="141">guid.cpp:170:17: error: 'id' was not declared in this scope</code><br />
						
            
            <a class="navhash" href="#142">#</a>
						
              <code id="142">   uuid_generate(id);</code><br />
						
            
            <a class="navhash" href="#143">#</a>
						
              <code id="143">                 ^</code><br />
						
            
            <a class="navhash" href="#144">#</a>
						
              <code id="144">guid.cpp:170:19: error: 'uuid_generate' was not declared in this scope</code><br />
						
            
            <a class="navhash" href="#145">#</a>
						
              <code id="145">   uuid_generate(id);</code><br />
						
            
            <a class="navhash" href="#146">#</a>
						
              <code id="146">                   ^</code><br />
						
            
            <a class="navhash" href="#147">#</a>
						
              <code id="147">==> ERROR: A failure occurred in build().</code><br />
						
            
            <a class="navhash" href="#148">#</a>
						
              <code id="148">    Aborting...</code><br />
						
            
          </div>
        
      </div>
      <br />
    
  </body>
</html>