<!DOCTYPE html>
<html>
<!-- Jinja template for reports of individual builds

  Copyright 2016 Kareem Khazem. All Rights Reserved.
  Licensed under the Apache License, Version 2.0 (the "License");
  you may not use this file except in compliance with the License.
  You may obtain a copy of the License at

 		 http://www.apache.org/licenses/LICENSE-2.0

  Unless required by applicable law or agreed to in writing, software
  distributed under the License is distributed on an "AS IS" BASIS,
  WITHOUT WARRANTIES OR CONDITIONS OF ANY KIND, either express or
  implied.
  See the License for the specific language governing permissions and
  limitations under the License.
-->
  <head>
    <meta charset="UTF-8">
    <title>android/procstatd</title>
    <link href='https://fonts.googleapis.com/css?family=Roboto:400,900'
          rel='stylesheet' type='text/css'>
    <link
    href='https://fonts.googleapis.com/css?family=Source+Code+Pro:400,700'
          rel='stylesheet' type='text/css'>
    <link href="../style.css" type="text/css" rel="stylesheet">
  </head>
  <body>
    <h1>Build of procstatd
        with <a href="../index.html">android</a>
        toolchain</h1>
    <p>The build took 00h 00m 56s and was
    NOT successful.</p>
    <p>
    The program in this build is written in the following languages,
    according to <a
    href="http://www.dwheeler.com/sloccount/">sloccount</a>:
    </p>
    <table>
      <tr><th>SLOC</th><th>Language</th></tr>
      
      <tr><td class="loc"><code>2,711</code></td>
          <td class="lang">ansic</td></tr>
      <tr><td class="loc"><code>27</code></td>
          <td class="lang">makefile</td></tr>
      <tr><td><code>2,738</code></td>
          <td><em>total</em></td></tr>
    </table>
    <p>
      The process tree of the build process is <a
      href="procstatd-tree.html">here</a>.
    </p>
    
    
      <p>
      Several sub-process invocations were improper; see the process tree
      for details. Summary:
      </p>
      <ul>
        <li>hardcoded invocation:<ul>
            <li>&times;8: gcc

/sysroot/bin/arm-linux-androideabi-gcc
</li>
        </ul></li>
      </ul>
    
    
    
    
    <h2>List of Errors</h2>
    <ul>
      
      <li>unknown_type
        <ul>
          
          <li><a href="#93">procstatd.h:73:21: error: unknown type name 'FILE'</a></li>
          
          <li><a href="#96">procstatd.h:224:2: error: unknown type name 'FILE'</a></li>
          
          <li><a href="#99">procstatd.h:225:2: error: unknown type name 'FILE'</a></li>
          
          <li><a href="#113">procstatd.c:38:2: error: unknown type name 'fd_set'</a></li>
          
          <li><a href="#208">procstatd.h:73:21: error: unknown type name 'FILE'</a></li>
          
          <li><a href="#248">procstatd.h:224:2: error: unknown type name 'FILE'</a></li>
          
          <li><a href="#263">procstatd.h:225:2: error: unknown type name 'FILE'</a></li>
          
          <li><a href="#427">procstatd.h:73:21: error: unknown type name 'FILE'</a></li>
          
          <li><a href="#433">procstatd.h:224:2: error: unknown type name 'FILE'</a></li>
          
          <li><a href="#436">procstatd.h:225:2: error: unknown type name 'FILE'</a></li>
          
        </ul>
      </li>
      
    </ul>
    
    
    <h2>Log</h2>
    <p>
    To avoid scrolling, you may jump to the <a
    href="#450">last line</a> of the
    invocation of <code>makepkg</code> that was used to build this
    package.
    </p>
    
    
      <div class="block">
        <div class="info">
          <code>Removed vanilla repositories from pacman.conf and added:</code>
        </div>
        
          <div class="output">
            
            <a class="navhash" href="#1">#</a>
						
              <code id="1">[tuscan]</code><br />
						
            
            <a class="navhash" href="#2">#</a>
						
              <code id="2">Server = file:///var/cache/pacman/pkg/</code><br />
						
            
          </div>
        
      </div>
      <br />
    
      <div class="block">
        <div class="command">
          <code><span class="prompt">CMD: </span>pacman -Syy --noconfirm</code>
        </div>
        
          <div class="output">
            
            <a class="navhash" href="#3">#</a>
						
              <code id="3">:: Synchronizing package databases...</code><br />
						
            
            <a class="navhash" href="#4">#</a>
						
              <code id="4">downloading tuscan.db...</code><br />
						
            
          </div>
        
      </div>
      <br />
    
      <div class="block">
        <div class="info">
          <code>Copied permanent toolchain into container-local sysroot</code>
        </div>
        
          <div class="output">
            
            <a class="navhash" href="#5">#</a>
						
              <code id="5">/toolchain_root/arm-linux-androideabi  -->  /sysroot/arm-linux-androideabi</code><br />
						
            
            <a class="navhash" href="#6">#</a>
						
              <code id="6">/toolchain_root/COPYING3.LIB  -->  /sysroot/COPYING3.LIB</code><br />
						
            
            <a class="navhash" href="#7">#</a>
						
              <code id="7">/toolchain_root/sysroot  -->  /sysroot/sysroot</code><br />
						
            
            <a class="navhash" href="#8">#</a>
						
              <code id="8">/toolchain_root/COPYING.RUNTIME  -->  /sysroot/COPYING.RUNTIME</code><br />
						
            
            <a class="navhash" href="#9">#</a>
						
              <code id="9">/toolchain_root/lib  -->  /sysroot/lib</code><br />
						
            
            <a class="navhash" href="#10">#</a>
						
              <code id="10">/toolchain_root/SOURCES  -->  /sysroot/SOURCES</code><br />
						
            
            <a class="navhash" href="#11">#</a>
						
              <code id="11">/toolchain_root/lib64  -->  /sysroot/lib64</code><br />
						
            
            <a class="navhash" href="#12">#</a>
						
              <code id="12">/toolchain_root/share  -->  /sysroot/share</code><br />
						
            
            <a class="navhash" href="#13">#</a>
						
              <code id="13">/toolchain_root/bin  -->  /sysroot/bin</code><br />
						
            
            <a class="navhash" href="#14">#</a>
						
              <code id="14">/toolchain_root/COPYING  -->  /sysroot/COPYING</code><br />
						
            
            <a class="navhash" href="#15">#</a>
						
              <code id="15">/toolchain_root/COPYING3  -->  /sysroot/COPYING3</code><br />
						
            
            <a class="navhash" href="#16">#</a>
						
              <code id="16">/toolchain_root/COPYING.LIB  -->  /sysroot/COPYING.LIB</code><br />
						
            
            <a class="navhash" href="#17">#</a>
						
              <code id="17">/toolchain_root/include  -->  /sysroot/include</code><br />
						
            
            <a class="navhash" href="#18">#</a>
						
              <code id="18">/toolchain_root/libexec  -->  /sysroot/libexec</code><br />
						
            
          </div>
        
      </div>
      <br />
    
      <div class="block">
        <div class="command">
          <code><span class="prompt">CMD: </span>sudo -u tuscan PATH=/sysroot/bin:/sysroot/libexec/gcc/arm-linux-androideabi/4.8:/usr/local/sbin:/usr/local/bin:/usr/sbin:/usr/bin:/sbin:/bin CC=arm-linux-androideabi-gcc CXX=arm-linux-androideabi-g++ red makepkg --noextract --syncdeps --skipinteg --skippgpcheck --skipchecksums --noconfirm --nocolor --log --noprogressbar --nocheck</code>
        </div>
        
          <div class="output">
            
            <a class="navhash" href="#19">#</a>
						
              <code id="19">==> Making package: procstatd 1.4.2-9 (Tue Apr  4 20:24:04 UTC 2017)</code><br />
						
            
            <a class="navhash" href="#20">#</a>
						
              <code id="20">==> Checking runtime dependencies...</code><br />
						
            
            <a class="navhash" href="#21">#</a>
						
              <code id="21">==> Checking buildtime dependencies...</code><br />
						
            
            <a class="navhash" href="#22">#</a>
						
              <code id="22">==> WARNING: Using existing $srcdir/ tree</code><br />
						
            
            <a class="navhash" href="#23">#</a>
						
              <code id="23">==> Starting build()...</code><br />
						
            
            <a class="navhash" href="#24">#</a>
						
              <code id="24">gcc -c -O3 procstatd.c -o procstatd.o</code><br />
						
            
            <a class="navhash" href="#25">#</a>
						
              <code id="25">gcc -c -O3 parsecl.c -o parsecl.o</code><br />
						
            
            <a class="navhash" href="#26">#</a>
						
              <code id="26">gcc -c -O3 parse.c -o parse.o</code><br />
						
            
            <a class="navhash" href="#27">#</a>
						
              <code id="27">gcc -c -O3 statlist.c -o statlist.o</code><br />
						
            
            <a class="navhash" href="#28">#</a>
						
              <code id="28">cc1: error: no include path in which to search for stdc-predef.h</code><br />
						
            
            <a class="navhash" href="#29">#</a>
						
              <code id="29">In file included from procstatd.c:19:0:</code><br />
						
            
            <a class="navhash" href="#30">#</a>
						
              <code id="30">procstatd.h:23:19: error: no include path in which to search for stdio.h</code><br />
						
            
            <a class="navhash" href="#31">#</a>
						
              <code id="31"> #include <stdio.h></code><br />
						
            
            <a class="navhash" href="#32">#</a>
						
              <code id="32">                   ^</code><br />
						
            
            <a class="navhash" href="#33">#</a>
						
              <code id="33">procstatd.h:24:20: error: no include path in which to search for stdlib.h</code><br />
						
            
            <a class="navhash" href="#34">#</a>
						
              <code id="34"> #include <stdlib.h></code><br />
						
            
            <a class="navhash" href="#35">#</a>
						
              <code id="35">                    ^</code><br />
						
            
            <a class="navhash" href="#36">#</a>
						
              <code id="36">procstatd.h:25:20: error: no include path in which to search for unistd.h</code><br />
						
            
            <a class="navhash" href="#37">#</a>
						
              <code id="37"> #include <unistd.h></code><br />
						
            
            <a class="navhash" href="#38">#</a>
						
              <code id="38">                    ^</code><br />
						
            
            <a class="navhash" href="#39">#</a>
						
              <code id="39">procstatd.h:26:19: error: no include path in which to search for errno.h</code><br />
						
            
            <a class="navhash" href="#40">#</a>
						
              <code id="40"> #include <errno.h></code><br />
						
            
            <a class="navhash" href="#41">#</a>
						
              <code id="41">                   ^</code><br />
						
            
            <a class="navhash" href="#42">#</a>
						
              <code id="42">procstatd.h:27:19: error: no include path in which to search for fcntl.h</code><br />
						
            
            <a class="navhash" href="#43">#</a>
						
              <code id="43"> #include <fcntl.h></code><br />
						
            
            <a class="navhash" href="#44">#</a>
						
              <code id="44">                   ^</code><br />
						
            
            <a class="navhash" href="#45">#</a>
						
              <code id="45">procstatd.h:28:20: error: no include path in which to search for string.h</code><br />
						
            
            <a class="navhash" href="#46">#</a>
						
              <code id="46"> #include <string.h></code><br />
						
            
            <a class="navhash" href="#47">#</a>
						
              <code id="47">                    ^</code><br />
						
            
            <a class="navhash" href="#48">#</a>
						
              <code id="48">procstatd.h:29:21: error: no include path in which to search for strings.h</code><br />
						
            
            <a class="navhash" href="#49">#</a>
						
              <code id="49"> #include <strings.h></code><br />
						
            
            <a class="navhash" href="#50">#</a>
						
              <code id="50">                     ^</code><br />
						
            
            <a class="navhash" href="#51">#</a>
						
              <code id="51">procstatd.h:30:20: error: no include path in which to search for signal.h</code><br />
						
            
            <a class="navhash" href="#52">#</a>
						
              <code id="52"> #include <signal.h></code><br />
						
            
            <a class="navhash" href="#53">#</a>
						
              <code id="53">                    ^</code><br />
						
            
            <a class="navhash" href="#54">#</a>
						
              <code id="54">procstatd.h:31:19: error: no include path in which to search for ctype.h</code><br />
						
            
            <a class="navhash" href="#55">#</a>
						
              <code id="55"> #include <ctype.h></code><br />
						
            
            <a class="navhash" href="#56">#</a>
						
              <code id="56">                   ^</code><br />
						
            
            <a class="navhash" href="#57">#</a>
						
              <code id="57">procstatd.h:32:18: error: no include path in which to search for time.h</code><br />
						
            
            <a class="navhash" href="#58">#</a>
						
              <code id="58"> #include <time.h></code><br />
						
            
            <a class="navhash" href="#59">#</a>
						
              <code id="59">                  ^</code><br />
						
            
            <a class="navhash" href="#60">#</a>
						
              <code id="60">procstatd.h:33:18: error: no include path in which to search for math.h</code><br />
						
            
            <a class="navhash" href="#61">#</a>
						
              <code id="61"> #include <math.h></code><br />
						
            
            <a class="navhash" href="#62">#</a>
						
              <code id="62">                  ^</code><br />
						
            
            <a class="navhash" href="#63">#</a>
						
              <code id="63">procstatd.h:34:22: error: no include path in which to search for sys/file.h</code><br />
						
            
            <a class="navhash" href="#64">#</a>
						
              <code id="64"> #include <sys/file.h></code><br />
						
            
            <a class="navhash" href="#65">#</a>
						
              <code id="65">                      ^</code><br />
						
            
            <a class="navhash" href="#66">#</a>
						
              <code id="66">procstatd.h:35:21: error: no include path in which to search for sys/dir.h</code><br />
						
            
            <a class="navhash" href="#67">#</a>
						
              <code id="67"> #include <sys/dir.h></code><br />
						
            
            <a class="navhash" href="#68">#</a>
						
              <code id="68">                     ^</code><br />
						
            
            <a class="navhash" href="#69">#</a>
						
              <code id="69">procstatd.h:36:22: error: no include path in which to search for sys/stat.h</code><br />
						
            
            <a class="navhash" href="#70">#</a>
						
              <code id="70"> #include <sys/stat.h></code><br />
						
            
            <a class="navhash" href="#71">#</a>
						
              <code id="71">                      ^</code><br />
						
            
            <a class="navhash" href="#72">#</a>
						
              <code id="72">procstatd.h:37:23: error: no include path in which to search for sys/types.h</code><br />
						
            
            <a class="navhash" href="#73">#</a>
						
              <code id="73"> #include <sys/types.h></code><br />
						
            
            <a class="navhash" href="#74">#</a>
						
              <code id="74">                       ^</code><br />
						
            
            <a class="navhash" href="#75">#</a>
						
              <code id="75">procstatd.h:38:24: error: no include path in which to search for sys/socket.h</code><br />
						
            
            <a class="navhash" href="#76">#</a>
						
              <code id="76"> #include <sys/socket.h></code><br />
						
            
            <a class="navhash" href="#77">#</a>
						
              <code id="77">                        ^</code><br />
						
            
            <a class="navhash" href="#78">#</a>
						
              <code id="78">procstatd.h:39:20: error: no include path in which to search for sys/un.h</code><br />
						
            
            <a class="navhash" href="#79">#</a>
						
              <code id="79"> #include <sys/un.h></code><br />
						
            
            <a class="navhash" href="#80">#</a>
						
              <code id="80">                    ^</code><br />
						
            
            <a class="navhash" href="#81">#</a>
						
              <code id="81">procstatd.h:40:24: error: no include path in which to search for netinet/in.h</code><br />
						
            
            <a class="navhash" href="#82">#</a>
						
              <code id="82"> #include <netinet/in.h></code><br />
						
            
            <a class="navhash" href="#83">#</a>
						
              <code id="83">                        ^</code><br />
						
            
            <a class="navhash" href="#84">#</a>
						
              <code id="84">procstatd.h:41:23: error: no include path in which to search for arpa/inet.h</code><br />
						
            
            <a class="navhash" href="#85">#</a>
						
              <code id="85"> #include <arpa/inet.h></code><br />
						
            
            <a class="navhash" href="#86">#</a>
						
              <code id="86">                       ^</code><br />
						
            
            <a class="navhash" href="#87">#</a>
						
              <code id="87">procstatd.h:42:18: error: no include path in which to search for utmp.h</code><br />
						
            
            <a class="navhash" href="#88">#</a>
						
              <code id="88"> #include <utmp.h></code><br />
						
            
            <a class="navhash" href="#89">#</a>
						
              <code id="89">                  ^</code><br />
						
            
            <a class="navhash" href="#90">#</a>
						
              <code id="90">procstatd.h:43:19: error: no include path in which to search for netdb.h</code><br />
						
            
            <a class="navhash" href="#91">#</a>
						
              <code id="91"> #include <netdb.h></code><br />
						
            
            <a class="navhash" href="#92">#</a>
						
              <code id="92">                   ^</code><br />
						
            
            <a class="navhash" href="#93">#</a>
						<span class="error">
              <code id="93">procstatd.h:73:21: error: unknown type name 'FILE'</code><br />
						</span>
            
            <a class="navhash" href="#94">#</a>
						
              <code id="94"> void print_statlist(FILE *);</code><br />
						
            
            <a class="navhash" href="#95">#</a>
						
              <code id="95">                     ^</code><br />
						
            
            <a class="navhash" href="#96">#</a>
						<span class="error">
              <code id="96">procstatd.h:224:2: error: unknown type name 'FILE'</code><br />
						</span>
            
            <a class="navhash" href="#97">#</a>
						
              <code id="97">  FILE *stat_fd[N_SOURCES];</code><br />
						
            
            <a class="navhash" href="#98">#</a>
						
              <code id="98">  ^</code><br />
						
            
            <a class="navhash" href="#99">#</a>
						<span class="error">
              <code id="99">procstatd.h:225:2: error: unknown type name 'FILE'</code><br />
						</span>
            
            <a class="navhash" href="#100">#</a>
						
              <code id="100">  FILE *sendstat_fd;</code><br />
						
            
            <a class="navhash" href="#101">#</a>
						
              <code id="101">  ^</code><br />
						
            
            <a class="navhash" href="#102">#</a>
						
              <code id="102">cc1: error: no include path in which to search for stdc-predef.h</code><br />
						
            
            <a class="navhash" href="#103">#</a>
						
              <code id="103">procstatd.c: In function 'main':</code><br />
						
            
            <a class="navhash" href="#104">#</a>
						
              <code id="104">procstatd.c:28:21: error: storage size of 'serverINETaddress' isn't known</code><br />
						
            
            <a class="navhash" href="#105">#</a>
						
              <code id="105">  struct sockaddr_in serverINETaddress;</code><br />
						
            
            <a class="navhash" href="#106">#</a>
						
              <code id="106">                     ^</code><br />
						
            
            <a class="navhash" href="#107">#</a>
						
              <code id="107">procstatd.c:29:21: error: storage size of 'clientINETaddress' isn't known</code><br />
						
            
            <a class="navhash" href="#108">#</a>
						
              <code id="108">  struct sockaddr_in clientINETaddress;</code><br />
						
            
            <a class="navhash" href="#109">#</a>
						
              <code id="109">                     ^</code><br />
						
            
            <a class="navhash" href="#110">#</a>
						
              <code id="110">procstatd.c:32:16: error: storage size of 'linger' isn't known</code><br />
						
            
            <a class="navhash" href="#111">#</a>
						
              <code id="111">  struct linger linger;</code><br />
						
            
            <a class="navhash" href="#112">#</a>
						
              <code id="112">                ^</code><br />
						
            
            <a class="navhash" href="#113">#</a>
						<span class="error">
              <code id="113">procstatd.c:38:2: error: unknown type name 'fd_set'</code><br />
						</span>
            
            <a class="navhash" href="#114">#</a>
						
              <code id="114">  fd_set fdset;    /* for the select statement */</code><br />
						
            
            <a class="navhash" href="#115">#</a>
						
              <code id="115">  ^</code><br />
						
            
            <a class="navhash" href="#116">#</a>
						
              <code id="116">In file included from parsecl.c:19:0:</code><br />
						
            
            <a class="navhash" href="#117">#</a>
						
              <code id="117">procstatd.h:23:19: error: no include path in which to search for stdio.h</code><br />
						
            
            <a class="navhash" href="#118">#</a>
						
              <code id="118"> #include <stdio.h></code><br />
						
            
            <a class="navhash" href="#119">#</a>
						
              <code id="119">                   ^</code><br />
						
            
            <a class="navhash" href="#120">#</a>
						
              <code id="120">procstatd.h:24:20: error: no include path in which to search for stdlib.h</code><br />
						
            
            <a class="navhash" href="#121">#</a>
						
              <code id="121"> #include <stdlib.h></code><br />
						
            
            <a class="navhash" href="#122">#</a>
						
              <code id="122">                    ^</code><br />
						
            
            <a class="navhash" href="#123">#</a>
						
              <code id="123">procstatd.c:51:21: warning: incompatible implicit declaration of built-in function 'malloc' [enabled by default]</code><br />
						
            
            <a class="navhash" href="#124">#</a>
						
              <code id="124">  fields = (char **) malloc((size_t) (MAXFIELDNUMBER*sizeof(char*)));</code><br />
						
            
            <a class="navhash" href="#125">#</a>
						
              <code id="125">                     ^</code><br />
						
            
            <a class="navhash" href="#126">#</a>
						
              <code id="126">procstatd.h:25:20: error: no include path in which to search for unistd.h</code><br />
						
            
            <a class="navhash" href="#127">#</a>
						
              <code id="127"> #include <unistd.h></code><br />
						
            
            <a class="navhash" href="#128">#</a>
						
              <code id="128">                    ^</code><br />
						
            
            <a class="navhash" href="#129">#</a>
						
              <code id="129">procstatd.c:51:29: error: 'size_t' undeclared (first use in this function)</code><br />
						
            
            <a class="navhash" href="#130">#</a>
						
              <code id="130">  fields = (char **) malloc((size_t) (MAXFIELDNUMBER*sizeof(char*)));</code><br />
						
            
            <a class="navhash" href="#131">#</a>
						
              <code id="131">                             ^</code><br />
						
            
            <a class="navhash" href="#132">#</a>
						
              <code id="132">procstatd.c:51:29: note: each undeclared identifier is reported only once for each function it appears in</code><br />
						
            
            <a class="navhash" href="#133">#</a>
						
              <code id="133">procstatd.h:26:19: error: no include path in which to search for errno.h</code><br />
						
            
            <a class="navhash" href="#134">#</a>
						
              <code id="134"> #include <errno.h></code><br />
						
            
            <a class="navhash" href="#135">#</a>
						
              <code id="135">                   ^</code><br />
						
            
            <a class="navhash" href="#136">#</a>
						
              <code id="136">procstatd.h:27:19: error: no include path in which to search for fcntl.h</code><br />
						
            
            <a class="navhash" href="#137">#</a>
						
              <code id="137"> #include <fcntl.h></code><br />
						
            
            <a class="navhash" href="#138">#</a>
						
              <code id="138">                   ^</code><br />
						
            
            <a class="navhash" href="#139">#</a>
						
              <code id="139">procstatd.h:28:20: error: no include path in which to search for string.h</code><br />
						
            
            <a class="navhash" href="#140">#</a>
						
              <code id="140"> #include <string.h></code><br />
						
            
            <a class="navhash" href="#141">#</a>
						
              <code id="141">                    ^</code><br />
						
            
            <a class="navhash" href="#142">#</a>
						
              <code id="142">procstatd.h:29:21: error: no include path in which to search for strings.h</code><br />
						
            
            <a class="navhash" href="#143">#</a>
						
              <code id="143"> #include <strings.h></code><br />
						
            
            <a class="navhash" href="#144">#</a>
						
              <code id="144">                     ^</code><br />
						
            
            <a class="navhash" href="#145">#</a>
						
              <code id="145">procstatd.h:30:20: error: no include path in which to search for signal.h</code><br />
						
            
            <a class="navhash" href="#146">#</a>
						
              <code id="146"> #include <signal.h></code><br />
						
            
            <a class="navhash" href="#147">#</a>
						
              <code id="147">                    ^</code><br />
						
            
            <a class="navhash" href="#148">#</a>
						
              <code id="148">procstatd.h:31:19: error: no include path in which to search for ctype.h</code><br />
						
            
            <a class="navhash" href="#149">#</a>
						
              <code id="149"> #include <ctype.h></code><br />
						
            
            <a class="navhash" href="#150">#</a>
						
              <code id="150">                   ^</code><br />
						
            
            <a class="navhash" href="#151">#</a>
						
              <code id="151">procstatd.h:32:18: error: no include path in which to search for time.h</code><br />
						
            
            <a class="navhash" href="#152">#</a>
						
              <code id="152"> #include <time.h></code><br />
						
            
            <a class="navhash" href="#153">#</a>
						
              <code id="153">                  ^</code><br />
						
            
            <a class="navhash" href="#154">#</a>
						
              <code id="154">procstatd.h:33:18: error: no include path in which to search for math.h</code><br />
						
            
            <a class="navhash" href="#155">#</a>
						
              <code id="155"> #include <math.h></code><br />
						
            
            <a class="navhash" href="#156">#</a>
						
              <code id="156">                  ^</code><br />
						
            
            <a class="navhash" href="#157">#</a>
						
              <code id="157">procstatd.h:34:22: error: no include path in which to search for sys/file.h</code><br />
						
            
            <a class="navhash" href="#158">#</a>
						
              <code id="158"> #include <sys/file.h></code><br />
						
            
            <a class="navhash" href="#159">#</a>
						
              <code id="159">                      ^</code><br />
						
            
            <a class="navhash" href="#160">#</a>
						
              <code id="160">procstatd.c:60:15: warning: assignment makes pointer from integer without a cast [enabled by default]</code><br />
						
            
            <a class="navhash" href="#161">#</a>
						
              <code id="161">  hostidentptr = gethostbyname(hostname);</code><br />
						
            
            <a class="navhash" href="#162">#</a>
						
              <code id="162">               ^</code><br />
						
            
            <a class="navhash" href="#163">#</a>
						
              <code id="163">procstatd.h:35:21: error: no include path in which to search for sys/dir.h</code><br />
						
            
            <a class="navhash" href="#164">#</a>
						
              <code id="164"> #include <sys/dir.h></code><br />
						
            
            <a class="navhash" href="#165">#</a>
						
              <code id="165">                     ^</code><br />
						
            
            <a class="navhash" href="#166">#</a>
						
              <code id="166">procstatd.h:36:22: error: no include path in which to search for sys/stat.h</code><br />
						
            
            <a class="navhash" href="#167">#</a>
						
              <code id="167"> #include <sys/stat.h></code><br />
						
            
            <a class="navhash" href="#168">#</a>
						
              <code id="168">                      ^</code><br />
						
            
            <a class="navhash" href="#169">#</a>
						
              <code id="169">procstatd.c:61:43: error: dereferencing pointer to incomplete type</code><br />
						
            
            <a class="navhash" href="#170">#</a>
						
              <code id="170">  hostaddr = (struct in_addr*) hostidentptr->h_addr_list[0];</code><br />
						
            
            <a class="navhash" href="#171">#</a>
						
              <code id="171">                                           ^</code><br />
						
            
            <a class="navhash" href="#172">#</a>
						
              <code id="172">procstatd.h:37:23: error: no include path in which to search for sys/types.h</code><br />
						
            
            <a class="navhash" href="#173">#</a>
						
              <code id="173"> #include <sys/types.h></code><br />
						
            
            <a class="navhash" href="#174">#</a>
						
              <code id="174">                       ^</code><br />
						
            
            <a class="navhash" href="#175">#</a>
						
              <code id="175">procstatd.c:62:2: warning: incompatible implicit declaration of built-in function 'sprintf' [enabled by default]</code><br />
						
            
            <a class="navhash" href="#176">#</a>
						
              <code id="176">  sprintf(hostip,"%s",inet_ntoa(*hostaddr));</code><br />
						
            
            <a class="navhash" href="#177">#</a>
						
              <code id="177">  ^</code><br />
						
            
            <a class="navhash" href="#178">#</a>
						
              <code id="178">procstatd.h:38:24: error: no include path in which to search for sys/socket.h</code><br />
						
            
            <a class="navhash" href="#179">#</a>
						
              <code id="179"> #include <sys/socket.h></code><br />
						
            
            <a class="navhash" href="#180">#</a>
						
              <code id="180">                        ^</code><br />
						
            
            <a class="navhash" href="#181">#</a>
						
              <code id="181">procstatd.h:39:20: error: no include path in which to search for sys/un.h</code><br />
						
            
            <a class="navhash" href="#182">#</a>
						
              <code id="182"> #include <sys/un.h></code><br />
						
            
            <a class="navhash" href="#183">#</a>
						
              <code id="183">                    ^</code><br />
						
            
            <a class="navhash" href="#184">#</a>
						
              <code id="184">procstatd.c:62:32: error: dereferencing pointer to incomplete type</code><br />
						
            
            <a class="navhash" href="#185">#</a>
						
              <code id="185">  sprintf(hostip,"%s",inet_ntoa(*hostaddr));</code><br />
						
            
            <a class="navhash" href="#186">#</a>
						
              <code id="186">                                ^</code><br />
						
            
            <a class="navhash" href="#187">#</a>
						
              <code id="187">procstatd.h:40:24: error: no include path in which to search for netinet/in.h</code><br />
						
            
            <a class="navhash" href="#188">#</a>
						
              <code id="188"> #include <netinet/in.h></code><br />
						
            
            <a class="navhash" href="#189">#</a>
						
              <code id="189">                        ^</code><br />
						
            
            <a class="navhash" href="#190">#</a>
						
              <code id="190">procstatd.h:41:23: error: no include path in which to search for arpa/inet.h</code><br />
						
            
            <a class="navhash" href="#191">#</a>
						
              <code id="191"> #include <arpa/inet.h></code><br />
						
            
            <a class="navhash" href="#192">#</a>
						
              <code id="192">                       ^</code><br />
						
            
            <a class="navhash" href="#193">#</a>
						
              <code id="193">procstatd.h:42:18: error: no include path in which to search for utmp.h</code><br />
						
            
            <a class="navhash" href="#194">#</a>
						
              <code id="194"> #include <utmp.h></code><br />
						
            
            <a class="navhash" href="#195">#</a>
						
              <code id="195">                  ^</code><br />
						
            
            <a class="navhash" href="#196">#</a>
						
              <code id="196">procstatd.c:63:14: warning: incompatible implicit declaration of built-in function 'printf' [enabled by default]</code><br />
						
            
            <a class="navhash" href="#197">#</a>
						
              <code id="197">  if(verbose) printf("procstatd running on host = %s, hostip = %s\n",hostname,hostip);</code><br />
						
            
            <a class="navhash" href="#198">#</a>
						
              <code id="198">              ^</code><br />
						
            
            <a class="navhash" href="#199">#</a>
						
              <code id="199">procstatd.h:43:19: error: no include path in which to search for netdb.h</code><br />
						
            
            <a class="navhash" href="#200">#</a>
						
              <code id="200"> #include <netdb.h></code><br />
						
            
            <a class="navhash" href="#201">#</a>
						
              <code id="201">                   ^</code><br />
						
            
            <a class="navhash" href="#202">#</a>
						
              <code id="202">procstatd.c:80:23: error: 'stdin' undeclared (first use in this function)</code><br />
						
            
            <a class="navhash" href="#203">#</a>
						
              <code id="203">      input_fd = (int) stdin;</code><br />
						
            
            <a class="navhash" href="#204">#</a>
						
              <code id="204">                       ^</code><br />
						
            
            <a class="navhash" href="#205">#</a>
						
              <code id="205">procstatd.c:81:24: error: 'stdout' undeclared (first use in this function)</code><br />
						
            
            <a class="navhash" href="#206">#</a>
						
              <code id="206">      output_fd = (int) stdout;</code><br />
						
            
            <a class="navhash" href="#207">#</a>
						
              <code id="207">                        ^</code><br />
						
            
            <a class="navhash" href="#208">#</a>
						<span class="error">
              <code id="208">procstatd.h:73:21: error: unknown type name 'FILE'</code><br />
						</span>
            
            <a class="navhash" href="#209">#</a>
						
              <code id="209"> void print_statlist(FILE *);</code><br />
						
            
            <a class="navhash" href="#210">#</a>
						
              <code id="210">                     ^</code><br />
						
            
            <a class="navhash" href="#211">#</a>
						
              <code id="211">procstatd.c:82:23: error: 'stderr' undeclared (first use in this function)</code><br />
						
            
            <a class="navhash" href="#212">#</a>
						
              <code id="212">      error_fd = (int) stderr;</code><br />
						
            
            <a class="navhash" href="#213">#</a>
						
              <code id="213">                       ^</code><br />
						
            
            <a class="navhash" href="#214">#</a>
						
              <code id="214">procstatd.c:88:6: warning: incompatible implicit declaration of built-in function 'fprintf' [enabled by default]</code><br />
						
            
            <a class="navhash" href="#215">#</a>
						
              <code id="215">      fprintf(stderr,"Multicast (or other) operation not yet supported.  Try again.\n");</code><br />
						
            
            <a class="navhash" href="#216">#</a>
						
              <code id="216">      ^</code><br />
						
            
            <a class="navhash" href="#217">#</a>
						
              <code id="217">procstatd.c:89:6: warning: incompatible implicit declaration of built-in function 'exit' [enabled by default]</code><br />
						
            
            <a class="navhash" href="#218">#</a>
						
              <code id="218">      exit(0);</code><br />
						
            
            <a class="navhash" href="#219">#</a>
						
              <code id="219">      ^</code><br />
						
            
            <a class="navhash" href="#220">#</a>
						
              <code id="220">procstatd.c:96:9: error: 'SIGCHLD' undeclared (first use in this function)</code><br />
						
            
            <a class="navhash" href="#221">#</a>
						
              <code id="221">  signal(SIGCHLD,SIG_IGN);</code><br />
						
            
            <a class="navhash" href="#222">#</a>
						
              <code id="222">         ^</code><br />
						
            
            <a class="navhash" href="#223">#</a>
						
              <code id="223">procstatd.c:96:17: error: 'SIG_IGN' undeclared (first use in this function)</code><br />
						
            
            <a class="navhash" href="#224">#</a>
						
              <code id="224">  signal(SIGCHLD,SIG_IGN);</code><br />
						
            
            <a class="navhash" href="#225">#</a>
						
              <code id="225">                 ^</code><br />
						
            
            <a class="navhash" href="#226">#</a>
						
              <code id="226">procstatd.c:103:21: error: 'AF_INET' undeclared (first use in this function)</code><br />
						
            
            <a class="navhash" href="#227">#</a>
						
              <code id="227">  server_fd = socket(AF_INET,SOCK_STREAM,0);</code><br />
						
            
            <a class="navhash" href="#228">#</a>
						
              <code id="228">                     ^</code><br />
						
            
            <a class="navhash" href="#229">#</a>
						
              <code id="229">procstatd.c:103:29: error: 'SOCK_STREAM' undeclared (first use in this function)</code><br />
						
            
            <a class="navhash" href="#230">#</a>
						
              <code id="230">  server_fd = socket(AF_INET,SOCK_STREAM,0);</code><br />
						
            
            <a class="navhash" href="#231">#</a>
						
              <code id="231">                             ^</code><br />
						
            
            <a class="navhash" href="#232">#</a>
						
              <code id="232">cc1: error: no include path in which to search for stdc-predef.h</code><br />
						
            
            <a class="navhash" href="#233">#</a>
						
              <code id="233">procstatd.c:105:4: warning: incompatible implicit declaration of built-in function 'fprintf' [enabled by default]</code><br />
						
            
            <a class="navhash" href="#234">#</a>
						
              <code id="234">    fprintf(stderr,"socket: %.100s", strerror(errno));</code><br />
						
            
            <a class="navhash" href="#235">#</a>
						
              <code id="235">    ^</code><br />
						
            
            <a class="navhash" href="#236">#</a>
						
              <code id="236">procstatd.c:105:46: error: 'errno' undeclared (first use in this function)</code><br />
						
            
            <a class="navhash" href="#237">#</a>
						
              <code id="237">    fprintf(stderr,"socket: %.100s", strerror(errno));</code><br />
						
            
            <a class="navhash" href="#238">#</a>
						
              <code id="238">                                              ^</code><br />
						
            
            <a class="navhash" href="#239">#</a>
						
              <code id="239">procstatd.c:106:4: warning: incompatible implicit declaration of built-in function 'exit' [enabled by default]</code><br />
						
            
            <a class="navhash" href="#240">#</a>
						
              <code id="240">    exit(1);</code><br />
						
            
            <a class="navhash" href="#241">#</a>
						
              <code id="241">    ^</code><br />
						
            
            <a class="navhash" href="#242">#</a>
						
              <code id="242">procstatd.c:113:24: error: 'SOL_SOCKET' undeclared (first use in this function)</code><br />
						
            
            <a class="navhash" href="#243">#</a>
						
              <code id="243">  setsockopt(server_fd, SOL_SOCKET, SO_REUSEADDR, (void *)&on, </code><br />
						
            
            <a class="navhash" href="#244">#</a>
						
              <code id="244">                        ^</code><br />
						
            
            <a class="navhash" href="#245">#</a>
						
              <code id="245">procstatd.c:113:36: error: 'SO_REUSEADDR' undeclared (first use in this function)</code><br />
						
            
            <a class="navhash" href="#246">#</a>
						
              <code id="246">  setsockopt(server_fd, SOL_SOCKET, SO_REUSEADDR, (void *)&on, </code><br />
						
            
            <a class="navhash" href="#247">#</a>
						
              <code id="247">                                    ^</code><br />
						
            
            <a class="navhash" href="#248">#</a>
						<span class="error">
              <code id="248">procstatd.h:224:2: error: unknown type name 'FILE'</code><br />
						</span>
            
            <a class="navhash" href="#249">#</a>
						
              <code id="249">  FILE *stat_fd[N_SOURCES];</code><br />
						
            
            <a class="navhash" href="#250">#</a>
						
              <code id="250">  ^</code><br />
						
            
            <a class="navhash" href="#251">#</a>
						
              <code id="251">procstatd.c:117:36: error: 'SO_LINGER' undeclared (first use in this function)</code><br />
						
            
            <a class="navhash" href="#252">#</a>
						
              <code id="252">  setsockopt(server_fd, SOL_SOCKET, SO_LINGER, (void *)&linger, </code><br />
						
            
            <a class="navhash" href="#253">#</a>
						
              <code id="253">                                    ^</code><br />
						
            
            <a class="navhash" href="#254">#</a>
						
              <code id="254">parse.c:19:19: error: no include path in which to search for stdio.h</code><br />
						
            
            <a class="navhash" href="#255">#</a>
						
              <code id="255"> #include <stdio.h></code><br />
						
            
            <a class="navhash" href="#256">#</a>
						
              <code id="256">                   ^</code><br />
						
            
            <a class="navhash" href="#257">#</a>
						
              <code id="257">parse.c:20:20: error: no include path in which to search for stdlib.h</code><br />
						
            
            <a class="navhash" href="#258">#</a>
						
              <code id="258"> #include <stdlib.h></code><br />
						
            
            <a class="navhash" href="#259">#</a>
						
              <code id="259">                    ^</code><br />
						
            
            <a class="navhash" href="#260">#</a>
						
              <code id="260">parse.c:21:20: error: no include path in which to search for string.h</code><br />
						
            
            <a class="navhash" href="#261">#</a>
						
              <code id="261"> #include <string.h></code><br />
						
            
            <a class="navhash" href="#262">#</a>
						
              <code id="262">                    ^</code><br />
						
            
            <a class="navhash" href="#263">#</a>
						<span class="error">
              <code id="263">procstatd.h:225:2: error: unknown type name 'FILE'</code><br />
						</span>
            
            <a class="navhash" href="#264">#</a>
						
              <code id="264">  FILE *sendstat_fd;</code><br />
						
            
            <a class="navhash" href="#265">#</a>
						
              <code id="265">  ^</code><br />
						
            
            <a class="navhash" href="#266">#</a>
						
              <code id="266">procstatd.c:122:2: warning: incompatible implicit declaration of built-in function 'bzero' [enabled by default]</code><br />
						
            
            <a class="navhash" href="#267">#</a>
						
              <code id="267">  bzero( (char*) &serverINETaddress,serverlen); /* clear structure */</code><br />
						
            
            <a class="navhash" href="#268">#</a>
						
              <code id="268">  ^</code><br />
						
            
            <a class="navhash" href="#269">#</a>
						
              <code id="269">parse.c:22:21: error: no include path in which to search for strings.h</code><br />
						
            
            <a class="navhash" href="#270">#</a>
						
              <code id="270"> #include <strings.h></code><br />
						
            
            <a class="navhash" href="#271">#</a>
						
              <code id="271">                     ^</code><br />
						
            
            <a class="navhash" href="#272">#</a>
						
              <code id="272">procstatd.c:124:44: error: 'INADDR_ANY' undeclared (first use in this function)</code><br />
						
            
            <a class="navhash" href="#273">#</a>
						
              <code id="273">  serverINETaddress.sin_addr.s_addr = htonl(INADDR_ANY); /* Accept all */</code><br />
						
            
            <a class="navhash" href="#274">#</a>
						
              <code id="274">                                            ^</code><br />
						
            
            <a class="navhash" href="#275">#</a>
						
              <code id="275">procstatd.c:137:18: error: 'EADDRINUSE' undeclared (first use in this function)</code><br />
						
            
            <a class="navhash" href="#276">#</a>
						
              <code id="276">      if(errno != EADDRINUSE){</code><br />
						
            
            <a class="navhash" href="#277">#</a>
						
              <code id="277">                  ^</code><br />
						
            
            <a class="navhash" href="#278">#</a>
						
              <code id="278">parse.c: In function 'parse':</code><br />
						
            
            <a class="navhash" href="#279">#</a>
						
              <code id="279">procstatd.c:139:8: warning: incompatible implicit declaration of built-in function 'fprintf' [enabled by default]</code><br />
						
            
            <a class="navhash" href="#280">#</a>
						
              <code id="280">        fprintf(stderr,"Bind: %.100s\n", strerror(errno));</code><br />
						
            
            <a class="navhash" href="#281">#</a>
						
              <code id="281">        ^</code><br />
						
            
            <a class="navhash" href="#282">#</a>
						
              <code id="282">parse.c:50:20: error: 'NULL' undeclared (first use in this function)</code><br />
						
            
            <a class="navhash" href="#283">#</a>
						
              <code id="283">  delim[6] = (char) NULL;        /* terminator */</code><br />
						
            
            <a class="navhash" href="#284">#</a>
						
              <code id="284">                    ^</code><br />
						
            
            <a class="navhash" href="#285">#</a>
						
              <code id="285">parse.c:50:20: note: each undeclared identifier is reported only once for each function it appears in</code><br />
						
            
            <a class="navhash" href="#286">#</a>
						
              <code id="286">parsecl.c: In function 'parsecl':</code><br />
						
            
            <a class="navhash" href="#287">#</a>
						
              <code id="287">procstatd.c:141:8: warning: incompatible implicit declaration of built-in function 'exit' [enabled by default]</code><br />
						
            
            <a class="navhash" href="#288">#</a>
						
              <code id="288">        exit(255);</code><br />
						
            
            <a class="navhash" href="#289">#</a>
						
              <code id="289">        ^</code><br />
						
            
            <a class="navhash" href="#290">#</a>
						
              <code id="290">parse.c:52:10: warning: assignment makes pointer from integer without a cast [enabled by default]</code><br />
						
            
            <a class="navhash" href="#291">#</a>
						
              <code id="291">  nextval = strtok(inbuffer,delim);</code><br />
						
            
            <a class="navhash" href="#292">#</a>
						
              <code id="292">          ^</code><br />
						
            
            <a class="navhash" href="#293">#</a>
						
              <code id="293">parsecl.c:60:46: error: 'EOF' undeclared (first use in this function)</code><br />
						
            
            <a class="navhash" href="#294">#</a>
						
              <code id="294">  while ((c = getopt(argc,argv,"d:hi:mv")) != EOF){</code><br />
						
            
            <a class="navhash" href="#295">#</a>
						
              <code id="295">                                              ^</code><br />
						
            
            <a class="navhash" href="#296">#</a>
						
              <code id="296">parsecl.c:60:46: note: each undeclared identifier is reported only once for each function it appears in</code><br />
						
            
            <a class="navhash" href="#297">#</a>
						
              <code id="297">parse.c:53:2: warning: incompatible implicit declaration of built-in function 'strncpy' [enabled by default]</code><br />
						
            
            <a class="navhash" href="#298">#</a>
						
              <code id="298">  strncpy(outfields[i++],nextval,maxfieldlength);</code><br />
						
            
            <a class="navhash" href="#299">#</a>
						
              <code id="299">  ^</code><br />
						
            
            <a class="navhash" href="#300">#</a>
						
              <code id="300">procstatd.c:149:6: warning: incompatible implicit declaration of built-in function 'fprintf' [enabled by default]</code><br />
						
            
            <a class="navhash" href="#301">#</a>
						
              <code id="301">      fprintf(stderr,"Timeout (tried to bind six times five seconds apart)\n");</code><br />
						
            
            <a class="navhash" href="#302">#</a>
						
              <code id="302">      ^</code><br />
						
            
            <a class="navhash" href="#303">#</a>
						
              <code id="303">procstatd.c:152:4: warning: incompatible implicit declaration of built-in function 'fprintf' [enabled by default]</code><br />
						
            
            <a class="navhash" href="#304">#</a>
						
              <code id="304">    fprintf(stderr,"Bind to port %d failed: %.100s\n",port,strerror(errno));</code><br />
						
            
            <a class="navhash" href="#305">#</a>
						
              <code id="305">    ^</code><br />
						
            
            <a class="navhash" href="#306">#</a>
						
              <code id="306">parsecl.c:68:8: warning: incompatible implicit declaration of built-in function 'exit' [enabled by default]</code><br />
						
            
            <a class="navhash" href="#307">#</a>
						
              <code id="307">        exit(0);</code><br />
						
            
            <a class="navhash" href="#308">#</a>
						
              <code id="308">        ^</code><br />
						
            
            <a class="navhash" href="#309">#</a>
						
              <code id="309">procstatd.c:153:4: warning: incompatible implicit declaration of built-in function 'exit' [enabled by default]</code><br />
						
            
            <a class="navhash" href="#310">#</a>
						
              <code id="310">    exit(255);</code><br />
						
            
            <a class="navhash" href="#311">#</a>
						
              <code id="311">    ^</code><br />
						
            
            <a class="navhash" href="#312">#</a>
						
              <code id="312">procstatd.c:160:4: warning: incompatible implicit declaration of built-in function 'fprintf' [enabled by default]</code><br />
						
            
            <a class="navhash" href="#313">#</a>
						
              <code id="313">    fprintf(stderr,"listen: %.100s", strerror(errno));</code><br />
						
            
            <a class="navhash" href="#314">#</a>
						
              <code id="314">    ^</code><br />
						
            
            <a class="navhash" href="#315">#</a>
						
              <code id="315">procstatd.c:161:4: warning: incompatible implicit declaration of built-in function 'exit' [enabled by default]</code><br />
						
            
            <a class="navhash" href="#316">#</a>
						
              <code id="316">    exit(255);</code><br />
						
            
            <a class="navhash" href="#317">#</a>
						
              <code id="317">    ^</code><br />
						
            
            <a class="navhash" href="#318">#</a>
						
              <code id="318">parsecl.c:88:4: warning: incompatible implicit declaration of built-in function 'exit' [enabled by default]</code><br />
						
            
            <a class="navhash" href="#319">#</a>
						
              <code id="319">    exit(0);</code><br />
						
            
            <a class="navhash" href="#320">#</a>
						
              <code id="320">    ^</code><br />
						
            
            <a class="navhash" href="#321">#</a>
						
              <code id="321">parsecl.c: In function 'Usage':</code><br />
						
            
            <a class="navhash" href="#322">#</a>
						
              <code id="322">procstatd.c:186:40: error: 'NULL' undeclared (first use in this function)</code><br />
						
            
            <a class="navhash" href="#323">#</a>
						
              <code id="323">    ret = select(server_fd + 1, &fdset, NULL, NULL, NULL);</code><br />
						
            
            <a class="navhash" href="#324">#</a>
						
              <code id="324">                                        ^</code><br />
						
            
            <a class="navhash" href="#325">#</a>
						
              <code id="325">parsecl.c:109:2: warning: incompatible implicit declaration of built-in function 'fprintf' [enabled by default]</code><br />
						
            
            <a class="navhash" href="#326">#</a>
						
              <code id="326">  fprintf(stderr,"Usage:\n");</code><br />
						
            
            <a class="navhash" href="#327">#</a>
						
              <code id="327">  ^</code><br />
						
            
            <a class="navhash" href="#328">#</a>
						
              <code id="328">parsecl.c:109:10: error: 'stderr' undeclared (first use in this function)</code><br />
						
            
            <a class="navhash" href="#329">#</a>
						
              <code id="329">  fprintf(stderr,"Usage:\n");</code><br />
						
            
            <a class="navhash" href="#330">#</a>
						
              <code id="330">          ^</code><br />
						
            
            <a class="navhash" href="#331">#</a>
						
              <code id="331">procstatd.c:188:19: error: 'EINTR' undeclared (first use in this function)</code><br />
						
            
            <a class="navhash" href="#332">#</a>
						
              <code id="332">      if (errno == EINTR)</code><br />
						
            
            <a class="navhash" href="#333">#</a>
						
              <code id="333">                   ^</code><br />
						
            
            <a class="navhash" href="#334">#</a>
						
              <code id="334">cc1: error: no include path in which to search for stdc-predef.h</code><br />
						
            
            <a class="navhash" href="#335">#</a>
						
              <code id="335">procstatd.c:190:6: warning: incompatible implicit declaration of built-in function 'fprintf' [enabled by default]</code><br />
						
            
            <a class="navhash" href="#336">#</a>
						
              <code id="336">      fprintf(stderr,"select: %.100s", strerror(errno));</code><br />
						
            
            <a class="navhash" href="#337">#</a>
						
              <code id="337">      ^</code><br />
						
            
            <a class="navhash" href="#338">#</a>
						
              <code id="338">procstatd.c:201:6: warning: incompatible implicit declaration of built-in function 'fprintf' [enabled by default]</code><br />
						
            
            <a class="navhash" href="#339">#</a>
						
              <code id="339">      fprintf(stderr,"accept: %.100s", strerror(errno));</code><br />
						
            
            <a class="navhash" href="#340">#</a>
						
              <code id="340">      ^</code><br />
						
            
            <a class="navhash" href="#341">#</a>
						
              <code id="341">procstatd.c:228:6: warning: incompatible implicit declaration of built-in function 'fprintf' [enabled by default]</code><br />
						
            
            <a class="navhash" href="#342">#</a>
						
              <code id="342">      fprintf(stderr,"fork: %.100s", strerror(errno));</code><br />
						
            
            <a class="navhash" href="#343">#</a>
						
              <code id="343">      ^</code><br />
						
            
            <a class="navhash" href="#344">#</a>
						
              <code id="344">procstatd.c:235:18: error: 'SIG_DFL' undeclared (first use in this function)</code><br />
						
            
            <a class="navhash" href="#345">#</a>
						
              <code id="345">  signal(SIGCHLD, SIG_DFL);</code><br />
						
            
            <a class="navhash" href="#346">#</a>
						
              <code id="346">                  ^</code><br />
						
            
            <a class="navhash" href="#347">#</a>
						
              <code id="347">In file included from statlist.c:19:0:</code><br />
						
            
            <a class="navhash" href="#348">#</a>
						
              <code id="348">procstatd.h:23:19: error: no include path in which to search for stdio.h</code><br />
						
            
            <a class="navhash" href="#349">#</a>
						
              <code id="349"> #include <stdio.h></code><br />
						
            
            <a class="navhash" href="#350">#</a>
						
              <code id="350">                   ^</code><br />
						
            
            <a class="navhash" href="#351">#</a>
						
              <code id="351">procstatd.h:24:20: error: no include path in which to search for stdlib.h</code><br />
						
            
            <a class="navhash" href="#352">#</a>
						
              <code id="352"> #include <stdlib.h></code><br />
						
            
            <a class="navhash" href="#353">#</a>
						
              <code id="353">                    ^</code><br />
						
            
            <a class="navhash" href="#354">#</a>
						
              <code id="354">procstatd.h:25:20: error: no include path in which to search for unistd.h</code><br />
						
            
            <a class="navhash" href="#355">#</a>
						
              <code id="355"> #include <unistd.h></code><br />
						
            
            <a class="navhash" href="#356">#</a>
						
              <code id="356">                    ^</code><br />
						
            
            <a class="navhash" href="#357">#</a>
						
              <code id="357">procstatd.c: In function 'handlemessages':</code><br />
						
            
            <a class="navhash" href="#358">#</a>
						
              <code id="358">procstatd.h:26:19: error: no include path in which to search for errno.h</code><br />
						
            
            <a class="navhash" href="#359">#</a>
						
              <code id="359"> #include <errno.h></code><br />
						
            
            <a class="navhash" href="#360">#</a>
						
              <code id="360">                   ^</code><br />
						
            
            <a class="navhash" href="#361">#</a>
						
              <code id="361">procstatd.h:27:19: error: no include path in which to search for fcntl.h</code><br />
						
            
            <a class="navhash" href="#362">#</a>
						
              <code id="362"> #include <fcntl.h></code><br />
						
            
            <a class="navhash" href="#363">#</a>
						
              <code id="363">                   ^</code><br />
						
            
            <a class="navhash" href="#364">#</a>
						
              <code id="364">procstatd.c:285:2: warning: incompatible implicit declaration of built-in function 'bzero' [enabled by default]</code><br />
						
            
            <a class="navhash" href="#365">#</a>
						
              <code id="365">  bzero(inbuf,sizeof(inbuf));</code><br />
						
            
            <a class="navhash" href="#366">#</a>
						
              <code id="366">  ^</code><br />
						
            
            <a class="navhash" href="#367">#</a>
						
              <code id="367">procstatd.h:28:20: error: no include path in which to search for string.h</code><br />
						
            
            <a class="navhash" href="#368">#</a>
						
              <code id="368"> #include <string.h></code><br />
						
            
            <a class="navhash" href="#369">#</a>
						
              <code id="369">                    ^</code><br />
						
            
            <a class="navhash" href="#370">#</a>
						
              <code id="370">procstatd.h:29:21: error: no include path in which to search for strings.h</code><br />
						
            
            <a class="navhash" href="#371">#</a>
						
              <code id="371"> #include <strings.h></code><br />
						
            
            <a class="navhash" href="#372">#</a>
						
              <code id="372">                     ^</code><br />
						
            
            <a class="navhash" href="#373">#</a>
						
              <code id="373">procstatd.h:30:20: error: no include path in which to search for signal.h</code><br />
						
            
            <a class="navhash" href="#374">#</a>
						
              <code id="374"> #include <signal.h></code><br />
						
            
            <a class="navhash" href="#375">#</a>
						
              <code id="375">                    ^</code><br />
						
            
            <a class="navhash" href="#376">#</a>
						
              <code id="376">procstatd.c:287:2: warning: incompatible implicit declaration of built-in function 'sprintf' [enabled by default]</code><br />
						
            
            <a class="navhash" href="#377">#</a>
						
              <code id="377">  sprintf(commandname,"ready"); /* To start the loop */</code><br />
						
            
            <a class="navhash" href="#378">#</a>
						
              <code id="378">  ^</code><br />
						
            
            <a class="navhash" href="#379">#</a>
						
              <code id="379">procstatd.h:31:19: error: no include path in which to search for ctype.h</code><br />
						
            
            <a class="navhash" href="#380">#</a>
						
              <code id="380"> #include <ctype.h></code><br />
						
            
            <a class="navhash" href="#381">#</a>
						
              <code id="381">                   ^</code><br />
						
            
            <a class="navhash" href="#382">#</a>
						
              <code id="382">procstatd.h:32:18: error: no include path in which to search for time.h</code><br />
						
            
            <a class="navhash" href="#383">#</a>
						
              <code id="383"> #include <time.h></code><br />
						
            
            <a class="navhash" href="#384">#</a>
						
              <code id="384">                  ^</code><br />
						
            
            <a class="navhash" href="#385">#</a>
						
              <code id="385">procstatd.h:33:18: error: no include path in which to search for math.h</code><br />
						
            
            <a class="navhash" href="#386">#</a>
						
              <code id="386"> #include <math.h></code><br />
						
            
            <a class="navhash" href="#387">#</a>
						
              <code id="387">                  ^</code><br />
						
            
            <a class="navhash" href="#388">#</a>
						
              <code id="388">procstatd.c:288:14: warning: incompatible implicit declaration of built-in function 'printf' [enabled by default]</code><br />
						
            
            <a class="navhash" href="#389">#</a>
						
              <code id="389">  if(verbose) printf("%s to read/write with socket.\n",commandname);</code><br />
						
            
            <a class="navhash" href="#390">#</a>
						
              <code id="390">              ^</code><br />
						
            
            <a class="navhash" href="#391">#</a>
						
              <code id="391">procstatd.h:34:22: error: no include path in which to search for sys/file.h</code><br />
						
            
            <a class="navhash" href="#392">#</a>
						
              <code id="392"> #include <sys/file.h></code><br />
						
            
            <a class="navhash" href="#393">#</a>
						
              <code id="393">                      ^</code><br />
						
            
            <a class="navhash" href="#394">#</a>
						
              <code id="394">procstatd.h:35:21: error: no include path in which to search for sys/dir.h</code><br />
						
            
            <a class="navhash" href="#395">#</a>
						
              <code id="395"> #include <sys/dir.h></code><br />
						
            
            <a class="navhash" href="#396">#</a>
						
              <code id="396">                     ^</code><br />
						
            
            <a class="navhash" href="#397">#</a>
						
              <code id="397">procstatd.h:36:22: error: no include path in which to search for sys/stat.h</code><br />
						
            
            <a class="navhash" href="#398">#</a>
						
              <code id="398"> #include <sys/stat.h></code><br />
						
            
            <a class="navhash" href="#399">#</a>
						
              <code id="399">                      ^</code><br />
						
            
            <a class="navhash" href="#400">#</a>
						
              <code id="400">procstatd.h:37:23: error: no include path in which to search for sys/types.h</code><br />
						
            
            <a class="navhash" href="#401">#</a>
						
              <code id="401"> #include <sys/types.h></code><br />
						
            
            <a class="navhash" href="#402">#</a>
						
              <code id="402">                       ^</code><br />
						
            
            <a class="navhash" href="#403">#</a>
						
              <code id="403">procstatd.h:38:24: error: no include path in which to search for sys/socket.h</code><br />
						
            
            <a class="navhash" href="#404">#</a>
						
              <code id="404"> #include <sys/socket.h></code><br />
						
            
            <a class="navhash" href="#405">#</a>
						
              <code id="405">                        ^</code><br />
						
            
            <a class="navhash" href="#406">#</a>
						
              <code id="406">procstatd.h:39:20: error: no include path in which to search for sys/un.h</code><br />
						
            
            <a class="navhash" href="#407">#</a>
						
              <code id="407"> #include <sys/un.h></code><br />
						
            
            <a class="navhash" href="#408">#</a>
						
              <code id="408">                    ^</code><br />
						
            
            <a class="navhash" href="#409">#</a>
						
              <code id="409">procstatd.h:40:24: error: no include path in which to search for netinet/in.h</code><br />
						
            
            <a class="navhash" href="#410">#</a>
						
              <code id="410"> #include <netinet/in.h></code><br />
						
            
            <a class="navhash" href="#411">#</a>
						
              <code id="411">                        ^</code><br />
						
            
            <a class="navhash" href="#412">#</a>
						
              <code id="412">procstatd.c:309:4: warning: incompatible implicit declaration of built-in function 'strcpy' [enabled by default]</code><br />
						
            
            <a class="navhash" href="#413">#</a>
						
              <code id="413">    strcpy(commandname, fields[0]);</code><br />
						
            
            <a class="navhash" href="#414">#</a>
						
              <code id="414">    ^</code><br />
						
            
            <a class="navhash" href="#415">#</a>
						
              <code id="415">procstatd.h:41:23: error: no include path in which to search for arpa/inet.h</code><br />
						
            
            <a class="navhash" href="#416">#</a>
						
              <code id="416"> #include <arpa/inet.h></code><br />
						
            
            <a class="navhash" href="#417">#</a>
						
              <code id="417">                       ^</code><br />
						
            
            <a class="navhash" href="#418">#</a>
						
              <code id="418">procstatd.h:42:18: error: no include path in which to search for utmp.h</code><br />
						
            
            <a class="navhash" href="#419">#</a>
						
              <code id="419"> #include <utmp.h></code><br />
						
            
            <a class="navhash" href="#420">#</a>
						
              <code id="420">                  ^</code><br />
						
            
            <a class="navhash" href="#421">#</a>
						
              <code id="421">procstatd.h:43:19: error: no include path in which to search for netdb.h</code><br />
						
            
            <a class="navhash" href="#422">#</a>
						
              <code id="422"> #include <netdb.h></code><br />
						
            
            <a class="navhash" href="#423">#</a>
						
              <code id="423">                   ^</code><br />
						
            
            <a class="navhash" href="#424">#</a>
						
              <code id="424">procstatd.c:329:13: error: 'stdout' undeclared (first use in this function)</code><br />
						
            
            <a class="navhash" href="#425">#</a>
						
              <code id="425">      fflush(stdout);</code><br />
						
            
            <a class="navhash" href="#426">#</a>
						
              <code id="426">             ^</code><br />
						
            
            <a class="navhash" href="#427">#</a>
						<span class="error">
              <code id="427">procstatd.h:73:21: error: unknown type name 'FILE'</code><br />
						</span>
            
            <a class="navhash" href="#428">#</a>
						
              <code id="428"> void print_statlist(FILE *);</code><br />
						
            
            <a class="navhash" href="#429">#</a>
						
              <code id="429">                     ^</code><br />
						
            
            <a class="navhash" href="#430">#</a>
						
              <code id="430">procstatd.c:373:6: warning: incompatible implicit declaration of built-in function 'exit' [enabled by default]</code><br />
						
            
            <a class="navhash" href="#431">#</a>
						
              <code id="431">      exit(0);</code><br />
						
            
            <a class="navhash" href="#432">#</a>
						
              <code id="432">      ^</code><br />
						
            
            <a class="navhash" href="#433">#</a>
						<span class="error">
              <code id="433">procstatd.h:224:2: error: unknown type name 'FILE'</code><br />
						</span>
            
            <a class="navhash" href="#434">#</a>
						
              <code id="434">  FILE *stat_fd[N_SOURCES];</code><br />
						
            
            <a class="navhash" href="#435">#</a>
						
              <code id="435">  ^</code><br />
						
            
            <a class="navhash" href="#436">#</a>
						<span class="error">
              <code id="436">procstatd.h:225:2: error: unknown type name 'FILE'</code><br />
						</span>
            
            <a class="navhash" href="#437">#</a>
						
              <code id="437">  FILE *sendstat_fd;</code><br />
						
            
            <a class="navhash" href="#438">#</a>
						
              <code id="438">  ^</code><br />
						
            
            <a class="navhash" href="#439">#</a>
						
              <code id="439">make: *** [Makefile:66: parse.o] Error 1</code><br />
						
            
            <a class="navhash" href="#440">#</a>
						
              <code id="440">make: *** Waiting for unfinished jobs....</code><br />
						
            
            <a class="navhash" href="#441">#</a>
						
              <code id="441">statlist.c: In function 'get_statlist':</code><br />
						
            
            <a class="navhash" href="#442">#</a>
						
              <code id="442">statlist.c:113:25: error: 'NULL' undeclared (first use in this function)</code><br />
						
            
            <a class="navhash" href="#443">#</a>
						
              <code id="443">  cur_time = (long) time(NULL);</code><br />
						
            
            <a class="navhash" href="#444">#</a>
						
              <code id="444">                         ^</code><br />
						
            
            <a class="navhash" href="#445">#</a>
						
              <code id="445">statlist.c:113:25: note: each undeclared identifier is reported only once for each function it appears in</code><br />
						
            
            <a class="navhash" href="#446">#</a>
						
              <code id="446">make: *** [Makefile:66: parsecl.o] Error 1</code><br />
						
            
            <a class="navhash" href="#447">#</a>
						
              <code id="447">make: *** [Makefile:66: statlist.o] Error 1</code><br />
						
            
            <a class="navhash" href="#448">#</a>
						
              <code id="448">make: *** [Makefile:66: procstatd.o] Error 1</code><br />
						
            
            <a class="navhash" href="#449">#</a>
						
              <code id="449">==> ERROR: A failure occurred in build().</code><br />
						
            
            <a class="navhash" href="#450">#</a>
						
              <code id="450">    Aborting...</code><br />
						
            
          </div>
        
      </div>
      <br />
    
  </body>
</html>