<!DOCTYPE html>
<html>
<!-- Jinja template for reports of individual builds

  Copyright 2016 Kareem Khazem. All Rights Reserved.
  Licensed under the Apache License, Version 2.0 (the "License");
  you may not use this file except in compliance with the License.
  You may obtain a copy of the License at

 		 http://www.apache.org/licenses/LICENSE-2.0

  Unless required by applicable law or agreed to in writing, software
  distributed under the License is distributed on an "AS IS" BASIS,
  WITHOUT WARRANTIES OR CONDITIONS OF ANY KIND, either express or
  implied.
  See the License for the specific language governing permissions and
  limitations under the License.
-->
  <head>
    <meta charset="UTF-8">
    <title>android/ratpoints</title>
    <link href='https://fonts.googleapis.com/css?family=Roboto:400,900'
          rel='stylesheet' type='text/css'>
    <link
    href='https://fonts.googleapis.com/css?family=Source+Code+Pro:400,700'
          rel='stylesheet' type='text/css'>
    <link href="../style.css" type="text/css" rel="stylesheet">
  </head>
  <body>
    <h1>Build of ratpoints
        with <a href="../index.html">android</a>
        toolchain</h1>
    <p>The build took 00h 01m 07s and was
    NOT successful.</p>
    <p>
    The program in this build is written in the following languages,
    according to <a
    href="http://www.dwheeler.com/sloccount/">sloccount</a>:
    </p>
    <table>
      <tr><th>SLOC</th><th>Language</th></tr>
      
      <tr><td class="loc"><code>4,201</code></td>
          <td class="lang">ansic</td></tr>
      <tr><td class="loc"><code>80</code></td>
          <td class="lang">makefile</td></tr>
      <tr><td><code>4,281</code></td>
          <td><em>total</em></td></tr>
    </table>
    <p>
      The process tree of the build process is <a
      href="ratpoints-tree.html">here</a>.
    </p>
    
    
      <p>
      Several sub-process invocations were improper; see the process tree
      for details. Summary:
      </p>
      <ul>
        <li>hardcoded invocation:<ul>
            <li>&times;8: gcc

/sysroot/bin/arm-linux-androideabi-gcc
</li>
        </ul></li>
      </ul>
    
    
    
    
    <h2>List of Errors</h2>
    <ul>
      
      <li>unknown_type
        <ul>
          
          <li><a href="#62">ratpoints.h:41:16: error: unknown type name 'mpz_t'</a></li>
          
          <li><a href="#75">ratpoints.h:48:18: error: unknown type name 'mpz_t'</a></li>
          
          <li><a href="#78">ratpoints.h:41:16: error: unknown type name 'mpz_t'</a></li>
          
          <li><a href="#81">ratpoints.h:41:16: error: unknown type name 'mpz_t'</a></li>
          
          <li><a href="#88">ratpoints.h:48:18: error: unknown type name 'mpz_t'</a></li>
          
          <li><a href="#91">ratpoints.h:48:18: error: unknown type name 'mpz_t'</a></li>
          
          <li><a href="#120">ratpoints.h:41:16: error: unknown type name 'mpz_t'</a></li>
          
          <li><a href="#126">sturm.c:56:45: error: unknown type name 'mpz_t'</a></li>
          
          <li><a href="#129">ratpoints.h:48:18: error: unknown type name 'mpz_t'</a></li>
          
          <li><a href="#136">sturm.c:75:3: error: unknown type name 'mpz_t'</a></li>
          
          <li><a href="#139">sturm.c:81:3: error: unknown type name 'mpz_t'</a></li>
          
          <li><a href="#152">sturm.c:85:3: error: unknown type name 'mpz_t'</a></li>
          
        </ul>
      </li>
      
    </ul>
    
    
    <h2>Log</h2>
    <p>
    To avoid scrolling, you may jump to the <a
    href="#246">last line</a> of the
    invocation of <code>makepkg</code> that was used to build this
    package.
    </p>
    
    
      <div class="block">
        <div class="info">
          <code>Removed vanilla repositories from pacman.conf and added:</code>
        </div>
        
          <div class="output">
            
            <a class="navhash" href="#1">#</a>
						
              <code id="1">[tuscan]</code><br />
						
            
            <a class="navhash" href="#2">#</a>
						
              <code id="2">Server = file:///var/cache/pacman/pkg/</code><br />
						
            
          </div>
        
      </div>
      <br />
    
      <div class="block">
        <div class="command">
          <code><span class="prompt">CMD: </span>pacman -Syy --noconfirm</code>
        </div>
        
          <div class="output">
            
            <a class="navhash" href="#3">#</a>
						
              <code id="3">:: Synchronizing package databases...</code><br />
						
            
            <a class="navhash" href="#4">#</a>
						
              <code id="4">downloading tuscan.db...</code><br />
						
            
          </div>
        
      </div>
      <br />
    
      <div class="block">
        <div class="info">
          <code>Copied permanent toolchain into container-local sysroot</code>
        </div>
        
          <div class="output">
            
            <a class="navhash" href="#5">#</a>
						
              <code id="5">/toolchain_root/arm-linux-androideabi  -->  /sysroot/arm-linux-androideabi</code><br />
						
            
            <a class="navhash" href="#6">#</a>
						
              <code id="6">/toolchain_root/COPYING3.LIB  -->  /sysroot/COPYING3.LIB</code><br />
						
            
            <a class="navhash" href="#7">#</a>
						
              <code id="7">/toolchain_root/sysroot  -->  /sysroot/sysroot</code><br />
						
            
            <a class="navhash" href="#8">#</a>
						
              <code id="8">/toolchain_root/COPYING.RUNTIME  -->  /sysroot/COPYING.RUNTIME</code><br />
						
            
            <a class="navhash" href="#9">#</a>
						
              <code id="9">/toolchain_root/lib  -->  /sysroot/lib</code><br />
						
            
            <a class="navhash" href="#10">#</a>
						
              <code id="10">/toolchain_root/SOURCES  -->  /sysroot/SOURCES</code><br />
						
            
            <a class="navhash" href="#11">#</a>
						
              <code id="11">/toolchain_root/lib64  -->  /sysroot/lib64</code><br />
						
            
            <a class="navhash" href="#12">#</a>
						
              <code id="12">/toolchain_root/share  -->  /sysroot/share</code><br />
						
            
            <a class="navhash" href="#13">#</a>
						
              <code id="13">/toolchain_root/bin  -->  /sysroot/bin</code><br />
						
            
            <a class="navhash" href="#14">#</a>
						
              <code id="14">/toolchain_root/COPYING  -->  /sysroot/COPYING</code><br />
						
            
            <a class="navhash" href="#15">#</a>
						
              <code id="15">/toolchain_root/COPYING3  -->  /sysroot/COPYING3</code><br />
						
            
            <a class="navhash" href="#16">#</a>
						
              <code id="16">/toolchain_root/COPYING.LIB  -->  /sysroot/COPYING.LIB</code><br />
						
            
            <a class="navhash" href="#17">#</a>
						
              <code id="17">/toolchain_root/include  -->  /sysroot/include</code><br />
						
            
            <a class="navhash" href="#18">#</a>
						
              <code id="18">/toolchain_root/libexec  -->  /sysroot/libexec</code><br />
						
            
          </div>
        
      </div>
      <br />
    
      <div class="block">
        <div class="command">
          <code><span class="prompt">CMD: </span>sudo -u tuscan PATH=/sysroot/bin:/sysroot/libexec/gcc/arm-linux-androideabi/4.8:/usr/local/sbin:/usr/local/bin:/usr/sbin:/usr/bin:/sbin:/bin CC=arm-linux-androideabi-gcc CXX=arm-linux-androideabi-g++ red makepkg --noextract --syncdeps --skipinteg --skippgpcheck --skipchecksums --noconfirm --nocolor --log --noprogressbar --nocheck</code>
        </div>
        
          <div class="output">
            
            <a class="navhash" href="#19">#</a>
						
              <code id="19">==> Making package: ratpoints 2.1.3-1 (Tue Apr  4 21:16:17 UTC 2017)</code><br />
						
            
            <a class="navhash" href="#20">#</a>
						
              <code id="20">==> Checking runtime dependencies...</code><br />
						
            
            <a class="navhash" href="#21">#</a>
						
              <code id="21">==> Checking buildtime dependencies...</code><br />
						
            
            <a class="navhash" href="#22">#</a>
						
              <code id="22">==> WARNING: Using existing $srcdir/ tree</code><br />
						
            
            <a class="navhash" href="#23">#</a>
						
              <code id="23">==> Starting build()...</code><br />
						
            
            <a class="navhash" href="#24">#</a>
						
              <code id="24">gcc sift.c -c -o sift.o -Wall -O2 -fomit-frame-pointer -DRATPOINTS_MAX_BITS_IN_PRIME=7 -DUSE_SSE -funroll-loops </code><br />
						
            
            <a class="navhash" href="#25">#</a>
						
              <code id="25">gcc gen_init_sieve_h.c -o gen_init_sieve_h  -Wall -O2 -fomit-frame-pointer -DRATPOINTS_MAX_BITS_IN_PRIME=7 -DUSE_SSE -lgmp -lgcc -lc -lm </code><br />
						
            
            <a class="navhash" href="#26">#</a>
						
              <code id="26">gcc sturm.c -c -o sturm.o -Wall -O2 -fomit-frame-pointer -DRATPOINTS_MAX_BITS_IN_PRIME=7 -DUSE_SSE </code><br />
						
            
            <a class="navhash" href="#27">#</a>
						
              <code id="27">gcc gen_find_points_h.c -o gen_find_points_h  -Wall -O2 -fomit-frame-pointer -DRATPOINTS_MAX_BITS_IN_PRIME=7 -DUSE_SSE -lgmp -lgcc -lc -lm </code><br />
						
            
            <a class="navhash" href="#28">#</a>
						
              <code id="28">cc1: error: no include path in which to search for stdc-predef.h</code><br />
						
            
            <a class="navhash" href="#29">#</a>
						
              <code id="29">cc1: error: no include path in which to search for stdc-predef.h</code><br />
						
            
            <a class="navhash" href="#30">#</a>
						
              <code id="30">cc1: error: no include path in which to search for stdc-predef.h</code><br />
						
            
            <a class="navhash" href="#31">#</a>
						
              <code id="31">In file included from gen_init_sieve_h.c:29:0:</code><br />
						
            
            <a class="navhash" href="#32">#</a>
						
              <code id="32">rp-private.h:29:20: error: no include path in which to search for stdlib.h</code><br />
						
            
            <a class="navhash" href="#33">#</a>
						
              <code id="33"> #include <stdlib.h></code><br />
						
            
            <a class="navhash" href="#34">#</a>
						
              <code id="34">                    ^</code><br />
						
            
            <a class="navhash" href="#35">#</a>
						
              <code id="35">In file included from sturm.c:29:0:</code><br />
						
            
            <a class="navhash" href="#36">#</a>
						
              <code id="36">ratpoints.h:29:17: error: no include path in which to search for gmp.h</code><br />
						
            
            <a class="navhash" href="#37">#</a>
						
              <code id="37"> #include <gmp.h></code><br />
						
            
            <a class="navhash" href="#38">#</a>
						
              <code id="38">                 ^</code><br />
						
            
            <a class="navhash" href="#39">#</a>
						
              <code id="39">In file included from sift.c:29:0:</code><br />
						
            
            <a class="navhash" href="#40">#</a>
						
              <code id="40">rp-private.h:29:20: error: no include path in which to search for stdlib.h</code><br />
						
            
            <a class="navhash" href="#41">#</a>
						
              <code id="41"> #include <stdlib.h></code><br />
						
            
            <a class="navhash" href="#42">#</a>
						
              <code id="42">                    ^</code><br />
						
            
            <a class="navhash" href="#43">#</a>
						
              <code id="43">rp-private.h:30:19: error: no include path in which to search for stdio.h</code><br />
						
            
            <a class="navhash" href="#44">#</a>
						
              <code id="44"> #include <stdio.h></code><br />
						
            
            <a class="navhash" href="#45">#</a>
						
              <code id="45">                   ^</code><br />
						
            
            <a class="navhash" href="#46">#</a>
						
              <code id="46">rp-private.h:31:18: error: no include path in which to search for math.h</code><br />
						
            
            <a class="navhash" href="#47">#</a>
						
              <code id="47"> #include <math.h></code><br />
						
            
            <a class="navhash" href="#48">#</a>
						
              <code id="48">                  ^</code><br />
						
            
            <a class="navhash" href="#49">#</a>
						
              <code id="49">rp-private.h:30:19: error: no include path in which to search for stdio.h</code><br />
						
            
            <a class="navhash" href="#50">#</a>
						
              <code id="50"> #include <stdio.h></code><br />
						
            
            <a class="navhash" href="#51">#</a>
						
              <code id="51">                   ^</code><br />
						
            
            <a class="navhash" href="#52">#</a>
						
              <code id="52">cc1: error: no include path in which to search for stdc-predef.h</code><br />
						
            
            <a class="navhash" href="#53">#</a>
						
              <code id="53">rp-private.h:32:20: error: no include path in which to search for string.h</code><br />
						
            
            <a class="navhash" href="#54">#</a>
						
              <code id="54"> #include <string.h></code><br />
						
            
            <a class="navhash" href="#55">#</a>
						
              <code id="55">                    ^</code><br />
						
            
            <a class="navhash" href="#56">#</a>
						
              <code id="56">rp-private.h:31:18: error: no include path in which to search for math.h</code><br />
						
            
            <a class="navhash" href="#57">#</a>
						
              <code id="57"> #include <math.h></code><br />
						
            
            <a class="navhash" href="#58">#</a>
						
              <code id="58">                  ^</code><br />
						
            
            <a class="navhash" href="#59">#</a>
						
              <code id="59">rp-private.h:32:20: error: no include path in which to search for string.h</code><br />
						
            
            <a class="navhash" href="#60">#</a>
						
              <code id="60"> #include <string.h></code><br />
						
            
            <a class="navhash" href="#61">#</a>
						
              <code id="61">                    ^</code><br />
						
            
            <a class="navhash" href="#62">#</a>
						<span class="error">
              <code id="62">ratpoints.h:41:16: error: unknown type name 'mpz_t'</code><br />
						</span>
            
            <a class="navhash" href="#63">#</a>
						
              <code id="63"> typedef struct { mpz_t *cof; long degree; long height;</code><br />
						
            
            <a class="navhash" href="#64">#</a>
						
              <code id="64">                ^</code><br />
						
            
            <a class="navhash" href="#65">#</a>
						
              <code id="65">In file included from rp-private.h:52:0,</code><br />
						
            
            <a class="navhash" href="#66">#</a>
						
              <code id="66">                 from gen_init_sieve_h.c:29:</code><br />
						
            
            <a class="navhash" href="#67">#</a>
						
              <code id="67">ratpoints.h:29:17: error: no include path in which to search for gmp.h</code><br />
						
            
            <a class="navhash" href="#68">#</a>
						
              <code id="68"> #include <gmp.h></code><br />
						
            
            <a class="navhash" href="#69">#</a>
						
              <code id="69">                 ^</code><br />
						
            
            <a class="navhash" href="#70">#</a>
						
              <code id="70">In file included from rp-private.h:52:0,</code><br />
						
            
            <a class="navhash" href="#71">#</a>
						
              <code id="71">                 from sift.c:29:</code><br />
						
            
            <a class="navhash" href="#72">#</a>
						
              <code id="72">ratpoints.h:29:17: error: no include path in which to search for gmp.h</code><br />
						
            
            <a class="navhash" href="#73">#</a>
						
              <code id="73"> #include <gmp.h></code><br />
						
            
            <a class="navhash" href="#74">#</a>
						
              <code id="74">                 ^</code><br />
						
            
            <a class="navhash" href="#75">#</a>
						<span class="error">
              <code id="75">ratpoints.h:48:18: error: unknown type name 'mpz_t'</code><br />
						</span>
            
            <a class="navhash" href="#76">#</a>
						
              <code id="76">                  mpz_t *work; long work_length;</code><br />
						
            
            <a class="navhash" href="#77">#</a>
						
              <code id="77">                  ^</code><br />
						
            
            <a class="navhash" href="#78">#</a>
						<span class="error">
              <code id="78">ratpoints.h:41:16: error: unknown type name 'mpz_t'</code><br />
						</span>
            
            <a class="navhash" href="#79">#</a>
						
              <code id="79"> typedef struct { mpz_t *cof; long degree; long height;</code><br />
						
            
            <a class="navhash" href="#80">#</a>
						
              <code id="80">                ^</code><br />
						
            
            <a class="navhash" href="#81">#</a>
						<span class="error">
              <code id="81">ratpoints.h:41:16: error: unknown type name 'mpz_t'</code><br />
						</span>
            
            <a class="navhash" href="#82">#</a>
						
              <code id="82"> typedef struct { mpz_t *cof; long degree; long height;</code><br />
						
            
            <a class="navhash" href="#83">#</a>
						
              <code id="83">                ^</code><br />
						
            
            <a class="navhash" href="#84">#</a>
						
              <code id="84">In file included from gen_find_points_h.c:29:0:</code><br />
						
            
            <a class="navhash" href="#85">#</a>
						
              <code id="85">rp-private.h:29:20: error: no include path in which to search for stdlib.h</code><br />
						
            
            <a class="navhash" href="#86">#</a>
						
              <code id="86"> #include <stdlib.h></code><br />
						
            
            <a class="navhash" href="#87">#</a>
						
              <code id="87">                    ^</code><br />
						
            
            <a class="navhash" href="#88">#</a>
						<span class="error">
              <code id="88">ratpoints.h:48:18: error: unknown type name 'mpz_t'</code><br />
						</span>
            
            <a class="navhash" href="#89">#</a>
						
              <code id="89">                  mpz_t *work; long work_length;</code><br />
						
            
            <a class="navhash" href="#90">#</a>
						
              <code id="90">                  ^</code><br />
						
            
            <a class="navhash" href="#91">#</a>
						<span class="error">
              <code id="91">ratpoints.h:48:18: error: unknown type name 'mpz_t'</code><br />
						</span>
            
            <a class="navhash" href="#92">#</a>
						
              <code id="92">                  mpz_t *work; long work_length;</code><br />
						
            
            <a class="navhash" href="#93">#</a>
						
              <code id="93">                  ^</code><br />
						
            
            <a class="navhash" href="#94">#</a>
						
              <code id="94">rp-private.h:30:19: error: no include path in which to search for stdio.h</code><br />
						
            
            <a class="navhash" href="#95">#</a>
						
              <code id="95"> #include <stdio.h></code><br />
						
            
            <a class="navhash" href="#96">#</a>
						
              <code id="96">                   ^</code><br />
						
            
            <a class="navhash" href="#97">#</a>
						
              <code id="97">rp-private.h:31:18: error: no include path in which to search for math.h</code><br />
						
            
            <a class="navhash" href="#98">#</a>
						
              <code id="98"> #include <math.h></code><br />
						
            
            <a class="navhash" href="#99">#</a>
						
              <code id="99">                  ^</code><br />
						
            
            <a class="navhash" href="#100">#</a>
						
              <code id="100">rp-private.h:32:20: error: no include path in which to search for string.h</code><br />
						
            
            <a class="navhash" href="#101">#</a>
						
              <code id="101"> #include <string.h></code><br />
						
            
            <a class="navhash" href="#102">#</a>
						
              <code id="102">                    ^</code><br />
						
            
            <a class="navhash" href="#103">#</a>
						
              <code id="103">ratpoints.h:82:45: warning: type defaults to 'int' in declaration of 'mpz_t' [-Wimplicit-int]</code><br />
						
            
            <a class="navhash" href="#104">#</a>
						
              <code id="104">                  int proc(long, long, const mpz_t, void*, int*), void*);</code><br />
						
            
            <a class="navhash" href="#105">#</a>
						
              <code id="105">                                             ^</code><br />
						
            
            <a class="navhash" href="#106">#</a>
						
              <code id="106">In file included from rp-private.h:52:0,</code><br />
						
            
            <a class="navhash" href="#107">#</a>
						
              <code id="107">                 from gen_find_points_h.c:29:</code><br />
						
            
            <a class="navhash" href="#108">#</a>
						
              <code id="108">ratpoints.h:29:17: error: no include path in which to search for gmp.h</code><br />
						
            
            <a class="navhash" href="#109">#</a>
						
              <code id="109"> #include <gmp.h></code><br />
						
            
            <a class="navhash" href="#110">#</a>
						
              <code id="110">                 ^</code><br />
						
            
            <a class="navhash" href="#111">#</a>
						
              <code id="111">ratpoints.h:87:50: warning: type defaults to 'int' in declaration of 'mpz_t' [-Wimplicit-int]</code><br />
						
            
            <a class="navhash" href="#112">#</a>
						
              <code id="112">                       int proc(long, long, const mpz_t, void*, int*), void*);</code><br />
						
            
            <a class="navhash" href="#113">#</a>
						
              <code id="113">                                                  ^</code><br />
						
            
            <a class="navhash" href="#114">#</a>
						
              <code id="114">ratpoints.h:82:45: warning: type defaults to 'int' in declaration of 'mpz_t' [-Wimplicit-int]</code><br />
						
            
            <a class="navhash" href="#115">#</a>
						
              <code id="115">                  int proc(long, long, const mpz_t, void*, int*), void*);</code><br />
						
            
            <a class="navhash" href="#116">#</a>
						
              <code id="116">                                             ^</code><br />
						
            
            <a class="navhash" href="#117">#</a>
						
              <code id="117">ratpoints.h:82:45: warning: type defaults to 'int' in declaration of 'mpz_t' [-Wimplicit-int]</code><br />
						
            
            <a class="navhash" href="#118">#</a>
						
              <code id="118">                  int proc(long, long, const mpz_t, void*, int*), void*);</code><br />
						
            
            <a class="navhash" href="#119">#</a>
						
              <code id="119">                                             ^</code><br />
						
            
            <a class="navhash" href="#120">#</a>
						<span class="error">
              <code id="120">ratpoints.h:41:16: error: unknown type name 'mpz_t'</code><br />
						</span>
            
            <a class="navhash" href="#121">#</a>
						
              <code id="121"> typedef struct { mpz_t *cof; long degree; long height;</code><br />
						
            
            <a class="navhash" href="#122">#</a>
						
              <code id="122">                ^</code><br />
						
            
            <a class="navhash" href="#123">#</a>
						
              <code id="123">ratpoints.h:87:50: warning: type defaults to 'int' in declaration of 'mpz_t' [-Wimplicit-int]</code><br />
						
            
            <a class="navhash" href="#124">#</a>
						
              <code id="124">                       int proc(long, long, const mpz_t, void*, int*), void*);</code><br />
						
            
            <a class="navhash" href="#125">#</a>
						
              <code id="125">                                                  ^</code><br />
						
            
            <a class="navhash" href="#126">#</a>
						<span class="error">
              <code id="126">sturm.c:56:45: error: unknown type name 'mpz_t'</code><br />
						</span>
            
            <a class="navhash" href="#127">#</a>
						
              <code id="127"> static long eval_sign(ratpoints_args *args, mpz_t *cofs, long degree,</code><br />
						
            
            <a class="navhash" href="#128">#</a>
						
              <code id="128">                                             ^</code><br />
						
            
            <a class="navhash" href="#129">#</a>
						<span class="error">
              <code id="129">ratpoints.h:48:18: error: unknown type name 'mpz_t'</code><br />
						</span>
            
            <a class="navhash" href="#130">#</a>
						
              <code id="130">                  mpz_t *work; long work_length;</code><br />
						
            
            <a class="navhash" href="#131">#</a>
						
              <code id="131">                  ^</code><br />
						
            
            <a class="navhash" href="#132">#</a>
						
              <code id="132">ratpoints.h:87:50: warning: type defaults to 'int' in declaration of 'mpz_t' [-Wimplicit-int]</code><br />
						
            
            <a class="navhash" href="#133">#</a>
						
              <code id="133">                       int proc(long, long, const mpz_t, void*, int*), void*);</code><br />
						
            
            <a class="navhash" href="#134">#</a>
						
              <code id="134">                                                  ^</code><br />
						
            
            <a class="navhash" href="#135">#</a>
						
              <code id="135">sturm.c: In function '_ratpoints_compute_sturm':</code><br />
						
            
            <a class="navhash" href="#136">#</a>
						<span class="error">
              <code id="136">sturm.c:75:3: error: unknown type name 'mpz_t'</code><br />
						</span>
            
            <a class="navhash" href="#137">#</a>
						
              <code id="137">   mpz_t *cofs = args->cof;</code><br />
						
            
            <a class="navhash" href="#138">#</a>
						
              <code id="138">   ^</code><br />
						
            
            <a class="navhash" href="#139">#</a>
						<span class="error">
              <code id="139">sturm.c:81:3: error: unknown type name 'mpz_t'</code><br />
						</span>
            
            <a class="navhash" href="#140">#</a>
						
              <code id="140">   mpz_t sturm[degree+1][degree+1];</code><br />
						
            
            <a class="navhash" href="#141">#</a>
						
              <code id="141">   ^</code><br />
						
            
            <a class="navhash" href="#142">#</a>
						
              <code id="142">ratpoints.h:82:45: warning: type defaults to 'int' in declaration of 'mpz_t' [-Wimplicit-int]</code><br />
						
            
            <a class="navhash" href="#143">#</a>
						
              <code id="143">                  int proc(long, long, const mpz_t, void*, int*), void*);</code><br />
						
            
            <a class="navhash" href="#144">#</a>
						
              <code id="144">                                             ^</code><br />
						
            
            <a class="navhash" href="#145">#</a>
						
              <code id="145">In file included from gen_init_sieve_h.c:29:0:</code><br />
						
            
            <a class="navhash" href="#146">#</a>
						
              <code id="146">rp-private.h:150:48: warning: type defaults to 'int' in declaration of 'mpz_t' [-Wimplicit-int]</code><br />
						
            
            <a class="navhash" href="#147">#</a>
						
              <code id="147">                  int process(long, long, const mpz_t, void*, int*), void *info);</code><br />
						
            
            <a class="navhash" href="#148">#</a>
						
              <code id="148">                                                ^</code><br />
						
            
            <a class="navhash" href="#149">#</a>
						
              <code id="149">ratpoints.h:87:50: warning: type defaults to 'int' in declaration of 'mpz_t' [-Wimplicit-int]</code><br />
						
            
            <a class="navhash" href="#150">#</a>
						
              <code id="150">                       int proc(long, long, const mpz_t, void*, int*), void*);</code><br />
						
            
            <a class="navhash" href="#151">#</a>
						
              <code id="151">                                                  ^</code><br />
						
            
            <a class="navhash" href="#152">#</a>
						<span class="error">
              <code id="152">sturm.c:85:3: error: unknown type name 'mpz_t'</code><br />
						</span>
            
            <a class="navhash" href="#153">#</a>
						
              <code id="153">   mpz_t *work = args->work;</code><br />
						
            
            <a class="navhash" href="#154">#</a>
						
              <code id="154">   ^</code><br />
						
            
            <a class="navhash" href="#155">#</a>
						
              <code id="155">In file included from sift.c:29:0:</code><br />
						
            
            <a class="navhash" href="#156">#</a>
						
              <code id="156">rp-private.h:150:48: warning: type defaults to 'int' in declaration of 'mpz_t' [-Wimplicit-int]</code><br />
						
            
            <a class="navhash" href="#157">#</a>
						
              <code id="157">                  int process(long, long, const mpz_t, void*, int*), void *info);</code><br />
						
            
            <a class="navhash" href="#158">#</a>
						
              <code id="158">                                                ^</code><br />
						
            
            <a class="navhash" href="#159">#</a>
						
              <code id="159">rp-private.h:156:42: warning: type defaults to 'int' in declaration of 'mpz_t' [-Wimplicit-int]</code><br />
						
            
            <a class="navhash" href="#160">#</a>
						
              <code id="160">            int process(long, long, const mpz_t, void*, int*), void *info);</code><br />
						
            
            <a class="navhash" href="#161">#</a>
						
              <code id="161">                                          ^</code><br />
						
            
            <a class="navhash" href="#162">#</a>
						
              <code id="162">rp-private.h:156:42: warning: type defaults to 'int' in declaration of 'mpz_t' [-Wimplicit-int]</code><br />
						
            
            <a class="navhash" href="#163">#</a>
						
              <code id="163">            int process(long, long, const mpz_t, void*, int*), void *info);</code><br />
						
            
            <a class="navhash" href="#164">#</a>
						
              <code id="164">                                          ^</code><br />
						
            
            <a class="navhash" href="#165">#</a>
						
              <code id="165">sturm.c:91:5: warning: implicit declaration of function 'mpz_init' [-Wimplicit-function-declaration]</code><br />
						
            
            <a class="navhash" href="#166">#</a>
						
              <code id="166">     { mpz_init(sturm[n][m]); }</code><br />
						
            
            <a class="navhash" href="#167">#</a>
						
              <code id="167">     ^</code><br />
						
            
            <a class="navhash" href="#168">#</a>
						
              <code id="168">sturm.c:93:3: warning: implicit declaration of function 'mpz_set' [-Wimplicit-function-declaration]</code><br />
						
            
            <a class="navhash" href="#169">#</a>
						
              <code id="169">   for(n = 0; n <= degree; n++) mpz_set(sturm[0][n], cofs[n]);</code><br />
						
            
            <a class="navhash" href="#170">#</a>
						
              <code id="170">   ^</code><br />
						
            
            <a class="navhash" href="#171">#</a>
						
              <code id="171">In file included from gen_find_points_h.c:29:0:</code><br />
						
            
            <a class="navhash" href="#172">#</a>
						
              <code id="172">rp-private.h:150:48: warning: type defaults to 'int' in declaration of 'mpz_t' [-Wimplicit-int]</code><br />
						
            
            <a class="navhash" href="#173">#</a>
						
              <code id="173">                  int process(long, long, const mpz_t, void*, int*), void *info);</code><br />
						
            
            <a class="navhash" href="#174">#</a>
						
              <code id="174">                                                ^</code><br />
						
            
            <a class="navhash" href="#175">#</a>
						
              <code id="175">sturm.c:98:5: warning: implicit declaration of function 'mpz_mul_si' [-Wimplicit-function-declaration]</code><br />
						
            
            <a class="navhash" href="#176">#</a>
						
              <code id="176">     mpz_mul_si(sturm[1][n], work[2], n+1);</code><br />
						
            
            <a class="navhash" href="#177">#</a>
						
              <code id="177">     ^</code><br />
						
            
            <a class="navhash" href="#178">#</a>
						
              <code id="178">rp-private.h:156:42: warning: type defaults to 'int' in declaration of 'mpz_t' [-Wimplicit-int]</code><br />
						
            
            <a class="navhash" href="#179">#</a>
						
              <code id="179">            int process(long, long, const mpz_t, void*, int*), void *info);</code><br />
						
            
            <a class="navhash" href="#180">#</a>
						
              <code id="180">                                          ^</code><br />
						
            
            <a class="navhash" href="#181">#</a>
						
              <code id="181">sturm.c:109:5: warning: implicit declaration of function 'mpz_gcd' [-Wimplicit-function-declaration]</code><br />
						
            
            <a class="navhash" href="#182">#</a>
						
              <code id="182">     { mpz_gcd(work[2], sturm[k-1][d1], sturm[k][d2]);</code><br />
						
            
            <a class="navhash" href="#183">#</a>
						
              <code id="183">     ^</code><br />
						
            
            <a class="navhash" href="#184">#</a>
						
              <code id="184">sturm.c:110:7: warning: implicit declaration of function 'mpz_fdiv_q' [-Wimplicit-function-declaration]</code><br />
						
            
            <a class="navhash" href="#185">#</a>
						
              <code id="185">       mpz_fdiv_q(work[0], sturm[k-1][d1], work[2]);</code><br />
						
            
            <a class="navhash" href="#186">#</a>
						
              <code id="186">       ^</code><br />
						
            
            <a class="navhash" href="#187">#</a>
						
              <code id="187">sift.c:82:42: warning: type defaults to 'int' in declaration of 'mpz_t' [-Wimplicit-int]</code><br />
						
            
            <a class="navhash" href="#188">#</a>
						
              <code id="188">            int process(long, long, const mpz_t, void*, int*), void *info)</code><br />
						
            
            <a class="navhash" href="#189">#</a>
						
              <code id="189">                                          ^</code><br />
						
            
            <a class="navhash" href="#190">#</a>
						
              <code id="190">gen_init_sieve_h.c: In function 'main':</code><br />
						
            
            <a class="navhash" href="#191">#</a>
						
              <code id="191">sturm.c:112:7: warning: implicit declaration of function 'mpz_cmp_si' [-Wimplicit-function-declaration]</code><br />
						
            
            <a class="navhash" href="#192">#</a>
						
              <code id="192">       if(mpz_cmp_si(work[0], 0) < 0)</code><br />
						
            
            <a class="navhash" href="#193">#</a>
						
              <code id="193">       ^</code><br />
						
            
            <a class="navhash" href="#194">#</a>
						
              <code id="194">gen_init_sieve_h.c:40:5: warning: implicit declaration of function 'printf' [-Wimplicit-function-declaration]</code><br />
						
            
            <a class="navhash" href="#195">#</a>
						
              <code id="195">     if(p < LONG_LENGTH) { printf("CODE_INIT_SIEVE1(%ld)\n", p); }</code><br />
						
            
            <a class="navhash" href="#196">#</a>
						
              <code id="196">     ^</code><br />
						
            
            <a class="navhash" href="#197">#</a>
						
              <code id="197">gen_init_sieve_h.c:40:27: warning: incompatible implicit declaration of built-in function 'printf' [enabled by default]</code><br />
						
            
            <a class="navhash" href="#198">#</a>
						
              <code id="198">     if(p < LONG_LENGTH) { printf("CODE_INIT_SIEVE1(%ld)\n", p); }</code><br />
						
            
            <a class="navhash" href="#199">#</a>
						
              <code id="199">                           ^</code><br />
						
            
            <a class="navhash" href="#200">#</a>
						
              <code id="200">sturm.c:113:7: warning: implicit declaration of function 'mpz_neg' [-Wimplicit-function-declaration]</code><br />
						
            
            <a class="navhash" href="#201">#</a>
						
              <code id="201">       { mpz_neg(work[0], work[0]); mpz_neg(work[1], work[1]); }</code><br />
						
            
            <a class="navhash" href="#202">#</a>
						
              <code id="202">       ^</code><br />
						
            
            <a class="navhash" href="#203">#</a>
						
              <code id="203">gen_init_sieve_h.c:41:12: warning: incompatible implicit declaration of built-in function 'printf' [enabled by default]</code><br />
						
            
            <a class="navhash" href="#204">#</a>
						
              <code id="204">     else { printf("CODE_INIT_SIEVE2(%ld)\n", p); }</code><br />
						
            
            <a class="navhash" href="#205">#</a>
						
              <code id="205">            ^</code><br />
						
            
            <a class="navhash" href="#206">#</a>
						
              <code id="206">sturm.c:116:7: warning: implicit declaration of function 'mpz_mul' [-Wimplicit-function-declaration]</code><br />
						
            
            <a class="navhash" href="#207">#</a>
						
              <code id="207">       { mpz_mul(sturm[k][n+d2-d1], sturm[k][n+d2-d1], work[0]);</code><br />
						
            
            <a class="navhash" href="#208">#</a>
						
              <code id="208">       ^</code><br />
						
            
            <a class="navhash" href="#209">#</a>
						
              <code id="209">gen_init_sieve_h.c:43:3: warning: incompatible implicit declaration of built-in function 'printf' [enabled by default]</code><br />
						
            
            <a class="navhash" href="#210">#</a>
						
              <code id="210">   printf("\n");</code><br />
						
            
            <a class="navhash" href="#211">#</a>
						
              <code id="211">   ^</code><br />
						
            
            <a class="navhash" href="#212">#</a>
						
              <code id="212">sturm.c:117:9: warning: implicit declaration of function 'mpz_submul' [-Wimplicit-function-declaration]</code><br />
						
            
            <a class="navhash" href="#213">#</a>
						
              <code id="213">         mpz_submul(sturm[k][n+d2-d1], work[1], sturm[k-1][n]);</code><br />
						
            
            <a class="navhash" href="#214">#</a>
						
              <code id="214">         ^</code><br />
						
            
            <a class="navhash" href="#215">#</a>
						
              <code id="215">gen_find_points_h.c: In function 'main':</code><br />
						
            
            <a class="navhash" href="#216">#</a>
						
              <code id="216">gen_find_points_h.c:51:5: warning: implicit declaration of function 'printf' [-Wimplicit-function-declaration]</code><br />
						
            
            <a class="navhash" href="#217">#</a>
						
              <code id="217">     printf("static const int "</code><br />
						
            
            <a class="navhash" href="#218">#</a>
						
              <code id="218">     ^</code><br />
						
            
            <a class="navhash" href="#219">#</a>
						
              <code id="219">gen_find_points_h.c:51:5: warning: incompatible implicit declaration of built-in function 'printf' [enabled by default]</code><br />
						
            
            <a class="navhash" href="#220">#</a>
						
              <code id="220">sturm.c:126:13: warning: implicit declaration of function 'mpz_clear' [-Wimplicit-function-declaration]</code><br />
						
            
            <a class="navhash" href="#221">#</a>
						
              <code id="221">             { mpz_clear(sturm[n][m]); }</code><br />
						
            
            <a class="navhash" href="#222">#</a>
						
              <code id="222">             ^</code><br />
						
            
            <a class="navhash" href="#223">#</a>
						
              <code id="223">sturm.c:133:5: warning: implicit declaration of function 'mpz_set_ui' [-Wimplicit-function-declaration]</code><br />
						
            
            <a class="navhash" href="#224">#</a>
						
              <code id="224">     mpz_set_ui(work[2], 0);</code><br />
						
            
            <a class="navhash" href="#225">#</a>
						
              <code id="225">     ^</code><br />
						
            
            <a class="navhash" href="#226">#</a>
						
              <code id="226">sturm.c:136:7: warning: implicit declaration of function 'mpz_cmp_ui' [-Wimplicit-function-declaration]</code><br />
						
            
            <a class="navhash" href="#227">#</a>
						
              <code id="227">       if(mpz_cmp_ui(work[2], 1) == 0) break;</code><br />
						
            
            <a class="navhash" href="#228">#</a>
						
              <code id="228">       ^</code><br />
						
            
            <a class="navhash" href="#229">#</a>
						
              <code id="229">gen_find_points_h.c:70:3: warning: incompatible implicit declaration of built-in function 'printf' [enabled by default]</code><br />
						
            
            <a class="navhash" href="#230">#</a>
						
              <code id="230">   printf("static const long offsets[RATPOINTS_NUM_PRIMES] =\n{");</code><br />
						
            
            <a class="navhash" href="#231">#</a>
						
              <code id="231">   ^</code><br />
						
            
            <a class="navhash" href="#232">#</a>
						
              <code id="232">sift.c: In function '_ratpoints_sift0':</code><br />
						
            
            <a class="navhash" href="#233">#</a>
						
              <code id="233">sift.c:258:21: warning: variable 'da' set but not used [-Wunused-but-set-variable]</code><br />
						
            
            <a class="navhash" href="#234">#</a>
						
              <code id="234">       { long a0, a, da, d;</code><br />
						
            
            <a class="navhash" href="#235">#</a>
						
              <code id="235">                     ^</code><br />
						
            
            <a class="navhash" href="#236">#</a>
						
              <code id="236">sturm.c: In function 'iterate':</code><br />
						
            
            <a class="navhash" href="#237">#</a>
						
              <code id="237">sturm.c:218:9: warning: implicit declaration of function 'eval_sign' [-Wimplicit-function-declaration]</code><br />
						
            
            <a class="navhash" href="#238">#</a>
						
              <code id="238">         s0 = eval_sign(args, sturm[0], sturm_degs[0], nm, dem);</code><br />
						
            
            <a class="navhash" href="#239">#</a>
						
              <code id="239">         ^</code><br />
						
            
            <a class="navhash" href="#240">#</a>
						
              <code id="240">make: *** [Makefile:130: gen_init_sieve_h] Error 1</code><br />
						
            
            <a class="navhash" href="#241">#</a>
						
              <code id="241">make: *** Waiting for unfinished jobs....</code><br />
						
            
            <a class="navhash" href="#242">#</a>
						
              <code id="242">make: *** [Makefile:100: sift.o] Error 1</code><br />
						
            
            <a class="navhash" href="#243">#</a>
						
              <code id="243">make: *** [Makefile:133: gen_find_points_h] Error 1</code><br />
						
            
            <a class="navhash" href="#244">#</a>
						
              <code id="244">make: *** [Makefile:118: sturm.o] Error 1</code><br />
						
            
            <a class="navhash" href="#245">#</a>
						
              <code id="245">==> ERROR: A failure occurred in build().</code><br />
						
            
            <a class="navhash" href="#246">#</a>
						
              <code id="246">    Aborting...</code><br />
						
            
          </div>
        
      </div>
      <br />
    
  </body>
</html>