<!DOCTYPE html>
<html>
<!-- Jinja template for reports of individual builds

  Copyright 2016 Kareem Khazem. All Rights Reserved.
  Licensed under the Apache License, Version 2.0 (the "License");
  you may not use this file except in compliance with the License.
  You may obtain a copy of the License at

 		 http://www.apache.org/licenses/LICENSE-2.0

  Unless required by applicable law or agreed to in writing, software
  distributed under the License is distributed on an "AS IS" BASIS,
  WITHOUT WARRANTIES OR CONDITIONS OF ANY KIND, either express or
  implied.
  See the License for the specific language governing permissions and
  limitations under the License.
-->
  <head>
    <meta charset="UTF-8">
    <title>android/sslscan</title>
    <link href='https://fonts.googleapis.com/css?family=Roboto:400,900'
          rel='stylesheet' type='text/css'>
    <link
    href='https://fonts.googleapis.com/css?family=Source+Code+Pro:400,700'
          rel='stylesheet' type='text/css'>
    <link href="../style.css" type="text/css" rel="stylesheet">
  </head>
  <body>
    <h1>Build of sslscan
        with <a href="../index.html">android</a>
        toolchain</h1>
    <p>The build took 00h 00m 57s and was
    NOT successful.</p>
    <p>
    The program in this build is written in the following languages,
    according to <a
    href="http://www.dwheeler.com/sloccount/">sloccount</a>:
    </p>
    <table>
      <tr><th>SLOC</th><th>Language</th></tr>
      
      <tr><td class="loc"><code>1,826</code></td>
          <td class="lang">ansic</td></tr>
      <tr><td class="loc"><code>37</code></td>
          <td class="lang">makefile</td></tr>
      <tr><td><code>1,863</code></td>
          <td><em>total</em></td></tr>
    </table>
    <p>
      The process tree of the build process is <a
      href="sslscan-tree.html">here</a>.
    </p>
    
    
      <p>
      Several sub-process invocations were improper; see the process tree
      for details. Summary:
      </p>
      <ul>
        <li>hardcoded invocation:<ul>
            <li>&times;2: gcc

/sysroot/bin/arm-linux-androideabi-gcc
</li>
        </ul></li>
      </ul>
    
    
    
    
    <h2>List of Errors</h2>
    <ul>
      
      <li>unknown_type
        <ul>
          
          <li><a href="#59">sslscan.c:142:5: error: unknown type name 'SSL_METHOD'</a></li>
          
          <li><a href="#62">sslscan.c:167:5: error: unknown type name 'FILE'</a></li>
          
          <li><a href="#68">sslscan.c:174:5: error: unknown type name 'SSL_CTX'</a></li>
          
          <li><a href="#71">sslscan.c:189:31: error: unknown type name 'SSL_METHOD'</a></li>
          
          <li><a href="#82">sslscan.c:198:5: error: unknown type name 'SSL'</a></li>
          
          <li><a href="#114">sslscan.c:264:15: error: unknown type name 'FILE'</a></li>
          
          <li><a href="#117">sslscan.c:282:45: error: unknown type name 'size_t'</a></li>
          
          <li><a href="#207">sslscan.c:544:5: error: unknown type name 'PKCS12'</a></li>
          
          <li><a href="#213">sslscan.c:545:5: error: unknown type name 'FILE'</a></li>
          
          <li><a href="#216">sslscan.c:546:5: error: unknown type name 'X509'</a></li>
          
          <li><a href="#219">sslscan.c:547:5: error: unknown type name 'EVP_PKEY'</a></li>
          
          <li><a href="#296">sslscan.c:754:30: error: unknown type name 'SSL_METHOD'</a></li>
          
          <li><a href="#300">sslscan.c:762:5: error: unknown type name 'SSL'</a></li>
          
          <li><a href="#306">sslscan.c:763:5: error: unknown type name 'BIO'</a></li>
          
          <li><a href="#364">sslscan.c:950:5: error: unknown type name 'SSL'</a></li>
          
          <li><a href="#370">sslscan.c:951:5: error: unknown type name 'BIO'</a></li>
          
          <li><a href="#373">sslscan.c:952:5: error: unknown type name 'BIO'</a></li>
          
          <li><a href="#440">sslscan.c:1193:26: error: unknown type name 'SSL_METHOD'</a></li>
          
          <li><a href="#444">sslscan.c:1199:5: error: unknown type name 'SSL'</a></li>
          
          <li><a href="#450">sslscan.c:1200:5: error: unknown type name 'BIO'</a></li>
          
          <li><a href="#505">sslscan.c:1366:5: error: unknown type name 'SSL'</a></li>
          
          <li><a href="#511">sslscan.c:1367:5: error: unknown type name 'BIO'</a></li>
          
          <li><a href="#514">sslscan.c:1368:5: error: unknown type name 'BIO'</a></li>
          
          <li><a href="#517">sslscan.c:1369:5: error: unknown type name 'BIO'</a></li>
          
          <li><a href="#520">sslscan.c:1370:5: error: unknown type name 'X509'</a></li>
          
          <li><a href="#523">sslscan.c:1371:5: error: unknown type name 'EVP_PKEY'</a></li>
          
          <li><a href="#526">sslscan.c:1372:5: error: unknown type name 'SSL_METHOD'</a></li>
          
          <li><a href="#529">sslscan.c:1373:5: error: unknown type name 'ASN1_OBJECT'</a></li>
          
          <li><a href="#532">sslscan.c:1374:5: error: unknown type name 'X509_EXTENSION'</a></li>
          
          <li><a href="#583">sslscan.c:1481:37: error: unknown type name 'ASN1_INTEGER'</a></li>
          
          <li><a href="#586">sslscan.c:1482:37: error: unknown type name 'BIO'</a></li>
          
          <li><a href="#589">sslscan.c:1483:37: error: unknown type name 'BIO'</a></li>
          
          <li><a href="#802">sslscan.c:2024:5: error: unknown type name 'FILE'</a></li>
          
        </ul>
      </li>
      
    </ul>
    
    
    <h2>Log</h2>
    <p>
    To avoid scrolling, you may jump to the <a
    href="#897">last line</a> of the
    invocation of <code>makepkg</code> that was used to build this
    package.
    </p>
    
    
      <div class="block">
        <div class="info">
          <code>Removed vanilla repositories from pacman.conf and added:</code>
        </div>
        
          <div class="output">
            
            <a class="navhash" href="#1">#</a>
						
              <code id="1">[tuscan]</code><br />
						
            
            <a class="navhash" href="#2">#</a>
						
              <code id="2">Server = file:///var/cache/pacman/pkg/</code><br />
						
            
          </div>
        
      </div>
      <br />
    
      <div class="block">
        <div class="command">
          <code><span class="prompt">CMD: </span>pacman -Syy --noconfirm</code>
        </div>
        
          <div class="output">
            
            <a class="navhash" href="#3">#</a>
						
              <code id="3">:: Synchronizing package databases...</code><br />
						
            
            <a class="navhash" href="#4">#</a>
						
              <code id="4">downloading tuscan.db...</code><br />
						
            
          </div>
        
      </div>
      <br />
    
      <div class="block">
        <div class="info">
          <code>Copied permanent toolchain into container-local sysroot</code>
        </div>
        
          <div class="output">
            
            <a class="navhash" href="#5">#</a>
						
              <code id="5">/toolchain_root/arm-linux-androideabi  -->  /sysroot/arm-linux-androideabi</code><br />
						
            
            <a class="navhash" href="#6">#</a>
						
              <code id="6">/toolchain_root/COPYING3.LIB  -->  /sysroot/COPYING3.LIB</code><br />
						
            
            <a class="navhash" href="#7">#</a>
						
              <code id="7">/toolchain_root/sysroot  -->  /sysroot/sysroot</code><br />
						
            
            <a class="navhash" href="#8">#</a>
						
              <code id="8">/toolchain_root/COPYING.RUNTIME  -->  /sysroot/COPYING.RUNTIME</code><br />
						
            
            <a class="navhash" href="#9">#</a>
						
              <code id="9">/toolchain_root/lib  -->  /sysroot/lib</code><br />
						
            
            <a class="navhash" href="#10">#</a>
						
              <code id="10">/toolchain_root/SOURCES  -->  /sysroot/SOURCES</code><br />
						
            
            <a class="navhash" href="#11">#</a>
						
              <code id="11">/toolchain_root/lib64  -->  /sysroot/lib64</code><br />
						
            
            <a class="navhash" href="#12">#</a>
						
              <code id="12">/toolchain_root/share  -->  /sysroot/share</code><br />
						
            
            <a class="navhash" href="#13">#</a>
						
              <code id="13">/toolchain_root/bin  -->  /sysroot/bin</code><br />
						
            
            <a class="navhash" href="#14">#</a>
						
              <code id="14">/toolchain_root/COPYING  -->  /sysroot/COPYING</code><br />
						
            
            <a class="navhash" href="#15">#</a>
						
              <code id="15">/toolchain_root/COPYING3  -->  /sysroot/COPYING3</code><br />
						
            
            <a class="navhash" href="#16">#</a>
						
              <code id="16">/toolchain_root/COPYING.LIB  -->  /sysroot/COPYING.LIB</code><br />
						
            
            <a class="navhash" href="#17">#</a>
						
              <code id="17">/toolchain_root/include  -->  /sysroot/include</code><br />
						
            
            <a class="navhash" href="#18">#</a>
						
              <code id="18">/toolchain_root/libexec  -->  /sysroot/libexec</code><br />
						
            
          </div>
        
      </div>
      <br />
    
      <div class="block">
        <div class="command">
          <code><span class="prompt">CMD: </span>sudo -u tuscan PATH=/sysroot/bin:/sysroot/libexec/gcc/arm-linux-androideabi/4.8:/usr/local/sbin:/usr/local/bin:/usr/sbin:/usr/bin:/sbin:/bin CC=arm-linux-androideabi-gcc CXX=arm-linux-androideabi-g++ red makepkg --noextract --syncdeps --skipinteg --skippgpcheck --skipchecksums --noconfirm --nocolor --log --noprogressbar --nocheck</code>
        </div>
        
          <div class="output">
            
            <a class="navhash" href="#19">#</a>
						
              <code id="19">==> Making package: sslscan 1.10.2-3 (Tue Apr  4 21:01:44 UTC 2017)</code><br />
						
            
            <a class="navhash" href="#20">#</a>
						
              <code id="20">==> Checking runtime dependencies...</code><br />
						
            
            <a class="navhash" href="#21">#</a>
						
              <code id="21">==> Checking buildtime dependencies...</code><br />
						
            
            <a class="navhash" href="#22">#</a>
						
              <code id="22">==> WARNING: Using existing $srcdir/ tree</code><br />
						
            
            <a class="navhash" href="#23">#</a>
						
              <code id="23">==> Starting build()...</code><br />
						
            
            <a class="navhash" href="#24">#</a>
						
              <code id="24">gcc  -o sslscan sslscan.c  -lssl -lcrypto</code><br />
						
            
            <a class="navhash" href="#25">#</a>
						
              <code id="25">cc1: error: no include path in which to search for stdc-predef.h</code><br />
						
            
            <a class="navhash" href="#26">#</a>
						
              <code id="26">sslscan.c:44:20: error: no include path in which to search for string.h</code><br />
						
            
            <a class="navhash" href="#27">#</a>
						
              <code id="27"> #include <string.h></code><br />
						
            
            <a class="navhash" href="#28">#</a>
						
              <code id="28">                    ^</code><br />
						
            
            <a class="navhash" href="#29">#</a>
						
              <code id="29">sslscan.c:65:19: error: no include path in which to search for netdb.h</code><br />
						
            
            <a class="navhash" href="#30">#</a>
						
              <code id="30"> #include <netdb.h></code><br />
						
            
            <a class="navhash" href="#31">#</a>
						
              <code id="31">                   ^</code><br />
						
            
            <a class="navhash" href="#32">#</a>
						
              <code id="32">sslscan.c:66:20: error: no include path in which to search for unistd.h</code><br />
						
            
            <a class="navhash" href="#33">#</a>
						
              <code id="33"> #include <unistd.h></code><br />
						
            
            <a class="navhash" href="#34">#</a>
						
              <code id="34">                    ^</code><br />
						
            
            <a class="navhash" href="#35">#</a>
						
              <code id="35">sslscan.c:67:24: error: no include path in which to search for sys/socket.h</code><br />
						
            
            <a class="navhash" href="#36">#</a>
						
              <code id="36"> #include <sys/socket.h></code><br />
						
            
            <a class="navhash" href="#37">#</a>
						
              <code id="37">                        ^</code><br />
						
            
            <a class="navhash" href="#38">#</a>
						
              <code id="38">sslscan.c:68:19: error: no include path in which to search for fcntl.h</code><br />
						
            
            <a class="navhash" href="#39">#</a>
						
              <code id="39"> #include <fcntl.h></code><br />
						
            
            <a class="navhash" href="#40">#</a>
						
              <code id="40">                   ^</code><br />
						
            
            <a class="navhash" href="#41">#</a>
						
              <code id="41">sslscan.c:71:22: error: no include path in which to search for sys/stat.h</code><br />
						
            
            <a class="navhash" href="#42">#</a>
						
              <code id="42"> #include <sys/stat.h></code><br />
						
            
            <a class="navhash" href="#43">#</a>
						
              <code id="43">                      ^</code><br />
						
            
            <a class="navhash" href="#44">#</a>
						
              <code id="44">sslscan.c:72:25: error: no include path in which to search for openssl/err.h</code><br />
						
            
            <a class="navhash" href="#45">#</a>
						
              <code id="45"> #include <openssl/err.h></code><br />
						
            
            <a class="navhash" href="#46">#</a>
						
              <code id="46">                         ^</code><br />
						
            
            <a class="navhash" href="#47">#</a>
						
              <code id="47">sslscan.c:73:25: error: no include path in which to search for openssl/ssl.h</code><br />
						
            
            <a class="navhash" href="#48">#</a>
						
              <code id="48"> #include <openssl/ssl.h></code><br />
						
            
            <a class="navhash" href="#49">#</a>
						
              <code id="49">                         ^</code><br />
						
            
            <a class="navhash" href="#50">#</a>
						
              <code id="50">sslscan.c:74:28: error: no include path in which to search for openssl/pkcs12.h</code><br />
						
            
            <a class="navhash" href="#51">#</a>
						
              <code id="51"> #include <openssl/pkcs12.h></code><br />
						
            
            <a class="navhash" href="#52">#</a>
						
              <code id="52">                            ^</code><br />
						
            
            <a class="navhash" href="#53">#</a>
						
              <code id="53">sslscan.c:75:26: error: no include path in which to search for openssl/x509.h</code><br />
						
            
            <a class="navhash" href="#54">#</a>
						
              <code id="54"> #include <openssl/x509.h></code><br />
						
            
            <a class="navhash" href="#55">#</a>
						
              <code id="55">                          ^</code><br />
						
            
            <a class="navhash" href="#56">#</a>
						
              <code id="56">sslscan.c:76:28: error: no include path in which to search for openssl/x509v3.h</code><br />
						
            
            <a class="navhash" href="#57">#</a>
						
              <code id="57"> #include <openssl/x509v3.h></code><br />
						
            
            <a class="navhash" href="#58">#</a>
						
              <code id="58">                            ^</code><br />
						
            
            <a class="navhash" href="#59">#</a>
						<span class="error">
              <code id="59">sslscan.c:142:5: error: unknown type name 'SSL_METHOD'</code><br />
						</span>
            
            <a class="navhash" href="#60">#</a>
						
              <code id="60">     const SSL_METHOD *sslMethod;</code><br />
						
            
            <a class="navhash" href="#61">#</a>
						
              <code id="61">     ^</code><br />
						
            
            <a class="navhash" href="#62">#</a>
						<span class="error">
              <code id="62">sslscan.c:167:5: error: unknown type name 'FILE'</code><br />
						</span>
            
            <a class="navhash" href="#63">#</a>
						
              <code id="63">     FILE *xmlOutput;</code><br />
						
            
            <a class="navhash" href="#64">#</a>
						
              <code id="64">     ^</code><br />
						
            
            <a class="navhash" href="#65">#</a>
						
              <code id="65">sslscan.c:171:24: error: field 'serverAddress' has incomplete type</code><br />
						
            
            <a class="navhash" href="#66">#</a>
						
              <code id="66">     struct sockaddr_in serverAddress;</code><br />
						
            
            <a class="navhash" href="#67">#</a>
						
              <code id="67">                        ^</code><br />
						
            
            <a class="navhash" href="#68">#</a>
						<span class="error">
              <code id="68">sslscan.c:174:5: error: unknown type name 'SSL_CTX'</code><br />
						</span>
            
            <a class="navhash" href="#69">#</a>
						
              <code id="69">     SSL_CTX *ctx;</code><br />
						
            
            <a class="navhash" href="#70">#</a>
						
              <code id="70">     ^</code><br />
						
            
            <a class="navhash" href="#71">#</a>
						<span class="error">
              <code id="71">sslscan.c:189:31: error: unknown type name 'SSL_METHOD'</code><br />
						</span>
            
            <a class="navhash" href="#72">#</a>
						
              <code id="72"> int populateCipherList(struct sslCheckOptions *options, const SSL_METHOD *sslMethod)</code><br />
						
            
            <a class="navhash" href="#73">#</a>
						
              <code id="73">                               ^</code><br />
						
            
            <a class="navhash" href="#74">#</a>
						
              <code id="74">sslscan.c: In function 'populateCipherList':</code><br />
						
            
            <a class="navhash" href="#75">#</a>
						
              <code id="75">sslscan.c:197:14: error: 'SSL_CIPHER' undeclared (first use in this function)</code><br />
						
            
            <a class="navhash" href="#76">#</a>
						
              <code id="76">     STACK_OF(SSL_CIPHER) *cipherList;</code><br />
						
            
            <a class="navhash" href="#77">#</a>
						
              <code id="77">              ^</code><br />
						
            
            <a class="navhash" href="#78">#</a>
						
              <code id="78">sslscan.c:197:14: note: each undeclared identifier is reported only once for each function it appears in</code><br />
						
            
            <a class="navhash" href="#79">#</a>
						
              <code id="79">sslscan.c:197:27: error: 'cipherList' undeclared (first use in this function)</code><br />
						
            
            <a class="navhash" href="#80">#</a>
						
              <code id="80">     STACK_OF(SSL_CIPHER) *cipherList;</code><br />
						
            
            <a class="navhash" href="#81">#</a>
						
              <code id="81">                           ^</code><br />
						
            
            <a class="navhash" href="#82">#</a>
						<span class="error">
              <code id="82">sslscan.c:198:5: error: unknown type name 'SSL'</code><br />
						</span>
            
            <a class="navhash" href="#83">#</a>
						
              <code id="83">     SSL *ssl = NULL;</code><br />
						
            
            <a class="navhash" href="#84">#</a>
						
              <code id="84">     ^</code><br />
						
            
            <a class="navhash" href="#85">#</a>
						
              <code id="85">sslscan.c:198:16: error: 'NULL' undeclared (first use in this function)</code><br />
						
            
            <a class="navhash" href="#86">#</a>
						
              <code id="86">     SSL *ssl = NULL;</code><br />
						
            
            <a class="navhash" href="#87">#</a>
						
              <code id="87">                ^</code><br />
						
            
            <a class="navhash" href="#88">#</a>
						
              <code id="88">sslscan.c:200:18: warning: assignment makes pointer from integer without a cast [enabled by default]</code><br />
						
            
            <a class="navhash" href="#89">#</a>
						
              <code id="89">     options->ctx = SSL_CTX_new(sslMethod);</code><br />
						
            
            <a class="navhash" href="#90">#</a>
						
              <code id="90">                  ^</code><br />
						
            
            <a class="navhash" href="#91">#</a>
						
              <code id="91">sslscan.c:202:9: warning: incompatible implicit declaration of built-in function 'printf' [enabled by default]</code><br />
						
            
            <a class="navhash" href="#92">#</a>
						
              <code id="92">         printf("%sERROR: Could not create CTX object.%s\n", COL_RED, RESET);</code><br />
						
            
            <a class="navhash" href="#93">#</a>
						
              <code id="93">         ^</code><br />
						
            
            <a class="navhash" href="#94">#</a>
						
              <code id="94">sslscan.c:208:9: warning: assignment makes pointer from integer without a cast [enabled by default]</code><br />
						
            
            <a class="navhash" href="#95">#</a>
						
              <code id="95">     ssl = SSL_new(options->ctx);</code><br />
						
            
            <a class="navhash" href="#96">#</a>
						
              <code id="96">         ^</code><br />
						
            
            <a class="navhash" href="#97">#</a>
						
              <code id="97">sslscan.c:210:9: warning: incompatible implicit declaration of built-in function 'printf' [enabled by default]</code><br />
						
            
            <a class="navhash" href="#98">#</a>
						
              <code id="98">         printf("%sERROR: Could not create SSL object.%s\n", COL_RED, RESET);</code><br />
						
            
            <a class="navhash" href="#99">#</a>
						
              <code id="99">         ^</code><br />
						
            
            <a class="navhash" href="#100">#</a>
						
              <code id="100">sslscan.c:222:32: warning: incompatible implicit declaration of built-in function 'malloc' [enabled by default]</code><br />
						
            
            <a class="navhash" href="#101">#</a>
						
              <code id="101">             options->ciphers = malloc(sizeof(struct sslCipher));</code><br />
						
            
            <a class="navhash" href="#102">#</a>
						
              <code id="102">                                ^</code><br />
						
            
            <a class="navhash" href="#103">#</a>
						
              <code id="103">sslscan.c:230:38: warning: incompatible implicit declaration of built-in function 'malloc' [enabled by default]</code><br />
						
            
            <a class="navhash" href="#104">#</a>
						
              <code id="104">             sslCipherPointer->next = malloc(sizeof(struct sslCipher));</code><br />
						
            
            <a class="navhash" href="#105">#</a>
						
              <code id="105">                                      ^</code><br />
						
            
            <a class="navhash" href="#106">#</a>
						
              <code id="106">sslscan.c:235:9: warning: incompatible implicit declaration of built-in function 'memset' [enabled by default]</code><br />
						
            
            <a class="navhash" href="#107">#</a>
						
              <code id="107">         memset(sslCipherPointer, 0, sizeof(struct sslCipher));</code><br />
						
            
            <a class="navhash" href="#108">#</a>
						
              <code id="108">         ^</code><br />
						
            
            <a class="navhash" href="#109">#</a>
						
              <code id="109">sslscan.c: In function 'fileExists':</code><br />
						
            
            <a class="navhash" href="#110">#</a>
						
              <code id="110">sslscan.c:258:29: error: 'R_OK' undeclared (first use in this function)</code><br />
						
            
            <a class="navhash" href="#111">#</a>
						
              <code id="111">     return access(fileName, R_OK) == 0;</code><br />
						
            
            <a class="navhash" href="#112">#</a>
						
              <code id="112">                             ^</code><br />
						
            
            <a class="navhash" href="#113">#</a>
						
              <code id="113">sslscan.c: At top level:</code><br />
						
            
            <a class="navhash" href="#114">#</a>
						<span class="error">
              <code id="114">sslscan.c:264:15: error: unknown type name 'FILE'</code><br />
						</span>
            
            <a class="navhash" href="#115">#</a>
						
              <code id="115"> void readLine(FILE *input, char *lineFromFile, int maxSize)</code><br />
						
            
            <a class="navhash" href="#116">#</a>
						
              <code id="116">               ^</code><br />
						
            
            <a class="navhash" href="#117">#</a>
						<span class="error">
              <code id="117">sslscan.c:282:45: error: unknown type name 'size_t'</code><br />
						</span>
            
            <a class="navhash" href="#118">#</a>
						
              <code id="118"> int readOrLogAndClose(int fd, void* buffer, size_t len, const struct sslCheckOptions *options)</code><br />
						
            
            <a class="navhash" href="#119">#</a>
						
              <code id="119">                                             ^</code><br />
						
            
            <a class="navhash" href="#120">#</a>
						
              <code id="120">sslscan.c: In function 'tcpConnect':</code><br />
						
            
            <a class="navhash" href="#121">#</a>
						
              <code id="121">sslscan.c:317:31: error: 'AF_INET' undeclared (first use in this function)</code><br />
						
            
            <a class="navhash" href="#122">#</a>
						
              <code id="122">     socketDescriptor = socket(AF_INET, SOCK_STREAM, 0);</code><br />
						
            
            <a class="navhash" href="#123">#</a>
						
              <code id="123">                               ^</code><br />
						
            
            <a class="navhash" href="#124">#</a>
						
              <code id="124">sslscan.c:317:40: error: 'SOCK_STREAM' undeclared (first use in this function)</code><br />
						
            
            <a class="navhash" href="#125">#</a>
						
              <code id="125">     socketDescriptor = socket(AF_INET, SOCK_STREAM, 0);</code><br />
						
            
            <a class="navhash" href="#126">#</a>
						
              <code id="126">                                        ^</code><br />
						
            
            <a class="navhash" href="#127">#</a>
						
              <code id="127">sslscan.c:320:9: warning: incompatible implicit declaration of built-in function 'printf' [enabled by default]</code><br />
						
            
            <a class="navhash" href="#128">#</a>
						
              <code id="128">         printf("%s    ERROR: Could not open a socket.%s\n", COL_RED, RESET);</code><br />
						
            
            <a class="navhash" href="#129">#</a>
						
              <code id="129">         ^</code><br />
						
            
            <a class="navhash" href="#130">#</a>
						
              <code id="130">sslscan.c:327:28: error: storage size of 'me' isn't known</code><br />
						
            
            <a class="navhash" href="#131">#</a>
						
              <code id="131">         struct sockaddr_in me;</code><br />
						
            
            <a class="navhash" href="#132">#</a>
						
              <code id="132">                            ^</code><br />
						
            
            <a class="navhash" href="#133">#</a>
						
              <code id="133">sslscan.c:329:9: warning: incompatible implicit declaration of built-in function 'memset' [enabled by default]</code><br />
						
            
            <a class="navhash" href="#134">#</a>
						
              <code id="134">         memset((char*)&me,0,sizeof(me));</code><br />
						
            
            <a class="navhash" href="#135">#</a>
						
              <code id="135">         ^</code><br />
						
            
            <a class="navhash" href="#136">#</a>
						
              <code id="136">sslscan.c:339:13: warning: incompatible implicit declaration of built-in function 'printf' [enabled by default]</code><br />
						
            
            <a class="navhash" href="#137">#</a>
						
              <code id="137">             printf("%s    ERROR: Could not bind to local interface: %s.%s\n",COL_RED, "OZAPTF", RESET);</code><br />
						
            
            <a class="navhash" href="#138">#</a>
						
              <code id="138">             ^</code><br />
						
            
            <a class="navhash" href="#139">#</a>
						
              <code id="139">sslscan.c:348:9: warning: incompatible implicit declaration of built-in function 'printf' [enabled by default]</code><br />
						
            
            <a class="navhash" href="#140">#</a>
						
              <code id="140">         printf("%s    ERROR: Could not open a connection to host %s on port %d.%s\n", COL_RED, options->host, options->port, RESET);</code><br />
						
            
            <a class="navhash" href="#141">#</a>
						
              <code id="141">         ^</code><br />
						
            
            <a class="navhash" href="#142">#</a>
						
              <code id="142">sslscan.c:362:13: warning: incompatible implicit declaration of built-in function 'printf' [enabled by default]</code><br />
						
            
            <a class="navhash" href="#143">#</a>
						
              <code id="143">             printf("%s    ERROR: The host %s on port %d did not appear to be an SMTP service.%s\n", COL_RED, options->host, options->port, RESET);</code><br />
						
            
            <a class="navhash" href="#144">#</a>
						
              <code id="144">             ^</code><br />
						
            
            <a class="navhash" href="#145">#</a>
						
              <code id="145">sslscan.c:371:13: warning: incompatible implicit declaration of built-in function 'printf' [enabled by default]</code><br />
						
            
            <a class="navhash" href="#146">#</a>
						
              <code id="146">             printf("%s    ERROR: The SMTP service on %s port %d did not respond with status 250 to our HELO.%s\n", COL_RED, options->host, options->port, RESET);</code><br />
						
            
            <a class="navhash" href="#147">#</a>
						
              <code id="147">             ^</code><br />
						
            
            <a class="navhash" href="#148">#</a>
						
              <code id="148">sslscan.c:380:13: warning: incompatible implicit declaration of built-in function 'printf' [enabled by default]</code><br />
						
            
            <a class="navhash" href="#149">#</a>
						
              <code id="149">             printf("%s    ERROR: The SMTP service on %s port %d did not appear to support STARTTLS.%s\n", COL_RED, options->host, options->port, RESET);</code><br />
						
            
            <a class="navhash" href="#150">#</a>
						
              <code id="150">             ^</code><br />
						
            
            <a class="navhash" href="#151">#</a>
						
              <code id="151">sslscan.c:399:13: warning: incompatible implicit declaration of built-in function 'snprintf' [enabled by default]</code><br />
						
            
            <a class="navhash" href="#152">#</a>
						
              <code id="152">         if (snprintf(xmpp_setup, sizeof(xmpp_setup), "<?xml version='1.0' ?>\r\n"</code><br />
						
            
            <a class="navhash" href="#153">#</a>
						
              <code id="153">             ^</code><br />
						
            
            <a class="navhash" href="#154">#</a>
						
              <code id="154">sslscan.c:401:13: warning: incompatible implicit declaration of built-in function 'printf' [enabled by default]</code><br />
						
            
            <a class="navhash" href="#155">#</a>
						
              <code id="155">             printf("(internal error: xmpp_setup buffer too small)\n");</code><br />
						
            
            <a class="navhash" href="#156">#</a>
						
              <code id="156">             ^</code><br />
						
            
            <a class="navhash" href="#157">#</a>
						
              <code id="157">sslscan.c:402:13: warning: incompatible implicit declaration of built-in function 'abort' [enabled by default]</code><br />
						
            
            <a class="navhash" href="#158">#</a>
						
              <code id="158">             abort();</code><br />
						
            
            <a class="navhash" href="#159">#</a>
						
              <code id="159">             ^</code><br />
						
            
            <a class="navhash" href="#160">#</a>
						
              <code id="160">sslscan.c:405:44: warning: incompatible implicit declaration of built-in function 'strlen' [enabled by default]</code><br />
						
            
            <a class="navhash" href="#161">#</a>
						
              <code id="161">         send(socketDescriptor, xmpp_setup, strlen(xmpp_setup), 0);</code><br />
						
            
            <a class="navhash" href="#162">#</a>
						
              <code id="162">                                            ^</code><br />
						
            
            <a class="navhash" href="#163">#</a>
						
              <code id="163">sslscan.c:410:13: warning: incompatible implicit declaration of built-in function 'printf' [enabled by default]</code><br />
						
            
            <a class="navhash" href="#164">#</a>
						
              <code id="164">             printf("Server reported: %s\n", buffer);</code><br />
						
            
            <a class="navhash" href="#165">#</a>
						
              <code id="165">             ^</code><br />
						
            
            <a class="navhash" href="#166">#</a>
						
              <code id="166">sslscan.c:422:13: warning: incompatible implicit declaration of built-in function 'strstr' [enabled by default]</code><br />
						
            
            <a class="navhash" href="#167">#</a>
						
              <code id="167">         if (strstr(buffer, "urn:ietf:params:xml:ns:xmpp-tls")) {</code><br />
						
            
            <a class="navhash" href="#168">#</a>
						
              <code id="168">             ^</code><br />
						
            
            <a class="navhash" href="#169">#</a>
						
              <code id="169">sslscan.c:424:17: warning: incompatible implicit declaration of built-in function 'printf' [enabled by default]</code><br />
						
            
            <a class="navhash" href="#170">#</a>
						
              <code id="170">                 printf("It appears that xmpp-tls was detected.\n");</code><br />
						
            
            <a class="navhash" href="#171">#</a>
						
              <code id="171">                 ^</code><br />
						
            
            <a class="navhash" href="#172">#</a>
						
              <code id="172">sslscan.c:428:17: warning: incompatible implicit declaration of built-in function 'printf' [enabled by default]</code><br />
						
            
            <a class="navhash" href="#173">#</a>
						
              <code id="173">                 printf("It appears that xmpp-tls was not detected.\n");</code><br />
						
            
            <a class="navhash" href="#174">#</a>
						
              <code id="174">                 ^</code><br />
						
            
            <a class="navhash" href="#175">#</a>
						
              <code id="175">sslscan.c:433:13: warning: incompatible implicit declaration of built-in function 'printf' [enabled by default]</code><br />
						
            
            <a class="navhash" href="#176">#</a>
						
              <code id="176">             printf("Server reported: %s\n", buffer);</code><br />
						
            
            <a class="navhash" href="#177">#</a>
						
              <code id="177">             ^</code><br />
						
            
            <a class="navhash" href="#178">#</a>
						
              <code id="178">sslscan.c:454:13: warning: incompatible implicit declaration of built-in function 'printf' [enabled by default]</code><br />
						
            
            <a class="navhash" href="#179">#</a>
						
              <code id="179">             printf("Server reported: %s\n", buffer);</code><br />
						
            
            <a class="navhash" href="#180">#</a>
						
              <code id="180">             ^</code><br />
						
            
            <a class="navhash" href="#181">#</a>
						
              <code id="181">sslscan.c:462:13: warning: incompatible implicit declaration of built-in function 'strstr' [enabled by default]</code><br />
						
            
            <a class="navhash" href="#182">#</a>
						
              <code id="182">         if (strstr(buffer, "+OK Begin")) {</code><br />
						
            
            <a class="navhash" href="#183">#</a>
						
              <code id="183">             ^</code><br />
						
            
            <a class="navhash" href="#184">#</a>
						
              <code id="184">sslscan.c:475:9: warning: incompatible implicit declaration of built-in function 'memset' [enabled by default]</code><br />
						
            
            <a class="navhash" href="#185">#</a>
						
              <code id="185">         memset(buffer, 0, BUFFERSIZE);</code><br />
						
            
            <a class="navhash" href="#186">#</a>
						
              <code id="186">         ^</code><br />
						
            
            <a class="navhash" href="#187">#</a>
						
              <code id="187">sslscan.c:481:13: warning: incompatible implicit declaration of built-in function 'printf' [enabled by default]</code><br />
						
            
            <a class="navhash" href="#188">#</a>
						
              <code id="188">             printf("Server banner: %s\n", buffer);</code><br />
						
            
            <a class="navhash" href="#189">#</a>
						
              <code id="189">             ^</code><br />
						
            
            <a class="navhash" href="#190">#</a>
						
              <code id="190">sslscan.c:486:13: warning: incompatible implicit declaration of built-in function 'strstr' [enabled by default]</code><br />
						
            
            <a class="navhash" href="#191">#</a>
						
              <code id="191">         if (strstr(buffer, ". OK") || strstr(buffer, " . OK")) {</code><br />
						
            
            <a class="navhash" href="#192">#</a>
						
              <code id="192">             ^</code><br />
						
            
            <a class="navhash" href="#193">#</a>
						
              <code id="193">sslscan.c:508:13: warning: incompatible implicit declaration of built-in function 'printf' [enabled by default]</code><br />
						
            
            <a class="navhash" href="#194">#</a>
						
              <code id="194">             printf("Server banner: %s\n", buffer);</code><br />
						
            
            <a class="navhash" href="#195">#</a>
						
              <code id="195">             ^</code><br />
						
            
            <a class="navhash" href="#196">#</a>
						
              <code id="196">sslscan.c:514:13: warning: incompatible implicit declaration of built-in function 'strstr' [enabled by default]</code><br />
						
            
            <a class="navhash" href="#197">#</a>
						
              <code id="197">         if (strstr(buffer, "234 AUTH TLS successful")) {</code><br />
						
            
            <a class="navhash" href="#198">#</a>
						
              <code id="198">             ^</code><br />
						
            
            <a class="navhash" href="#199">#</a>
						
              <code id="199">sslscan.c: In function 'password_callback':</code><br />
						
            
            <a class="navhash" href="#200">#</a>
						
              <code id="200">sslscan.c:532:5: warning: incompatible implicit declaration of built-in function 'strncpy' [enabled by default]</code><br />
						
            
            <a class="navhash" href="#201">#</a>
						
              <code id="201">     strncpy(buf, (char *)userdata, size);</code><br />
						
            
            <a class="navhash" href="#202">#</a>
						
              <code id="202">     ^</code><br />
						
            
            <a class="navhash" href="#203">#</a>
						
              <code id="203">sslscan.c:535:9: warning: incompatible implicit declaration of built-in function 'strlen' [enabled by default]</code><br />
						
            
            <a class="navhash" href="#204">#</a>
						
              <code id="204">     buf[strlen(userdata)] = 0;</code><br />
						
            
            <a class="navhash" href="#205">#</a>
						
              <code id="205">         ^</code><br />
						
            
            <a class="navhash" href="#206">#</a>
						
              <code id="206">sslscan.c: In function 'loadCerts':</code><br />
						
            
            <a class="navhash" href="#207">#</a>
						<span class="error">
              <code id="207">sslscan.c:544:5: error: unknown type name 'PKCS12'</code><br />
						</span>
            
            <a class="navhash" href="#208">#</a>
						
              <code id="208">     PKCS12 *pk12 = NULL;</code><br />
						
            
            <a class="navhash" href="#209">#</a>
						
              <code id="209">     ^</code><br />
						
            
            <a class="navhash" href="#210">#</a>
						
              <code id="210">sslscan.c:544:20: error: 'NULL' undeclared (first use in this function)</code><br />
						
            
            <a class="navhash" href="#211">#</a>
						
              <code id="211">     PKCS12 *pk12 = NULL;</code><br />
						
            
            <a class="navhash" href="#212">#</a>
						
              <code id="212">                    ^</code><br />
						
            
            <a class="navhash" href="#213">#</a>
						<span class="error">
              <code id="213">sslscan.c:545:5: error: unknown type name 'FILE'</code><br />
						</span>
            
            <a class="navhash" href="#214">#</a>
						
              <code id="214">     FILE *pk12File = NULL;</code><br />
						
            
            <a class="navhash" href="#215">#</a>
						
              <code id="215">     ^</code><br />
						
            
            <a class="navhash" href="#216">#</a>
						<span class="error">
              <code id="216">sslscan.c:546:5: error: unknown type name 'X509'</code><br />
						</span>
            
            <a class="navhash" href="#217">#</a>
						
              <code id="217">     X509 *cert = NULL;</code><br />
						
            
            <a class="navhash" href="#218">#</a>
						
              <code id="218">     ^</code><br />
						
            
            <a class="navhash" href="#219">#</a>
						<span class="error">
              <code id="219">sslscan.c:547:5: error: unknown type name 'EVP_PKEY'</code><br />
						</span>
            
            <a class="navhash" href="#220">#</a>
						
              <code id="220">     EVP_PKEY *pkey = NULL;</code><br />
						
            
            <a class="navhash" href="#221">#</a>
						
              <code id="221">     ^</code><br />
						
            
            <a class="navhash" href="#222">#</a>
						
              <code id="222">sslscan.c:548:14: error: 'X509' undeclared (first use in this function)</code><br />
						
            
            <a class="navhash" href="#223">#</a>
						
              <code id="223">     STACK_OF(X509) *ca = NULL;</code><br />
						
            
            <a class="navhash" href="#224">#</a>
						
              <code id="224">              ^</code><br />
						
            
            <a class="navhash" href="#225">#</a>
						
              <code id="225">sslscan.c:548:21: error: 'ca' undeclared (first use in this function)</code><br />
						
            
            <a class="navhash" href="#226">#</a>
						
              <code id="226">     STACK_OF(X509) *ca = NULL;</code><br />
						
            
            <a class="navhash" href="#227">#</a>
						
              <code id="227">                     ^</code><br />
						
            
            <a class="navhash" href="#228">#</a>
						
              <code id="228">sslscan.c:561:83: error: 'SSL_FILETYPE_PEM' undeclared (first use in this function)</code><br />
						
            
            <a class="navhash" href="#229">#</a>
						
              <code id="229">         if (!SSL_CTX_use_certificate_file(options->ctx, options->clientCertsFile, SSL_FILETYPE_PEM))</code><br />
						
            
            <a class="navhash" href="#230">#</a>
						
              <code id="230">                                                                                   ^</code><br />
						
            
            <a class="navhash" href="#231">#</a>
						
              <code id="231">sslscan.c:563:87: error: 'SSL_FILETYPE_ASN1' undeclared (first use in this function)</code><br />
						
            
            <a class="navhash" href="#232">#</a>
						
              <code id="232">             if (!SSL_CTX_use_certificate_file(options->ctx, options->clientCertsFile, SSL_FILETYPE_ASN1))</code><br />
						
            
            <a class="navhash" href="#233">#</a>
						
              <code id="233">                                                                                       ^</code><br />
						
            
            <a class="navhash" href="#234">#</a>
						
              <code id="234">sslscan.c:567:21: warning: incompatible implicit declaration of built-in function 'printf' [enabled by default]</code><br />
						
            
            <a class="navhash" href="#235">#</a>
						
              <code id="235">                     printf("%s    Could not configure certificate(s).%s\n", COL_RED, RESET);</code><br />
						
            
            <a class="navhash" href="#236">#</a>
						
              <code id="236">                     ^</code><br />
						
            
            <a class="navhash" href="#237">#</a>
						
              <code id="237">sslscan.c:586:29: warning: incompatible implicit declaration of built-in function 'printf' [enabled by default]</code><br />
						
            
            <a class="navhash" href="#238">#</a>
						
              <code id="238">                             printf("%s    Could not configure private key.%s\n", COL_RED, RESET);</code><br />
						
            
            <a class="navhash" href="#239">#</a>
						
              <code id="239">                             ^</code><br />
						
            
            <a class="navhash" href="#240">#</a>
						
              <code id="240">sslscan.c:598:18: warning: assignment makes pointer from integer without a cast [enabled by default]</code><br />
						
            
            <a class="navhash" href="#241">#</a>
						
              <code id="241">         pk12File = fopen(options->privateKeyFile, "rb");</code><br />
						
            
            <a class="navhash" href="#242">#</a>
						
              <code id="242">                  ^</code><br />
						
            
            <a class="navhash" href="#243">#</a>
						
              <code id="243">sslscan.c:605:17: warning: incompatible implicit declaration of built-in function 'printf' [enabled by default]</code><br />
						
            
            <a class="navhash" href="#244">#</a>
						
              <code id="244">                 printf("%s    Could not read PKCS#12 file.%s\n", COL_RED, RESET);</code><br />
						
            
            <a class="navhash" href="#245">#</a>
						
              <code id="245">                 ^</code><br />
						
            
            <a class="navhash" href="#246">#</a>
						
              <code id="246">sslscan.c:612:21: warning: incompatible implicit declaration of built-in function 'printf' [enabled by default]</code><br />
						
            
            <a class="navhash" href="#247">#</a>
						
              <code id="247">                     printf("%s    Error parsing PKCS#12. Are you sure that password was correct?%s\n", COL_RED, RESET);</code><br />
						
            
            <a class="navhash" href="#248">#</a>
						
              <code id="248">                     ^</code><br />
						
            
            <a class="navhash" href="#249">#</a>
						
              <code id="249">sslscan.c:619:25: warning: incompatible implicit declaration of built-in function 'printf' [enabled by default]</code><br />
						
            
            <a class="navhash" href="#250">#</a>
						
              <code id="250">                         printf("%s    Could not configure certificate.%s\n", COL_RED, RESET);</code><br />
						
            
            <a class="navhash" href="#251">#</a>
						
              <code id="251">                         ^</code><br />
						
            
            <a class="navhash" href="#252">#</a>
						
              <code id="252">sslscan.c:624:25: warning: incompatible implicit declaration of built-in function 'printf' [enabled by default]</code><br />
						
            
            <a class="navhash" href="#253">#</a>
						
              <code id="253">                         printf("%s    Could not configure private key.%s\n", COL_RED, RESET);</code><br />
						
            
            <a class="navhash" href="#254">#</a>
						
              <code id="254">                         ^</code><br />
						
            
            <a class="navhash" href="#255">#</a>
						
              <code id="255">sslscan.c:633:13: warning: incompatible implicit declaration of built-in function 'printf' [enabled by default]</code><br />
						
            
            <a class="navhash" href="#256">#</a>
						
              <code id="256">             printf("%s    Could not open PKCS#12 file.%s\n", COL_RED, RESET);</code><br />
						
            
            <a class="navhash" href="#257">#</a>
						
              <code id="257">             ^</code><br />
						
            
            <a class="navhash" href="#258">#</a>
						
              <code id="258">sslscan.c:643:13: warning: incompatible implicit declaration of built-in function 'printf' [enabled by default]</code><br />
						
            
            <a class="navhash" href="#259">#</a>
						
              <code id="259">             printf("%s    Prvate key does not match certificate.%s\n", COL_RED, RESET);</code><br />
						
            
            <a class="navhash" href="#260">#</a>
						
              <code id="260">             ^</code><br />
						
            
            <a class="navhash" href="#261">#</a>
						
              <code id="261">sslscan.c: In function 'outputRenegotiation':</code><br />
						
            
            <a class="navhash" href="#262">#</a>
						
              <code id="262">sslscan.c:660:9: warning: incompatible implicit declaration of built-in function 'fprintf' [enabled by default]</code><br />
						
            
            <a class="navhash" href="#263">#</a>
						
              <code id="263">         fprintf(options->xmlOutput, "  <renegotiation supported=\"%d\" secure=\"%d\" />\n",</code><br />
						
            
            <a class="navhash" href="#264">#</a>
						
              <code id="264">         ^</code><br />
						
            
            <a class="navhash" href="#265">#</a>
						
              <code id="265">sslscan.c:665:9: warning: incompatible implicit declaration of built-in function 'printf' [enabled by default]</code><br />
						
            
            <a class="navhash" href="#266">#</a>
						
              <code id="266">         printf("    Secure session renegotiation supported\n\n");</code><br />
						
            
            <a class="navhash" href="#267">#</a>
						
              <code id="267">         ^</code><br />
						
            
            <a class="navhash" href="#268">#</a>
						
              <code id="268">sslscan.c: In function 'newRenegotiationOutput':</code><br />
						
            
            <a class="navhash" href="#269">#</a>
						
              <code id="269">sslscan.c:677:16: warning: incompatible implicit declaration of built-in function 'calloc' [enabled by default]</code><br />
						
            
            <a class="navhash" href="#270">#</a>
						
              <code id="270">     myRenOut = calloc(1,sizeof(struct renegotiationOutput));</code><br />
						
            
            <a class="navhash" href="#271">#</a>
						
              <code id="271">                ^</code><br />
						
            
            <a class="navhash" href="#272">#</a>
						
              <code id="272">sslscan.c: In function 'freeRenegotiationOutput':</code><br />
						
            
            <a class="navhash" href="#273">#</a>
						
              <code id="273">sslscan.c:683:22: error: 'NULL' undeclared (first use in this function)</code><br />
						
            
            <a class="navhash" href="#274">#</a>
						
              <code id="274">     if ( myRenOut != NULL) {</code><br />
						
            
            <a class="navhash" href="#275">#</a>
						
              <code id="275">                      ^</code><br />
						
            
            <a class="navhash" href="#276">#</a>
						
              <code id="276">sslscan.c:684:9: warning: incompatible implicit declaration of built-in function 'free' [enabled by default]</code><br />
						
            
            <a class="navhash" href="#277">#</a>
						
              <code id="277">         free(myRenOut);</code><br />
						
            
            <a class="navhash" href="#278">#</a>
						
              <code id="278">         ^</code><br />
						
            
            <a class="navhash" href="#279">#</a>
						
              <code id="279">sslscan.c: In function 'tls_reneg_init':</code><br />
						
            
            <a class="navhash" href="#280">#</a>
						
              <code id="280">sslscan.c:719:13: warning: incompatible implicit declaration of built-in function 'printf' [enabled by default]</code><br />
						
            
            <a class="navhash" href="#281">#</a>
						
              <code id="281">             printf("OpenSSL %s looks like version 0.9.8l; I will try SSL3_FLAGS to enable renegotation.\n",</code><br />
						
            
            <a class="navhash" href="#282">#</a>
						
              <code id="282">             ^</code><br />
						
            
            <a class="navhash" href="#283">#</a>
						
              <code id="283">sslscan.c:720:32: error: 'SSLEAY_VERSION' undeclared (first use in this function)</code><br />
						
            
            <a class="navhash" href="#284">#</a>
						
              <code id="284">                 SSLeay_version(SSLEAY_VERSION));</code><br />
						
            
            <a class="navhash" href="#285">#</a>
						
              <code id="285">                                ^</code><br />
						
            
            <a class="navhash" href="#286">#</a>
						
              <code id="286">sslscan.c:725:13: warning: incompatible implicit declaration of built-in function 'printf' [enabled by default]</code><br />
						
            
            <a class="navhash" href="#287">#</a>
						
              <code id="287">             printf("OpenSSL %s looks like version 0.9.8m or later; "</code><br />
						
            
            <a class="navhash" href="#288">#</a>
						
              <code id="288">             ^</code><br />
						
            
            <a class="navhash" href="#289">#</a>
						
              <code id="289">sslscan.c:731:13: warning: incompatible implicit declaration of built-in function 'printf' [enabled by default]</code><br />
						
            
            <a class="navhash" href="#290">#</a>
						
              <code id="290">             printf("OpenSSL %s [%lx] looks like it's older than "</code><br />
						
            
            <a class="navhash" href="#291">#</a>
						
              <code id="291">             ^</code><br />
						
            
            <a class="navhash" href="#292">#</a>
						
              <code id="292">sslscan.c:741:13: warning: incompatible implicit declaration of built-in function 'printf' [enabled by default]</code><br />
						
            
            <a class="navhash" href="#293">#</a>
						
              <code id="293">             printf("OpenSSL %s has version %lx\n",</code><br />
						
            
            <a class="navhash" href="#294">#</a>
						
              <code id="294">             ^</code><br />
						
            
            <a class="navhash" href="#295">#</a>
						
              <code id="295">sslscan.c: At top level:</code><br />
						
            
            <a class="navhash" href="#296">#</a>
						<span class="error">
              <code id="296">sslscan.c:754:30: error: unknown type name 'SSL_METHOD'</code><br />
						</span>
            
            <a class="navhash" href="#297">#</a>
						
              <code id="297"> int testRenegotiation(struct sslCheckOptions *options, const SSL_METHOD *sslMethod)</code><br />
						
            
            <a class="navhash" href="#298">#</a>
						
              <code id="298">                              ^</code><br />
						
            
            <a class="navhash" href="#299">#</a>
						
              <code id="299">sslscan.c: In function 'testRenegotiation':</code><br />
						
            
            <a class="navhash" href="#300">#</a>
						<span class="error">
              <code id="300">sslscan.c:762:5: error: unknown type name 'SSL'</code><br />
						</span>
            
            <a class="navhash" href="#301">#</a>
						
              <code id="301">     SSL *ssl = NULL;</code><br />
						
            
            <a class="navhash" href="#302">#</a>
						
              <code id="302">     ^</code><br />
						
            
            <a class="navhash" href="#303">#</a>
						
              <code id="303">sslscan.c:762:16: error: 'NULL' undeclared (first use in this function)</code><br />
						
            
            <a class="navhash" href="#304">#</a>
						
              <code id="304">     SSL *ssl = NULL;</code><br />
						
            
            <a class="navhash" href="#305">#</a>
						
              <code id="305">                ^</code><br />
						
            
            <a class="navhash" href="#306">#</a>
						<span class="error">
              <code id="306">sslscan.c:763:5: error: unknown type name 'BIO'</code><br />
						</span>
            
            <a class="navhash" href="#307">#</a>
						
              <code id="307">     BIO *cipherConnectionBio;</code><br />
						
            
            <a class="navhash" href="#308">#</a>
						
              <code id="308">     ^</code><br />
						
            
            <a class="navhash" href="#309">#</a>
						
              <code id="309">sslscan.c:774:22: warning: assignment makes pointer from integer without a cast [enabled by default]</code><br />
						
            
            <a class="navhash" href="#310">#</a>
						
              <code id="310">         options->ctx = SSL_CTX_new(sslMethod);</code><br />
						
            
            <a class="navhash" href="#311">#</a>
						
              <code id="311">                      ^</code><br />
						
            
            <a class="navhash" href="#312">#</a>
						
              <code id="312">sslscan.c:787:25: warning: assignment makes pointer from integer without a cast [enabled by default]</code><br />
						
            
            <a class="navhash" href="#313">#</a>
						
              <code id="313">                     ssl = SSL_new(options->ctx);</code><br />
						
            
            <a class="navhash" href="#314">#</a>
						
              <code id="314">                         ^</code><br />
						
            
            <a class="navhash" href="#315">#</a>
						
              <code id="315">sslscan.c:798:80: error: 'BIO_NOCLOSE' undeclared (first use in this function)</code><br />
						
            
            <a class="navhash" href="#316">#</a>
						
              <code id="316">                         cipherConnectionBio = BIO_new_socket(socketDescriptor, BIO_NOCLOSE);</code><br />
						
            
            <a class="navhash" href="#317">#</a>
						
              <code id="317">                                                                                ^</code><br />
						
            
            <a class="navhash" href="#318">#</a>
						
              <code id="318">sslscan.c:826:29: warning: incompatible implicit declaration of built-in function 'printf' [enabled by default]</code><br />
						
            
            <a class="navhash" href="#319">#</a>
						
              <code id="319">                             printf("use_unsafe_renegotiation_flag\n");</code><br />
						
            
            <a class="navhash" href="#320">#</a>
						
              <code id="320">                             ^</code><br />
						
            
            <a class="navhash" href="#321">#</a>
						
              <code id="321">sslscan.c:827:28: error: request for member 's3' in something not a structure or union</code><br />
						
            
            <a class="navhash" href="#322">#</a>
						
              <code id="322">                         ssl->s3->flags |= SSL3_FLAGS_ALLOW_UNSAFE_LEGACY_RENEGOTIATION;</code><br />
						
            
            <a class="navhash" href="#323">#</a>
						
              <code id="323">                            ^</code><br />
						
            
            <a class="navhash" href="#324">#</a>
						
              <code id="324">sslscan.c:831:29: warning: incompatible implicit declaration of built-in function 'printf' [enabled by default]</code><br />
						
            
            <a class="navhash" href="#325">#</a>
						
              <code id="325">                             printf("use_unsafe_renegotiation_op\n");</code><br />
						
            
            <a class="navhash" href="#326">#</a>
						
              <code id="326">                             ^</code><br />
						
            
            <a class="navhash" href="#327">#</a>
						
              <code id="327">sslscan.c:861:37: warning: incompatible implicit declaration of built-in function 'printf' [enabled by default]</code><br />
						
            
            <a class="navhash" href="#328">#</a>
						
              <code id="328">                                     printf("Attempting SSL_renegotiate(ssl)\n");</code><br />
						
            
            <a class="navhash" href="#329">#</a>
						
              <code id="329">                                     ^</code><br />
						
            
            <a class="navhash" href="#330">#</a>
						
              <code id="330">sslscan.c:868:40: error: request for member 'state' in something not a structure or union</code><br />
						
            
            <a class="navhash" href="#331">#</a>
						
              <code id="331">                                 if (ssl->state == SSL_ST_OK)</code><br />
						
            
            <a class="navhash" href="#332">#</a>
						
              <code id="332">                                        ^</code><br />
						
            
            <a class="navhash" href="#333">#</a>
						
              <code id="333">sslscan.c:868:51: error: 'SSL_ST_OK' undeclared (first use in this function)</code><br />
						
            
            <a class="navhash" href="#334">#</a>
						
              <code id="334">                                 if (ssl->state == SSL_ST_OK)</code><br />
						
            
            <a class="navhash" href="#335">#</a>
						
              <code id="335">                                                   ^</code><br />
						
            
            <a class="navhash" href="#336">#</a>
						
              <code id="336">sslscan.c:873:41: warning: incompatible implicit declaration of built-in function 'fprintf' [enabled by default]</code><br />
						
            
            <a class="navhash" href="#337">#</a>
						
              <code id="337">                                         fprintf(stderr, "\n\nSSL_do_handshake() call failed\n");</code><br />
						
            
            <a class="navhash" href="#338">#</a>
						
              <code id="338">                                         ^</code><br />
						
            
            <a class="navhash" href="#339">#</a>
						
              <code id="339">sslscan.c:873:49: error: 'stderr' undeclared (first use in this function)</code><br />
						
            
            <a class="navhash" href="#340">#</a>
						
              <code id="340">                                         fprintf(stderr, "\n\nSSL_do_handshake() call failed\n");</code><br />
						
            
            <a class="navhash" href="#341">#</a>
						
              <code id="341">                                                 ^</code><br />
						
            
            <a class="navhash" href="#342">#</a>
						
              <code id="342">sslscan.c:875:44: error: request for member 'state' in something not a structure or union</code><br />
						
            
            <a class="navhash" href="#343">#</a>
						
              <code id="343">                                     if (ssl->state == SSL_ST_OK)</code><br />
						
            
            <a class="navhash" href="#344">#</a>
						
              <code id="344">                                            ^</code><br />
						
            
            <a class="navhash" href="#345">#</a>
						
              <code id="345">sslscan.c:883:41: warning: incompatible implicit declaration of built-in function 'fprintf' [enabled by default]</code><br />
						
            
            <a class="navhash" href="#346">#</a>
						
              <code id="346">                                         fprintf(stderr, "\n\nFailed to complete renegotiation\n");</code><br />
						
            
            <a class="navhash" href="#347">#</a>
						
              <code id="347">                                         ^</code><br />
						
            
            <a class="navhash" href="#348">#</a>
						
              <code id="348">sslscan.c:903:25: warning: incompatible implicit declaration of built-in function 'fprintf' [enabled by default]</code><br />
						
            
            <a class="navhash" href="#349">#</a>
						
              <code id="349">                         fprintf(stderr, "%s    ERROR: Could create SSL object.%s\n", COL_RED, RESET);</code><br />
						
            
            <a class="navhash" href="#350">#</a>
						
              <code id="350">                         ^</code><br />
						
            
            <a class="navhash" href="#351">#</a>
						
              <code id="351">sslscan.c:911:17: warning: incompatible implicit declaration of built-in function 'fprintf' [enabled by default]</code><br />
						
            
            <a class="navhash" href="#352">#</a>
						
              <code id="352">                 fprintf(stderr, "%s    ERROR: Could set cipher.%s\n", COL_RED, RESET);</code><br />
						
            
            <a class="navhash" href="#353">#</a>
						
              <code id="353">                 ^</code><br />
						
            
            <a class="navhash" href="#354">#</a>
						
              <code id="354">sslscan.c:921:13: warning: incompatible implicit declaration of built-in function 'fprintf' [enabled by default]</code><br />
						
            
            <a class="navhash" href="#355">#</a>
						
              <code id="355">             fprintf(stderr, "%sERROR: Could not create CTX object.%s\n", COL_RED, RESET);</code><br />
						
            
            <a class="navhash" href="#356">#</a>
						
              <code id="356">             ^</code><br />
						
            
            <a class="navhash" href="#357">#</a>
						
              <code id="357">sslscan.c:930:9: warning: incompatible implicit declaration of built-in function 'fprintf' [enabled by default]</code><br />
						
            
            <a class="navhash" href="#358">#</a>
						
              <code id="358">         fprintf(stderr, "%sERROR: Could not connect.%s\n", COL_RED, RESET);</code><br />
						
            
            <a class="navhash" href="#359">#</a>
						
              <code id="359">         ^</code><br />
						
            
            <a class="navhash" href="#360">#</a>
						
              <code id="360">sslscan.c:934:9: warning: incompatible implicit declaration of built-in function 'exit' [enabled by default]</code><br />
						
            
            <a class="navhash" href="#361">#</a>
						
              <code id="361">         exit(status);</code><br />
						
            
            <a class="navhash" href="#362">#</a>
						
              <code id="362">         ^</code><br />
						
            
            <a class="navhash" href="#363">#</a>
						
              <code id="363">sslscan.c: In function 'testCipher':</code><br />
						
            
            <a class="navhash" href="#364">#</a>
						<span class="error">
              <code id="364">sslscan.c:950:5: error: unknown type name 'SSL'</code><br />
						</span>
            
            <a class="navhash" href="#365">#</a>
						
              <code id="365">     SSL *ssl = NULL;</code><br />
						
            
            <a class="navhash" href="#366">#</a>
						
              <code id="366">     ^</code><br />
						
            
            <a class="navhash" href="#367">#</a>
						
              <code id="367">sslscan.c:950:16: error: 'NULL' undeclared (first use in this function)</code><br />
						
            
            <a class="navhash" href="#368">#</a>
						
              <code id="368">     SSL *ssl = NULL;</code><br />
						
            
            <a class="navhash" href="#369">#</a>
						
              <code id="369">                ^</code><br />
						
            
            <a class="navhash" href="#370">#</a>
						<span class="error">
              <code id="370">sslscan.c:951:5: error: unknown type name 'BIO'</code><br />
						</span>
            
            <a class="navhash" href="#371">#</a>
						
              <code id="371">     BIO *cipherConnectionBio;</code><br />
						
            
            <a class="navhash" href="#372">#</a>
						
              <code id="372">     ^</code><br />
						
            
            <a class="navhash" href="#373">#</a>
						<span class="error">
              <code id="373">sslscan.c:952:5: error: unknown type name 'BIO'</code><br />
						</span>
            
            <a class="navhash" href="#374">#</a>
						
              <code id="374">     BIO *stdoutBIO = NULL;</code><br />
						
            
            <a class="navhash" href="#375">#</a>
						
              <code id="375">     ^</code><br />
						
            
            <a class="navhash" href="#376">#</a>
						
              <code id="376">sslscan.c:959:5: warning: incompatible implicit declaration of built-in function 'memset' [enabled by default]</code><br />
						
            
            <a class="navhash" href="#377">#</a>
						
              <code id="377">     memset(requestBuffer, 0, 200);</code><br />
						
            
            <a class="navhash" href="#378">#</a>
						
              <code id="378">     ^</code><br />
						
            
            <a class="navhash" href="#379">#</a>
						
              <code id="379">sslscan.c:960:5: warning: incompatible implicit declaration of built-in function 'snprintf' [enabled by default]</code><br />
						
            
            <a class="navhash" href="#380">#</a>
						
              <code id="380">     snprintf(requestBuffer, 199, "GET / HTTP/1.0\r\nUser-Agent: SSLScan\r\nHost: %s\r\n\r\n", options->host);</code><br />
						
            
            <a class="navhash" href="#381">#</a>
						
              <code id="381">     ^</code><br />
						
            
            <a class="navhash" href="#382">#</a>
						
              <code id="382">sslscan.c:970:17: warning: assignment makes pointer from integer without a cast [enabled by default]</code><br />
						
            
            <a class="navhash" href="#383">#</a>
						
              <code id="383">             ssl = SSL_new(options->ctx);</code><br />
						
            
            <a class="navhash" href="#384">#</a>
						
              <code id="384">                 ^</code><br />
						
            
            <a class="navhash" href="#385">#</a>
						
              <code id="385">sslscan.c:974:72: error: 'BIO_NOCLOSE' undeclared (first use in this function)</code><br />
						
            
            <a class="navhash" href="#386">#</a>
						
              <code id="386">                 cipherConnectionBio = BIO_new_socket(socketDescriptor, BIO_NOCLOSE);</code><br />
						
            
            <a class="navhash" href="#387">#</a>
						
              <code id="387">                                                                        ^</code><br />
						
            
            <a class="navhash" href="#388">#</a>
						
              <code id="388">sslscan.c:991:25: warning: incompatible implicit declaration of built-in function 'fprintf' [enabled by default]</code><br />
						
            
            <a class="navhash" href="#389">#</a>
						
              <code id="389">                         fprintf(options->xmlOutput, "  <cipher status=\"");</code><br />
						
            
            <a class="navhash" href="#390">#</a>
						
              <code id="390">                         ^</code><br />
						
            
            <a class="navhash" href="#391">#</a>
						
              <code id="391">sslscan.c:997:29: warning: incompatible implicit declaration of built-in function 'printf' [enabled by default]</code><br />
						
            
            <a class="navhash" href="#392">#</a>
						
              <code id="392">                             printf("|| Accepted || ");</code><br />
						
            
            <a class="navhash" href="#393">#</a>
						
              <code id="393">                             ^</code><br />
						
            
            <a class="navhash" href="#394">#</a>
						
              <code id="394">sslscan.c:1004:39: warning: assignment makes pointer from integer without a cast [enabled by default]</code><br />
						
            
            <a class="navhash" href="#395">#</a>
						
              <code id="395">                             stdoutBIO = BIO_new(BIO_s_file());</code><br />
						
            
            <a class="navhash" href="#396">#</a>
						
              <code id="396">                                       ^</code><br />
						
            
            <a class="navhash" href="#397">#</a>
						
              <code id="397">sslscan.c:1005:51: error: 'stdout' undeclared (first use in this function)</code><br />
						
            
            <a class="navhash" href="#398">#</a>
						
              <code id="398">                             BIO_set_fp(stdoutBIO, stdout, BIO_NOCLOSE);</code><br />
						
            
            <a class="navhash" href="#399">#</a>
						
              <code id="399">                                                   ^</code><br />
						
            
            <a class="navhash" href="#400">#</a>
						
              <code id="400">sslscan.c:1024:44: warning: incompatible implicit declaration of built-in function 'strlen' [enabled by default]</code><br />
						
            
            <a class="navhash" href="#401">#</a>
						
              <code id="401">                                     loop = strlen(buffer + 9);</code><br />
						
            
            <a class="navhash" href="#402">#</a>
						
              <code id="402">                                            ^</code><br />
						
            
            <a class="navhash" href="#403">#</a>
						
              <code id="403">sslscan.c:1051:33: warning: incompatible implicit declaration of built-in function 'printf' [enabled by default]</code><br />
						
            
            <a class="navhash" href="#404">#</a>
						
              <code id="404">                                 printf("|| Rejected || N/A || ");</code><br />
						
            
            <a class="navhash" href="#405">#</a>
						
              <code id="405">                                 ^</code><br />
						
            
            <a class="navhash" href="#406">#</a>
						
              <code id="406">sslscan.c:1058:33: warning: incompatible implicit declaration of built-in function 'printf' [enabled by default]</code><br />
						
            
            <a class="navhash" href="#407">#</a>
						
              <code id="407">                                 printf("|| Rejected || ");</code><br />
						
            
            <a class="navhash" href="#408">#</a>
						
              <code id="408">                                 ^</code><br />
						
            
            <a class="navhash" href="#409">#</a>
						
              <code id="409">sslscan.c:1066:29: warning: incompatible implicit declaration of built-in function 'printf' [enabled by default]</code><br />
						
            
            <a class="navhash" href="#410">#</a>
						
              <code id="410">                             printf("SSL_get_error(ssl, cipherStatus) said: %d\n", SSL_get_error(ssl, cipherStatus));</code><br />
						
            
            <a class="navhash" href="#411">#</a>
						
              <code id="411">                             ^</code><br />
						
            
            <a class="navhash" href="#412">#</a>
						
              <code id="412">sslscan.c:1087:53: warning: comparison between pointer and integer [enabled by default]</code><br />
						
            
            <a class="navhash" href="#413">#</a>
						
              <code id="413">                     if (sslCipherPointer->sslMethod == SSLv2_client_method())</code><br />
						
            
            <a class="navhash" href="#414">#</a>
						
              <code id="414">                                                     ^</code><br />
						
            
            <a class="navhash" href="#415">#</a>
						
              <code id="415">sslscan.c:1092:29: warning: incompatible implicit declaration of built-in function 'printf' [enabled by default]</code><br />
						
            
            <a class="navhash" href="#416">#</a>
						
              <code id="416">                             printf("SSLv2 || ");</code><br />
						
            
            <a class="navhash" href="#417">#</a>
						
              <code id="417">                             ^</code><br />
						
            
            <a class="navhash" href="#418">#</a>
						
              <code id="418">sslscan.c:1096:58: warning: comparison between pointer and integer [enabled by default]</code><br />
						
            
            <a class="navhash" href="#419">#</a>
						
              <code id="419">                     else if (sslCipherPointer->sslMethod == SSLv3_client_method())</code><br />
						
            
            <a class="navhash" href="#420">#</a>
						
              <code id="420">                                                          ^</code><br />
						
            
            <a class="navhash" href="#421">#</a>
						
              <code id="421">sslscan.c:1104:29: warning: incompatible implicit declaration of built-in function 'printf' [enabled by default]</code><br />
						
            
            <a class="navhash" href="#422">#</a>
						
              <code id="422">                             printf("SSLv3 || ");</code><br />
						
            
            <a class="navhash" href="#423">#</a>
						
              <code id="423">                             ^</code><br />
						
            
            <a class="navhash" href="#424">#</a>
						
              <code id="424">sslscan.c:1108:58: warning: comparison between pointer and integer [enabled by default]</code><br />
						
            
            <a class="navhash" href="#425">#</a>
						
              <code id="425">                     else if (sslCipherPointer->sslMethod == TLSv1_client_method())</code><br />
						
            
            <a class="navhash" href="#426">#</a>
						
              <code id="426">                                                          ^</code><br />
						
            
            <a class="navhash" href="#427">#</a>
						
              <code id="427">sslscan.c:1113:29: warning: incompatible implicit declaration of built-in function 'printf' [enabled by default]</code><br />
						
            
            <a class="navhash" href="#428">#</a>
						
              <code id="428">                             printf("TLSv1 || ");</code><br />
						
            
            <a class="navhash" href="#429">#</a>
						
              <code id="429">                             ^</code><br />
						
            
            <a class="navhash" href="#430">#</a>
						
              <code id="430">sslscan.c:1145:25: warning: incompatible implicit declaration of built-in function 'printf' [enabled by default]</code><br />
						
            
            <a class="navhash" href="#431">#</a>
						
              <code id="431">                         printf("%d || ", sslCipherPointer->bits);</code><br />
						
            
            <a class="navhash" href="#432">#</a>
						
              <code id="432">                         ^</code><br />
						
            
            <a class="navhash" href="#433">#</a>
						
              <code id="433">sslscan.c:1171:17: warning: incompatible implicit declaration of built-in function 'printf' [enabled by default]</code><br />
						
            
            <a class="navhash" href="#434">#</a>
						
              <code id="434">                 printf("%s    ERROR: Could create SSL object.%s\n", COL_RED, RESET);</code><br />
						
            
            <a class="navhash" href="#435">#</a>
						
              <code id="435">                 ^</code><br />
						
            
            <a class="navhash" href="#436">#</a>
						
              <code id="436">sslscan.c:1177:13: warning: incompatible implicit declaration of built-in function 'printf' [enabled by default]</code><br />
						
            
            <a class="navhash" href="#437">#</a>
						
              <code id="437">             printf("%s    ERROR: Could set cipher %s.%s\n", COL_RED, sslCipherPointer->name, RESET);</code><br />
						
            
            <a class="navhash" href="#438">#</a>
						
              <code id="438">             ^</code><br />
						
            
            <a class="navhash" href="#439">#</a>
						
              <code id="439">sslscan.c: At top level:</code><br />
						
            
            <a class="navhash" href="#440">#</a>
						<span class="error">
              <code id="440">sslscan.c:1193:26: error: unknown type name 'SSL_METHOD'</code><br />
						</span>
            
            <a class="navhash" href="#441">#</a>
						
              <code id="441"> int defaultCipher(struct sslCheckOptions *options, const const SSL_METHOD *sslMethod)</code><br />
						
            
            <a class="navhash" href="#442">#</a>
						
              <code id="442">                          ^</code><br />
						
            
            <a class="navhash" href="#443">#</a>
						
              <code id="443">sslscan.c: In function 'defaultCipher':</code><br />
						
            
            <a class="navhash" href="#444">#</a>
						<span class="error">
              <code id="444">sslscan.c:1199:5: error: unknown type name 'SSL'</code><br />
						</span>
            
            <a class="navhash" href="#445">#</a>
						
              <code id="445">     SSL *ssl = NULL;</code><br />
						
            
            <a class="navhash" href="#446">#</a>
						
              <code id="446">     ^</code><br />
						
            
            <a class="navhash" href="#447">#</a>
						
              <code id="447">sslscan.c:1199:16: error: 'NULL' undeclared (first use in this function)</code><br />
						
            
            <a class="navhash" href="#448">#</a>
						
              <code id="448">     SSL *ssl = NULL;</code><br />
						
            
            <a class="navhash" href="#449">#</a>
						
              <code id="449">                ^</code><br />
						
            
            <a class="navhash" href="#450">#</a>
						<span class="error">
              <code id="450">sslscan.c:1200:5: error: unknown type name 'BIO'</code><br />
						</span>
            
            <a class="navhash" href="#451">#</a>
						
              <code id="451">     BIO *cipherConnectionBio;</code><br />
						
            
            <a class="navhash" href="#452">#</a>
						
              <code id="452">     ^</code><br />
						
            
            <a class="navhash" href="#453">#</a>
						
              <code id="453">sslscan.c:1210:22: warning: assignment makes pointer from integer without a cast [enabled by default]</code><br />
						
            
            <a class="navhash" href="#454">#</a>
						
              <code id="454">         options->ctx = SSL_CTX_new(sslMethod);</code><br />
						
            
            <a class="navhash" href="#455">#</a>
						
              <code id="455">                      ^</code><br />
						
            
            <a class="navhash" href="#456">#</a>
						
              <code id="456">sslscan.c:1223:25: warning: assignment makes pointer from integer without a cast [enabled by default]</code><br />
						
            
            <a class="navhash" href="#457">#</a>
						
              <code id="457">                     ssl = SSL_new(options->ctx);</code><br />
						
            
            <a class="navhash" href="#458">#</a>
						
              <code id="458">                         ^</code><br />
						
            
            <a class="navhash" href="#459">#</a>
						
              <code id="459">sslscan.c:1227:80: error: 'BIO_NOCLOSE' undeclared (first use in this function)</code><br />
						
            
            <a class="navhash" href="#460">#</a>
						
              <code id="460">                         cipherConnectionBio = BIO_new_socket(socketDescriptor, BIO_NOCLOSE);</code><br />
						
            
            <a class="navhash" href="#461">#</a>
						
              <code id="461">                                                                                ^</code><br />
						
            
            <a class="navhash" href="#462">#</a>
						
              <code id="462">sslscan.c:1242:43: warning: comparison between pointer and integer [enabled by default]</code><br />
						
            
            <a class="navhash" href="#463">#</a>
						
              <code id="463">                             if (sslMethod == SSLv2_client_method())</code><br />
						
            
            <a class="navhash" href="#464">#</a>
						
              <code id="464">                                           ^</code><br />
						
            
            <a class="navhash" href="#465">#</a>
						
              <code id="465">sslscan.c:1245:37: warning: incompatible implicit declaration of built-in function 'fprintf' [enabled by default]</code><br />
						
            
            <a class="navhash" href="#466">#</a>
						
              <code id="466">                                     fprintf(options->xmlOutput, "  <defaultcipher sslversion=\"SSLv2\" bits=\"");</code><br />
						
            
            <a class="navhash" href="#467">#</a>
						
              <code id="467">                                     ^</code><br />
						
            
            <a class="navhash" href="#468">#</a>
						
              <code id="468">sslscan.c:1247:37: warning: incompatible implicit declaration of built-in function 'printf' [enabled by default]</code><br />
						
            
            <a class="navhash" href="#469">#</a>
						
              <code id="469">                                     printf("|| SSLv2 || ");</code><br />
						
            
            <a class="navhash" href="#470">#</a>
						
              <code id="470">                                     ^</code><br />
						
            
            <a class="navhash" href="#471">#</a>
						
              <code id="471">sslscan.c:1251:48: warning: comparison between pointer and integer [enabled by default]</code><br />
						
            
            <a class="navhash" href="#472">#</a>
						
              <code id="472">                             else if (sslMethod == SSLv3_client_method())</code><br />
						
            
            <a class="navhash" href="#473">#</a>
						
              <code id="473">                                                ^</code><br />
						
            
            <a class="navhash" href="#474">#</a>
						
              <code id="474">sslscan.c:1257:37: warning: incompatible implicit declaration of built-in function 'fprintf' [enabled by default]</code><br />
						
            
            <a class="navhash" href="#475">#</a>
						
              <code id="475">                                     fprintf(options->xmlOutput, "  <defaultcipher sslversion=\"SSLv3\" bits=\"");</code><br />
						
            
            <a class="navhash" href="#476">#</a>
						
              <code id="476">                                     ^</code><br />
						
            
            <a class="navhash" href="#477">#</a>
						
              <code id="477">sslscan.c:1259:37: warning: incompatible implicit declaration of built-in function 'printf' [enabled by default]</code><br />
						
            
            <a class="navhash" href="#478">#</a>
						
              <code id="478">                                     printf("|| SSLv3 || ");</code><br />
						
            
            <a class="navhash" href="#479">#</a>
						
              <code id="479">                                     ^</code><br />
						
            
            <a class="navhash" href="#480">#</a>
						
              <code id="480">sslscan.c:1263:48: warning: comparison between pointer and integer [enabled by default]</code><br />
						
            
            <a class="navhash" href="#481">#</a>
						
              <code id="481">                             else if (sslMethod == TLSv1_client_method())</code><br />
						
            
            <a class="navhash" href="#482">#</a>
						
              <code id="482">                                                ^</code><br />
						
            
            <a class="navhash" href="#483">#</a>
						
              <code id="483">sslscan.c:1266:37: warning: incompatible implicit declaration of built-in function 'fprintf' [enabled by default]</code><br />
						
            
            <a class="navhash" href="#484">#</a>
						
              <code id="484">                                     fprintf(options->xmlOutput, "  <defaultcipher sslversion=\"TLSv1\" bits=\"");</code><br />
						
            
            <a class="navhash" href="#485">#</a>
						
              <code id="485">                                     ^</code><br />
						
            
            <a class="navhash" href="#486">#</a>
						
              <code id="486">sslscan.c:1268:37: warning: incompatible implicit declaration of built-in function 'printf' [enabled by default]</code><br />
						
            
            <a class="navhash" href="#487">#</a>
						
              <code id="487">                                     printf("|| TLSv1 || ");</code><br />
						
            
            <a class="navhash" href="#488">#</a>
						
              <code id="488">                                     ^</code><br />
						
            
            <a class="navhash" href="#489">#</a>
						
              <code id="489">sslscan.c:1300:33: warning: incompatible implicit declaration of built-in function 'printf' [enabled by default]</code><br />
						
            
            <a class="navhash" href="#490">#</a>
						
              <code id="490">                                 printf("%d bits || ", SSL_get_cipher_bits(ssl, &tempInt2));</code><br />
						
            
            <a class="navhash" href="#491">#</a>
						
              <code id="491">                                 ^</code><br />
						
            
            <a class="navhash" href="#492">#</a>
						
              <code id="492">sslscan.c:1309:33: warning: incompatible implicit declaration of built-in function 'fprintf' [enabled by default]</code><br />
						
            
            <a class="navhash" href="#493">#</a>
						
              <code id="493">                                 fprintf(options->xmlOutput, "%d\" cipher=\"%s\" />\n", SSL_get_cipher_bits(ssl, &tempInt2), SSL_get_cipher_name(ssl));</code><br />
						
            
            <a class="navhash" href="#494">#</a>
						
              <code id="494">                                 ^</code><br />
						
            
            <a class="navhash" href="#495">#</a>
						
              <code id="495">sslscan.c:1326:25: warning: incompatible implicit declaration of built-in function 'printf' [enabled by default]</code><br />
						
            
            <a class="navhash" href="#496">#</a>
						
              <code id="496">                         printf("%s    ERROR: Could create SSL object.%s\n", COL_RED, RESET);</code><br />
						
            
            <a class="navhash" href="#497">#</a>
						
              <code id="497">                         ^</code><br />
						
            
            <a class="navhash" href="#498">#</a>
						
              <code id="498">sslscan.c:1333:17: warning: incompatible implicit declaration of built-in function 'printf' [enabled by default]</code><br />
						
            
            <a class="navhash" href="#499">#</a>
						
              <code id="499">                 printf("%s    ERROR: Could set cipher.%s\n", COL_RED, RESET);</code><br />
						
            
            <a class="navhash" href="#500">#</a>
						
              <code id="500">                 ^</code><br />
						
            
            <a class="navhash" href="#501">#</a>
						
              <code id="501">sslscan.c:1344:13: warning: incompatible implicit declaration of built-in function 'printf' [enabled by default]</code><br />
						
            
            <a class="navhash" href="#502">#</a>
						
              <code id="502">             printf("%sERROR: Could not create CTX object.%s\n", COL_RED, RESET);</code><br />
						
            
            <a class="navhash" href="#503">#</a>
						
              <code id="503">             ^</code><br />
						
            
            <a class="navhash" href="#504">#</a>
						
              <code id="504">sslscan.c: In function 'getCertificate':</code><br />
						
            
            <a class="navhash" href="#505">#</a>
						<span class="error">
              <code id="505">sslscan.c:1366:5: error: unknown type name 'SSL'</code><br />
						</span>
            
            <a class="navhash" href="#506">#</a>
						
              <code id="506">     SSL *ssl = NULL;</code><br />
						
            
            <a class="navhash" href="#507">#</a>
						
              <code id="507">     ^</code><br />
						
            
            <a class="navhash" href="#508">#</a>
						
              <code id="508">sslscan.c:1366:16: error: 'NULL' undeclared (first use in this function)</code><br />
						
            
            <a class="navhash" href="#509">#</a>
						
              <code id="509">     SSL *ssl = NULL;</code><br />
						
            
            <a class="navhash" href="#510">#</a>
						
              <code id="510">                ^</code><br />
						
            
            <a class="navhash" href="#511">#</a>
						<span class="error">
              <code id="511">sslscan.c:1367:5: error: unknown type name 'BIO'</code><br />
						</span>
            
            <a class="navhash" href="#512">#</a>
						
              <code id="512">     BIO *cipherConnectionBio = NULL;</code><br />
						
            
            <a class="navhash" href="#513">#</a>
						
              <code id="513">     ^</code><br />
						
            
            <a class="navhash" href="#514">#</a>
						<span class="error">
              <code id="514">sslscan.c:1368:5: error: unknown type name 'BIO'</code><br />
						</span>
            
            <a class="navhash" href="#515">#</a>
						
              <code id="515">     BIO *stdoutBIO = NULL;</code><br />
						
            
            <a class="navhash" href="#516">#</a>
						
              <code id="516">     ^</code><br />
						
            
            <a class="navhash" href="#517">#</a>
						<span class="error">
              <code id="517">sslscan.c:1369:5: error: unknown type name 'BIO'</code><br />
						</span>
            
            <a class="navhash" href="#518">#</a>
						
              <code id="518">     BIO *fileBIO = NULL;</code><br />
						
            
            <a class="navhash" href="#519">#</a>
						
              <code id="519">     ^</code><br />
						
            
            <a class="navhash" href="#520">#</a>
						<span class="error">
              <code id="520">sslscan.c:1370:5: error: unknown type name 'X509'</code><br />
						</span>
            
            <a class="navhash" href="#521">#</a>
						
              <code id="521">     X509 *x509Cert = NULL;</code><br />
						
            
            <a class="navhash" href="#522">#</a>
						
              <code id="522">     ^</code><br />
						
            
            <a class="navhash" href="#523">#</a>
						<span class="error">
              <code id="523">sslscan.c:1371:5: error: unknown type name 'EVP_PKEY'</code><br />
						</span>
            
            <a class="navhash" href="#524">#</a>
						
              <code id="524">     EVP_PKEY *publicKey = NULL;</code><br />
						
            
            <a class="navhash" href="#525">#</a>
						
              <code id="525">     ^</code><br />
						
            
            <a class="navhash" href="#526">#</a>
						<span class="error">
              <code id="526">sslscan.c:1372:5: error: unknown type name 'SSL_METHOD'</code><br />
						</span>
            
            <a class="navhash" href="#527">#</a>
						
              <code id="527">     const SSL_METHOD *sslMethod = NULL;</code><br />
						
            
            <a class="navhash" href="#528">#</a>
						
              <code id="528">     ^</code><br />
						
            
            <a class="navhash" href="#529">#</a>
						<span class="error">
              <code id="529">sslscan.c:1373:5: error: unknown type name 'ASN1_OBJECT'</code><br />
						</span>
            
            <a class="navhash" href="#530">#</a>
						
              <code id="530">     ASN1_OBJECT *asn1Object = NULL;</code><br />
						
            
            <a class="navhash" href="#531">#</a>
						
              <code id="531">     ^</code><br />
						
            
            <a class="navhash" href="#532">#</a>
						<span class="error">
              <code id="532">sslscan.c:1374:5: error: unknown type name 'X509_EXTENSION'</code><br />
						</span>
            
            <a class="navhash" href="#533">#</a>
						
              <code id="533">     X509_EXTENSION *extension = NULL;</code><br />
						
            
            <a class="navhash" href="#534">#</a>
						
              <code id="534">     ^</code><br />
						
            
            <a class="navhash" href="#535">#</a>
						
              <code id="535">sslscan.c:1389:17: warning: incompatible implicit declaration of built-in function 'printf' [enabled by default]</code><br />
						
            
            <a class="navhash" href="#536">#</a>
						
              <code id="536">                 printf("sslMethod = TLSv1_method()");</code><br />
						
            
            <a class="navhash" href="#537">#</a>
						
              <code id="537">                 ^</code><br />
						
            
            <a class="navhash" href="#538">#</a>
						
              <code id="538">sslscan.c:1390:23: warning: assignment makes pointer from integer without a cast [enabled by default]</code><br />
						
            
            <a class="navhash" href="#539">#</a>
						
              <code id="539">             sslMethod = TLSv1_method();</code><br />
						
            
            <a class="navhash" href="#540">#</a>
						
              <code id="540">                       ^</code><br />
						
            
            <a class="navhash" href="#541">#</a>
						
              <code id="541">sslscan.c:1393:17: warning: incompatible implicit declaration of built-in function 'printf' [enabled by default]</code><br />
						
            
            <a class="navhash" href="#542">#</a>
						
              <code id="542">                 printf("sslMethod = SSLv23_method()");</code><br />
						
            
            <a class="navhash" href="#543">#</a>
						
              <code id="543">                 ^</code><br />
						
            
            <a class="navhash" href="#544">#</a>
						
              <code id="544">sslscan.c:1394:23: warning: assignment makes pointer from integer without a cast [enabled by default]</code><br />
						
            
            <a class="navhash" href="#545">#</a>
						
              <code id="545">             sslMethod = SSLv23_method();</code><br />
						
            
            <a class="navhash" href="#546">#</a>
						
              <code id="546">                       ^</code><br />
						
            
            <a class="navhash" href="#547">#</a>
						
              <code id="547">sslscan.c:1396:22: warning: assignment makes pointer from integer without a cast [enabled by default]</code><br />
						
            
            <a class="navhash" href="#548">#</a>
						
              <code id="548">         options->ctx = SSL_CTX_new(sslMethod);</code><br />
						
            
            <a class="navhash" href="#549">#</a>
						
              <code id="549">                      ^</code><br />
						
            
            <a class="navhash" href="#550">#</a>
						
              <code id="550">sslscan.c:1410:25: warning: assignment makes pointer from integer without a cast [enabled by default]</code><br />
						
            
            <a class="navhash" href="#551">#</a>
						
              <code id="551">                     ssl = SSL_new(options->ctx);</code><br />
						
            
            <a class="navhash" href="#552">#</a>
						
              <code id="552">                         ^</code><br />
						
            
            <a class="navhash" href="#553">#</a>
						
              <code id="553">sslscan.c:1415:80: error: 'BIO_NOCLOSE' undeclared (first use in this function)</code><br />
						
            
            <a class="navhash" href="#554">#</a>
						
              <code id="554">                         cipherConnectionBio = BIO_new_socket(socketDescriptor, BIO_NOCLOSE);</code><br />
						
            
            <a class="navhash" href="#555">#</a>
						
              <code id="555">                                                                                ^</code><br />
						
            
            <a class="navhash" href="#556">#</a>
						
              <code id="556">sslscan.c:1441:39: warning: assignment makes pointer from integer without a cast [enabled by default]</code><br />
						
            
            <a class="navhash" href="#557">#</a>
						
              <code id="557">                             stdoutBIO = BIO_new(BIO_s_file());</code><br />
						
            
            <a class="navhash" href="#558">#</a>
						
              <code id="558">                                       ^</code><br />
						
            
            <a class="navhash" href="#559">#</a>
						
              <code id="559">sslscan.c:1442:51: error: 'stdout' undeclared (first use in this function)</code><br />
						
            
            <a class="navhash" href="#560">#</a>
						
              <code id="560">                             BIO_set_fp(stdoutBIO, stdout, BIO_NOCLOSE);</code><br />
						
            
            <a class="navhash" href="#561">#</a>
						
              <code id="561">                                                   ^</code><br />
						
            
            <a class="navhash" href="#562">#</a>
						
              <code id="562">sslscan.c:1445:41: warning: assignment makes pointer from integer without a cast [enabled by default]</code><br />
						
            
            <a class="navhash" href="#563">#</a>
						
              <code id="563">                                 fileBIO = BIO_new(BIO_s_file());</code><br />
						
            
            <a class="navhash" href="#564">#</a>
						
              <code id="564">                                         ^</code><br />
						
            
            <a class="navhash" href="#565">#</a>
						
              <code id="565">sslscan.c:1450:29: warning: incompatible implicit declaration of built-in function 'printf' [enabled by default]</code><br />
						
            
            <a class="navhash" href="#566">#</a>
						
              <code id="566">                             printf("\n  %sSSL Certificate:%s\n", COL_BLUE, RESET);</code><br />
						
            
            <a class="navhash" href="#567">#</a>
						
              <code id="567">                             ^</code><br />
						
            
            <a class="navhash" href="#568">#</a>
						
              <code id="568">sslscan.c:1452:33: warning: incompatible implicit declaration of built-in function 'fprintf' [enabled by default]</code><br />
						
            
            <a class="navhash" href="#569">#</a>
						
              <code id="569">                                 fprintf(options->xmlOutput, "  <certificate>\n");</code><br />
						
            
            <a class="navhash" href="#570">#</a>
						
              <code id="570">                                 ^</code><br />
						
            
            <a class="navhash" href="#571">#</a>
						
              <code id="571">sslscan.c:1453:38: warning: assignment makes pointer from integer without a cast [enabled by default]</code><br />
						
            
            <a class="navhash" href="#572">#</a>
						
              <code id="572">                             x509Cert = SSL_get_peer_certificate(ssl);</code><br />
						
            
            <a class="navhash" href="#573">#</a>
						
              <code id="573">                                      ^</code><br />
						
            
            <a class="navhash" href="#574">#</a>
						
              <code id="574">sslscan.c:1470:39: error: 'X509_FLAG_COMPAT' undeclared (first use in this function)</code><br />
						
            
            <a class="navhash" href="#575">#</a>
						
              <code id="575">                                 if (!(X509_FLAG_COMPAT & X509_FLAG_NO_VERSION))</code><br />
						
            
            <a class="navhash" href="#576">#</a>
						
              <code id="576">                                       ^</code><br />
						
            
            <a class="navhash" href="#577">#</a>
						
              <code id="577">sslscan.c:1470:58: error: 'X509_FLAG_NO_VERSION' undeclared (first use in this function)</code><br />
						
            
            <a class="navhash" href="#578">#</a>
						
              <code id="578">                                 if (!(X509_FLAG_COMPAT & X509_FLAG_NO_VERSION))</code><br />
						
            
            <a class="navhash" href="#579">#</a>
						
              <code id="579">                                                          ^</code><br />
						
            
            <a class="navhash" href="#580">#</a>
						
              <code id="580">sslscan.c:1479:58: error: 'X509_FLAG_NO_SERIAL' undeclared (first use in this function)</code><br />
						
            
            <a class="navhash" href="#581">#</a>
						
              <code id="581">                                 if (!(X509_FLAG_COMPAT & X509_FLAG_NO_SERIAL))</code><br />
						
            
            <a class="navhash" href="#582">#</a>
						
              <code id="582">                                                          ^</code><br />
						
            
            <a class="navhash" href="#583">#</a>
						<span class="error">
              <code id="583">sslscan.c:1481:37: error: unknown type name 'ASN1_INTEGER'</code><br />
						</span>
            
            <a class="navhash" href="#584">#</a>
						
              <code id="584">                                     ASN1_INTEGER *bs;</code><br />
						
            
            <a class="navhash" href="#585">#</a>
						
              <code id="585">                                     ^</code><br />
						
            
            <a class="navhash" href="#586">#</a>
						<span class="error">
              <code id="586">sslscan.c:1482:37: error: unknown type name 'BIO'</code><br />
						</span>
            
            <a class="navhash" href="#587">#</a>
						
              <code id="587">                                     BIO *bp;</code><br />
						
            
            <a class="navhash" href="#588">#</a>
						
              <code id="588">                                     ^</code><br />
						
            
            <a class="navhash" href="#589">#</a>
						<span class="error">
              <code id="589">sslscan.c:1483:37: error: unknown type name 'BIO'</code><br />
						</span>
            
            <a class="navhash" href="#590">#</a>
						
              <code id="590">                                     BIO *xml_bp;</code><br />
						
            
            <a class="navhash" href="#591">#</a>
						
              <code id="591">                                     ^</code><br />
						
            
            <a class="navhash" href="#592">#</a>
						
              <code id="592">sslscan.c:1490:39: warning: assignment makes pointer from integer without a cast [enabled by default]</code><br />
						
            
            <a class="navhash" href="#593">#</a>
						
              <code id="593">                                     bs=X509_get_serialNumber(x509Cert);</code><br />
						
            
            <a class="navhash" href="#594">#</a>
						
              <code id="594">                                       ^</code><br />
						
            
            <a class="navhash" href="#595">#</a>
						
              <code id="595">sslscan.c:1495:43: error: request for member 'length' in something not a structure or union</code><br />
						
            
            <a class="navhash" href="#596">#</a>
						
              <code id="596">                                     if (bs->length <= 4)</code><br />
						
            
            <a class="navhash" href="#597">#</a>
						
              <code id="597">                                           ^</code><br />
						
            
            <a class="navhash" href="#598">#</a>
						
              <code id="598">sslscan.c:1513:48: error: request for member 'type' in something not a structure or union</code><br />
						
            
            <a class="navhash" href="#599">#</a>
						
              <code id="599">                                         neg=(bs->type == V_ASN1_NEG_INTEGER)?" (Negative)":"";</code><br />
						
            
            <a class="navhash" href="#600">#</a>
						
              <code id="600">                                                ^</code><br />
						
            
            <a class="navhash" href="#601">#</a>
						
              <code id="601">sslscan.c:1513:58: error: 'V_ASN1_NEG_INTEGER' undeclared (first use in this function)</code><br />
						
            
            <a class="navhash" href="#602">#</a>
						
              <code id="602">                                         neg=(bs->type == V_ASN1_NEG_INTEGER)?" (Negative)":"";</code><br />
						
            
            <a class="navhash" href="#603">#</a>
						
              <code id="603">                                                          ^</code><br />
						
            
            <a class="navhash" href="#604">#</a>
						
              <code id="604">sslscan.c:1521:55: error: request for member 'length' in something not a structure or union</code><br />
						
            
            <a class="navhash" href="#605">#</a>
						
              <code id="605">                                         for (i=0; i<bs->length; i++)</code><br />
						
            
            <a class="navhash" href="#606">#</a>
						
              <code id="606">                                                       ^</code><br />
						
            
            <a class="navhash" href="#607">#</a>
						
              <code id="607">sslscan.c:1523:74: error: request for member 'data' in something not a structure or union</code><br />
						
            
            <a class="navhash" href="#608">#</a>
						
              <code id="608">                                             if (BIO_printf(bp,"%02x%c",bs->data[i],</code><br />
						
            
            <a class="navhash" href="#609">#</a>
						
              <code id="609">                                                                          ^</code><br />
						
            
            <a class="navhash" href="#610">#</a>
						
              <code id="610">sslscan.c:1524:68: error: request for member 'length' in something not a structure or union</code><br />
						
            
            <a class="navhash" href="#611">#</a>
						
              <code id="611">                                                         ((i+1 == bs->length)?'\n':':')) <= 0)</code><br />
						
            
            <a class="navhash" href="#612">#</a>
						
              <code id="612">                                                                    ^</code><br />
						
            
            <a class="navhash" href="#613">#</a>
						
              <code id="613">sslscan.c:1527:62: error: request for member 'length' in something not a structure or union</code><br />
						
            
            <a class="navhash" href="#614">#</a>
						
              <code id="614">                                                 if (i+1 == bs->length)</code><br />
						
            
            <a class="navhash" href="#615">#</a>
						
              <code id="615">                                                              ^</code><br />
						
            
            <a class="navhash" href="#616">#</a>
						
              <code id="616">sslscan.c:1529:84: error: request for member 'data' in something not a structure or union</code><br />
						
            
            <a class="navhash" href="#617">#</a>
						
              <code id="617">                                                     if (BIO_printf(xml_bp,"%02x",bs->data[i]) <= 0)</code><br />
						
            
            <a class="navhash" href="#618">#</a>
						
              <code id="618">                                                                                    ^</code><br />
						
            
            <a class="navhash" href="#619">#</a>
						
              <code id="619">sslscan.c:1534:86: error: request for member 'data' in something not a structure or union</code><br />
						
            
            <a class="navhash" href="#620">#</a>
						
              <code id="620">                                                     if (BIO_printf(xml_bp,"%02x%c",bs->data[i], ':') <= 0)</code><br />
						
            
            <a class="navhash" href="#621">#</a>
						
              <code id="621">                                                                                      ^</code><br />
						
            
            <a class="navhash" href="#622">#</a>
						
              <code id="622">sslscan.c:1551:58: error: 'X509_FLAG_NO_SIGNAME' undeclared (first use in this function)</code><br />
						
            
            <a class="navhash" href="#623">#</a>
						
              <code id="623">                                 if (!(X509_FLAG_COMPAT & X509_FLAG_NO_SIGNAME))</code><br />
						
            
            <a class="navhash" href="#624">#</a>
						
              <code id="624">                                                          ^</code><br />
						
            
            <a class="navhash" href="#625">#</a>
						
              <code id="625">sslscan.c:1554:72: error: request for member 'cert_info' in something not a structure or union</code><br />
						
            
            <a class="navhash" href="#626">#</a>
						
              <code id="626">                                     i2a_ASN1_OBJECT(stdoutBIO, x509Cert->cert_info->signature->algorithm);</code><br />
						
            
            <a class="navhash" href="#627">#</a>
						
              <code id="627">                                                                        ^</code><br />
						
            
            <a class="navhash" href="#628">#</a>
						
              <code id="628">sslscan.c:1559:74: error: request for member 'cert_info' in something not a structure or union</code><br />
						
            
            <a class="navhash" href="#629">#</a>
						
              <code id="629">                                         i2a_ASN1_OBJECT(fileBIO, x509Cert->cert_info->signature->algorithm);</code><br />
						
            
            <a class="navhash" href="#630">#</a>
						
              <code id="630">                                                                          ^</code><br />
						
            
            <a class="navhash" href="#631">#</a>
						
              <code id="631">sslscan.c:1565:58: error: 'X509_FLAG_NO_ISSUER' undeclared (first use in this function)</code><br />
						
            
            <a class="navhash" href="#632">#</a>
						
              <code id="632">                                 if (!(X509_FLAG_COMPAT & X509_FLAG_NO_ISSUER))</code><br />
						
            
            <a class="navhash" href="#633">#</a>
						
              <code id="633">                                                          ^</code><br />
						
            
            <a class="navhash" href="#634">#</a>
						
              <code id="634">sslscan.c:1574:58: error: 'X509_FLAG_NO_VALIDITY' undeclared (first use in this function)</code><br />
						
            
            <a class="navhash" href="#635">#</a>
						
              <code id="635">                                 if (!(X509_FLAG_COMPAT & X509_FLAG_NO_VALIDITY))</code><br />
						
            
            <a class="navhash" href="#636">#</a>
						
              <code id="636">                                                          ^</code><br />
						
            
            <a class="navhash" href="#637">#</a>
						
              <code id="637">sslscan.c:1596:58: error: 'X509_FLAG_NO_SUBJECT' undeclared (first use in this function)</code><br />
						
            
            <a class="navhash" href="#638">#</a>
						
              <code id="638">                                 if (!(X509_FLAG_COMPAT & X509_FLAG_NO_SUBJECT))</code><br />
						
            
            <a class="navhash" href="#639">#</a>
						
              <code id="639">                                                          ^</code><br />
						
            
            <a class="navhash" href="#640">#</a>
						
              <code id="640">sslscan.c:1605:58: error: 'X509_FLAG_NO_PUBKEY' undeclared (first use in this function)</code><br />
						
            
            <a class="navhash" href="#641">#</a>
						
              <code id="641">                                 if (!(X509_FLAG_COMPAT & X509_FLAG_NO_PUBKEY))</code><br />
						
            
            <a class="navhash" href="#642">#</a>
						
              <code id="642">                                                          ^</code><br />
						
            
            <a class="navhash" href="#643">#</a>
						
              <code id="643">sslscan.c:1608:72: error: request for member 'cert_info' in something not a structure or union</code><br />
						
            
            <a class="navhash" href="#644">#</a>
						
              <code id="644">                                     i2a_ASN1_OBJECT(stdoutBIO, x509Cert->cert_info->key->algor->algorithm);</code><br />
						
            
            <a class="navhash" href="#645">#</a>
						
              <code id="645">                                                                        ^</code><br />
						
            
            <a class="navhash" href="#646">#</a>
						
              <code id="646">sslscan.c:1613:74: error: request for member 'cert_info' in something not a structure or union</code><br />
						
            
            <a class="navhash" href="#647">#</a>
						
              <code id="647">                                         i2a_ASN1_OBJECT(fileBIO, x509Cert->cert_info->key->algor->algorithm);</code><br />
						
            
            <a class="navhash" href="#648">#</a>
						
              <code id="648">                                                                          ^</code><br />
						
            
            <a class="navhash" href="#649">#</a>
						
              <code id="649">sslscan.c:1618:47: warning: assignment makes pointer from integer without a cast [enabled by default]</code><br />
						
            
            <a class="navhash" href="#650">#</a>
						
              <code id="650">                                     publicKey = X509_get_pubkey(x509Cert);</code><br />
						
            
            <a class="navhash" href="#651">#</a>
						
              <code id="651">                                               ^</code><br />
						
            
            <a class="navhash" href="#652">#</a>
						
              <code id="652">sslscan.c:1627:58: error: request for member 'type' in something not a structure or union</code><br />
						
            
            <a class="navhash" href="#653">#</a>
						
              <code id="653">                                         switch (publicKey->type)</code><br />
						
            
            <a class="navhash" href="#654">#</a>
						
              <code id="654">                                                          ^</code><br />
						
            
            <a class="navhash" href="#655">#</a>
						
              <code id="655">sslscan.c:1629:50: error: 'EVP_PKEY_RSA' undeclared (first use in this function)</code><br />
						
            
            <a class="navhash" href="#656">#</a>
						
              <code id="656">                                             case EVP_PKEY_RSA:</code><br />
						
            
            <a class="navhash" href="#657">#</a>
						
              <code id="657">                                                  ^</code><br />
						
            
            <a class="navhash" href="#658">#</a>
						
              <code id="658">sslscan.c:1630:62: error: request for member 'pkey' in something not a structure or union</code><br />
						
            
            <a class="navhash" href="#659">#</a>
						
              <code id="659">                                                 if (publicKey->pkey.rsa)</code><br />
						
            
            <a class="navhash" href="#660">#</a>
						
              <code id="660">                                                              ^</code><br />
						
            
            <a class="navhash" href="#661">#</a>
						
              <code id="661">sslscan.c:1632:115: error: request for member 'pkey' in something not a structure or union</code><br />
						
            
            <a class="navhash" href="#662">#</a>
						
              <code id="662">                                                     printf("    RSA Public Key: (%d bit)\n", BN_num_bits(publicKey->pkey.rsa->n));</code><br />
						
            
            <a class="navhash" href="#663">#</a>
						
              <code id="663">                                                                                                                   ^</code><br />
						
            
            <a class="navhash" href="#664">#</a>
						
              <code id="664">sslscan.c:1634:160: error: request for member 'pkey' in something not a structure or union</code><br />
						
            
            <a class="navhash" href="#665">#</a>
						
              <code id="665">                                                         fprintf(options->xmlOutput, "   <pk error=\"false\" type=\"RSA\" bits=\"%d\">\n", BN_num_bits(publicKey->pkey.rsa->n));</code><br />
						
            
            <a class="navhash" href="#666">#</a>
						
              <code id="666">                                                                                                                                                                ^</code><br />
						
            
            <a class="navhash" href="#667">#</a>
						
              <code id="667">sslscan.c:1635:83: error: request for member 'pkey' in something not a structure or union</code><br />
						
            
            <a class="navhash" href="#668">#</a>
						
              <code id="668">                                                     RSA_print(stdoutBIO, publicKey->pkey.rsa, 6);</code><br />
						
            
            <a class="navhash" href="#669">#</a>
						
              <code id="669">                                                                                   ^</code><br />
						
            
            <a class="navhash" href="#670">#</a>
						
              <code id="670">sslscan.c:1638:85: error: request for member 'pkey' in something not a structure or union</code><br />
						
            
            <a class="navhash" href="#671">#</a>
						
              <code id="671">                                                         RSA_print(fileBIO, publicKey->pkey.rsa, 4);</code><br />
						
            
            <a class="navhash" href="#672">#</a>
						
              <code id="672">                                                                                     ^</code><br />
						
            
            <a class="navhash" href="#673">#</a>
						
              <code id="673">sslscan.c:1647:50: error: 'EVP_PKEY_DSA' undeclared (first use in this function)</code><br />
						
            
            <a class="navhash" href="#674">#</a>
						
              <code id="674">                                             case EVP_PKEY_DSA:</code><br />
						
            
            <a class="navhash" href="#675">#</a>
						
              <code id="675">                                                  ^</code><br />
						
            
            <a class="navhash" href="#676">#</a>
						
              <code id="676">sslscan.c:1648:62: error: request for member 'pkey' in something not a structure or union</code><br />
						
            
            <a class="navhash" href="#677">#</a>
						
              <code id="677">                                                 if (publicKey->pkey.dsa)</code><br />
						
            
            <a class="navhash" href="#678">#</a>
						
              <code id="678">                                                              ^</code><br />
						
            
            <a class="navhash" href="#679">#</a>
						
              <code id="679">sslscan.c:1653:83: error: request for member 'pkey' in something not a structure or union</code><br />
						
            
            <a class="navhash" href="#680">#</a>
						
              <code id="680">                                                     DSA_print(stdoutBIO, publicKey->pkey.dsa, 6);</code><br />
						
            
            <a class="navhash" href="#681">#</a>
						
              <code id="681">                                                                                   ^</code><br />
						
            
            <a class="navhash" href="#682">#</a>
						
              <code id="682">sslscan.c:1656:85: error: request for member 'pkey' in something not a structure or union</code><br />
						
            
            <a class="navhash" href="#683">#</a>
						
              <code id="683">                                                         DSA_print(fileBIO, publicKey->pkey.dsa, 4);</code><br />
						
            
            <a class="navhash" href="#684">#</a>
						
              <code id="684">                                                                                     ^</code><br />
						
            
            <a class="navhash" href="#685">#</a>
						
              <code id="685">sslscan.c:1698:58: error: 'X509_FLAG_NO_EXTENSIONS' undeclared (first use in this function)</code><br />
						
            
            <a class="navhash" href="#686">#</a>
						
              <code id="686">                                 if (!(X509_FLAG_COMPAT & X509_FLAG_NO_EXTENSIONS))</code><br />
						
            
            <a class="navhash" href="#687">#</a>
						
              <code id="687">                                                          ^</code><br />
						
            
            <a class="navhash" href="#688">#</a>
						
              <code id="688">sslscan.c:1700:71: error: request for member 'cert_info' in something not a structure or union</code><br />
						
            
            <a class="navhash" href="#689">#</a>
						
              <code id="689">                                     if (sk_X509_EXTENSION_num(x509Cert->cert_info->extensions) > 0)</code><br />
						
            
            <a class="navhash" href="#690">#</a>
						
              <code id="690">                                                                       ^</code><br />
						
            
            <a class="navhash" href="#691">#</a>
						
              <code id="691">sslscan.c:1705:99: error: request for member 'cert_info' in something not a structure or union</code><br />
						
            
            <a class="navhash" href="#692">#</a>
						
              <code id="692">                                         for (tempInt = 0; tempInt < sk_X509_EXTENSION_num(x509Cert->cert_info->extensions); tempInt++)</code><br />
						
            
            <a class="navhash" href="#693">#</a>
						
              <code id="693">                                                                                                   ^</code><br />
						
            
            <a class="navhash" href="#694">#</a>
						
              <code id="694">sslscan.c:1708:89: error: request for member 'cert_info' in something not a structure or union</code><br />
						
            
            <a class="navhash" href="#695">#</a>
						
              <code id="695">                                             extension = sk_X509_EXTENSION_value(x509Cert->cert_info->extensions, tempInt);</code><br />
						
            
            <a class="navhash" href="#696">#</a>
						
              <code id="696">                                                                                         ^</code><br />
						
            
            <a class="navhash" href="#697">#</a>
						
              <code id="697">sslscan.c:1712:56: warning: assignment makes pointer from integer without a cast [enabled by default]</code><br />
						
            
            <a class="navhash" href="#698">#</a>
						
              <code id="698">                                             asn1Object = X509_EXTENSION_get_object(extension);</code><br />
						
            
            <a class="navhash" href="#699">#</a>
						
              <code id="699">                                                        ^</code><br />
						
            
            <a class="navhash" href="#700">#</a>
						
              <code id="700">sslscan.c:1727:95: error: request for member 'value' in something not a structure or union</code><br />
						
            
            <a class="navhash" href="#701">#</a>
						
              <code id="701">                                                 M_ASN1_OCTET_STRING_print(stdoutBIO, extension->value);</code><br />
						
            
            <a class="navhash" href="#702">#</a>
						
              <code id="702">                                                                                               ^</code><br />
						
            
            <a class="navhash" href="#703">#</a>
						
              <code id="703">sslscan.c:1732:97: error: request for member 'value' in something not a structure or union</code><br />
						
            
            <a class="navhash" href="#704">#</a>
						
              <code id="704">                                                     M_ASN1_OCTET_STRING_print(fileBIO, extension->value);</code><br />
						
            
            <a class="navhash" href="#705">#</a>
						
              <code id="705">                                                                                                 ^</code><br />
						
            
            <a class="navhash" href="#706">#</a>
						
              <code id="706">sslscan.c:1745:52: error: 'X509_V_OK' undeclared (first use in this function)</code><br />
						
            
            <a class="navhash" href="#707">#</a>
						
              <code id="707">                                 if (verifyError == X509_V_OK)</code><br />
						
            
            <a class="navhash" href="#708">#</a>
						
              <code id="708">                                                    ^</code><br />
						
            
            <a class="navhash" href="#709">#</a>
						
              <code id="709">sslscan.c:1777:25: warning: incompatible implicit declaration of built-in function 'printf' [enabled by default]</code><br />
						
            
            <a class="navhash" href="#710">#</a>
						
              <code id="710">                         printf("%s    ERROR: Could create SSL object.%s\n", COL_RED, RESET);</code><br />
						
            
            <a class="navhash" href="#711">#</a>
						
              <code id="711">                         ^</code><br />
						
            
            <a class="navhash" href="#712">#</a>
						
              <code id="712">sslscan.c:1784:17: warning: incompatible implicit declaration of built-in function 'printf' [enabled by default]</code><br />
						
            
            <a class="navhash" href="#713">#</a>
						
              <code id="713">                 printf("%s    ERROR: Could set cipher.%s\n", COL_RED, RESET);</code><br />
						
            
            <a class="navhash" href="#714">#</a>
						
              <code id="714">                 ^</code><br />
						
            
            <a class="navhash" href="#715">#</a>
						
              <code id="715">sslscan.c:1795:13: warning: incompatible implicit declaration of built-in function 'printf' [enabled by default]</code><br />
						
            
            <a class="navhash" href="#716">#</a>
						
              <code id="716">             printf("%sERROR: Could not create CTX object.%s\n", COL_RED, RESET);</code><br />
						
            
            <a class="navhash" href="#717">#</a>
						
              <code id="717">             ^</code><br />
						
            
            <a class="navhash" href="#718">#</a>
						
              <code id="718">sslscan.c: In function 'testHost':</code><br />
						
            
            <a class="navhash" href="#719">#</a>
						
              <code id="719">sslscan.c:1826:25: warning: assignment makes pointer from integer without a cast [enabled by default]</code><br />
						
            
            <a class="navhash" href="#720">#</a>
						
              <code id="720">     options->hostStruct = gethostbyname(options->host);</code><br />
						
            
            <a class="navhash" href="#721">#</a>
						
              <code id="721">                         ^</code><br />
						
            
            <a class="navhash" href="#722">#</a>
						
              <code id="722">sslscan.c:1846:32: error: 'NULL' undeclared (first use in this function)</code><br />
						
            
            <a class="navhash" href="#723">#</a>
						
              <code id="723">     if (options->hostStruct == NULL)</code><br />
						
            
            <a class="navhash" href="#724">#</a>
						
              <code id="724">                                ^</code><br />
						
            
            <a class="navhash" href="#725">#</a>
						
              <code id="725">sslscan.c:1848:9: warning: incompatible implicit declaration of built-in function 'printf' [enabled by default]</code><br />
						
            
            <a class="navhash" href="#726">#</a>
						
              <code id="726">         printf("%sERROR: Could not resolve hostname %s.%s\n", COL_RED, options->host, RESET);</code><br />
						
            
            <a class="navhash" href="#727">#</a>
						
              <code id="727">         ^</code><br />
						
            
            <a class="navhash" href="#728">#</a>
						
              <code id="728">sslscan.c:1854:60: error: dereferencing pointer to incomplete type</code><br />
						
            
            <a class="navhash" href="#729">#</a>
						
              <code id="729">     options->serverAddress.sin_family = options->hostStruct->h_addrtype;</code><br />
						
            
            <a class="navhash" href="#730">#</a>
						
              <code id="730">                                                            ^</code><br />
						
            
            <a class="navhash" href="#731">#</a>
						
              <code id="731">sslscan.c:1855:5: warning: incompatible implicit declaration of built-in function 'memcpy' [enabled by default]</code><br />
						
            
            <a class="navhash" href="#732">#</a>
						
              <code id="732">     memcpy((char *) &options->serverAddress.sin_addr.s_addr, options->hostStruct->h_addr_list[0], options->hostStruct->h_length);</code><br />
						
            
            <a class="navhash" href="#733">#</a>
						
              <code id="733">     ^</code><br />
						
            
            <a class="navhash" href="#734">#</a>
						
              <code id="734">sslscan.c:1855:81: error: dereferencing pointer to incomplete type</code><br />
						
            
            <a class="navhash" href="#735">#</a>
						
              <code id="735">     memcpy((char *) &options->serverAddress.sin_addr.s_addr, options->hostStruct->h_addr_list[0], options->hostStruct->h_length);</code><br />
						
            
            <a class="navhash" href="#736">#</a>
						
              <code id="736">                                                                                 ^</code><br />
						
            
            <a class="navhash" href="#737">#</a>
						
              <code id="737">sslscan.c:1855:118: error: dereferencing pointer to incomplete type</code><br />
						
            
            <a class="navhash" href="#738">#</a>
						
              <code id="738">     memcpy((char *) &options->serverAddress.sin_addr.s_addr, options->hostStruct->h_addr_list[0], options->hostStruct->h_length);</code><br />
						
            
            <a class="navhash" href="#739">#</a>
						
              <code id="739">                                                                                                                      ^</code><br />
						
            
            <a class="navhash" href="#740">#</a>
						
              <code id="740">sslscan.c:1860:9: warning: incompatible implicit declaration of built-in function 'fprintf' [enabled by default]</code><br />
						
            
            <a class="navhash" href="#741">#</a>
						
              <code id="741">         fprintf(options->xmlOutput, " <ssltest host=\"%s\" port=\"%d\">\n", options->host, options->port);</code><br />
						
            
            <a class="navhash" href="#742">#</a>
						
              <code id="742">         ^</code><br />
						
            
            <a class="navhash" href="#743">#</a>
						
              <code id="743">sslscan.c:1863:5: warning: incompatible implicit declaration of built-in function 'printf' [enabled by default]</code><br />
						
            
            <a class="navhash" href="#744">#</a>
						
              <code id="744">     printf("\n%sTesting SSL server %s on port %d%s\n\n", COL_GREEN, options->host, options->port, RESET);</code><br />
						
            
            <a class="navhash" href="#745">#</a>
						
              <code id="745">     ^</code><br />
						
            
            <a class="navhash" href="#746">#</a>
						
              <code id="746">sslscan.c:1880:9: warning: passing argument 2 of 'testRenegotiation' makes pointer from integer without a cast [enabled by default]</code><br />
						
            
            <a class="navhash" href="#747">#</a>
						
              <code id="747">         testRenegotiation(options, TLSv1_client_method());</code><br />
						
            
            <a class="navhash" href="#748">#</a>
						
              <code id="748">         ^</code><br />
						
            
            <a class="navhash" href="#749">#</a>
						
              <code id="749">sslscan.c:754:5: note: expected 'const int *' but argument is of type 'int'</code><br />
						
            
            <a class="navhash" href="#750">#</a>
						
              <code id="750"> int testRenegotiation(struct sslCheckOptions *options, const SSL_METHOD *sslMethod)</code><br />
						
            
            <a class="navhash" href="#751">#</a>
						
              <code id="751">     ^</code><br />
						
            
            <a class="navhash" href="#752">#</a>
						
              <code id="752">sslscan.c:1894:22: warning: assignment makes pointer from integer without a cast [enabled by default]</code><br />
						
            
            <a class="navhash" href="#753">#</a>
						
              <code id="753">         options->ctx = SSL_CTX_new(sslCipherPointer->sslMethod);</code><br />
						
            
            <a class="navhash" href="#754">#</a>
						
              <code id="754">                      ^</code><br />
						
            
            <a class="navhash" href="#755">#</a>
						
              <code id="755">sslscan.c:1900:51: error: 'SSL_OP_ALL' undeclared (first use in this function)</code><br />
						
            
            <a class="navhash" href="#756">#</a>
						
              <code id="756">                 SSL_CTX_set_options(options->ctx, SSL_OP_ALL | 0);</code><br />
						
            
            <a class="navhash" href="#757">#</a>
						
              <code id="757">                                                   ^</code><br />
						
            
            <a class="navhash" href="#758">#</a>
						
              <code id="758">sslscan.c:1938:21: warning: passing argument 2 of 'defaultCipher' makes pointer from integer without a cast [enabled by default]</code><br />
						
            
            <a class="navhash" href="#759">#</a>
						
              <code id="759">                     status = defaultCipher(options, SSLv2_client_method());</code><br />
						
            
            <a class="navhash" href="#760">#</a>
						
              <code id="760">                     ^</code><br />
						
            
            <a class="navhash" href="#761">#</a>
						
              <code id="761">sslscan.c:1193:5: note: expected 'const int *' but argument is of type 'int'</code><br />
						
            
            <a class="navhash" href="#762">#</a>
						
              <code id="762"> int defaultCipher(struct sslCheckOptions *options, const const SSL_METHOD *sslMethod)</code><br />
						
            
            <a class="navhash" href="#763">#</a>
						
              <code id="763">     ^</code><br />
						
            
            <a class="navhash" href="#764">#</a>
						
              <code id="764">sslscan.c:1941:21: warning: passing argument 2 of 'defaultCipher' makes pointer from integer without a cast [enabled by default]</code><br />
						
            
            <a class="navhash" href="#765">#</a>
						
              <code id="765">                     status = defaultCipher(options, SSLv3_client_method());</code><br />
						
            
            <a class="navhash" href="#766">#</a>
						
              <code id="766">                     ^</code><br />
						
            
            <a class="navhash" href="#767">#</a>
						
              <code id="767">sslscan.c:1193:5: note: expected 'const int *' but argument is of type 'int'</code><br />
						
            
            <a class="navhash" href="#768">#</a>
						
              <code id="768"> int defaultCipher(struct sslCheckOptions *options, const const SSL_METHOD *sslMethod)</code><br />
						
            
            <a class="navhash" href="#769">#</a>
						
              <code id="769">     ^</code><br />
						
            
            <a class="navhash" href="#770">#</a>
						
              <code id="770">sslscan.c:1943:21: warning: passing argument 2 of 'defaultCipher' makes pointer from integer without a cast [enabled by default]</code><br />
						
            
            <a class="navhash" href="#771">#</a>
						
              <code id="771">                     status = defaultCipher(options, TLSv1_client_method());</code><br />
						
            
            <a class="navhash" href="#772">#</a>
						
              <code id="772">                     ^</code><br />
						
            
            <a class="navhash" href="#773">#</a>
						
              <code id="773">sslscan.c:1193:5: note: expected 'const int *' but argument is of type 'int'</code><br />
						
            
            <a class="navhash" href="#774">#</a>
						
              <code id="774"> int defaultCipher(struct sslCheckOptions *options, const const SSL_METHOD *sslMethod)</code><br />
						
            
            <a class="navhash" href="#775">#</a>
						
              <code id="775">     ^</code><br />
						
            
            <a class="navhash" href="#776">#</a>
						
              <code id="776">sslscan.c:1956:17: warning: passing argument 2 of 'defaultCipher' makes pointer from integer without a cast [enabled by default]</code><br />
						
            
            <a class="navhash" href="#777">#</a>
						
              <code id="777">                 status = defaultCipher(options, SSLv2_client_method());</code><br />
						
            
            <a class="navhash" href="#778">#</a>
						
              <code id="778">                 ^</code><br />
						
            
            <a class="navhash" href="#779">#</a>
						
              <code id="779">sslscan.c:1193:5: note: expected 'const int *' but argument is of type 'int'</code><br />
						
            
            <a class="navhash" href="#780">#</a>
						
              <code id="780"> int defaultCipher(struct sslCheckOptions *options, const const SSL_METHOD *sslMethod)</code><br />
						
            
            <a class="navhash" href="#781">#</a>
						
              <code id="781">     ^</code><br />
						
            
            <a class="navhash" href="#782">#</a>
						
              <code id="782">sslscan.c:1960:17: warning: passing argument 2 of 'defaultCipher' makes pointer from integer without a cast [enabled by default]</code><br />
						
            
            <a class="navhash" href="#783">#</a>
						
              <code id="783">                 status = defaultCipher(options, SSLv3_client_method());</code><br />
						
            
            <a class="navhash" href="#784">#</a>
						
              <code id="784">                 ^</code><br />
						
            
            <a class="navhash" href="#785">#</a>
						
              <code id="785">sslscan.c:1193:5: note: expected 'const int *' but argument is of type 'int'</code><br />
						
            
            <a class="navhash" href="#786">#</a>
						
              <code id="786"> int defaultCipher(struct sslCheckOptions *options, const const SSL_METHOD *sslMethod)</code><br />
						
            
            <a class="navhash" href="#787">#</a>
						
              <code id="787">     ^</code><br />
						
            
            <a class="navhash" href="#788">#</a>
						
              <code id="788">sslscan.c:1963:17: warning: passing argument 2 of 'defaultCipher' makes pointer from integer without a cast [enabled by default]</code><br />
						
            
            <a class="navhash" href="#789">#</a>
						
              <code id="789">                 status = defaultCipher(options, TLSv1_client_method());</code><br />
						
            
            <a class="navhash" href="#790">#</a>
						
              <code id="790">                 ^</code><br />
						
            
            <a class="navhash" href="#791">#</a>
						
              <code id="791">sslscan.c:1193:5: note: expected 'const int *' but argument is of type 'int'</code><br />
						
            
            <a class="navhash" href="#792">#</a>
						
              <code id="792"> int defaultCipher(struct sslCheckOptions *options, const const SSL_METHOD *sslMethod)</code><br />
						
            
            <a class="navhash" href="#793">#</a>
						
              <code id="793">     ^</code><br />
						
            
            <a class="navhash" href="#794">#</a>
						
              <code id="794">sslscan.c: In function 'str_to_ip':</code><br />
						
            
            <a class="navhash" href="#795">#</a>
						
              <code id="795">sslscan.c:1996:9: warning: incompatible implicit declaration of built-in function 'sscanf' [enabled by default]</code><br />
						
            
            <a class="navhash" href="#796">#</a>
						
              <code id="796">     if (sscanf(str,"%u.%u.%u.%u",&(in[0]),&(in[1]),&(in[2]),&(in[3])) == 4)</code><br />
						
            
            <a class="navhash" href="#797">#</a>
						
              <code id="797">         ^</code><br />
						
            
            <a class="navhash" href="#798">#</a>
						
              <code id="798">sslscan.c:2001:17: warning: incompatible implicit declaration of built-in function 'printf' [enabled by default]</code><br />
						
            
            <a class="navhash" href="#799">#</a>
						
              <code id="799">                 printf("%sERROR: Invalid local IP address %s.%s\n", COL_RED, str, RESET);</code><br />
						
            
            <a class="navhash" href="#800">#</a>
						
              <code id="800">                 ^</code><br />
						
            
            <a class="navhash" href="#801">#</a>
						
              <code id="801">sslscan.c: In function 'main':</code><br />
						
            
            <a class="navhash" href="#802">#</a>
						<span class="error">
              <code id="802">sslscan.c:2024:5: error: unknown type name 'FILE'</code><br />
						</span>
            
            <a class="navhash" href="#803">#</a>
						
              <code id="803">     FILE *targetsFile;</code><br />
						
            
            <a class="navhash" href="#804">#</a>
						
              <code id="804">     ^</code><br />
						
            
            <a class="navhash" href="#805">#</a>
						
              <code id="805">sslscan.c:2028:5: warning: incompatible implicit declaration of built-in function 'memset' [enabled by default]</code><br />
						
            
            <a class="navhash" href="#806">#</a>
						
              <code id="806">     memset(&options, 0, sizeof(struct sslCheckOptions));</code><br />
						
            
            <a class="navhash" href="#807">#</a>
						
              <code id="807">     ^</code><br />
						
            
            <a class="navhash" href="#808">#</a>
						
              <code id="808">sslscan.c:2031:5: warning: incompatible implicit declaration of built-in function 'strcpy' [enabled by default]</code><br />
						
            
            <a class="navhash" href="#809">#</a>
						
              <code id="809">     strcpy(options.host, "127.0.0.1");</code><br />
						
            
            <a class="navhash" href="#810">#</a>
						
              <code id="810">     ^</code><br />
						
            
            <a class="navhash" href="#811">#</a>
						
              <code id="811">sslscan.c:2054:70: warning: incompatible implicit declaration of built-in function 'strlen' [enabled by default]</code><br />
						
            
            <a class="navhash" href="#812">#</a>
						
              <code id="812">         else if ((strncmp("--targets=", argv[argLoop], 10) == 0) && (strlen(argv[argLoop]) > 10))</code><br />
						
            
            <a class="navhash" href="#813">#</a>
						
              <code id="813">                                                                      ^</code><br />
						
            
            <a class="navhash" href="#814">#</a>
						
              <code id="814">sslscan.c:2065:17: warning: incompatible implicit declaration of built-in function 'printf' [enabled by default]</code><br />
						
            
            <a class="navhash" href="#815">#</a>
						
              <code id="815">                 printf("%sERROR: Local IP argument has wrong format: %s.%s\n", COL_RED, argv[argLoop]+10, RESET);</code><br />
						
            
            <a class="navhash" href="#816">#</a>
						
              <code id="816">                 ^</code><br />
						
            
            <a class="navhash" href="#817">#</a>
						
              <code id="817">sslscan.c:2066:17: warning: incompatible implicit declaration of built-in function 'exit' [enabled by default]</code><br />
						
            
            <a class="navhash" href="#818">#</a>
						
              <code id="818">                 exit(0);</code><br />
						
            
            <a class="navhash" href="#819">#</a>
						
              <code id="819">                 ^</code><br />
						
            
            <a class="navhash" href="#820">#</a>
						
              <code id="820">sslscan.c:2182:13: warning: incompatible implicit declaration of built-in function 'strncpy' [enabled by default]</code><br />
						
            
            <a class="navhash" href="#821">#</a>
						
              <code id="821">             strncpy(options.host, argv[argLoop], sizeof(options.host) -1);</code><br />
						
            
            <a class="navhash" href="#822">#</a>
						
              <code id="822">             ^</code><br />
						
            
            <a class="navhash" href="#823">#</a>
						
              <code id="823">sslscan.c:2212:27: warning: assignment makes pointer from integer without a cast [enabled by default]</code><br />
						
            
            <a class="navhash" href="#824">#</a>
						
              <code id="824">         options.xmlOutput = fopen(argv[xmlArg] + 6, "w");</code><br />
						
            
            <a class="navhash" href="#825">#</a>
						
              <code id="825">                           ^</code><br />
						
            
            <a class="navhash" href="#826">#</a>
						
              <code id="826">sslscan.c:2213:34: error: 'NULL' undeclared (first use in this function)</code><br />
						
            
            <a class="navhash" href="#827">#</a>
						
              <code id="827">         if (options.xmlOutput == NULL)</code><br />
						
            
            <a class="navhash" href="#828">#</a>
						
              <code id="828">                                  ^</code><br />
						
            
            <a class="navhash" href="#829">#</a>
						
              <code id="829">sslscan.c:2215:13: warning: incompatible implicit declaration of built-in function 'printf' [enabled by default]</code><br />
						
            
            <a class="navhash" href="#830">#</a>
						
              <code id="830">             printf("%sERROR: Could not open XML output file %s.%s\n", COL_RED, argv[xmlArg] + 6, RESET);</code><br />
						
            
            <a class="navhash" href="#831">#</a>
						
              <code id="831">             ^</code><br />
						
            
            <a class="navhash" href="#832">#</a>
						
              <code id="832">sslscan.c:2216:13: warning: incompatible implicit declaration of built-in function 'exit' [enabled by default]</code><br />
						
            
            <a class="navhash" href="#833">#</a>
						
              <code id="833">             exit(0);</code><br />
						
            
            <a class="navhash" href="#834">#</a>
						
              <code id="834">             ^</code><br />
						
            
            <a class="navhash" href="#835">#</a>
						
              <code id="835">sslscan.c:2220:9: warning: incompatible implicit declaration of built-in function 'fprintf' [enabled by default]</code><br />
						
            
            <a class="navhash" href="#836">#</a>
						
              <code id="836">         fprintf(options.xmlOutput, "<?xml version=\"1.0\" encoding=\"UTF-8\"?>\n<document title=\"SSLScan Results\" version=\"%s\" web=\"http://www.titania.co.uk\">\n", xml_version);</code><br />
						
            
            <a class="navhash" href="#837">#</a>
						
              <code id="837">         ^</code><br />
						
            
            <a class="navhash" href="#838">#</a>
						
              <code id="838">sslscan.c:2226:13: warning: incompatible implicit declaration of built-in function 'printf' [enabled by default]</code><br />
						
            
            <a class="navhash" href="#839">#</a>
						
              <code id="839">             printf("%s\t\t%s\n\t\t%s\n%s\n", COL_BLUE, program_version,</code><br />
						
            
            <a class="navhash" href="#840">#</a>
						
              <code id="840">             ^</code><br />
						
            
            <a class="navhash" href="#841">#</a>
						
              <code id="841">sslscan.c:2227:36: error: 'SSLEAY_VERSION' undeclared (first use in this function)</code><br />
						
            
            <a class="navhash" href="#842">#</a>
						
              <code id="842">                     SSLeay_version(SSLEAY_VERSION), RESET);</code><br />
						
            
            <a class="navhash" href="#843">#</a>
						
              <code id="843">                                    ^</code><br />
						
            
            <a class="navhash" href="#844">#</a>
						
              <code id="844">sslscan.c:2299:21: warning: passing argument 2 of 'populateCipherList' makes pointer from integer without a cast [enabled by default]</code><br />
						
            
            <a class="navhash" href="#845">#</a>
						
              <code id="845">                     populateCipherList(&options, SSLv2_client_method());</code><br />
						
            
            <a class="navhash" href="#846">#</a>
						
              <code id="846">                     ^</code><br />
						
            
            <a class="navhash" href="#847">#</a>
						
              <code id="847">sslscan.c:189:5: note: expected 'const int *' but argument is of type 'int'</code><br />
						
            
            <a class="navhash" href="#848">#</a>
						
              <code id="848"> int populateCipherList(struct sslCheckOptions *options, const SSL_METHOD *sslMethod)</code><br />
						
            
            <a class="navhash" href="#849">#</a>
						
              <code id="849">     ^</code><br />
						
            
            <a class="navhash" href="#850">#</a>
						
              <code id="850">sslscan.c:2302:21: warning: passing argument 2 of 'populateCipherList' makes pointer from integer without a cast [enabled by default]</code><br />
						
            
            <a class="navhash" href="#851">#</a>
						
              <code id="851">                     populateCipherList(&options, SSLv3_client_method());</code><br />
						
            
            <a class="navhash" href="#852">#</a>
						
              <code id="852">                     ^</code><br />
						
            
            <a class="navhash" href="#853">#</a>
						
              <code id="853">sslscan.c:189:5: note: expected 'const int *' but argument is of type 'int'</code><br />
						
            
            <a class="navhash" href="#854">#</a>
						
              <code id="854"> int populateCipherList(struct sslCheckOptions *options, const SSL_METHOD *sslMethod)</code><br />
						
            
            <a class="navhash" href="#855">#</a>
						
              <code id="855">     ^</code><br />
						
            
            <a class="navhash" href="#856">#</a>
						
              <code id="856">sslscan.c:2303:21: warning: passing argument 2 of 'populateCipherList' makes pointer from integer without a cast [enabled by default]</code><br />
						
            
            <a class="navhash" href="#857">#</a>
						
              <code id="857">                     populateCipherList(&options, TLSv1_client_method());</code><br />
						
            
            <a class="navhash" href="#858">#</a>
						
              <code id="858">                     ^</code><br />
						
            
            <a class="navhash" href="#859">#</a>
						
              <code id="859">sslscan.c:189:5: note: expected 'const int *' but argument is of type 'int'</code><br />
						
            
            <a class="navhash" href="#860">#</a>
						
              <code id="860"> int populateCipherList(struct sslCheckOptions *options, const SSL_METHOD *sslMethod)</code><br />
						
            
            <a class="navhash" href="#861">#</a>
						
              <code id="861">     ^</code><br />
						
            
            <a class="navhash" href="#862">#</a>
						
              <code id="862">sslscan.c:2313:21: warning: passing argument 2 of 'populateCipherList' makes pointer from integer without a cast [enabled by default]</code><br />
						
            
            <a class="navhash" href="#863">#</a>
						
              <code id="863">                     populateCipherList(&options, SSLv2_client_method());</code><br />
						
            
            <a class="navhash" href="#864">#</a>
						
              <code id="864">                     ^</code><br />
						
            
            <a class="navhash" href="#865">#</a>
						
              <code id="865">sslscan.c:189:5: note: expected 'const int *' but argument is of type 'int'</code><br />
						
            
            <a class="navhash" href="#866">#</a>
						
              <code id="866"> int populateCipherList(struct sslCheckOptions *options, const SSL_METHOD *sslMethod)</code><br />
						
            
            <a class="navhash" href="#867">#</a>
						
              <code id="867">     ^</code><br />
						
            
            <a class="navhash" href="#868">#</a>
						
              <code id="868">sslscan.c:2317:21: warning: passing argument 2 of 'populateCipherList' makes pointer from integer without a cast [enabled by default]</code><br />
						
            
            <a class="navhash" href="#869">#</a>
						
              <code id="869">                     populateCipherList(&options, SSLv3_client_method());</code><br />
						
            
            <a class="navhash" href="#870">#</a>
						
              <code id="870">                     ^</code><br />
						
            
            <a class="navhash" href="#871">#</a>
						
              <code id="871">sslscan.c:189:5: note: expected 'const int *' but argument is of type 'int'</code><br />
						
            
            <a class="navhash" href="#872">#</a>
						
              <code id="872"> int populateCipherList(struct sslCheckOptions *options, const SSL_METHOD *sslMethod)</code><br />
						
            
            <a class="navhash" href="#873">#</a>
						
              <code id="873">     ^</code><br />
						
            
            <a class="navhash" href="#874">#</a>
						
              <code id="874">sslscan.c:2320:21: warning: passing argument 2 of 'populateCipherList' makes pointer from integer without a cast [enabled by default]</code><br />
						
            
            <a class="navhash" href="#875">#</a>
						
              <code id="875">                     populateCipherList(&options, TLSv1_client_method());</code><br />
						
            
            <a class="navhash" href="#876">#</a>
						
              <code id="876">                     ^</code><br />
						
            
            <a class="navhash" href="#877">#</a>
						
              <code id="877">sslscan.c:189:5: note: expected 'const int *' but argument is of type 'int'</code><br />
						
            
            <a class="navhash" href="#878">#</a>
						
              <code id="878"> int populateCipherList(struct sslCheckOptions *options, const SSL_METHOD *sslMethod)</code><br />
						
            
            <a class="navhash" href="#879">#</a>
						
              <code id="879">     ^</code><br />
						
            
            <a class="navhash" href="#880">#</a>
						
              <code id="880">sslscan.c:2346:33: warning: assignment makes pointer from integer without a cast [enabled by default]</code><br />
						
            
            <a class="navhash" href="#881">#</a>
						
              <code id="881">                     targetsFile = fopen(argv[options.targets] + 10, "r");</code><br />
						
            
            <a class="navhash" href="#882">#</a>
						
              <code id="882">                                 ^</code><br />
						
            
            <a class="navhash" href="#883">#</a>
						
              <code id="883">sslscan.c:2354:33: warning: incompatible implicit declaration of built-in function 'strlen' [enabled by default]</code><br />
						
            
            <a class="navhash" href="#884">#</a>
						
              <code id="884">                             if (strlen(line) != 0)</code><br />
						
            
            <a class="navhash" href="#885">#</a>
						
              <code id="885">                                 ^</code><br />
						
            
            <a class="navhash" href="#886">#</a>
						
              <code id="886">sslscan.c:2361:33: warning: incompatible implicit declaration of built-in function 'strncpy' [enabled by default]</code><br />
						
            
            <a class="navhash" href="#887">#</a>
						
              <code id="887">                                 strncpy(options.host, line, sizeof(options.host) -1);</code><br />
						
            
            <a class="navhash" href="#888">#</a>
						
              <code id="888">                                 ^</code><br />
						
            
            <a class="navhash" href="#889">#</a>
						
              <code id="889">sslscan.c:2388:17: warning: incompatible implicit declaration of built-in function 'free' [enabled by default]</code><br />
						
            
            <a class="navhash" href="#890">#</a>
						
              <code id="890">                 free(options.ciphers);</code><br />
						
            
            <a class="navhash" href="#891">#</a>
						
              <code id="891">                 ^</code><br />
						
            
            <a class="navhash" href="#892">#</a>
						
              <code id="892">sslscan.c:2397:9: warning: incompatible implicit declaration of built-in function 'fprintf' [enabled by default]</code><br />
						
            
            <a class="navhash" href="#893">#</a>
						
              <code id="893">         fprintf(options.xmlOutput, "</document>\n");</code><br />
						
            
            <a class="navhash" href="#894">#</a>
						
              <code id="894">         ^</code><br />
						
            
            <a class="navhash" href="#895">#</a>
						
              <code id="895">make: *** [Makefile:19: all] Error 1</code><br />
						
            
            <a class="navhash" href="#896">#</a>
						
              <code id="896">==> ERROR: A failure occurred in build().</code><br />
						
            
            <a class="navhash" href="#897">#</a>
						
              <code id="897">    Aborting...</code><br />
						
            
          </div>
        
      </div>
      <br />
    
  </body>
</html>