<!DOCTYPE html>
<html>
<!-- Jinja template for reports of individual builds

  Copyright 2016 Kareem Khazem. All Rights Reserved.
  Licensed under the Apache License, Version 2.0 (the "License");
  you may not use this file except in compliance with the License.
  You may obtain a copy of the License at

 		 http://www.apache.org/licenses/LICENSE-2.0

  Unless required by applicable law or agreed to in writing, software
  distributed under the License is distributed on an "AS IS" BASIS,
  WITHOUT WARRANTIES OR CONDITIONS OF ANY KIND, either express or
  implied.
  See the License for the specific language governing permissions and
  limitations under the License.
-->
  <head>
    <meta charset="UTF-8">
    <title>android/unace</title>
    <link href='https://fonts.googleapis.com/css?family=Roboto:400,900'
          rel='stylesheet' type='text/css'>
    <link
    href='https://fonts.googleapis.com/css?family=Source+Code+Pro:400,700'
          rel='stylesheet' type='text/css'>
    <link href="../style.css" type="text/css" rel="stylesheet">
  </head>
  <body>
    <h1>Build of unace
        with <a href="../index.html">android</a>
        toolchain</h1>
    <p>The build took 00h 00m 59s and was
    NOT successful.</p>
    <p>
    The program in this build is written in the following languages,
    according to <a
    href="http://www.dwheeler.com/sloccount/">sloccount</a>:
    </p>
    <table>
      <tr><th>SLOC</th><th>Language</th></tr>
      
      <tr><td class="loc"><code>14,549</code></td>
          <td class="lang">ansic</td></tr>
      <tr><td class="loc"><code>135</code></td>
          <td class="lang">sh</td></tr>
      <tr><td class="loc"><code>38</code></td>
          <td class="lang">makefile</td></tr>
      <tr><td class="loc"><code>21</code></td>
          <td class="lang">cpp</td></tr>
      <tr><td><code>14,743</code></td>
          <td><em>total</em></td></tr>
    </table>
    <p>
      The process tree of the build process is <a
      href="unace-tree.html">here</a>.
    </p>
    
    
      <p>
      Several sub-process invocations were improper; see the process tree
      for details. Summary:
      </p>
      <ul>
        <li>hardcoded invocation:<ul>
            <li>&times;2: gcc

/sysroot/bin/arm-linux-androideabi-gcc
</li>
        </ul></li>
      </ul>
    
    
    
    
    <h2>List of Errors</h2>
    <ul>
      
      <li>missing_header
        <ul>
          
          <li><a href="#35">//usr/include/gnu/stubs.h:7:27: fatal error: gnu/stubs-32.h: No such file or directory</a></li>
          
          <li><a href="#42">//usr/include/gnu/stubs.h:7:27: fatal error: gnu/stubs-32.h: No such file or directory</a></li>
          
          <li><a href="#49">//usr/include/gnu/stubs.h:7:27: fatal error: gnu/stubs-32.h: No such file or directory</a></li>
          
          <li><a href="#56">//usr/include/gnu/stubs.h:7:27: fatal error: gnu/stubs-32.h: No such file or directory</a></li>
          
          <li><a href="#63">//usr/include/gnu/stubs.h:7:27: fatal error: gnu/stubs-32.h: No such file or directory</a></li>
          
          <li><a href="#70">//usr/include/gnu/stubs.h:7:27: fatal error: gnu/stubs-32.h: No such file or directory</a></li>
          
          <li><a href="#80">//usr/include/gnu/stubs.h:7:27: fatal error: gnu/stubs-32.h: No such file or directory</a></li>
          
          <li><a href="#87">//usr/include/gnu/stubs.h:7:27: fatal error: gnu/stubs-32.h: No such file or directory</a></li>
          
          <li><a href="#94">//usr/include/gnu/stubs.h:7:27: fatal error: gnu/stubs-32.h: No such file or directory</a></li>
          
          <li><a href="#101">//usr/include/gnu/stubs.h:7:27: fatal error: gnu/stubs-32.h: No such file or directory</a></li>
          
          <li><a href="#108">//usr/include/gnu/stubs.h:7:27: fatal error: gnu/stubs-32.h: No such file or directory</a></li>
          
          <li><a href="#115">//usr/include/gnu/stubs.h:7:27: fatal error: gnu/stubs-32.h: No such file or directory</a></li>
          
          <li><a href="#125">//usr/include/gnu/stubs.h:7:27: fatal error: gnu/stubs-32.h: No such file or directory</a></li>
          
          <li><a href="#135">//usr/include/gnu/stubs.h:7:27: fatal error: gnu/stubs-32.h: No such file or directory</a></li>
          
          <li><a href="#145">//usr/include/gnu/stubs.h:7:27: fatal error: gnu/stubs-32.h: No such file or directory</a></li>
          
          <li><a href="#155">//usr/include/gnu/stubs.h:7:27: fatal error: gnu/stubs-32.h: No such file or directory</a></li>
          
          <li><a href="#162">//usr/include/gnu/stubs.h:7:27: fatal error: gnu/stubs-32.h: No such file or directory</a></li>
          
          <li><a href="#169">//usr/include/gnu/stubs.h:7:27: fatal error: gnu/stubs-32.h: No such file or directory</a></li>
          
          <li><a href="#176">//usr/include/gnu/stubs.h:7:27: fatal error: gnu/stubs-32.h: No such file or directory</a></li>
          
          <li><a href="#183">//usr/include/gnu/stubs.h:7:27: fatal error: gnu/stubs-32.h: No such file or directory</a></li>
          
          <li><a href="#190">//usr/include/gnu/stubs.h:7:27: fatal error: gnu/stubs-32.h: No such file or directory</a></li>
          
          <li><a href="#197">//usr/include/gnu/stubs.h:7:27: fatal error: gnu/stubs-32.h: No such file or directory</a></li>
          
          <li><a href="#204">//usr/include/gnu/stubs.h:7:27: fatal error: gnu/stubs-32.h: No such file or directory</a></li>
          
          <li><a href="#214">//usr/include/gnu/stubs.h:7:27: fatal error: gnu/stubs-32.h: No such file or directory</a></li>
          
          <li><a href="#221">//usr/include/gnu/stubs.h:7:27: fatal error: gnu/stubs-32.h: No such file or directory</a></li>
          
          <li><a href="#228">//usr/include/gnu/stubs.h:7:27: fatal error: gnu/stubs-32.h: No such file or directory</a></li>
          
          <li><a href="#235">//usr/include/gnu/stubs.h:7:27: fatal error: gnu/stubs-32.h: No such file or directory</a></li>
          
          <li><a href="#242">//usr/include/gnu/stubs.h:7:27: fatal error: gnu/stubs-32.h: No such file or directory</a></li>
          
          <li><a href="#252">//usr/include/gnu/stubs.h:7:27: fatal error: gnu/stubs-32.h: No such file or directory</a></li>
          
          <li><a href="#262">//usr/include/gnu/stubs.h:7:27: fatal error: gnu/stubs-32.h: No such file or directory</a></li>
          
          <li><a href="#269">//usr/include/gnu/stubs.h:7:27: fatal error: gnu/stubs-32.h: No such file or directory</a></li>
          
          <li><a href="#276">//usr/include/gnu/stubs.h:7:27: fatal error: gnu/stubs-32.h: No such file or directory</a></li>
          
          <li><a href="#283">//usr/include/gnu/stubs.h:7:27: fatal error: gnu/stubs-32.h: No such file or directory</a></li>
          
          <li><a href="#290">//usr/include/gnu/stubs.h:7:27: fatal error: gnu/stubs-32.h: No such file or directory</a></li>
          
          <li><a href="#297">//usr/include/gnu/stubs.h:7:27: fatal error: gnu/stubs-32.h: No such file or directory</a></li>
          
          <li><a href="#304">//usr/include/gnu/stubs.h:7:27: fatal error: gnu/stubs-32.h: No such file or directory</a></li>
          
          <li><a href="#311">//usr/include/gnu/stubs.h:7:27: fatal error: gnu/stubs-32.h: No such file or directory</a></li>
          
          <li><a href="#318">//usr/include/gnu/stubs.h:7:27: fatal error: gnu/stubs-32.h: No such file or directory</a></li>
          
          <li><a href="#325">//usr/include/gnu/stubs.h:7:27: fatal error: gnu/stubs-32.h: No such file or directory</a></li>
          
          <li><a href="#335">//usr/include/gnu/stubs.h:7:27: fatal error: gnu/stubs-32.h: No such file or directory</a></li>
          
          <li><a href="#345">//usr/include/gnu/stubs.h:7:27: fatal error: gnu/stubs-32.h: No such file or directory</a></li>
          
          <li><a href="#355">//usr/include/gnu/stubs.h:7:27: fatal error: gnu/stubs-32.h: No such file or directory</a></li>
          
          <li><a href="#362">//usr/include/gnu/stubs.h:7:27: fatal error: gnu/stubs-32.h: No such file or directory</a></li>
          
          <li><a href="#372">//usr/include/gnu/stubs.h:7:27: fatal error: gnu/stubs-32.h: No such file or directory</a></li>
          
          <li><a href="#379">//usr/include/gnu/stubs.h:7:27: fatal error: gnu/stubs-32.h: No such file or directory</a></li>
          
          <li><a href="#386">//usr/include/gnu/stubs.h:7:27: fatal error: gnu/stubs-32.h: No such file or directory</a></li>
          
          <li><a href="#393">//usr/include/gnu/stubs.h:7:27: fatal error: gnu/stubs-32.h: No such file or directory</a></li>
          
          <li><a href="#400">//usr/include/gnu/stubs.h:7:27: fatal error: gnu/stubs-32.h: No such file or directory</a></li>
          
          <li><a href="#407">//usr/include/gnu/stubs.h:7:27: fatal error: gnu/stubs-32.h: No such file or directory</a></li>
          
          <li><a href="#418">//usr/include/gnu/stubs.h:7:27: fatal error: gnu/stubs-32.h: No such file or directory</a></li>
          
          <li><a href="#425">//usr/include/gnu/stubs.h:7:27: fatal error: gnu/stubs-32.h: No such file or directory</a></li>
          
          <li><a href="#432">//usr/include/gnu/stubs.h:7:27: fatal error: gnu/stubs-32.h: No such file or directory</a></li>
          
          <li><a href="#443">//usr/include/gnu/stubs.h:7:27: fatal error: gnu/stubs-32.h: No such file or directory</a></li>
          
          <li><a href="#454">//usr/include/gnu/stubs.h:7:27: fatal error: gnu/stubs-32.h: No such file or directory</a></li>
          
          <li><a href="#465">//usr/include/gnu/stubs.h:7:27: fatal error: gnu/stubs-32.h: No such file or directory</a></li>
          
          <li><a href="#476">//usr/include/gnu/stubs.h:7:27: fatal error: gnu/stubs-32.h: No such file or directory</a></li>
          
          <li><a href="#483">//usr/include/gnu/stubs.h:7:27: fatal error: gnu/stubs-32.h: No such file or directory</a></li>
          
          <li><a href="#490">//usr/include/gnu/stubs.h:7:27: fatal error: gnu/stubs-32.h: No such file or directory</a></li>
          
          <li><a href="#501">//usr/include/gnu/stubs.h:7:27: fatal error: gnu/stubs-32.h: No such file or directory</a></li>
          
          <li><a href="#512">//usr/include/gnu/stubs.h:7:27: fatal error: gnu/stubs-32.h: No such file or directory</a></li>
          
          <li><a href="#523">//usr/include/gnu/stubs.h:7:27: fatal error: gnu/stubs-32.h: No such file or directory</a></li>
          
          <li><a href="#534">//usr/include/gnu/stubs.h:7:27: fatal error: gnu/stubs-32.h: No such file or directory</a></li>
          
          <li><a href="#541">//usr/include/gnu/stubs.h:7:27: fatal error: gnu/stubs-32.h: No such file or directory</a></li>
          
          <li><a href="#548">//usr/include/gnu/stubs.h:7:27: fatal error: gnu/stubs-32.h: No such file or directory</a></li>
          
          <li><a href="#555">//usr/include/gnu/stubs.h:7:27: fatal error: gnu/stubs-32.h: No such file or directory</a></li>
          
          <li><a href="#562">//usr/include/gnu/stubs.h:7:27: fatal error: gnu/stubs-32.h: No such file or directory</a></li>
          
          <li><a href="#569">//usr/include/gnu/stubs.h:7:27: fatal error: gnu/stubs-32.h: No such file or directory</a></li>
          
          <li><a href="#576">//usr/include/gnu/stubs.h:7:27: fatal error: gnu/stubs-32.h: No such file or directory</a></li>
          
          <li><a href="#587">//usr/include/gnu/stubs.h:7:27: fatal error: gnu/stubs-32.h: No such file or directory</a></li>
          
          <li><a href="#594">//usr/include/gnu/stubs.h:7:27: fatal error: gnu/stubs-32.h: No such file or directory</a></li>
          
          <li><a href="#601">//usr/include/gnu/stubs.h:7:27: fatal error: gnu/stubs-32.h: No such file or directory</a></li>
          
          <li><a href="#608">//usr/include/gnu/stubs.h:7:27: fatal error: gnu/stubs-32.h: No such file or directory</a></li>
          
          <li><a href="#619">//usr/include/gnu/stubs.h:7:27: fatal error: gnu/stubs-32.h: No such file or directory</a></li>
          
          <li><a href="#626">//usr/include/gnu/stubs.h:7:27: fatal error: gnu/stubs-32.h: No such file or directory</a></li>
          
          <li><a href="#633">//usr/include/gnu/stubs.h:7:27: fatal error: gnu/stubs-32.h: No such file or directory</a></li>
          
          <li><a href="#640">//usr/include/gnu/stubs.h:7:27: fatal error: gnu/stubs-32.h: No such file or directory</a></li>
          
          <li><a href="#651">//usr/include/gnu/stubs.h:7:27: fatal error: gnu/stubs-32.h: No such file or directory</a></li>
          
          <li><a href="#662">//usr/include/gnu/stubs.h:7:27: fatal error: gnu/stubs-32.h: No such file or directory</a></li>
          
          <li><a href="#669">//usr/include/gnu/stubs.h:7:27: fatal error: gnu/stubs-32.h: No such file or directory</a></li>
          
          <li><a href="#679">//usr/include/gnu/stubs.h:7:27: fatal error: gnu/stubs-32.h: No such file or directory</a></li>
          
          <li><a href="#689">//usr/include/gnu/stubs.h:7:27: fatal error: gnu/stubs-32.h: No such file or directory</a></li>
          
          <li><a href="#700">//usr/include/gnu/stubs.h:7:27: fatal error: gnu/stubs-32.h: No such file or directory</a></li>
          
          <li><a href="#711">//usr/include/gnu/stubs.h:7:27: fatal error: gnu/stubs-32.h: No such file or directory</a></li>
          
          <li><a href="#722">//usr/include/gnu/stubs.h:7:27: fatal error: gnu/stubs-32.h: No such file or directory</a></li>
          
          <li><a href="#733">//usr/include/gnu/stubs.h:7:27: fatal error: gnu/stubs-32.h: No such file or directory</a></li>
          
          <li><a href="#740">//usr/include/gnu/stubs.h:7:27: fatal error: gnu/stubs-32.h: No such file or directory</a></li>
          
          <li><a href="#747">//usr/include/gnu/stubs.h:7:27: fatal error: gnu/stubs-32.h: No such file or directory</a></li>
          
          <li><a href="#754">//usr/include/gnu/stubs.h:7:27: fatal error: gnu/stubs-32.h: No such file or directory</a></li>
          
          <li><a href="#765">//usr/include/gnu/stubs.h:7:27: fatal error: gnu/stubs-32.h: No such file or directory</a></li>
          
          <li><a href="#772">//usr/include/gnu/stubs.h:7:27: fatal error: gnu/stubs-32.h: No such file or directory</a></li>
          
          <li><a href="#779">//usr/include/gnu/stubs.h:7:27: fatal error: gnu/stubs-32.h: No such file or directory</a></li>
          
          <li><a href="#790">//usr/include/gnu/stubs.h:7:27: fatal error: gnu/stubs-32.h: No such file or directory</a></li>
          
          <li><a href="#797">//usr/include/gnu/stubs.h:7:27: fatal error: gnu/stubs-32.h: No such file or directory</a></li>
          
          <li><a href="#804">//usr/include/gnu/stubs.h:7:27: fatal error: gnu/stubs-32.h: No such file or directory</a></li>
          
          <li><a href="#811">//usr/include/gnu/stubs.h:7:27: fatal error: gnu/stubs-32.h: No such file or directory</a></li>
          
          <li><a href="#818">//usr/include/gnu/stubs.h:7:27: fatal error: gnu/stubs-32.h: No such file or directory</a></li>
          
          <li><a href="#825">//usr/include/gnu/stubs.h:7:27: fatal error: gnu/stubs-32.h: No such file or directory</a></li>
          
        </ul>
      </li>
      
    </ul>
    
    
    <h2>Log</h2>
    <p>
    To avoid scrolling, you may jump to the <a
    href="#831">last line</a> of the
    invocation of <code>makepkg</code> that was used to build this
    package.
    </p>
    
    
      <div class="block">
        <div class="info">
          <code>Removed vanilla repositories from pacman.conf and added:</code>
        </div>
        
          <div class="output">
            
            <a class="navhash" href="#1">#</a>
						
              <code id="1">[tuscan]</code><br />
						
            
            <a class="navhash" href="#2">#</a>
						
              <code id="2">Server = file:///var/cache/pacman/pkg/</code><br />
						
            
          </div>
        
      </div>
      <br />
    
      <div class="block">
        <div class="command">
          <code><span class="prompt">CMD: </span>pacman -Syy --noconfirm</code>
        </div>
        
          <div class="output">
            
            <a class="navhash" href="#3">#</a>
						
              <code id="3">:: Synchronizing package databases...</code><br />
						
            
            <a class="navhash" href="#4">#</a>
						
              <code id="4">downloading tuscan.db...</code><br />
						
            
          </div>
        
      </div>
      <br />
    
      <div class="block">
        <div class="info">
          <code>Copied permanent toolchain into container-local sysroot</code>
        </div>
        
          <div class="output">
            
            <a class="navhash" href="#5">#</a>
						
              <code id="5">/toolchain_root/arm-linux-androideabi  -->  /sysroot/arm-linux-androideabi</code><br />
						
            
            <a class="navhash" href="#6">#</a>
						
              <code id="6">/toolchain_root/COPYING3.LIB  -->  /sysroot/COPYING3.LIB</code><br />
						
            
            <a class="navhash" href="#7">#</a>
						
              <code id="7">/toolchain_root/sysroot  -->  /sysroot/sysroot</code><br />
						
            
            <a class="navhash" href="#8">#</a>
						
              <code id="8">/toolchain_root/COPYING.RUNTIME  -->  /sysroot/COPYING.RUNTIME</code><br />
						
            
            <a class="navhash" href="#9">#</a>
						
              <code id="9">/toolchain_root/lib  -->  /sysroot/lib</code><br />
						
            
            <a class="navhash" href="#10">#</a>
						
              <code id="10">/toolchain_root/SOURCES  -->  /sysroot/SOURCES</code><br />
						
            
            <a class="navhash" href="#11">#</a>
						
              <code id="11">/toolchain_root/lib64  -->  /sysroot/lib64</code><br />
						
            
            <a class="navhash" href="#12">#</a>
						
              <code id="12">/toolchain_root/share  -->  /sysroot/share</code><br />
						
            
            <a class="navhash" href="#13">#</a>
						
              <code id="13">/toolchain_root/bin  -->  /sysroot/bin</code><br />
						
            
            <a class="navhash" href="#14">#</a>
						
              <code id="14">/toolchain_root/COPYING  -->  /sysroot/COPYING</code><br />
						
            
            <a class="navhash" href="#15">#</a>
						
              <code id="15">/toolchain_root/COPYING3  -->  /sysroot/COPYING3</code><br />
						
            
            <a class="navhash" href="#16">#</a>
						
              <code id="16">/toolchain_root/COPYING.LIB  -->  /sysroot/COPYING.LIB</code><br />
						
            
            <a class="navhash" href="#17">#</a>
						
              <code id="17">/toolchain_root/include  -->  /sysroot/include</code><br />
						
            
            <a class="navhash" href="#18">#</a>
						
              <code id="18">/toolchain_root/libexec  -->  /sysroot/libexec</code><br />
						
            
          </div>
        
      </div>
      <br />
    
      <div class="block">
        <div class="command">
          <code><span class="prompt">CMD: </span>sudo -u tuscan PATH=/sysroot/bin:/sysroot/libexec/gcc/arm-linux-androideabi/4.8:/usr/local/sbin:/usr/local/bin:/usr/sbin:/usr/bin:/sbin:/bin CC=arm-linux-androideabi-gcc CXX=arm-linux-androideabi-g++ red makepkg --noextract --syncdeps --skipinteg --skippgpcheck --skipchecksums --noconfirm --nocolor --log --noprogressbar --nocheck</code>
        </div>
        
          <div class="output">
            
            <a class="navhash" href="#19">#</a>
						
              <code id="19">==> Making package: unace 2.5-9 (Tue Apr  4 20:55:49 UTC 2017)</code><br />
						
            
            <a class="navhash" href="#20">#</a>
						
              <code id="20">==> Checking runtime dependencies...</code><br />
						
            
            <a class="navhash" href="#21">#</a>
						
              <code id="21">==> Checking buildtime dependencies...</code><br />
						
            
            <a class="navhash" href="#22">#</a>
						
              <code id="22">==> WARNING: Using existing $srcdir/ tree</code><br />
						
            
            <a class="navhash" href="#23">#</a>
						
              <code id="23">==> Starting build()...</code><br />
						
            
            <a class="navhash" href="#24">#</a>
						
              <code id="24">patching file base.mk</code><br />
						
            
            <a class="navhash" href="#25">#</a>
						
              <code id="25">patching file makefile</code><br />
						
            
            <a class="navhash" href="#26">#</a>
						
              <code id="26">patching file unace.mk</code><br />
						
            
            <a class="navhash" href="#27">#</a>
						
              <code id="27">patching file source/base/all/declare.h</code><br />
						
            
            <a class="navhash" href="#28">#</a>
						
              <code id="28">gcc  -Wl,-lncurses -I//usr/include -idirafter //usr/include/sys -Isource -D__LINUX__ -D__unix__ -D__GCC__ -U__HAS_IO_H__ source/base/all/all.c			source/base/all/arcblk/arcblk.c source/base/all/archives/ace/ace.c         source/base/all/archives/read/read.c source/base/all/archives/test/test.c	source/base/all/arcinfo/arcinfo.c source/base/all/bitwidth/bitwidth.c	source/base/all/bufread/bufread.c source/base/all/comments/comments.c	source/base/all/convert/convert.c source/base/all/convert/lin.c		source/base/all/convert/nont.c source/base/all/cprdcpr/huff/huff.c source/base/all/cprdcpr/pic/pic.c		source/base/all/cprdcpr/sound/sound.c source/base/all/crc/crc.c source/base/all/crypt/crypt.c		source/base/all/dcpr/dcpr.c source/base/all/dcpr/comments/comments.c	source/base/all/dcpr/huff/huff.c source/base/all/dcpr/lz77/lz77.c		source/base/all/dcpr/pic/pic.c source/base/all/dcpr/sound/sound.c	source/base/all/dirdata/dirdata.c source/base/all/dosfuncs/noi64.c		source/base/all/dosfuncs/dosfuncs.c source/base/all/dosfuncs/noi64lin.c source/base/all/dosfuncs/lin.c source/base/all/error/error.c		source/base/all/errorout/errorout.c source/base/all/extract/extract.c	source/base/all/filelist/filelist.c source/base/all/funcs/funcs.c		source/base/all/lfn/lfn.c source/base/all/lfn/lin.c source/base/all/lfn/nont.c		source/base/all/lfn/nodos32.c source/base/all/memory/memory.c source/base/all/memory/nodos32.c source/base/all/memory/nowat.c source/base/all/msgout/msgout.c source/base/all/options/options.c	source/base/all/pathfunc/pathfunc.c source/base/all/qsort/qsort.c		source/base/all/state/state.c source/base/all/uninorm/uninorm.c     source/base/all/uninorm/unincore.c source/base/all/volume/volume.c source/base/all/memory/lin.c 	source/base/unace/extern/arcace/arcace.c		source/base/unace/extern/arcblk/arcblk.c source/base/unace/extern/arcinfo/arcinfo.c	source/base/unace/extern/dcpr/dcpr.c source/base/unace/extern/extract/extract.c	source/base/unace/extern/filelist/filelist.c source/base/unace/extern/memory/memory.c source/apps/exe/extern/arcblk/arcblk.c	source/apps/exe/extern/comments/comments.c source/apps/exe/extern/crypt/crypt.c		source/apps/exe/extern/error/error.c source/apps/exe/extern/error/ntlin.c source/apps/exe/extern/errorout/errorout.c	source/apps/exe/extern/filelist/filelist.c source/apps/exe/extern/funcs/funcs.c		source/apps/exe/extern/msgout/msgout.c source/apps/exe/extern/state/state.c		source/apps/exe/extern/volume/volume.c source/apps/exe/acefuncs/acefuncs.c	source/apps/exe/commline/commline.c source/apps/exe/convert/convert.c		source/apps/exe/input/input.c source/apps/exe/input/lin.c source/apps/exe/messages/msgfiles/eng.c			source/apps/exe/messages/messages.c source/apps/exe/outpterr/outpterr.c	source/apps/exe/output/output.c source/apps/exe/output/lin.c source/apps/exe/state/state.c		source/apps/exe/state/gcc.c 		source/apps/unace/all/extern/arctest/arctest.c	source/apps/unace/all/extern/funcs/funcs.c source/apps/unace/exe/extern/arcblk/arcblk.c		source/apps/unace/exe/extern/arcread/arcread.c source/apps/unace/exe/extern/comments/comments.c       source/apps/unace/exe/extern/error/error.c source/apps/unace/exe/extern/filelist/filelist.c	source/apps/unace/exe/extern/input/input.c source/apps/unace/exe/extern/messages/messages.c source/apps/unace/exe/extern/msgout/msgout.c		source/apps/unace/exe/extern/options/options.c source/apps/unace/exe/extern/output/output.c		source/apps/unace/exe/extern/volume/volume.c source/apps/unace/exe/extern/state/state.c		source/apps/unace/exe/commline/commline.c source/apps/unace/exe/commline/help/help.c		source/apps/unace/exe/exe.c source/apps/unace/exe/lin.c -ggdb -ounace</code><br />
						
            
            <a class="navhash" href="#29">#</a>
						
              <code id="29">In file included from //usr/include/features.h:392:0,</code><br />
						
            
            <a class="navhash" href="#30">#</a>
						
              <code id="30">                 from //usr/include/stdint.h:25,</code><br />
						
            
            <a class="navhash" href="#31">#</a>
						
              <code id="31">                 from source/base/all/declare.h:10,</code><br />
						
            
            <a class="navhash" href="#32">#</a>
						
              <code id="32">                 from source/base/all/all.h:25,</code><br />
						
            
            <a class="navhash" href="#33">#</a>
						
              <code id="33">                 from source/base/all/includes.h:4,</code><br />
						
            
            <a class="navhash" href="#34">#</a>
						
              <code id="34">                 from source/base/all/all.c:4:</code><br />
						
            
            <a class="navhash" href="#35">#</a>
						<span class="error">
              <code id="35">//usr/include/gnu/stubs.h:7:27: fatal error: gnu/stubs-32.h: No such file or directory</code><br />
						</span>
            
            <a class="navhash" href="#36">#</a>
						
              <code id="36"> # include <gnu/stubs-32.h></code><br />
						
            
            <a class="navhash" href="#37">#</a>
						
              <code id="37">                           ^</code><br />
						
            
            <a class="navhash" href="#38">#</a>
						
              <code id="38">compilation terminated.</code><br />
						
            
            <a class="navhash" href="#39">#</a>
						
              <code id="39">In file included from //usr/include/features.h:392:0,</code><br />
						
            
            <a class="navhash" href="#40">#</a>
						
              <code id="40">                 from //usr/include/fcntl.h:25,</code><br />
						
            
            <a class="navhash" href="#41">#</a>
						
              <code id="41">                 from source/base/all/arcblk/arcblk.c:1:</code><br />
						
            
            <a class="navhash" href="#42">#</a>
						<span class="error">
              <code id="42">//usr/include/gnu/stubs.h:7:27: fatal error: gnu/stubs-32.h: No such file or directory</code><br />
						</span>
            
            <a class="navhash" href="#43">#</a>
						
              <code id="43"> # include <gnu/stubs-32.h></code><br />
						
            
            <a class="navhash" href="#44">#</a>
						
              <code id="44">                           ^</code><br />
						
            
            <a class="navhash" href="#45">#</a>
						
              <code id="45">compilation terminated.</code><br />
						
            
            <a class="navhash" href="#46">#</a>
						
              <code id="46">In file included from //usr/include/features.h:392:0,</code><br />
						
            
            <a class="navhash" href="#47">#</a>
						
              <code id="47">                 from //usr/include/fcntl.h:25,</code><br />
						
            
            <a class="navhash" href="#48">#</a>
						
              <code id="48">                 from source/base/all/archives/ace/ace.c:1:</code><br />
						
            
            <a class="navhash" href="#49">#</a>
						<span class="error">
              <code id="49">//usr/include/gnu/stubs.h:7:27: fatal error: gnu/stubs-32.h: No such file or directory</code><br />
						</span>
            
            <a class="navhash" href="#50">#</a>
						
              <code id="50"> # include <gnu/stubs-32.h></code><br />
						
            
            <a class="navhash" href="#51">#</a>
						
              <code id="51">                           ^</code><br />
						
            
            <a class="navhash" href="#52">#</a>
						
              <code id="52">compilation terminated.</code><br />
						
            
            <a class="navhash" href="#53">#</a>
						
              <code id="53">In file included from //usr/include/features.h:392:0,</code><br />
						
            
            <a class="navhash" href="#54">#</a>
						
              <code id="54">                 from //usr/include/fcntl.h:25,</code><br />
						
            
            <a class="navhash" href="#55">#</a>
						
              <code id="55">                 from source/base/all/archives/read/read.c:1:</code><br />
						
            
            <a class="navhash" href="#56">#</a>
						<span class="error">
              <code id="56">//usr/include/gnu/stubs.h:7:27: fatal error: gnu/stubs-32.h: No such file or directory</code><br />
						</span>
            
            <a class="navhash" href="#57">#</a>
						
              <code id="57"> # include <gnu/stubs-32.h></code><br />
						
            
            <a class="navhash" href="#58">#</a>
						
              <code id="58">                           ^</code><br />
						
            
            <a class="navhash" href="#59">#</a>
						
              <code id="59">compilation terminated.</code><br />
						
            
            <a class="navhash" href="#60">#</a>
						
              <code id="60">In file included from //usr/include/features.h:392:0,</code><br />
						
            
            <a class="navhash" href="#61">#</a>
						
              <code id="61">                 from //usr/include/errno.h:28,</code><br />
						
            
            <a class="navhash" href="#62">#</a>
						
              <code id="62">                 from source/base/all/archives/test/test.c:1:</code><br />
						
            
            <a class="navhash" href="#63">#</a>
						<span class="error">
              <code id="63">//usr/include/gnu/stubs.h:7:27: fatal error: gnu/stubs-32.h: No such file or directory</code><br />
						</span>
            
            <a class="navhash" href="#64">#</a>
						
              <code id="64"> # include <gnu/stubs-32.h></code><br />
						
            
            <a class="navhash" href="#65">#</a>
						
              <code id="65">                           ^</code><br />
						
            
            <a class="navhash" href="#66">#</a>
						
              <code id="66">compilation terminated.</code><br />
						
            
            <a class="navhash" href="#67">#</a>
						
              <code id="67">In file included from //usr/include/features.h:392:0,</code><br />
						
            
            <a class="navhash" href="#68">#</a>
						
              <code id="68">                 from //usr/include/fcntl.h:25,</code><br />
						
            
            <a class="navhash" href="#69">#</a>
						
              <code id="69">                 from source/base/all/arcinfo/arcinfo.c:1:</code><br />
						
            
            <a class="navhash" href="#70">#</a>
						<span class="error">
              <code id="70">//usr/include/gnu/stubs.h:7:27: fatal error: gnu/stubs-32.h: No such file or directory</code><br />
						</span>
            
            <a class="navhash" href="#71">#</a>
						
              <code id="71"> # include <gnu/stubs-32.h></code><br />
						
            
            <a class="navhash" href="#72">#</a>
						
              <code id="72">                           ^</code><br />
						
            
            <a class="navhash" href="#73">#</a>
						
              <code id="73">compilation terminated.</code><br />
						
            
            <a class="navhash" href="#74">#</a>
						
              <code id="74">In file included from //usr/include/features.h:392:0,</code><br />
						
            
            <a class="navhash" href="#75">#</a>
						
              <code id="75">                 from //usr/include/stdint.h:25,</code><br />
						
            
            <a class="navhash" href="#76">#</a>
						
              <code id="76">                 from source/base/all/declare.h:10,</code><br />
						
            
            <a class="navhash" href="#77">#</a>
						
              <code id="77">                 from source/base/all/all.h:25,</code><br />
						
            
            <a class="navhash" href="#78">#</a>
						
              <code id="78">                 from source/base/all/includes.h:4,</code><br />
						
            
            <a class="navhash" href="#79">#</a>
						
              <code id="79">                 from source/base/all/bitwidth/bitwidth.c:3:</code><br />
						
            
            <a class="navhash" href="#80">#</a>
						<span class="error">
              <code id="80">//usr/include/gnu/stubs.h:7:27: fatal error: gnu/stubs-32.h: No such file or directory</code><br />
						</span>
            
            <a class="navhash" href="#81">#</a>
						
              <code id="81"> # include <gnu/stubs-32.h></code><br />
						
            
            <a class="navhash" href="#82">#</a>
						
              <code id="82">                           ^</code><br />
						
            
            <a class="navhash" href="#83">#</a>
						
              <code id="83">compilation terminated.</code><br />
						
            
            <a class="navhash" href="#84">#</a>
						
              <code id="84">In file included from //usr/include/features.h:392:0,</code><br />
						
            
            <a class="navhash" href="#85">#</a>
						
              <code id="85">                 from //usr/include/errno.h:28,</code><br />
						
            
            <a class="navhash" href="#86">#</a>
						
              <code id="86">                 from source/base/all/bufread/bufread.c:1:</code><br />
						
            
            <a class="navhash" href="#87">#</a>
						<span class="error">
              <code id="87">//usr/include/gnu/stubs.h:7:27: fatal error: gnu/stubs-32.h: No such file or directory</code><br />
						</span>
            
            <a class="navhash" href="#88">#</a>
						
              <code id="88"> # include <gnu/stubs-32.h></code><br />
						
            
            <a class="navhash" href="#89">#</a>
						
              <code id="89">                           ^</code><br />
						
            
            <a class="navhash" href="#90">#</a>
						
              <code id="90">compilation terminated.</code><br />
						
            
            <a class="navhash" href="#91">#</a>
						
              <code id="91">In file included from //usr/include/features.h:392:0,</code><br />
						
            
            <a class="navhash" href="#92">#</a>
						
              <code id="92">                 from //usr/include/string.h:25,</code><br />
						
            
            <a class="navhash" href="#93">#</a>
						
              <code id="93">                 from source/base/all/comments/comments.c:1:</code><br />
						
            
            <a class="navhash" href="#94">#</a>
						<span class="error">
              <code id="94">//usr/include/gnu/stubs.h:7:27: fatal error: gnu/stubs-32.h: No such file or directory</code><br />
						</span>
            
            <a class="navhash" href="#95">#</a>
						
              <code id="95"> # include <gnu/stubs-32.h></code><br />
						
            
            <a class="navhash" href="#96">#</a>
						
              <code id="96">                           ^</code><br />
						
            
            <a class="navhash" href="#97">#</a>
						
              <code id="97">compilation terminated.</code><br />
						
            
            <a class="navhash" href="#98">#</a>
						
              <code id="98">In file included from //usr/include/features.h:392:0,</code><br />
						
            
            <a class="navhash" href="#99">#</a>
						
              <code id="99">                 from //usr/include/stdio.h:27,</code><br />
						
            
            <a class="navhash" href="#100">#</a>
						
              <code id="100">                 from source/base/all/convert/convert.c:1:</code><br />
						
            
            <a class="navhash" href="#101">#</a>
						<span class="error">
              <code id="101">//usr/include/gnu/stubs.h:7:27: fatal error: gnu/stubs-32.h: No such file or directory</code><br />
						</span>
            
            <a class="navhash" href="#102">#</a>
						
              <code id="102"> # include <gnu/stubs-32.h></code><br />
						
            
            <a class="navhash" href="#103">#</a>
						
              <code id="103">                           ^</code><br />
						
            
            <a class="navhash" href="#104">#</a>
						
              <code id="104">compilation terminated.</code><br />
						
            
            <a class="navhash" href="#105">#</a>
						
              <code id="105">In file included from //usr/include/features.h:392:0,</code><br />
						
            
            <a class="navhash" href="#106">#</a>
						
              <code id="106">                 from //usr/include/ctype.h:25,</code><br />
						
            
            <a class="navhash" href="#107">#</a>
						
              <code id="107">                 from source/base/all/convert/lin.c:1:</code><br />
						
            
            <a class="navhash" href="#108">#</a>
						<span class="error">
              <code id="108">//usr/include/gnu/stubs.h:7:27: fatal error: gnu/stubs-32.h: No such file or directory</code><br />
						</span>
            
            <a class="navhash" href="#109">#</a>
						
              <code id="109"> # include <gnu/stubs-32.h></code><br />
						
            
            <a class="navhash" href="#110">#</a>
						
              <code id="110">                           ^</code><br />
						
            
            <a class="navhash" href="#111">#</a>
						
              <code id="111">compilation terminated.</code><br />
						
            
            <a class="navhash" href="#112">#</a>
						
              <code id="112">In file included from //usr/include/features.h:392:0,</code><br />
						
            
            <a class="navhash" href="#113">#</a>
						
              <code id="113">                 from //usr/include/string.h:25,</code><br />
						
            
            <a class="navhash" href="#114">#</a>
						
              <code id="114">                 from source/base/all/convert/nont.c:1:</code><br />
						
            
            <a class="navhash" href="#115">#</a>
						<span class="error">
              <code id="115">//usr/include/gnu/stubs.h:7:27: fatal error: gnu/stubs-32.h: No such file or directory</code><br />
						</span>
            
            <a class="navhash" href="#116">#</a>
						
              <code id="116"> # include <gnu/stubs-32.h></code><br />
						
            
            <a class="navhash" href="#117">#</a>
						
              <code id="117">                           ^</code><br />
						
            
            <a class="navhash" href="#118">#</a>
						
              <code id="118">compilation terminated.</code><br />
						
            
            <a class="navhash" href="#119">#</a>
						
              <code id="119">In file included from //usr/include/features.h:392:0,</code><br />
						
            
            <a class="navhash" href="#120">#</a>
						
              <code id="120">                 from //usr/include/stdint.h:25,</code><br />
						
            
            <a class="navhash" href="#121">#</a>
						
              <code id="121">                 from source/base/all/declare.h:10,</code><br />
						
            
            <a class="navhash" href="#122">#</a>
						
              <code id="122">                 from source/base/all/all.h:25,</code><br />
						
            
            <a class="navhash" href="#123">#</a>
						
              <code id="123">                 from source/base/all/includes.h:4,</code><br />
						
            
            <a class="navhash" href="#124">#</a>
						
              <code id="124">                 from source/base/all/cprdcpr/huff/huff.c:3:</code><br />
						
            
            <a class="navhash" href="#125">#</a>
						<span class="error">
              <code id="125">//usr/include/gnu/stubs.h:7:27: fatal error: gnu/stubs-32.h: No such file or directory</code><br />
						</span>
            
            <a class="navhash" href="#126">#</a>
						
              <code id="126"> # include <gnu/stubs-32.h></code><br />
						
            
            <a class="navhash" href="#127">#</a>
						
              <code id="127">                           ^</code><br />
						
            
            <a class="navhash" href="#128">#</a>
						
              <code id="128">compilation terminated.</code><br />
						
            
            <a class="navhash" href="#129">#</a>
						
              <code id="129">In file included from //usr/include/features.h:392:0,</code><br />
						
            
            <a class="navhash" href="#130">#</a>
						
              <code id="130">                 from //usr/include/stdint.h:25,</code><br />
						
            
            <a class="navhash" href="#131">#</a>
						
              <code id="131">                 from source/base/all/declare.h:10,</code><br />
						
            
            <a class="navhash" href="#132">#</a>
						
              <code id="132">                 from source/base/all/all.h:25,</code><br />
						
            
            <a class="navhash" href="#133">#</a>
						
              <code id="133">                 from source/base/all/includes.h:4,</code><br />
						
            
            <a class="navhash" href="#134">#</a>
						
              <code id="134">                 from source/base/all/cprdcpr/pic/pic.c:3:</code><br />
						
            
            <a class="navhash" href="#135">#</a>
						<span class="error">
              <code id="135">//usr/include/gnu/stubs.h:7:27: fatal error: gnu/stubs-32.h: No such file or directory</code><br />
						</span>
            
            <a class="navhash" href="#136">#</a>
						
              <code id="136"> # include <gnu/stubs-32.h></code><br />
						
            
            <a class="navhash" href="#137">#</a>
						
              <code id="137">                           ^</code><br />
						
            
            <a class="navhash" href="#138">#</a>
						
              <code id="138">compilation terminated.</code><br />
						
            
            <a class="navhash" href="#139">#</a>
						
              <code id="139">In file included from //usr/include/features.h:392:0,</code><br />
						
            
            <a class="navhash" href="#140">#</a>
						
              <code id="140">                 from //usr/include/stdint.h:25,</code><br />
						
            
            <a class="navhash" href="#141">#</a>
						
              <code id="141">                 from source/base/all/declare.h:10,</code><br />
						
            
            <a class="navhash" href="#142">#</a>
						
              <code id="142">                 from source/base/all/all.h:25,</code><br />
						
            
            <a class="navhash" href="#143">#</a>
						
              <code id="143">                 from source/base/all/includes.h:4,</code><br />
						
            
            <a class="navhash" href="#144">#</a>
						
              <code id="144">                 from source/base/all/cprdcpr/sound/sound.c:3:</code><br />
						
            
            <a class="navhash" href="#145">#</a>
						<span class="error">
              <code id="145">//usr/include/gnu/stubs.h:7:27: fatal error: gnu/stubs-32.h: No such file or directory</code><br />
						</span>
            
            <a class="navhash" href="#146">#</a>
						
              <code id="146"> # include <gnu/stubs-32.h></code><br />
						
            
            <a class="navhash" href="#147">#</a>
						
              <code id="147">                           ^</code><br />
						
            
            <a class="navhash" href="#148">#</a>
						
              <code id="148">compilation terminated.</code><br />
						
            
            <a class="navhash" href="#149">#</a>
						
              <code id="149">In file included from //usr/include/features.h:392:0,</code><br />
						
            
            <a class="navhash" href="#150">#</a>
						
              <code id="150">                 from //usr/include/stdint.h:25,</code><br />
						
            
            <a class="navhash" href="#151">#</a>
						
              <code id="151">                 from source/base/all/declare.h:10,</code><br />
						
            
            <a class="navhash" href="#152">#</a>
						
              <code id="152">                 from source/base/all/all.h:25,</code><br />
						
            
            <a class="navhash" href="#153">#</a>
						
              <code id="153">                 from source/base/all/includes.h:4,</code><br />
						
            
            <a class="navhash" href="#154">#</a>
						
              <code id="154">                 from source/base/all/crc/crc.c:3:</code><br />
						
            
            <a class="navhash" href="#155">#</a>
						<span class="error">
              <code id="155">//usr/include/gnu/stubs.h:7:27: fatal error: gnu/stubs-32.h: No such file or directory</code><br />
						</span>
            
            <a class="navhash" href="#156">#</a>
						
              <code id="156"> # include <gnu/stubs-32.h></code><br />
						
            
            <a class="navhash" href="#157">#</a>
						
              <code id="157">                           ^</code><br />
						
            
            <a class="navhash" href="#158">#</a>
						
              <code id="158">compilation terminated.</code><br />
						
            
            <a class="navhash" href="#159">#</a>
						
              <code id="159">In file included from //usr/include/features.h:392:0,</code><br />
						
            
            <a class="navhash" href="#160">#</a>
						
              <code id="160">                 from //usr/include/string.h:25,</code><br />
						
            
            <a class="navhash" href="#161">#</a>
						
              <code id="161">                 from source/base/all/crypt/crypt.c:1:</code><br />
						
            
            <a class="navhash" href="#162">#</a>
						<span class="error">
              <code id="162">//usr/include/gnu/stubs.h:7:27: fatal error: gnu/stubs-32.h: No such file or directory</code><br />
						</span>
            
            <a class="navhash" href="#163">#</a>
						
              <code id="163"> # include <gnu/stubs-32.h></code><br />
						
            
            <a class="navhash" href="#164">#</a>
						
              <code id="164">                           ^</code><br />
						
            
            <a class="navhash" href="#165">#</a>
						
              <code id="165">compilation terminated.</code><br />
						
            
            <a class="navhash" href="#166">#</a>
						
              <code id="166">In file included from //usr/include/features.h:392:0,</code><br />
						
            
            <a class="navhash" href="#167">#</a>
						
              <code id="167">                 from //usr/include/fcntl.h:25,</code><br />
						
            
            <a class="navhash" href="#168">#</a>
						
              <code id="168">                 from source/base/all/dcpr/dcpr.c:1:</code><br />
						
            
            <a class="navhash" href="#169">#</a>
						<span class="error">
              <code id="169">//usr/include/gnu/stubs.h:7:27: fatal error: gnu/stubs-32.h: No such file or directory</code><br />
						</span>
            
            <a class="navhash" href="#170">#</a>
						
              <code id="170"> # include <gnu/stubs-32.h></code><br />
						
            
            <a class="navhash" href="#171">#</a>
						
              <code id="171">                           ^</code><br />
						
            
            <a class="navhash" href="#172">#</a>
						
              <code id="172">compilation terminated.</code><br />
						
            
            <a class="navhash" href="#173">#</a>
						
              <code id="173">In file included from //usr/include/features.h:392:0,</code><br />
						
            
            <a class="navhash" href="#174">#</a>
						
              <code id="174">                 from //usr/include/string.h:25,</code><br />
						
            
            <a class="navhash" href="#175">#</a>
						
              <code id="175">                 from source/base/all/dcpr/comments/comments.c:1:</code><br />
						
            
            <a class="navhash" href="#176">#</a>
						<span class="error">
              <code id="176">//usr/include/gnu/stubs.h:7:27: fatal error: gnu/stubs-32.h: No such file or directory</code><br />
						</span>
            
            <a class="navhash" href="#177">#</a>
						
              <code id="177"> # include <gnu/stubs-32.h></code><br />
						
            
            <a class="navhash" href="#178">#</a>
						
              <code id="178">                           ^</code><br />
						
            
            <a class="navhash" href="#179">#</a>
						
              <code id="179">compilation terminated.</code><br />
						
            
            <a class="navhash" href="#180">#</a>
						
              <code id="180">In file included from //usr/include/features.h:392:0,</code><br />
						
            
            <a class="navhash" href="#181">#</a>
						
              <code id="181">                 from //usr/include/string.h:25,</code><br />
						
            
            <a class="navhash" href="#182">#</a>
						
              <code id="182">                 from source/base/all/dcpr/huff/huff.c:1:</code><br />
						
            
            <a class="navhash" href="#183">#</a>
						<span class="error">
              <code id="183">//usr/include/gnu/stubs.h:7:27: fatal error: gnu/stubs-32.h: No such file or directory</code><br />
						</span>
            
            <a class="navhash" href="#184">#</a>
						
              <code id="184"> # include <gnu/stubs-32.h></code><br />
						
            
            <a class="navhash" href="#185">#</a>
						
              <code id="185">                           ^</code><br />
						
            
            <a class="navhash" href="#186">#</a>
						
              <code id="186">compilation terminated.</code><br />
						
            
            <a class="navhash" href="#187">#</a>
						
              <code id="187">In file included from //usr/include/features.h:392:0,</code><br />
						
            
            <a class="navhash" href="#188">#</a>
						
              <code id="188">                 from //usr/include/string.h:25,</code><br />
						
            
            <a class="navhash" href="#189">#</a>
						
              <code id="189">                 from source/base/all/dcpr/lz77/lz77.c:1:</code><br />
						
            
            <a class="navhash" href="#190">#</a>
						<span class="error">
              <code id="190">//usr/include/gnu/stubs.h:7:27: fatal error: gnu/stubs-32.h: No such file or directory</code><br />
						</span>
            
            <a class="navhash" href="#191">#</a>
						
              <code id="191"> # include <gnu/stubs-32.h></code><br />
						
            
            <a class="navhash" href="#192">#</a>
						
              <code id="192">                           ^</code><br />
						
            
            <a class="navhash" href="#193">#</a>
						
              <code id="193">compilation terminated.</code><br />
						
            
            <a class="navhash" href="#194">#</a>
						
              <code id="194">In file included from //usr/include/features.h:392:0,</code><br />
						
            
            <a class="navhash" href="#195">#</a>
						
              <code id="195">                 from //usr/include/stdlib.h:24,</code><br />
						
            
            <a class="navhash" href="#196">#</a>
						
              <code id="196">                 from source/base/all/dcpr/pic/pic.c:1:</code><br />
						
            
            <a class="navhash" href="#197">#</a>
						<span class="error">
              <code id="197">//usr/include/gnu/stubs.h:7:27: fatal error: gnu/stubs-32.h: No such file or directory</code><br />
						</span>
            
            <a class="navhash" href="#198">#</a>
						
              <code id="198"> # include <gnu/stubs-32.h></code><br />
						
            
            <a class="navhash" href="#199">#</a>
						
              <code id="199">                           ^</code><br />
						
            
            <a class="navhash" href="#200">#</a>
						
              <code id="200">compilation terminated.</code><br />
						
            
            <a class="navhash" href="#201">#</a>
						
              <code id="201">In file included from //usr/include/features.h:392:0,</code><br />
						
            
            <a class="navhash" href="#202">#</a>
						
              <code id="202">                 from //usr/include/stdlib.h:24,</code><br />
						
            
            <a class="navhash" href="#203">#</a>
						
              <code id="203">                 from source/base/all/dcpr/sound/sound.c:1:</code><br />
						
            
            <a class="navhash" href="#204">#</a>
						<span class="error">
              <code id="204">//usr/include/gnu/stubs.h:7:27: fatal error: gnu/stubs-32.h: No such file or directory</code><br />
						</span>
            
            <a class="navhash" href="#205">#</a>
						
              <code id="205"> # include <gnu/stubs-32.h></code><br />
						
            
            <a class="navhash" href="#206">#</a>
						
              <code id="206">                           ^</code><br />
						
            
            <a class="navhash" href="#207">#</a>
						
              <code id="207">compilation terminated.</code><br />
						
            
            <a class="navhash" href="#208">#</a>
						
              <code id="208">In file included from //usr/include/features.h:392:0,</code><br />
						
            
            <a class="navhash" href="#209">#</a>
						
              <code id="209">                 from //usr/include/stdint.h:25,</code><br />
						
            
            <a class="navhash" href="#210">#</a>
						
              <code id="210">                 from source/base/all/declare.h:10,</code><br />
						
            
            <a class="navhash" href="#211">#</a>
						
              <code id="211">                 from source/base/all/all.h:25,</code><br />
						
            
            <a class="navhash" href="#212">#</a>
						
              <code id="212">                 from source/base/all/includes.h:4,</code><br />
						
            
            <a class="navhash" href="#213">#</a>
						
              <code id="213">                 from source/base/all/dirdata/dirdata.c:3:</code><br />
						
            
            <a class="navhash" href="#214">#</a>
						<span class="error">
              <code id="214">//usr/include/gnu/stubs.h:7:27: fatal error: gnu/stubs-32.h: No such file or directory</code><br />
						</span>
            
            <a class="navhash" href="#215">#</a>
						
              <code id="215"> # include <gnu/stubs-32.h></code><br />
						
            
            <a class="navhash" href="#216">#</a>
						
              <code id="216">                           ^</code><br />
						
            
            <a class="navhash" href="#217">#</a>
						
              <code id="217">compilation terminated.</code><br />
						
            
            <a class="navhash" href="#218">#</a>
						
              <code id="218">In file included from //usr/include/features.h:392:0,</code><br />
						
            
            <a class="navhash" href="#219">#</a>
						
              <code id="219">                 from //usr/include/stdio.h:27,</code><br />
						
            
            <a class="navhash" href="#220">#</a>
						
              <code id="220">                 from source/base/all/dosfuncs/noi64.c:5:</code><br />
						
            
            <a class="navhash" href="#221">#</a>
						<span class="error">
              <code id="221">//usr/include/gnu/stubs.h:7:27: fatal error: gnu/stubs-32.h: No such file or directory</code><br />
						</span>
            
            <a class="navhash" href="#222">#</a>
						
              <code id="222"> # include <gnu/stubs-32.h></code><br />
						
            
            <a class="navhash" href="#223">#</a>
						
              <code id="223">                           ^</code><br />
						
            
            <a class="navhash" href="#224">#</a>
						
              <code id="224">compilation terminated.</code><br />
						
            
            <a class="navhash" href="#225">#</a>
						
              <code id="225">In file included from //usr/include/features.h:392:0,</code><br />
						
            
            <a class="navhash" href="#226">#</a>
						
              <code id="226">                 from //usr/include/stdio.h:27,</code><br />
						
            
            <a class="navhash" href="#227">#</a>
						
              <code id="227">                 from source/base/all/dosfuncs/dosfuncs.c:2:</code><br />
						
            
            <a class="navhash" href="#228">#</a>
						<span class="error">
              <code id="228">//usr/include/gnu/stubs.h:7:27: fatal error: gnu/stubs-32.h: No such file or directory</code><br />
						</span>
            
            <a class="navhash" href="#229">#</a>
						
              <code id="229"> # include <gnu/stubs-32.h></code><br />
						
            
            <a class="navhash" href="#230">#</a>
						
              <code id="230">                           ^</code><br />
						
            
            <a class="navhash" href="#231">#</a>
						
              <code id="231">compilation terminated.</code><br />
						
            
            <a class="navhash" href="#232">#</a>
						
              <code id="232">In file included from //usr/include/features.h:392:0,</code><br />
						
            
            <a class="navhash" href="#233">#</a>
						
              <code id="233">                 from //usr/include/stdio.h:27,</code><br />
						
            
            <a class="navhash" href="#234">#</a>
						
              <code id="234">                 from source/base/all/dosfuncs/noi64lin.c:5:</code><br />
						
            
            <a class="navhash" href="#235">#</a>
						<span class="error">
              <code id="235">//usr/include/gnu/stubs.h:7:27: fatal error: gnu/stubs-32.h: No such file or directory</code><br />
						</span>
            
            <a class="navhash" href="#236">#</a>
						
              <code id="236"> # include <gnu/stubs-32.h></code><br />
						
            
            <a class="navhash" href="#237">#</a>
						
              <code id="237">                           ^</code><br />
						
            
            <a class="navhash" href="#238">#</a>
						
              <code id="238">compilation terminated.</code><br />
						
            
            <a class="navhash" href="#239">#</a>
						
              <code id="239">In file included from //usr/include/features.h:392:0,</code><br />
						
            
            <a class="navhash" href="#240">#</a>
						
              <code id="240">                 from //usr/include/dirent.h:25,</code><br />
						
            
            <a class="navhash" href="#241">#</a>
						
              <code id="241">                 from source/base/all/dosfuncs/lin.c:1:</code><br />
						
            
            <a class="navhash" href="#242">#</a>
						<span class="error">
              <code id="242">//usr/include/gnu/stubs.h:7:27: fatal error: gnu/stubs-32.h: No such file or directory</code><br />
						</span>
            
            <a class="navhash" href="#243">#</a>
						
              <code id="243"> # include <gnu/stubs-32.h></code><br />
						
            
            <a class="navhash" href="#244">#</a>
						
              <code id="244">                           ^</code><br />
						
            
            <a class="navhash" href="#245">#</a>
						
              <code id="245">compilation terminated.</code><br />
						
            
            <a class="navhash" href="#246">#</a>
						
              <code id="246">In file included from //usr/include/features.h:392:0,</code><br />
						
            
            <a class="navhash" href="#247">#</a>
						
              <code id="247">                 from //usr/include/stdint.h:25,</code><br />
						
            
            <a class="navhash" href="#248">#</a>
						
              <code id="248">                 from source/base/all/declare.h:10,</code><br />
						
            
            <a class="navhash" href="#249">#</a>
						
              <code id="249">                 from source/base/all/all.h:25,</code><br />
						
            
            <a class="navhash" href="#250">#</a>
						
              <code id="250">                 from source/base/all/includes.h:4,</code><br />
						
            
            <a class="navhash" href="#251">#</a>
						
              <code id="251">                 from source/base/all/error/error.c:3:</code><br />
						
            
            <a class="navhash" href="#252">#</a>
						<span class="error">
              <code id="252">//usr/include/gnu/stubs.h:7:27: fatal error: gnu/stubs-32.h: No such file or directory</code><br />
						</span>
            
            <a class="navhash" href="#253">#</a>
						
              <code id="253"> # include <gnu/stubs-32.h></code><br />
						
            
            <a class="navhash" href="#254">#</a>
						
              <code id="254">                           ^</code><br />
						
            
            <a class="navhash" href="#255">#</a>
						
              <code id="255">compilation terminated.</code><br />
						
            
            <a class="navhash" href="#256">#</a>
						
              <code id="256">In file included from //usr/include/features.h:392:0,</code><br />
						
            
            <a class="navhash" href="#257">#</a>
						
              <code id="257">                 from //usr/include/stdint.h:25,</code><br />
						
            
            <a class="navhash" href="#258">#</a>
						
              <code id="258">                 from source/base/all/declare.h:10,</code><br />
						
            
            <a class="navhash" href="#259">#</a>
						
              <code id="259">                 from source/base/all/all.h:25,</code><br />
						
            
            <a class="navhash" href="#260">#</a>
						
              <code id="260">                 from source/base/all/includes.h:4,</code><br />
						
            
            <a class="navhash" href="#261">#</a>
						
              <code id="261">                 from source/base/all/errorout/errorout.c:3:</code><br />
						
            
            <a class="navhash" href="#262">#</a>
						<span class="error">
              <code id="262">//usr/include/gnu/stubs.h:7:27: fatal error: gnu/stubs-32.h: No such file or directory</code><br />
						</span>
            
            <a class="navhash" href="#263">#</a>
						
              <code id="263"> # include <gnu/stubs-32.h></code><br />
						
            
            <a class="navhash" href="#264">#</a>
						
              <code id="264">                           ^</code><br />
						
            
            <a class="navhash" href="#265">#</a>
						
              <code id="265">compilation terminated.</code><br />
						
            
            <a class="navhash" href="#266">#</a>
						
              <code id="266">In file included from //usr/include/features.h:392:0,</code><br />
						
            
            <a class="navhash" href="#267">#</a>
						
              <code id="267">                 from //usr/include/errno.h:28,</code><br />
						
            
            <a class="navhash" href="#268">#</a>
						
              <code id="268">                 from source/base/all/extract/extract.c:1:</code><br />
						
            
            <a class="navhash" href="#269">#</a>
						<span class="error">
              <code id="269">//usr/include/gnu/stubs.h:7:27: fatal error: gnu/stubs-32.h: No such file or directory</code><br />
						</span>
            
            <a class="navhash" href="#270">#</a>
						
              <code id="270"> # include <gnu/stubs-32.h></code><br />
						
            
            <a class="navhash" href="#271">#</a>
						
              <code id="271">                           ^</code><br />
						
            
            <a class="navhash" href="#272">#</a>
						
              <code id="272">compilation terminated.</code><br />
						
            
            <a class="navhash" href="#273">#</a>
						
              <code id="273">In file included from //usr/include/features.h:392:0,</code><br />
						
            
            <a class="navhash" href="#274">#</a>
						
              <code id="274">                 from //usr/include/errno.h:28,</code><br />
						
            
            <a class="navhash" href="#275">#</a>
						
              <code id="275">                 from source/base/all/filelist/filelist.c:1:</code><br />
						
            
            <a class="navhash" href="#276">#</a>
						<span class="error">
              <code id="276">//usr/include/gnu/stubs.h:7:27: fatal error: gnu/stubs-32.h: No such file or directory</code><br />
						</span>
            
            <a class="navhash" href="#277">#</a>
						
              <code id="277"> # include <gnu/stubs-32.h></code><br />
						
            
            <a class="navhash" href="#278">#</a>
						
              <code id="278">                           ^</code><br />
						
            
            <a class="navhash" href="#279">#</a>
						
              <code id="279">compilation terminated.</code><br />
						
            
            <a class="navhash" href="#280">#</a>
						
              <code id="280">In file included from //usr/include/features.h:392:0,</code><br />
						
            
            <a class="navhash" href="#281">#</a>
						
              <code id="281">                 from //usr/include/fcntl.h:25,</code><br />
						
            
            <a class="navhash" href="#282">#</a>
						
              <code id="282">                 from source/base/all/funcs/funcs.c:1:</code><br />
						
            
            <a class="navhash" href="#283">#</a>
						<span class="error">
              <code id="283">//usr/include/gnu/stubs.h:7:27: fatal error: gnu/stubs-32.h: No such file or directory</code><br />
						</span>
            
            <a class="navhash" href="#284">#</a>
						
              <code id="284"> # include <gnu/stubs-32.h></code><br />
						
            
            <a class="navhash" href="#285">#</a>
						
              <code id="285">                           ^</code><br />
						
            
            <a class="navhash" href="#286">#</a>
						
              <code id="286">compilation terminated.</code><br />
						
            
            <a class="navhash" href="#287">#</a>
						
              <code id="287">In file included from //usr/include/features.h:392:0,</code><br />
						
            
            <a class="navhash" href="#288">#</a>
						
              <code id="288">                 from //usr/include/errno.h:28,</code><br />
						
            
            <a class="navhash" href="#289">#</a>
						
              <code id="289">                 from source/base/all/lfn/lfn.c:1:</code><br />
						
            
            <a class="navhash" href="#290">#</a>
						<span class="error">
              <code id="290">//usr/include/gnu/stubs.h:7:27: fatal error: gnu/stubs-32.h: No such file or directory</code><br />
						</span>
            
            <a class="navhash" href="#291">#</a>
						
              <code id="291"> # include <gnu/stubs-32.h></code><br />
						
            
            <a class="navhash" href="#292">#</a>
						
              <code id="292">                           ^</code><br />
						
            
            <a class="navhash" href="#293">#</a>
						
              <code id="293">compilation terminated.</code><br />
						
            
            <a class="navhash" href="#294">#</a>
						
              <code id="294">In file included from //usr/include/features.h:392:0,</code><br />
						
            
            <a class="navhash" href="#295">#</a>
						
              <code id="295">                 from //usr/include/stdio.h:27,</code><br />
						
            
            <a class="navhash" href="#296">#</a>
						
              <code id="296">                 from source/base/all/lfn/lin.c:1:</code><br />
						
            
            <a class="navhash" href="#297">#</a>
						<span class="error">
              <code id="297">//usr/include/gnu/stubs.h:7:27: fatal error: gnu/stubs-32.h: No such file or directory</code><br />
						</span>
            
            <a class="navhash" href="#298">#</a>
						
              <code id="298"> # include <gnu/stubs-32.h></code><br />
						
            
            <a class="navhash" href="#299">#</a>
						
              <code id="299">                           ^</code><br />
						
            
            <a class="navhash" href="#300">#</a>
						
              <code id="300">compilation terminated.</code><br />
						
            
            <a class="navhash" href="#301">#</a>
						
              <code id="301">In file included from //usr/include/features.h:392:0,</code><br />
						
            
            <a class="navhash" href="#302">#</a>
						
              <code id="302">                 from //usr/include/stdio.h:27,</code><br />
						
            
            <a class="navhash" href="#303">#</a>
						
              <code id="303">                 from source/base/all/lfn/nont.c:1:</code><br />
						
            
            <a class="navhash" href="#304">#</a>
						<span class="error">
              <code id="304">//usr/include/gnu/stubs.h:7:27: fatal error: gnu/stubs-32.h: No such file or directory</code><br />
						</span>
            
            <a class="navhash" href="#305">#</a>
						
              <code id="305"> # include <gnu/stubs-32.h></code><br />
						
            
            <a class="navhash" href="#306">#</a>
						
              <code id="306">                           ^</code><br />
						
            
            <a class="navhash" href="#307">#</a>
						
              <code id="307">compilation terminated.</code><br />
						
            
            <a class="navhash" href="#308">#</a>
						
              <code id="308">In file included from //usr/include/features.h:392:0,</code><br />
						
            
            <a class="navhash" href="#309">#</a>
						
              <code id="309">                 from //usr/include/errno.h:28,</code><br />
						
            
            <a class="navhash" href="#310">#</a>
						
              <code id="310">                 from source/base/all/lfn/nodos32.c:2:</code><br />
						
            
            <a class="navhash" href="#311">#</a>
						<span class="error">
              <code id="311">//usr/include/gnu/stubs.h:7:27: fatal error: gnu/stubs-32.h: No such file or directory</code><br />
						</span>
            
            <a class="navhash" href="#312">#</a>
						
              <code id="312"> # include <gnu/stubs-32.h></code><br />
						
            
            <a class="navhash" href="#313">#</a>
						
              <code id="313">                           ^</code><br />
						
            
            <a class="navhash" href="#314">#</a>
						
              <code id="314">compilation terminated.</code><br />
						
            
            <a class="navhash" href="#315">#</a>
						
              <code id="315">In file included from //usr/include/features.h:392:0,</code><br />
						
            
            <a class="navhash" href="#316">#</a>
						
              <code id="316">                 from //usr/include/stdlib.h:24,</code><br />
						
            
            <a class="navhash" href="#317">#</a>
						
              <code id="317">                 from source/base/all/memory/memory.c:1:</code><br />
						
            
            <a class="navhash" href="#318">#</a>
						<span class="error">
              <code id="318">//usr/include/gnu/stubs.h:7:27: fatal error: gnu/stubs-32.h: No such file or directory</code><br />
						</span>
            
            <a class="navhash" href="#319">#</a>
						
              <code id="319"> # include <gnu/stubs-32.h></code><br />
						
            
            <a class="navhash" href="#320">#</a>
						
              <code id="320">                           ^</code><br />
						
            
            <a class="navhash" href="#321">#</a>
						
              <code id="321">compilation terminated.</code><br />
						
            
            <a class="navhash" href="#322">#</a>
						
              <code id="322">In file included from //usr/include/features.h:392:0,</code><br />
						
            
            <a class="navhash" href="#323">#</a>
						
              <code id="323">                 from //usr/include/stdlib.h:24,</code><br />
						
            
            <a class="navhash" href="#324">#</a>
						
              <code id="324">                 from source/base/all/memory/nodos32.c:1:</code><br />
						
            
            <a class="navhash" href="#325">#</a>
						<span class="error">
              <code id="325">//usr/include/gnu/stubs.h:7:27: fatal error: gnu/stubs-32.h: No such file or directory</code><br />
						</span>
            
            <a class="navhash" href="#326">#</a>
						
              <code id="326"> # include <gnu/stubs-32.h></code><br />
						
            
            <a class="navhash" href="#327">#</a>
						
              <code id="327">                           ^</code><br />
						
            
            <a class="navhash" href="#328">#</a>
						
              <code id="328">compilation terminated.</code><br />
						
            
            <a class="navhash" href="#329">#</a>
						
              <code id="329">In file included from //usr/include/features.h:392:0,</code><br />
						
            
            <a class="navhash" href="#330">#</a>
						
              <code id="330">                 from //usr/include/stdint.h:25,</code><br />
						
            
            <a class="navhash" href="#331">#</a>
						
              <code id="331">                 from source/base/all/declare.h:10,</code><br />
						
            
            <a class="navhash" href="#332">#</a>
						
              <code id="332">                 from source/base/all/all.h:25,</code><br />
						
            
            <a class="navhash" href="#333">#</a>
						
              <code id="333">                 from source/base/all/includes.h:4,</code><br />
						
            
            <a class="navhash" href="#334">#</a>
						
              <code id="334">                 from source/base/all/memory/nowat.c:3:</code><br />
						
            
            <a class="navhash" href="#335">#</a>
						<span class="error">
              <code id="335">//usr/include/gnu/stubs.h:7:27: fatal error: gnu/stubs-32.h: No such file or directory</code><br />
						</span>
            
            <a class="navhash" href="#336">#</a>
						
              <code id="336"> # include <gnu/stubs-32.h></code><br />
						
            
            <a class="navhash" href="#337">#</a>
						
              <code id="337">                           ^</code><br />
						
            
            <a class="navhash" href="#338">#</a>
						
              <code id="338">compilation terminated.</code><br />
						
            
            <a class="navhash" href="#339">#</a>
						
              <code id="339">In file included from //usr/include/features.h:392:0,</code><br />
						
            
            <a class="navhash" href="#340">#</a>
						
              <code id="340">                 from //usr/include/stdint.h:25,</code><br />
						
            
            <a class="navhash" href="#341">#</a>
						
              <code id="341">                 from source/base/all/declare.h:10,</code><br />
						
            
            <a class="navhash" href="#342">#</a>
						
              <code id="342">                 from source/base/all/all.h:25,</code><br />
						
            
            <a class="navhash" href="#343">#</a>
						
              <code id="343">                 from source/base/all/includes.h:4,</code><br />
						
            
            <a class="navhash" href="#344">#</a>
						
              <code id="344">                 from source/base/all/msgout/msgout.c:3:</code><br />
						
            
            <a class="navhash" href="#345">#</a>
						<span class="error">
              <code id="345">//usr/include/gnu/stubs.h:7:27: fatal error: gnu/stubs-32.h: No such file or directory</code><br />
						</span>
            
            <a class="navhash" href="#346">#</a>
						
              <code id="346"> # include <gnu/stubs-32.h></code><br />
						
            
            <a class="navhash" href="#347">#</a>
						
              <code id="347">                           ^</code><br />
						
            
            <a class="navhash" href="#348">#</a>
						
              <code id="348">compilation terminated.</code><br />
						
            
            <a class="navhash" href="#349">#</a>
						
              <code id="349">In file included from //usr/include/features.h:392:0,</code><br />
						
            
            <a class="navhash" href="#350">#</a>
						
              <code id="350">                 from //usr/include/stdint.h:25,</code><br />
						
            
            <a class="navhash" href="#351">#</a>
						
              <code id="351">                 from source/base/all/declare.h:10,</code><br />
						
            
            <a class="navhash" href="#352">#</a>
						
              <code id="352">                 from source/base/all/all.h:25,</code><br />
						
            
            <a class="navhash" href="#353">#</a>
						
              <code id="353">                 from source/base/all/includes.h:4,</code><br />
						
            
            <a class="navhash" href="#354">#</a>
						
              <code id="354">                 from source/base/all/options/options.c:3:</code><br />
						
            
            <a class="navhash" href="#355">#</a>
						<span class="error">
              <code id="355">//usr/include/gnu/stubs.h:7:27: fatal error: gnu/stubs-32.h: No such file or directory</code><br />
						</span>
            
            <a class="navhash" href="#356">#</a>
						
              <code id="356"> # include <gnu/stubs-32.h></code><br />
						
            
            <a class="navhash" href="#357">#</a>
						
              <code id="357">                           ^</code><br />
						
            
            <a class="navhash" href="#358">#</a>
						
              <code id="358">compilation terminated.</code><br />
						
            
            <a class="navhash" href="#359">#</a>
						
              <code id="359">In file included from //usr/include/features.h:392:0,</code><br />
						
            
            <a class="navhash" href="#360">#</a>
						
              <code id="360">                 from //usr/include/stdio.h:27,</code><br />
						
            
            <a class="navhash" href="#361">#</a>
						
              <code id="361">                 from source/base/all/pathfunc/pathfunc.c:1:</code><br />
						
            
            <a class="navhash" href="#362">#</a>
						<span class="error">
              <code id="362">//usr/include/gnu/stubs.h:7:27: fatal error: gnu/stubs-32.h: No such file or directory</code><br />
						</span>
            
            <a class="navhash" href="#363">#</a>
						
              <code id="363"> # include <gnu/stubs-32.h></code><br />
						
            
            <a class="navhash" href="#364">#</a>
						
              <code id="364">                           ^</code><br />
						
            
            <a class="navhash" href="#365">#</a>
						
              <code id="365">compilation terminated.</code><br />
						
            
            <a class="navhash" href="#366">#</a>
						
              <code id="366">In file included from //usr/include/features.h:392:0,</code><br />
						
            
            <a class="navhash" href="#367">#</a>
						
              <code id="367">                 from //usr/include/stdint.h:25,</code><br />
						
            
            <a class="navhash" href="#368">#</a>
						
              <code id="368">                 from source/base/all/declare.h:10,</code><br />
						
            
            <a class="navhash" href="#369">#</a>
						
              <code id="369">                 from source/base/all/all.h:25,</code><br />
						
            
            <a class="navhash" href="#370">#</a>
						
              <code id="370">                 from source/base/all/includes.h:4,</code><br />
						
            
            <a class="navhash" href="#371">#</a>
						
              <code id="371">                 from source/base/all/qsort/qsort.c:3:</code><br />
						
            
            <a class="navhash" href="#372">#</a>
						<span class="error">
              <code id="372">//usr/include/gnu/stubs.h:7:27: fatal error: gnu/stubs-32.h: No such file or directory</code><br />
						</span>
            
            <a class="navhash" href="#373">#</a>
						
              <code id="373"> # include <gnu/stubs-32.h></code><br />
						
            
            <a class="navhash" href="#374">#</a>
						
              <code id="374">                           ^</code><br />
						
            
            <a class="navhash" href="#375">#</a>
						
              <code id="375">compilation terminated.</code><br />
						
            
            <a class="navhash" href="#376">#</a>
						
              <code id="376">In file included from //usr/include/features.h:392:0,</code><br />
						
            
            <a class="navhash" href="#377">#</a>
						
              <code id="377">                 from //usr/include/errno.h:28,</code><br />
						
            
            <a class="navhash" href="#378">#</a>
						
              <code id="378">                 from source/base/all/state/state.c:1:</code><br />
						
            
            <a class="navhash" href="#379">#</a>
						<span class="error">
              <code id="379">//usr/include/gnu/stubs.h:7:27: fatal error: gnu/stubs-32.h: No such file or directory</code><br />
						</span>
            
            <a class="navhash" href="#380">#</a>
						
              <code id="380"> # include <gnu/stubs-32.h></code><br />
						
            
            <a class="navhash" href="#381">#</a>
						
              <code id="381">                           ^</code><br />
						
            
            <a class="navhash" href="#382">#</a>
						
              <code id="382">compilation terminated.</code><br />
						
            
            <a class="navhash" href="#383">#</a>
						
              <code id="383">In file included from //usr/include/features.h:392:0,</code><br />
						
            
            <a class="navhash" href="#384">#</a>
						
              <code id="384">                 from //usr/include/stdio.h:27,</code><br />
						
            
            <a class="navhash" href="#385">#</a>
						
              <code id="385">                 from source/base/all/uninorm/uninorm.c:1:</code><br />
						
            
            <a class="navhash" href="#386">#</a>
						<span class="error">
              <code id="386">//usr/include/gnu/stubs.h:7:27: fatal error: gnu/stubs-32.h: No such file or directory</code><br />
						</span>
            
            <a class="navhash" href="#387">#</a>
						
              <code id="387"> # include <gnu/stubs-32.h></code><br />
						
            
            <a class="navhash" href="#388">#</a>
						
              <code id="388">                           ^</code><br />
						
            
            <a class="navhash" href="#389">#</a>
						
              <code id="389">compilation terminated.</code><br />
						
            
            <a class="navhash" href="#390">#</a>
						
              <code id="390">In file included from //usr/include/features.h:392:0,</code><br />
						
            
            <a class="navhash" href="#391">#</a>
						
              <code id="391">                 from //usr/include/stdio.h:27,</code><br />
						
            
            <a class="navhash" href="#392">#</a>
						
              <code id="392">                 from source/base/all/uninorm/unincore.c:17:</code><br />
						
            
            <a class="navhash" href="#393">#</a>
						<span class="error">
              <code id="393">//usr/include/gnu/stubs.h:7:27: fatal error: gnu/stubs-32.h: No such file or directory</code><br />
						</span>
            
            <a class="navhash" href="#394">#</a>
						
              <code id="394"> # include <gnu/stubs-32.h></code><br />
						
            
            <a class="navhash" href="#395">#</a>
						
              <code id="395">                           ^</code><br />
						
            
            <a class="navhash" href="#396">#</a>
						
              <code id="396">compilation terminated.</code><br />
						
            
            <a class="navhash" href="#397">#</a>
						
              <code id="397">In file included from //usr/include/features.h:392:0,</code><br />
						
            
            <a class="navhash" href="#398">#</a>
						
              <code id="398">                 from //usr/include/string.h:25,</code><br />
						
            
            <a class="navhash" href="#399">#</a>
						
              <code id="399">                 from source/base/all/volume/volume.c:1:</code><br />
						
            
            <a class="navhash" href="#400">#</a>
						<span class="error">
              <code id="400">//usr/include/gnu/stubs.h:7:27: fatal error: gnu/stubs-32.h: No such file or directory</code><br />
						</span>
            
            <a class="navhash" href="#401">#</a>
						
              <code id="401"> # include <gnu/stubs-32.h></code><br />
						
            
            <a class="navhash" href="#402">#</a>
						
              <code id="402">                           ^</code><br />
						
            
            <a class="navhash" href="#403">#</a>
						
              <code id="403">compilation terminated.</code><br />
						
            
            <a class="navhash" href="#404">#</a>
						
              <code id="404">In file included from //usr/include/features.h:392:0,</code><br />
						
            
            <a class="navhash" href="#405">#</a>
						
              <code id="405">                 from //usr/include/stdlib.h:24,</code><br />
						
            
            <a class="navhash" href="#406">#</a>
						
              <code id="406">                 from source/base/all/memory/lin.c:1:</code><br />
						
            
            <a class="navhash" href="#407">#</a>
						<span class="error">
              <code id="407">//usr/include/gnu/stubs.h:7:27: fatal error: gnu/stubs-32.h: No such file or directory</code><br />
						</span>
            
            <a class="navhash" href="#408">#</a>
						
              <code id="408"> # include <gnu/stubs-32.h></code><br />
						
            
            <a class="navhash" href="#409">#</a>
						
              <code id="409">                           ^</code><br />
						
            
            <a class="navhash" href="#410">#</a>
						
              <code id="410">compilation terminated.</code><br />
						
            
            <a class="navhash" href="#411">#</a>
						
              <code id="411">In file included from //usr/include/features.h:392:0,</code><br />
						
            
            <a class="navhash" href="#412">#</a>
						
              <code id="412">                 from //usr/include/stdint.h:25,</code><br />
						
            
            <a class="navhash" href="#413">#</a>
						
              <code id="413">                 from source/base/all/declare.h:10,</code><br />
						
            
            <a class="navhash" href="#414">#</a>
						
              <code id="414">                 from source/base/all/all.h:25,</code><br />
						
            
            <a class="navhash" href="#415">#</a>
						
              <code id="415">                 from source/base/all/includes.h:4,</code><br />
						
            
            <a class="navhash" href="#416">#</a>
						
              <code id="416">                 from source/base/unace/includes.h:4,</code><br />
						
            
            <a class="navhash" href="#417">#</a>
						
              <code id="417">                 from source/base/unace/extern/arcace/arcace.c:7:</code><br />
						
            
            <a class="navhash" href="#418">#</a>
						<span class="error">
              <code id="418">//usr/include/gnu/stubs.h:7:27: fatal error: gnu/stubs-32.h: No such file or directory</code><br />
						</span>
            
            <a class="navhash" href="#419">#</a>
						
              <code id="419"> # include <gnu/stubs-32.h></code><br />
						
            
            <a class="navhash" href="#420">#</a>
						
              <code id="420">                           ^</code><br />
						
            
            <a class="navhash" href="#421">#</a>
						
              <code id="421">compilation terminated.</code><br />
						
            
            <a class="navhash" href="#422">#</a>
						
              <code id="422">In file included from //usr/include/features.h:392:0,</code><br />
						
            
            <a class="navhash" href="#423">#</a>
						
              <code id="423">                 from //usr/include/fcntl.h:25,</code><br />
						
            
            <a class="navhash" href="#424">#</a>
						
              <code id="424">                 from source/base/unace/extern/arcblk/arcblk.c:1:</code><br />
						
            
            <a class="navhash" href="#425">#</a>
						<span class="error">
              <code id="425">//usr/include/gnu/stubs.h:7:27: fatal error: gnu/stubs-32.h: No such file or directory</code><br />
						</span>
            
            <a class="navhash" href="#426">#</a>
						
              <code id="426"> # include <gnu/stubs-32.h></code><br />
						
            
            <a class="navhash" href="#427">#</a>
						
              <code id="427">                           ^</code><br />
						
            
            <a class="navhash" href="#428">#</a>
						
              <code id="428">compilation terminated.</code><br />
						
            
            <a class="navhash" href="#429">#</a>
						
              <code id="429">In file included from //usr/include/features.h:392:0,</code><br />
						
            
            <a class="navhash" href="#430">#</a>
						
              <code id="430">                 from //usr/include/fcntl.h:25,</code><br />
						
            
            <a class="navhash" href="#431">#</a>
						
              <code id="431">                 from source/base/unace/extern/arcinfo/arcinfo.c:1:</code><br />
						
            
            <a class="navhash" href="#432">#</a>
						<span class="error">
              <code id="432">//usr/include/gnu/stubs.h:7:27: fatal error: gnu/stubs-32.h: No such file or directory</code><br />
						</span>
            
            <a class="navhash" href="#433">#</a>
						
              <code id="433"> # include <gnu/stubs-32.h></code><br />
						
            
            <a class="navhash" href="#434">#</a>
						
              <code id="434">                           ^</code><br />
						
            
            <a class="navhash" href="#435">#</a>
						
              <code id="435">compilation terminated.</code><br />
						
            
            <a class="navhash" href="#436">#</a>
						
              <code id="436">In file included from //usr/include/features.h:392:0,</code><br />
						
            
            <a class="navhash" href="#437">#</a>
						
              <code id="437">                 from //usr/include/stdint.h:25,</code><br />
						
            
            <a class="navhash" href="#438">#</a>
						
              <code id="438">                 from source/base/all/declare.h:10,</code><br />
						
            
            <a class="navhash" href="#439">#</a>
						
              <code id="439">                 from source/base/all/all.h:25,</code><br />
						
            
            <a class="navhash" href="#440">#</a>
						
              <code id="440">                 from source/base/all/includes.h:4,</code><br />
						
            
            <a class="navhash" href="#441">#</a>
						
              <code id="441">                 from source/base/unace/includes.h:4,</code><br />
						
            
            <a class="navhash" href="#442">#</a>
						
              <code id="442">                 from source/base/unace/extern/dcpr/dcpr.c:3:</code><br />
						
            
            <a class="navhash" href="#443">#</a>
						<span class="error">
              <code id="443">//usr/include/gnu/stubs.h:7:27: fatal error: gnu/stubs-32.h: No such file or directory</code><br />
						</span>
            
            <a class="navhash" href="#444">#</a>
						
              <code id="444"> # include <gnu/stubs-32.h></code><br />
						
            
            <a class="navhash" href="#445">#</a>
						
              <code id="445">                           ^</code><br />
						
            
            <a class="navhash" href="#446">#</a>
						
              <code id="446">compilation terminated.</code><br />
						
            
            <a class="navhash" href="#447">#</a>
						
              <code id="447">In file included from //usr/include/features.h:392:0,</code><br />
						
            
            <a class="navhash" href="#448">#</a>
						
              <code id="448">                 from //usr/include/stdint.h:25,</code><br />
						
            
            <a class="navhash" href="#449">#</a>
						
              <code id="449">                 from source/base/all/declare.h:10,</code><br />
						
            
            <a class="navhash" href="#450">#</a>
						
              <code id="450">                 from source/base/all/all.h:25,</code><br />
						
            
            <a class="navhash" href="#451">#</a>
						
              <code id="451">                 from source/base/all/includes.h:4,</code><br />
						
            
            <a class="navhash" href="#452">#</a>
						
              <code id="452">                 from source/base/unace/includes.h:4,</code><br />
						
            
            <a class="navhash" href="#453">#</a>
						
              <code id="453">                 from source/base/unace/extern/extract/extract.c:3:</code><br />
						
            
            <a class="navhash" href="#454">#</a>
						<span class="error">
              <code id="454">//usr/include/gnu/stubs.h:7:27: fatal error: gnu/stubs-32.h: No such file or directory</code><br />
						</span>
            
            <a class="navhash" href="#455">#</a>
						
              <code id="455"> # include <gnu/stubs-32.h></code><br />
						
            
            <a class="navhash" href="#456">#</a>
						
              <code id="456">                           ^</code><br />
						
            
            <a class="navhash" href="#457">#</a>
						
              <code id="457">compilation terminated.</code><br />
						
            
            <a class="navhash" href="#458">#</a>
						
              <code id="458">In file included from //usr/include/features.h:392:0,</code><br />
						
            
            <a class="navhash" href="#459">#</a>
						
              <code id="459">                 from //usr/include/stdint.h:25,</code><br />
						
            
            <a class="navhash" href="#460">#</a>
						
              <code id="460">                 from source/base/all/declare.h:10,</code><br />
						
            
            <a class="navhash" href="#461">#</a>
						
              <code id="461">                 from source/base/all/all.h:25,</code><br />
						
            
            <a class="navhash" href="#462">#</a>
						
              <code id="462">                 from source/base/all/includes.h:4,</code><br />
						
            
            <a class="navhash" href="#463">#</a>
						
              <code id="463">                 from source/base/unace/includes.h:4,</code><br />
						
            
            <a class="navhash" href="#464">#</a>
						
              <code id="464">                 from source/base/unace/extern/filelist/filelist.c:3:</code><br />
						
            
            <a class="navhash" href="#465">#</a>
						<span class="error">
              <code id="465">//usr/include/gnu/stubs.h:7:27: fatal error: gnu/stubs-32.h: No such file or directory</code><br />
						</span>
            
            <a class="navhash" href="#466">#</a>
						
              <code id="466"> # include <gnu/stubs-32.h></code><br />
						
            
            <a class="navhash" href="#467">#</a>
						
              <code id="467">                           ^</code><br />
						
            
            <a class="navhash" href="#468">#</a>
						
              <code id="468">compilation terminated.</code><br />
						
            
            <a class="navhash" href="#469">#</a>
						
              <code id="469">In file included from //usr/include/features.h:392:0,</code><br />
						
            
            <a class="navhash" href="#470">#</a>
						
              <code id="470">                 from //usr/include/stdint.h:25,</code><br />
						
            
            <a class="navhash" href="#471">#</a>
						
              <code id="471">                 from source/base/all/declare.h:10,</code><br />
						
            
            <a class="navhash" href="#472">#</a>
						
              <code id="472">                 from source/base/all/all.h:25,</code><br />
						
            
            <a class="navhash" href="#473">#</a>
						
              <code id="473">                 from source/base/all/includes.h:4,</code><br />
						
            
            <a class="navhash" href="#474">#</a>
						
              <code id="474">                 from source/base/unace/includes.h:4,</code><br />
						
            
            <a class="navhash" href="#475">#</a>
						
              <code id="475">                 from source/base/unace/extern/memory/memory.c:3:</code><br />
						
            
            <a class="navhash" href="#476">#</a>
						<span class="error">
              <code id="476">//usr/include/gnu/stubs.h:7:27: fatal error: gnu/stubs-32.h: No such file or directory</code><br />
						</span>
            
            <a class="navhash" href="#477">#</a>
						
              <code id="477"> # include <gnu/stubs-32.h></code><br />
						
            
            <a class="navhash" href="#478">#</a>
						
              <code id="478">                           ^</code><br />
						
            
            <a class="navhash" href="#479">#</a>
						
              <code id="479">compilation terminated.</code><br />
						
            
            <a class="navhash" href="#480">#</a>
						
              <code id="480">In file included from //usr/include/features.h:392:0,</code><br />
						
            
            <a class="navhash" href="#481">#</a>
						
              <code id="481">                 from //usr/include/string.h:25,</code><br />
						
            
            <a class="navhash" href="#482">#</a>
						
              <code id="482">                 from source/apps/exe/extern/arcblk/arcblk.c:1:</code><br />
						
            
            <a class="navhash" href="#483">#</a>
						<span class="error">
              <code id="483">//usr/include/gnu/stubs.h:7:27: fatal error: gnu/stubs-32.h: No such file or directory</code><br />
						</span>
            
            <a class="navhash" href="#484">#</a>
						
              <code id="484"> # include <gnu/stubs-32.h></code><br />
						
            
            <a class="navhash" href="#485">#</a>
						
              <code id="485">                           ^</code><br />
						
            
            <a class="navhash" href="#486">#</a>
						
              <code id="486">compilation terminated.</code><br />
						
            
            <a class="navhash" href="#487">#</a>
						
              <code id="487">In file included from //usr/include/features.h:392:0,</code><br />
						
            
            <a class="navhash" href="#488">#</a>
						
              <code id="488">                 from //usr/include/ctype.h:25,</code><br />
						
            
            <a class="navhash" href="#489">#</a>
						
              <code id="489">                 from source/apps/exe/extern/comments/comments.c:1:</code><br />
						
            
            <a class="navhash" href="#490">#</a>
						<span class="error">
              <code id="490">//usr/include/gnu/stubs.h:7:27: fatal error: gnu/stubs-32.h: No such file or directory</code><br />
						</span>
            
            <a class="navhash" href="#491">#</a>
						
              <code id="491"> # include <gnu/stubs-32.h></code><br />
						
            
            <a class="navhash" href="#492">#</a>
						
              <code id="492">                           ^</code><br />
						
            
            <a class="navhash" href="#493">#</a>
						
              <code id="493">compilation terminated.</code><br />
						
            
            <a class="navhash" href="#494">#</a>
						
              <code id="494">In file included from //usr/include/features.h:392:0,</code><br />
						
            
            <a class="navhash" href="#495">#</a>
						
              <code id="495">                 from //usr/include/stdint.h:25,</code><br />
						
            
            <a class="navhash" href="#496">#</a>
						
              <code id="496">                 from source/base/all/declare.h:10,</code><br />
						
            
            <a class="navhash" href="#497">#</a>
						
              <code id="497">                 from source/base/all/all.h:25,</code><br />
						
            
            <a class="navhash" href="#498">#</a>
						
              <code id="498">                 from source/base/all/includes.h:4,</code><br />
						
            
            <a class="navhash" href="#499">#</a>
						
              <code id="499">                 from source/apps/exe/includes.h:4,</code><br />
						
            
            <a class="navhash" href="#500">#</a>
						
              <code id="500">                 from source/apps/exe/extern/crypt/crypt.c:10:</code><br />
						
            
            <a class="navhash" href="#501">#</a>
						<span class="error">
              <code id="501">//usr/include/gnu/stubs.h:7:27: fatal error: gnu/stubs-32.h: No such file or directory</code><br />
						</span>
            
            <a class="navhash" href="#502">#</a>
						
              <code id="502"> # include <gnu/stubs-32.h></code><br />
						
            
            <a class="navhash" href="#503">#</a>
						
              <code id="503">                           ^</code><br />
						
            
            <a class="navhash" href="#504">#</a>
						
              <code id="504">compilation terminated.</code><br />
						
            
            <a class="navhash" href="#505">#</a>
						
              <code id="505">In file included from //usr/include/features.h:392:0,</code><br />
						
            
            <a class="navhash" href="#506">#</a>
						
              <code id="506">                 from //usr/include/stdint.h:25,</code><br />
						
            
            <a class="navhash" href="#507">#</a>
						
              <code id="507">                 from source/base/all/declare.h:10,</code><br />
						
            
            <a class="navhash" href="#508">#</a>
						
              <code id="508">                 from source/base/all/all.h:25,</code><br />
						
            
            <a class="navhash" href="#509">#</a>
						
              <code id="509">                 from source/base/all/includes.h:4,</code><br />
						
            
            <a class="navhash" href="#510">#</a>
						
              <code id="510">                 from source/apps/exe/includes.h:4,</code><br />
						
            
            <a class="navhash" href="#511">#</a>
						
              <code id="511">                 from source/apps/exe/extern/error/error.c:7:</code><br />
						
            
            <a class="navhash" href="#512">#</a>
						<span class="error">
              <code id="512">//usr/include/gnu/stubs.h:7:27: fatal error: gnu/stubs-32.h: No such file or directory</code><br />
						</span>
            
            <a class="navhash" href="#513">#</a>
						
              <code id="513"> # include <gnu/stubs-32.h></code><br />
						
            
            <a class="navhash" href="#514">#</a>
						
              <code id="514">                           ^</code><br />
						
            
            <a class="navhash" href="#515">#</a>
						
              <code id="515">compilation terminated.</code><br />
						
            
            <a class="navhash" href="#516">#</a>
						
              <code id="516">In file included from //usr/include/features.h:392:0,</code><br />
						
            
            <a class="navhash" href="#517">#</a>
						
              <code id="517">                 from //usr/include/stdint.h:25,</code><br />
						
            
            <a class="navhash" href="#518">#</a>
						
              <code id="518">                 from source/base/all/declare.h:10,</code><br />
						
            
            <a class="navhash" href="#519">#</a>
						
              <code id="519">                 from source/base/all/all.h:25,</code><br />
						
            
            <a class="navhash" href="#520">#</a>
						
              <code id="520">                 from source/base/all/includes.h:4,</code><br />
						
            
            <a class="navhash" href="#521">#</a>
						
              <code id="521">                 from source/apps/exe/includes.h:4,</code><br />
						
            
            <a class="navhash" href="#522">#</a>
						
              <code id="522">                 from source/apps/exe/extern/error/ntlin.c:3:</code><br />
						
            
            <a class="navhash" href="#523">#</a>
						<span class="error">
              <code id="523">//usr/include/gnu/stubs.h:7:27: fatal error: gnu/stubs-32.h: No such file or directory</code><br />
						</span>
            
            <a class="navhash" href="#524">#</a>
						
              <code id="524"> # include <gnu/stubs-32.h></code><br />
						
            
            <a class="navhash" href="#525">#</a>
						
              <code id="525">                           ^</code><br />
						
            
            <a class="navhash" href="#526">#</a>
						
              <code id="526">compilation terminated.</code><br />
						
            
            <a class="navhash" href="#527">#</a>
						
              <code id="527">In file included from //usr/include/features.h:392:0,</code><br />
						
            
            <a class="navhash" href="#528">#</a>
						
              <code id="528">                 from //usr/include/stdint.h:25,</code><br />
						
            
            <a class="navhash" href="#529">#</a>
						
              <code id="529">                 from source/base/all/declare.h:10,</code><br />
						
            
            <a class="navhash" href="#530">#</a>
						
              <code id="530">                 from source/base/all/all.h:25,</code><br />
						
            
            <a class="navhash" href="#531">#</a>
						
              <code id="531">                 from source/base/all/includes.h:4,</code><br />
						
            
            <a class="navhash" href="#532">#</a>
						
              <code id="532">                 from source/apps/exe/includes.h:4,</code><br />
						
            
            <a class="navhash" href="#533">#</a>
						
              <code id="533">                 from source/apps/exe/extern/errorout/errorout.c:13:</code><br />
						
            
            <a class="navhash" href="#534">#</a>
						<span class="error">
              <code id="534">//usr/include/gnu/stubs.h:7:27: fatal error: gnu/stubs-32.h: No such file or directory</code><br />
						</span>
            
            <a class="navhash" href="#535">#</a>
						
              <code id="535"> # include <gnu/stubs-32.h></code><br />
						
            
            <a class="navhash" href="#536">#</a>
						
              <code id="536">                           ^</code><br />
						
            
            <a class="navhash" href="#537">#</a>
						
              <code id="537">compilation terminated.</code><br />
						
            
            <a class="navhash" href="#538">#</a>
						
              <code id="538">In file included from //usr/include/features.h:392:0,</code><br />
						
            
            <a class="navhash" href="#539">#</a>
						
              <code id="539">                 from //usr/include/string.h:25,</code><br />
						
            
            <a class="navhash" href="#540">#</a>
						
              <code id="540">                 from source/apps/exe/extern/filelist/filelist.c:1:</code><br />
						
            
            <a class="navhash" href="#541">#</a>
						<span class="error">
              <code id="541">//usr/include/gnu/stubs.h:7:27: fatal error: gnu/stubs-32.h: No such file or directory</code><br />
						</span>
            
            <a class="navhash" href="#542">#</a>
						
              <code id="542"> # include <gnu/stubs-32.h></code><br />
						
            
            <a class="navhash" href="#543">#</a>
						
              <code id="543">                           ^</code><br />
						
            
            <a class="navhash" href="#544">#</a>
						
              <code id="544">compilation terminated.</code><br />
						
            
            <a class="navhash" href="#545">#</a>
						
              <code id="545">In file included from //usr/include/features.h:392:0,</code><br />
						
            
            <a class="navhash" href="#546">#</a>
						
              <code id="546">                 from //usr/include/stdio.h:27,</code><br />
						
            
            <a class="navhash" href="#547">#</a>
						
              <code id="547">                 from source/apps/exe/extern/funcs/funcs.c:1:</code><br />
						
            
            <a class="navhash" href="#548">#</a>
						<span class="error">
              <code id="548">//usr/include/gnu/stubs.h:7:27: fatal error: gnu/stubs-32.h: No such file or directory</code><br />
						</span>
            
            <a class="navhash" href="#549">#</a>
						
              <code id="549"> # include <gnu/stubs-32.h></code><br />
						
            
            <a class="navhash" href="#550">#</a>
						
              <code id="550">                           ^</code><br />
						
            
            <a class="navhash" href="#551">#</a>
						
              <code id="551">compilation terminated.</code><br />
						
            
            <a class="navhash" href="#552">#</a>
						
              <code id="552">In file included from //usr/include/features.h:392:0,</code><br />
						
            
            <a class="navhash" href="#553">#</a>
						
              <code id="553">                 from //usr/include/stdio.h:27,</code><br />
						
            
            <a class="navhash" href="#554">#</a>
						
              <code id="554">                 from source/apps/exe/extern/msgout/msgout.c:1:</code><br />
						
            
            <a class="navhash" href="#555">#</a>
						<span class="error">
              <code id="555">//usr/include/gnu/stubs.h:7:27: fatal error: gnu/stubs-32.h: No such file or directory</code><br />
						</span>
            
            <a class="navhash" href="#556">#</a>
						
              <code id="556"> # include <gnu/stubs-32.h></code><br />
						
            
            <a class="navhash" href="#557">#</a>
						
              <code id="557">                           ^</code><br />
						
            
            <a class="navhash" href="#558">#</a>
						
              <code id="558">compilation terminated.</code><br />
						
            
            <a class="navhash" href="#559">#</a>
						
              <code id="559">In file included from //usr/include/features.h:392:0,</code><br />
						
            
            <a class="navhash" href="#560">#</a>
						
              <code id="560">                 from //usr/include/string.h:25,</code><br />
						
            
            <a class="navhash" href="#561">#</a>
						
              <code id="561">                 from source/apps/exe/extern/state/state.c:1:</code><br />
						
            
            <a class="navhash" href="#562">#</a>
						<span class="error">
              <code id="562">//usr/include/gnu/stubs.h:7:27: fatal error: gnu/stubs-32.h: No such file or directory</code><br />
						</span>
            
            <a class="navhash" href="#563">#</a>
						
              <code id="563"> # include <gnu/stubs-32.h></code><br />
						
            
            <a class="navhash" href="#564">#</a>
						
              <code id="564">                           ^</code><br />
						
            
            <a class="navhash" href="#565">#</a>
						
              <code id="565">compilation terminated.</code><br />
						
            
            <a class="navhash" href="#566">#</a>
						
              <code id="566">In file included from //usr/include/features.h:392:0,</code><br />
						
            
            <a class="navhash" href="#567">#</a>
						
              <code id="567">                 from //usr/include/fcntl.h:25,</code><br />
						
            
            <a class="navhash" href="#568">#</a>
						
              <code id="568">                 from source/apps/exe/extern/volume/volume.c:1:</code><br />
						
            
            <a class="navhash" href="#569">#</a>
						<span class="error">
              <code id="569">//usr/include/gnu/stubs.h:7:27: fatal error: gnu/stubs-32.h: No such file or directory</code><br />
						</span>
            
            <a class="navhash" href="#570">#</a>
						
              <code id="570"> # include <gnu/stubs-32.h></code><br />
						
            
            <a class="navhash" href="#571">#</a>
						
              <code id="571">                           ^</code><br />
						
            
            <a class="navhash" href="#572">#</a>
						
              <code id="572">compilation terminated.</code><br />
						
            
            <a class="navhash" href="#573">#</a>
						
              <code id="573">In file included from //usr/include/features.h:392:0,</code><br />
						
            
            <a class="navhash" href="#574">#</a>
						
              <code id="574">                 from //usr/include/stdio.h:27,</code><br />
						
            
            <a class="navhash" href="#575">#</a>
						
              <code id="575">                 from source/apps/exe/acefuncs/acefuncs.c:1:</code><br />
						
            
            <a class="navhash" href="#576">#</a>
						<span class="error">
              <code id="576">//usr/include/gnu/stubs.h:7:27: fatal error: gnu/stubs-32.h: No such file or directory</code><br />
						</span>
            
            <a class="navhash" href="#577">#</a>
						
              <code id="577"> # include <gnu/stubs-32.h></code><br />
						
            
            <a class="navhash" href="#578">#</a>
						
              <code id="578">                           ^</code><br />
						
            
            <a class="navhash" href="#579">#</a>
						
              <code id="579">compilation terminated.</code><br />
						
            
            <a class="navhash" href="#580">#</a>
						
              <code id="580">In file included from //usr/include/features.h:392:0,</code><br />
						
            
            <a class="navhash" href="#581">#</a>
						
              <code id="581">                 from //usr/include/stdint.h:25,</code><br />
						
            
            <a class="navhash" href="#582">#</a>
						
              <code id="582">                 from source/base/all/declare.h:10,</code><br />
						
            
            <a class="navhash" href="#583">#</a>
						
              <code id="583">                 from source/base/all/all.h:25,</code><br />
						
            
            <a class="navhash" href="#584">#</a>
						
              <code id="584">                 from source/base/all/includes.h:4,</code><br />
						
            
            <a class="navhash" href="#585">#</a>
						
              <code id="585">                 from source/apps/exe/includes.h:4,</code><br />
						
            
            <a class="navhash" href="#586">#</a>
						
              <code id="586">                 from source/apps/exe/commline/commline.c:3:</code><br />
						
            
            <a class="navhash" href="#587">#</a>
						<span class="error">
              <code id="587">//usr/include/gnu/stubs.h:7:27: fatal error: gnu/stubs-32.h: No such file or directory</code><br />
						</span>
            
            <a class="navhash" href="#588">#</a>
						
              <code id="588"> # include <gnu/stubs-32.h></code><br />
						
            
            <a class="navhash" href="#589">#</a>
						
              <code id="589">                           ^</code><br />
						
            
            <a class="navhash" href="#590">#</a>
						
              <code id="590">compilation terminated.</code><br />
						
            
            <a class="navhash" href="#591">#</a>
						
              <code id="591">In file included from //usr/include/features.h:392:0,</code><br />
						
            
            <a class="navhash" href="#592">#</a>
						
              <code id="592">                 from //usr/include/stdio.h:27,</code><br />
						
            
            <a class="navhash" href="#593">#</a>
						
              <code id="593">                 from source/apps/exe/convert/convert.c:1:</code><br />
						
            
            <a class="navhash" href="#594">#</a>
						<span class="error">
              <code id="594">//usr/include/gnu/stubs.h:7:27: fatal error: gnu/stubs-32.h: No such file or directory</code><br />
						</span>
            
            <a class="navhash" href="#595">#</a>
						
              <code id="595"> # include <gnu/stubs-32.h></code><br />
						
            
            <a class="navhash" href="#596">#</a>
						
              <code id="596">                           ^</code><br />
						
            
            <a class="navhash" href="#597">#</a>
						
              <code id="597">compilation terminated.</code><br />
						
            
            <a class="navhash" href="#598">#</a>
						
              <code id="598">In file included from //usr/include/features.h:392:0,</code><br />
						
            
            <a class="navhash" href="#599">#</a>
						
              <code id="599">                 from //usr/include/ctype.h:25,</code><br />
						
            
            <a class="navhash" href="#600">#</a>
						
              <code id="600">                 from source/apps/exe/input/input.c:1:</code><br />
						
            
            <a class="navhash" href="#601">#</a>
						<span class="error">
              <code id="601">//usr/include/gnu/stubs.h:7:27: fatal error: gnu/stubs-32.h: No such file or directory</code><br />
						</span>
            
            <a class="navhash" href="#602">#</a>
						
              <code id="602"> # include <gnu/stubs-32.h></code><br />
						
            
            <a class="navhash" href="#603">#</a>
						
              <code id="603">                           ^</code><br />
						
            
            <a class="navhash" href="#604">#</a>
						
              <code id="604">compilation terminated.</code><br />
						
            
            <a class="navhash" href="#605">#</a>
						
              <code id="605">In file included from //usr/include/features.h:392:0,</code><br />
						
            
            <a class="navhash" href="#606">#</a>
						
              <code id="606">                 from //usr/include/stdio.h:27,</code><br />
						
            
            <a class="navhash" href="#607">#</a>
						
              <code id="607">                 from source/apps/exe/input/lin.c:1:</code><br />
						
            
            <a class="navhash" href="#608">#</a>
						<span class="error">
              <code id="608">//usr/include/gnu/stubs.h:7:27: fatal error: gnu/stubs-32.h: No such file or directory</code><br />
						</span>
            
            <a class="navhash" href="#609">#</a>
						
              <code id="609"> # include <gnu/stubs-32.h></code><br />
						
            
            <a class="navhash" href="#610">#</a>
						
              <code id="610">                           ^</code><br />
						
            
            <a class="navhash" href="#611">#</a>
						
              <code id="611">compilation terminated.</code><br />
						
            
            <a class="navhash" href="#612">#</a>
						
              <code id="612">In file included from //usr/include/features.h:392:0,</code><br />
						
            
            <a class="navhash" href="#613">#</a>
						
              <code id="613">                 from //usr/include/stdint.h:25,</code><br />
						
            
            <a class="navhash" href="#614">#</a>
						
              <code id="614">                 from source/base/all/declare.h:10,</code><br />
						
            
            <a class="navhash" href="#615">#</a>
						
              <code id="615">                 from source/base/all/all.h:25,</code><br />
						
            
            <a class="navhash" href="#616">#</a>
						
              <code id="616">                 from source/base/all/includes.h:4,</code><br />
						
            
            <a class="navhash" href="#617">#</a>
						
              <code id="617">                 from source/apps/exe/includes.h:4,</code><br />
						
            
            <a class="navhash" href="#618">#</a>
						
              <code id="618">                 from source/apps/exe/messages/msgfiles/eng.c:3:</code><br />
						
            
            <a class="navhash" href="#619">#</a>
						<span class="error">
              <code id="619">//usr/include/gnu/stubs.h:7:27: fatal error: gnu/stubs-32.h: No such file or directory</code><br />
						</span>
            
            <a class="navhash" href="#620">#</a>
						
              <code id="620"> # include <gnu/stubs-32.h></code><br />
						
            
            <a class="navhash" href="#621">#</a>
						
              <code id="621">                           ^</code><br />
						
            
            <a class="navhash" href="#622">#</a>
						
              <code id="622">compilation terminated.</code><br />
						
            
            <a class="navhash" href="#623">#</a>
						
              <code id="623">In file included from //usr/include/features.h:392:0,</code><br />
						
            
            <a class="navhash" href="#624">#</a>
						
              <code id="624">                 from //usr/include/fcntl.h:25,</code><br />
						
            
            <a class="navhash" href="#625">#</a>
						
              <code id="625">                 from source/apps/exe/messages/messages.c:1:</code><br />
						
            
            <a class="navhash" href="#626">#</a>
						<span class="error">
              <code id="626">//usr/include/gnu/stubs.h:7:27: fatal error: gnu/stubs-32.h: No such file or directory</code><br />
						</span>
            
            <a class="navhash" href="#627">#</a>
						
              <code id="627"> # include <gnu/stubs-32.h></code><br />
						
            
            <a class="navhash" href="#628">#</a>
						
              <code id="628">                           ^</code><br />
						
            
            <a class="navhash" href="#629">#</a>
						
              <code id="629">compilation terminated.</code><br />
						
            
            <a class="navhash" href="#630">#</a>
						
              <code id="630">In file included from //usr/include/features.h:392:0,</code><br />
						
            
            <a class="navhash" href="#631">#</a>
						
              <code id="631">                 from //usr/include/errno.h:28,</code><br />
						
            
            <a class="navhash" href="#632">#</a>
						
              <code id="632">                 from source/apps/exe/outpterr/outpterr.c:1:</code><br />
						
            
            <a class="navhash" href="#633">#</a>
						<span class="error">
              <code id="633">//usr/include/gnu/stubs.h:7:27: fatal error: gnu/stubs-32.h: No such file or directory</code><br />
						</span>
            
            <a class="navhash" href="#634">#</a>
						
              <code id="634"> # include <gnu/stubs-32.h></code><br />
						
            
            <a class="navhash" href="#635">#</a>
						
              <code id="635">                           ^</code><br />
						
            
            <a class="navhash" href="#636">#</a>
						
              <code id="636">compilation terminated.</code><br />
						
            
            <a class="navhash" href="#637">#</a>
						
              <code id="637">In file included from //usr/include/features.h:392:0,</code><br />
						
            
            <a class="navhash" href="#638">#</a>
						
              <code id="638">                 from //usr/include/string.h:25,</code><br />
						
            
            <a class="navhash" href="#639">#</a>
						
              <code id="639">                 from source/apps/exe/output/output.c:1:</code><br />
						
            
            <a class="navhash" href="#640">#</a>
						<span class="error">
              <code id="640">//usr/include/gnu/stubs.h:7:27: fatal error: gnu/stubs-32.h: No such file or directory</code><br />
						</span>
            
            <a class="navhash" href="#641">#</a>
						
              <code id="641"> # include <gnu/stubs-32.h></code><br />
						
            
            <a class="navhash" href="#642">#</a>
						
              <code id="642">                           ^</code><br />
						
            
            <a class="navhash" href="#643">#</a>
						
              <code id="643">compilation terminated.</code><br />
						
            
            <a class="navhash" href="#644">#</a>
						
              <code id="644">In file included from //usr/include/features.h:392:0,</code><br />
						
            
            <a class="navhash" href="#645">#</a>
						
              <code id="645">                 from //usr/include/stdint.h:25,</code><br />
						
            
            <a class="navhash" href="#646">#</a>
						
              <code id="646">                 from source/base/all/declare.h:10,</code><br />
						
            
            <a class="navhash" href="#647">#</a>
						
              <code id="647">                 from source/base/all/all.h:25,</code><br />
						
            
            <a class="navhash" href="#648">#</a>
						
              <code id="648">                 from source/base/all/includes.h:4,</code><br />
						
            
            <a class="navhash" href="#649">#</a>
						
              <code id="649">                 from source/apps/exe/includes.h:4,</code><br />
						
            
            <a class="navhash" href="#650">#</a>
						
              <code id="650">                 from source/apps/exe/output/lin.c:3:</code><br />
						
            
            <a class="navhash" href="#651">#</a>
						<span class="error">
              <code id="651">//usr/include/gnu/stubs.h:7:27: fatal error: gnu/stubs-32.h: No such file or directory</code><br />
						</span>
            
            <a class="navhash" href="#652">#</a>
						
              <code id="652"> # include <gnu/stubs-32.h></code><br />
						
            
            <a class="navhash" href="#653">#</a>
						
              <code id="653">                           ^</code><br />
						
            
            <a class="navhash" href="#654">#</a>
						
              <code id="654">compilation terminated.</code><br />
						
            
            <a class="navhash" href="#655">#</a>
						
              <code id="655">In file included from //usr/include/features.h:392:0,</code><br />
						
            
            <a class="navhash" href="#656">#</a>
						
              <code id="656">                 from //usr/include/stdint.h:25,</code><br />
						
            
            <a class="navhash" href="#657">#</a>
						
              <code id="657">                 from source/base/all/declare.h:10,</code><br />
						
            
            <a class="navhash" href="#658">#</a>
						
              <code id="658">                 from source/base/all/all.h:25,</code><br />
						
            
            <a class="navhash" href="#659">#</a>
						
              <code id="659">                 from source/base/all/includes.h:4,</code><br />
						
            
            <a class="navhash" href="#660">#</a>
						
              <code id="660">                 from source/apps/exe/includes.h:4,</code><br />
						
            
            <a class="navhash" href="#661">#</a>
						
              <code id="661">                 from source/apps/exe/state/state.c:3:</code><br />
						
            
            <a class="navhash" href="#662">#</a>
						<span class="error">
              <code id="662">//usr/include/gnu/stubs.h:7:27: fatal error: gnu/stubs-32.h: No such file or directory</code><br />
						</span>
            
            <a class="navhash" href="#663">#</a>
						
              <code id="663"> # include <gnu/stubs-32.h></code><br />
						
            
            <a class="navhash" href="#664">#</a>
						
              <code id="664">                           ^</code><br />
						
            
            <a class="navhash" href="#665">#</a>
						
              <code id="665">compilation terminated.</code><br />
						
            
            <a class="navhash" href="#666">#</a>
						
              <code id="666">In file included from //usr/include/features.h:392:0,</code><br />
						
            
            <a class="navhash" href="#667">#</a>
						
              <code id="667">                 from //usr/include/unistd.h:25,</code><br />
						
            
            <a class="navhash" href="#668">#</a>
						
              <code id="668">                 from source/apps/exe/state/gcc.c:1:</code><br />
						
            
            <a class="navhash" href="#669">#</a>
						<span class="error">
              <code id="669">//usr/include/gnu/stubs.h:7:27: fatal error: gnu/stubs-32.h: No such file or directory</code><br />
						</span>
            
            <a class="navhash" href="#670">#</a>
						
              <code id="670"> # include <gnu/stubs-32.h></code><br />
						
            
            <a class="navhash" href="#671">#</a>
						
              <code id="671">                           ^</code><br />
						
            
            <a class="navhash" href="#672">#</a>
						
              <code id="672">compilation terminated.</code><br />
						
            
            <a class="navhash" href="#673">#</a>
						
              <code id="673">In file included from //usr/include/features.h:392:0,</code><br />
						
            
            <a class="navhash" href="#674">#</a>
						
              <code id="674">                 from //usr/include/stdint.h:25,</code><br />
						
            
            <a class="navhash" href="#675">#</a>
						
              <code id="675">                 from source/base/all/declare.h:10,</code><br />
						
            
            <a class="navhash" href="#676">#</a>
						
              <code id="676">                 from source/base/all/all.h:25,</code><br />
						
            
            <a class="navhash" href="#677">#</a>
						
              <code id="677">                 from source/base/all/includes.h:4,</code><br />
						
            
            <a class="navhash" href="#678">#</a>
						
              <code id="678">                 from source/apps/unace/all/extern/arctest/arctest.c:4:</code><br />
						
            
            <a class="navhash" href="#679">#</a>
						<span class="error">
              <code id="679">//usr/include/gnu/stubs.h:7:27: fatal error: gnu/stubs-32.h: No such file or directory</code><br />
						</span>
            
            <a class="navhash" href="#680">#</a>
						
              <code id="680"> # include <gnu/stubs-32.h></code><br />
						
            
            <a class="navhash" href="#681">#</a>
						
              <code id="681">                           ^</code><br />
						
            
            <a class="navhash" href="#682">#</a>
						
              <code id="682">compilation terminated.</code><br />
						
            
            <a class="navhash" href="#683">#</a>
						
              <code id="683">In file included from //usr/include/features.h:392:0,</code><br />
						
            
            <a class="navhash" href="#684">#</a>
						
              <code id="684">                 from //usr/include/stdint.h:25,</code><br />
						
            
            <a class="navhash" href="#685">#</a>
						
              <code id="685">                 from source/base/all/declare.h:10,</code><br />
						
            
            <a class="navhash" href="#686">#</a>
						
              <code id="686">                 from source/base/all/all.h:25,</code><br />
						
            
            <a class="navhash" href="#687">#</a>
						
              <code id="687">                 from source/base/all/includes.h:4,</code><br />
						
            
            <a class="navhash" href="#688">#</a>
						
              <code id="688">                 from source/apps/unace/all/extern/funcs/funcs.c:5:</code><br />
						
            
            <a class="navhash" href="#689">#</a>
						<span class="error">
              <code id="689">//usr/include/gnu/stubs.h:7:27: fatal error: gnu/stubs-32.h: No such file or directory</code><br />
						</span>
            
            <a class="navhash" href="#690">#</a>
						
              <code id="690"> # include <gnu/stubs-32.h></code><br />
						
            
            <a class="navhash" href="#691">#</a>
						
              <code id="691">                           ^</code><br />
						
            
            <a class="navhash" href="#692">#</a>
						
              <code id="692">compilation terminated.</code><br />
						
            
            <a class="navhash" href="#693">#</a>
						
              <code id="693">In file included from //usr/include/features.h:392:0,</code><br />
						
            
            <a class="navhash" href="#694">#</a>
						
              <code id="694">                 from //usr/include/stdint.h:25,</code><br />
						
            
            <a class="navhash" href="#695">#</a>
						
              <code id="695">                 from source/base/all/declare.h:10,</code><br />
						
            
            <a class="navhash" href="#696">#</a>
						
              <code id="696">                 from source/base/all/all.h:25,</code><br />
						
            
            <a class="navhash" href="#697">#</a>
						
              <code id="697">                 from source/base/all/includes.h:4,</code><br />
						
            
            <a class="navhash" href="#698">#</a>
						
              <code id="698">                 from source/apps/unace/exe/includes.h:4,</code><br />
						
            
            <a class="navhash" href="#699">#</a>
						
              <code id="699">                 from source/apps/unace/exe/extern/arcblk/arcblk.c:5:</code><br />
						
            
            <a class="navhash" href="#700">#</a>
						<span class="error">
              <code id="700">//usr/include/gnu/stubs.h:7:27: fatal error: gnu/stubs-32.h: No such file or directory</code><br />
						</span>
            
            <a class="navhash" href="#701">#</a>
						
              <code id="701"> # include <gnu/stubs-32.h></code><br />
						
            
            <a class="navhash" href="#702">#</a>
						
              <code id="702">                           ^</code><br />
						
            
            <a class="navhash" href="#703">#</a>
						
              <code id="703">compilation terminated.</code><br />
						
            
            <a class="navhash" href="#704">#</a>
						
              <code id="704">In file included from //usr/include/features.h:392:0,</code><br />
						
            
            <a class="navhash" href="#705">#</a>
						
              <code id="705">                 from //usr/include/stdint.h:25,</code><br />
						
            
            <a class="navhash" href="#706">#</a>
						
              <code id="706">                 from source/base/all/declare.h:10,</code><br />
						
            
            <a class="navhash" href="#707">#</a>
						
              <code id="707">                 from source/base/all/all.h:25,</code><br />
						
            
            <a class="navhash" href="#708">#</a>
						
              <code id="708">                 from source/base/all/includes.h:4,</code><br />
						
            
            <a class="navhash" href="#709">#</a>
						
              <code id="709">                 from source/apps/unace/exe/includes.h:4,</code><br />
						
            
            <a class="navhash" href="#710">#</a>
						
              <code id="710">                 from source/apps/unace/exe/extern/arcread/arcread.c:7:</code><br />
						
            
            <a class="navhash" href="#711">#</a>
						<span class="error">
              <code id="711">//usr/include/gnu/stubs.h:7:27: fatal error: gnu/stubs-32.h: No such file or directory</code><br />
						</span>
            
            <a class="navhash" href="#712">#</a>
						
              <code id="712"> # include <gnu/stubs-32.h></code><br />
						
            
            <a class="navhash" href="#713">#</a>
						
              <code id="713">                           ^</code><br />
						
            
            <a class="navhash" href="#714">#</a>
						
              <code id="714">compilation terminated.</code><br />
						
            
            <a class="navhash" href="#715">#</a>
						
              <code id="715">In file included from //usr/include/features.h:392:0,</code><br />
						
            
            <a class="navhash" href="#716">#</a>
						
              <code id="716">                 from //usr/include/stdint.h:25,</code><br />
						
            
            <a class="navhash" href="#717">#</a>
						
              <code id="717">                 from source/base/all/declare.h:10,</code><br />
						
            
            <a class="navhash" href="#718">#</a>
						
              <code id="718">                 from source/base/all/all.h:25,</code><br />
						
            
            <a class="navhash" href="#719">#</a>
						
              <code id="719">                 from source/base/all/includes.h:4,</code><br />
						
            
            <a class="navhash" href="#720">#</a>
						
              <code id="720">                 from source/apps/unace/exe/includes.h:4,</code><br />
						
            
            <a class="navhash" href="#721">#</a>
						
              <code id="721">                 from source/apps/unace/exe/extern/comments/comments.c:5:</code><br />
						
            
            <a class="navhash" href="#722">#</a>
						<span class="error">
              <code id="722">//usr/include/gnu/stubs.h:7:27: fatal error: gnu/stubs-32.h: No such file or directory</code><br />
						</span>
            
            <a class="navhash" href="#723">#</a>
						
              <code id="723"> # include <gnu/stubs-32.h></code><br />
						
            
            <a class="navhash" href="#724">#</a>
						
              <code id="724">                           ^</code><br />
						
            
            <a class="navhash" href="#725">#</a>
						
              <code id="725">compilation terminated.</code><br />
						
            
            <a class="navhash" href="#726">#</a>
						
              <code id="726">In file included from //usr/include/features.h:392:0,</code><br />
						
            
            <a class="navhash" href="#727">#</a>
						
              <code id="727">                 from //usr/include/stdint.h:25,</code><br />
						
            
            <a class="navhash" href="#728">#</a>
						
              <code id="728">                 from source/base/all/declare.h:10,</code><br />
						
            
            <a class="navhash" href="#729">#</a>
						
              <code id="729">                 from source/base/all/all.h:25,</code><br />
						
            
            <a class="navhash" href="#730">#</a>
						
              <code id="730">                 from source/base/all/includes.h:4,</code><br />
						
            
            <a class="navhash" href="#731">#</a>
						
              <code id="731">                 from source/apps/unace/exe/includes.h:4,</code><br />
						
            
            <a class="navhash" href="#732">#</a>
						
              <code id="732">                 from source/apps/unace/exe/extern/error/error.c:6:</code><br />
						
            
            <a class="navhash" href="#733">#</a>
						<span class="error">
              <code id="733">//usr/include/gnu/stubs.h:7:27: fatal error: gnu/stubs-32.h: No such file or directory</code><br />
						</span>
            
            <a class="navhash" href="#734">#</a>
						
              <code id="734"> # include <gnu/stubs-32.h></code><br />
						
            
            <a class="navhash" href="#735">#</a>
						
              <code id="735">                           ^</code><br />
						
            
            <a class="navhash" href="#736">#</a>
						
              <code id="736">compilation terminated.</code><br />
						
            
            <a class="navhash" href="#737">#</a>
						
              <code id="737">In file included from //usr/include/features.h:392:0,</code><br />
						
            
            <a class="navhash" href="#738">#</a>
						
              <code id="738">                 from //usr/include/string.h:25,</code><br />
						
            
            <a class="navhash" href="#739">#</a>
						
              <code id="739">                 from source/apps/unace/exe/extern/filelist/filelist.c:1:</code><br />
						
            
            <a class="navhash" href="#740">#</a>
						<span class="error">
              <code id="740">//usr/include/gnu/stubs.h:7:27: fatal error: gnu/stubs-32.h: No such file or directory</code><br />
						</span>
            
            <a class="navhash" href="#741">#</a>
						
              <code id="741"> # include <gnu/stubs-32.h></code><br />
						
            
            <a class="navhash" href="#742">#</a>
						
              <code id="742">                           ^</code><br />
						
            
            <a class="navhash" href="#743">#</a>
						
              <code id="743">compilation terminated.</code><br />
						
            
            <a class="navhash" href="#744">#</a>
						
              <code id="744">In file included from //usr/include/features.h:392:0,</code><br />
						
            
            <a class="navhash" href="#745">#</a>
						
              <code id="745">                 from //usr/include/string.h:25,</code><br />
						
            
            <a class="navhash" href="#746">#</a>
						
              <code id="746">                 from source/apps/unace/exe/extern/input/input.c:1:</code><br />
						
            
            <a class="navhash" href="#747">#</a>
						<span class="error">
              <code id="747">//usr/include/gnu/stubs.h:7:27: fatal error: gnu/stubs-32.h: No such file or directory</code><br />
						</span>
            
            <a class="navhash" href="#748">#</a>
						
              <code id="748"> # include <gnu/stubs-32.h></code><br />
						
            
            <a class="navhash" href="#749">#</a>
						
              <code id="749">                           ^</code><br />
						
            
            <a class="navhash" href="#750">#</a>
						
              <code id="750">compilation terminated.</code><br />
						
            
            <a class="navhash" href="#751">#</a>
						
              <code id="751">In file included from //usr/include/features.h:392:0,</code><br />
						
            
            <a class="navhash" href="#752">#</a>
						
              <code id="752">                 from //usr/include/stdio.h:27,</code><br />
						
            
            <a class="navhash" href="#753">#</a>
						
              <code id="753">                 from source/apps/unace/exe/extern/messages/messages.c:1:</code><br />
						
            
            <a class="navhash" href="#754">#</a>
						<span class="error">
              <code id="754">//usr/include/gnu/stubs.h:7:27: fatal error: gnu/stubs-32.h: No such file or directory</code><br />
						</span>
            
            <a class="navhash" href="#755">#</a>
						
              <code id="755"> # include <gnu/stubs-32.h></code><br />
						
            
            <a class="navhash" href="#756">#</a>
						
              <code id="756">                           ^</code><br />
						
            
            <a class="navhash" href="#757">#</a>
						
              <code id="757">compilation terminated.</code><br />
						
            
            <a class="navhash" href="#758">#</a>
						
              <code id="758">In file included from //usr/include/features.h:392:0,</code><br />
						
            
            <a class="navhash" href="#759">#</a>
						
              <code id="759">                 from //usr/include/stdint.h:25,</code><br />
						
            
            <a class="navhash" href="#760">#</a>
						
              <code id="760">                 from source/base/all/declare.h:10,</code><br />
						
            
            <a class="navhash" href="#761">#</a>
						
              <code id="761">                 from source/base/all/all.h:25,</code><br />
						
            
            <a class="navhash" href="#762">#</a>
						
              <code id="762">                 from source/base/all/includes.h:4,</code><br />
						
            
            <a class="navhash" href="#763">#</a>
						
              <code id="763">                 from source/apps/unace/exe/includes.h:4,</code><br />
						
            
            <a class="navhash" href="#764">#</a>
						
              <code id="764">                 from source/apps/unace/exe/extern/msgout/msgout.c:10:</code><br />
						
            
            <a class="navhash" href="#765">#</a>
						<span class="error">
              <code id="765">//usr/include/gnu/stubs.h:7:27: fatal error: gnu/stubs-32.h: No such file or directory</code><br />
						</span>
            
            <a class="navhash" href="#766">#</a>
						
              <code id="766"> # include <gnu/stubs-32.h></code><br />
						
            
            <a class="navhash" href="#767">#</a>
						
              <code id="767">                           ^</code><br />
						
            
            <a class="navhash" href="#768">#</a>
						
              <code id="768">compilation terminated.</code><br />
						
            
            <a class="navhash" href="#769">#</a>
						
              <code id="769">In file included from //usr/include/features.h:392:0,</code><br />
						
            
            <a class="navhash" href="#770">#</a>
						
              <code id="770">                 from //usr/include/string.h:25,</code><br />
						
            
            <a class="navhash" href="#771">#</a>
						
              <code id="771">                 from source/apps/unace/exe/extern/options/options.c:1:</code><br />
						
            
            <a class="navhash" href="#772">#</a>
						<span class="error">
              <code id="772">//usr/include/gnu/stubs.h:7:27: fatal error: gnu/stubs-32.h: No such file or directory</code><br />
						</span>
            
            <a class="navhash" href="#773">#</a>
						
              <code id="773"> # include <gnu/stubs-32.h></code><br />
						
            
            <a class="navhash" href="#774">#</a>
						
              <code id="774">                           ^</code><br />
						
            
            <a class="navhash" href="#775">#</a>
						
              <code id="775">compilation terminated.</code><br />
						
            
            <a class="navhash" href="#776">#</a>
						
              <code id="776">In file included from //usr/include/features.h:392:0,</code><br />
						
            
            <a class="navhash" href="#777">#</a>
						
              <code id="777">                 from //usr/include/string.h:25,</code><br />
						
            
            <a class="navhash" href="#778">#</a>
						
              <code id="778">                 from source/apps/unace/exe/extern/output/output.c:1:</code><br />
						
            
            <a class="navhash" href="#779">#</a>
						<span class="error">
              <code id="779">//usr/include/gnu/stubs.h:7:27: fatal error: gnu/stubs-32.h: No such file or directory</code><br />
						</span>
            
            <a class="navhash" href="#780">#</a>
						
              <code id="780"> # include <gnu/stubs-32.h></code><br />
						
            
            <a class="navhash" href="#781">#</a>
						
              <code id="781">                           ^</code><br />
						
            
            <a class="navhash" href="#782">#</a>
						
              <code id="782">compilation terminated.</code><br />
						
            
            <a class="navhash" href="#783">#</a>
						
              <code id="783">In file included from //usr/include/features.h:392:0,</code><br />
						
            
            <a class="navhash" href="#784">#</a>
						
              <code id="784">                 from //usr/include/stdint.h:25,</code><br />
						
            
            <a class="navhash" href="#785">#</a>
						
              <code id="785">                 from source/base/all/declare.h:10,</code><br />
						
            
            <a class="navhash" href="#786">#</a>
						
              <code id="786">                 from source/base/all/all.h:25,</code><br />
						
            
            <a class="navhash" href="#787">#</a>
						
              <code id="787">                 from source/base/all/includes.h:4,</code><br />
						
            
            <a class="navhash" href="#788">#</a>
						
              <code id="788">                 from source/apps/unace/exe/includes.h:4,</code><br />
						
            
            <a class="navhash" href="#789">#</a>
						
              <code id="789">                 from source/apps/unace/exe/extern/volume/volume.c:3:</code><br />
						
            
            <a class="navhash" href="#790">#</a>
						<span class="error">
              <code id="790">//usr/include/gnu/stubs.h:7:27: fatal error: gnu/stubs-32.h: No such file or directory</code><br />
						</span>
            
            <a class="navhash" href="#791">#</a>
						
              <code id="791"> # include <gnu/stubs-32.h></code><br />
						
            
            <a class="navhash" href="#792">#</a>
						
              <code id="792">                           ^</code><br />
						
            
            <a class="navhash" href="#793">#</a>
						
              <code id="793">compilation terminated.</code><br />
						
            
            <a class="navhash" href="#794">#</a>
						
              <code id="794">In file included from //usr/include/features.h:392:0,</code><br />
						
            
            <a class="navhash" href="#795">#</a>
						
              <code id="795">                 from //usr/include/string.h:25,</code><br />
						
            
            <a class="navhash" href="#796">#</a>
						
              <code id="796">                 from source/apps/unace/exe/extern/state/state.c:1:</code><br />
						
            
            <a class="navhash" href="#797">#</a>
						<span class="error">
              <code id="797">//usr/include/gnu/stubs.h:7:27: fatal error: gnu/stubs-32.h: No such file or directory</code><br />
						</span>
            
            <a class="navhash" href="#798">#</a>
						
              <code id="798"> # include <gnu/stubs-32.h></code><br />
						
            
            <a class="navhash" href="#799">#</a>
						
              <code id="799">                           ^</code><br />
						
            
            <a class="navhash" href="#800">#</a>
						
              <code id="800">compilation terminated.</code><br />
						
            
            <a class="navhash" href="#801">#</a>
						
              <code id="801">In file included from //usr/include/features.h:392:0,</code><br />
						
            
            <a class="navhash" href="#802">#</a>
						
              <code id="802">                 from //usr/include/fcntl.h:25,</code><br />
						
            
            <a class="navhash" href="#803">#</a>
						
              <code id="803">                 from source/apps/unace/exe/commline/commline.c:1:</code><br />
						
            
            <a class="navhash" href="#804">#</a>
						<span class="error">
              <code id="804">//usr/include/gnu/stubs.h:7:27: fatal error: gnu/stubs-32.h: No such file or directory</code><br />
						</span>
            
            <a class="navhash" href="#805">#</a>
						
              <code id="805"> # include <gnu/stubs-32.h></code><br />
						
            
            <a class="navhash" href="#806">#</a>
						
              <code id="806">                           ^</code><br />
						
            
            <a class="navhash" href="#807">#</a>
						
              <code id="807">compilation terminated.</code><br />
						
            
            <a class="navhash" href="#808">#</a>
						
              <code id="808">In file included from //usr/include/features.h:392:0,</code><br />
						
            
            <a class="navhash" href="#809">#</a>
						
              <code id="809">                 from //usr/include/stdio.h:27,</code><br />
						
            
            <a class="navhash" href="#810">#</a>
						
              <code id="810">                 from source/apps/unace/exe/commline/help/help.c:1:</code><br />
						
            
            <a class="navhash" href="#811">#</a>
						<span class="error">
              <code id="811">//usr/include/gnu/stubs.h:7:27: fatal error: gnu/stubs-32.h: No such file or directory</code><br />
						</span>
            
            <a class="navhash" href="#812">#</a>
						
              <code id="812"> # include <gnu/stubs-32.h></code><br />
						
            
            <a class="navhash" href="#813">#</a>
						
              <code id="813">                           ^</code><br />
						
            
            <a class="navhash" href="#814">#</a>
						
              <code id="814">compilation terminated.</code><br />
						
            
            <a class="navhash" href="#815">#</a>
						
              <code id="815">In file included from //usr/include/features.h:392:0,</code><br />
						
            
            <a class="navhash" href="#816">#</a>
						
              <code id="816">                 from //usr/include/stdlib.h:24,</code><br />
						
            
            <a class="navhash" href="#817">#</a>
						
              <code id="817">                 from source/apps/unace/exe/exe.c:1:</code><br />
						
            
            <a class="navhash" href="#818">#</a>
						<span class="error">
              <code id="818">//usr/include/gnu/stubs.h:7:27: fatal error: gnu/stubs-32.h: No such file or directory</code><br />
						</span>
            
            <a class="navhash" href="#819">#</a>
						
              <code id="819"> # include <gnu/stubs-32.h></code><br />
						
            
            <a class="navhash" href="#820">#</a>
						
              <code id="820">                           ^</code><br />
						
            
            <a class="navhash" href="#821">#</a>
						
              <code id="821">compilation terminated.</code><br />
						
            
            <a class="navhash" href="#822">#</a>
						
              <code id="822">In file included from //usr/include/features.h:392:0,</code><br />
						
            
            <a class="navhash" href="#823">#</a>
						
              <code id="823">                 from //usr/include/stdio.h:27,</code><br />
						
            
            <a class="navhash" href="#824">#</a>
						
              <code id="824">                 from source/apps/unace/exe/lin.c:1:</code><br />
						
            
            <a class="navhash" href="#825">#</a>
						<span class="error">
              <code id="825">//usr/include/gnu/stubs.h:7:27: fatal error: gnu/stubs-32.h: No such file or directory</code><br />
						</span>
            
            <a class="navhash" href="#826">#</a>
						
              <code id="826"> # include <gnu/stubs-32.h></code><br />
						
            
            <a class="navhash" href="#827">#</a>
						
              <code id="827">                           ^</code><br />
						
            
            <a class="navhash" href="#828">#</a>
						
              <code id="828">compilation terminated.</code><br />
						
            
            <a class="navhash" href="#829">#</a>
						
              <code id="829">make: *** [makefile:50: unace] Error 1</code><br />
						
            
            <a class="navhash" href="#830">#</a>
						
              <code id="830">==> ERROR: A failure occurred in build().</code><br />
						
            
            <a class="navhash" href="#831">#</a>
						
              <code id="831">    Aborting...</code><br />
						
            
          </div>
        
      </div>
      <br />
    
  </body>
</html>