<!DOCTYPE html>
<html>
<!-- Jinja template for reports of individual builds

  Copyright 2016 Kareem Khazem. All Rights Reserved.
  Licensed under the Apache License, Version 2.0 (the "License");
  you may not use this file except in compliance with the License.
  You may obtain a copy of the License at

 		 http://www.apache.org/licenses/LICENSE-2.0

  Unless required by applicable law or agreed to in writing, software
  distributed under the License is distributed on an "AS IS" BASIS,
  WITHOUT WARRANTIES OR CONDITIONS OF ANY KIND, either express or
  implied.
  See the License for the specific language governing permissions and
  limitations under the License.
-->
  <head>
    <meta charset="UTF-8">
    <title>musl/chntpw</title>
    <link href='https://fonts.googleapis.com/css?family=Roboto:400,900'
          rel='stylesheet' type='text/css'>
    <link
    href='https://fonts.googleapis.com/css?family=Source+Code+Pro:400,700'
          rel='stylesheet' type='text/css'>
    <link href="../style.css" type="text/css" rel="stylesheet">
  </head>
  <body>
    <h1>Build of chntpw
        with <a href="../index.html">musl</a>
        toolchain</h1>
    <p>The build took 00h 01m 01s and was
    NOT successful.</p>
    <p>
    The program in this build is written in the following languages,
    according to <a
    href="http://www.dwheeler.com/sloccount/">sloccount</a>:
    </p>
    <table>
      <tr><th>SLOC</th><th>Language</th></tr>
      
      <tr><td class="loc"><code>7,774</code></td>
          <td class="lang">ansic</td></tr>
      <tr><td class="loc"><code>29</code></td>
          <td class="lang">makefile</td></tr>
      <tr><td><code>7,803</code></td>
          <td><em>total</em></td></tr>
    </table>
    <p>
      The process tree of the build process is <a
      href="chntpw-tree.html">here</a>.
    </p>
    
    
      <p>
      Several sub-process invocations were improper; see the process tree
      for details. Summary:
      </p>
      <ul>
        <li>hardcoded invocation:<ul>
            <li>&times;8: gcc

/sysroot/bin/clang
</li>
        </ul></li>
      </ul>
    
    
    
    
    <h2>List of Errors</h2>
    <ul>
      
      <li>missing_header
        <ul>
          
          <li><a href="#22">/usr/include/gnu/stubs.h:7:11: fatal error: 'gnu/stubs-32.h' file not found</a></li>
          
          <li><a href="#40">/usr/include/gnu/stubs.h:7:11: fatal error: 'gnu/stubs-32.h' file not found</a></li>
          
        </ul>
      </li>
      
    </ul>
    
    
    <h2>Log</h2>
    <p>
    To avoid scrolling, you may jump to the <a
    href="#53">last line</a> of the
    invocation of <code>makepkg</code> that was used to build this
    package.
    </p>
    
    
      <div class="block">
        <div class="info">
          <code>Removed vanilla repositories from pacman.conf and added:</code>
        </div>
        
          <div class="output">
            
            <a class="navhash" href="#1">#</a>
						
              <code id="1">[tuscan]</code><br />
						
            
            <a class="navhash" href="#2">#</a>
						
              <code id="2">Server = file:///var/cache/pacman/pkg/</code><br />
						
            
          </div>
        
      </div>
      <br />
    
      <div class="block">
        <div class="command">
          <code><span class="prompt">CMD: </span>pacman -Syy --noconfirm</code>
        </div>
        
          <div class="output">
            
            <a class="navhash" href="#3">#</a>
						
              <code id="3">:: Synchronizing package databases...</code><br />
						
            
            <a class="navhash" href="#4">#</a>
						
              <code id="4">downloading tuscan.db...</code><br />
						
            
          </div>
        
      </div>
      <br />
    
      <div class="block">
        <div class="info">
          <code>There were existing files in /sysroot, using those</code>
        </div>
        
          <div class="output">
            
            <a class="navhash" href="#5">#</a>
						
              <code id="5">/sysroot/lib</code><br />
						
            
            <a class="navhash" href="#6">#</a>
						
              <code id="6">/sysroot/share</code><br />
						
            
            <a class="navhash" href="#7">#</a>
						
              <code id="7">/sysroot/bin</code><br />
						
            
            <a class="navhash" href="#8">#</a>
						
              <code id="8">/sysroot/include</code><br />
						
            
            <a class="navhash" href="#9">#</a>
						
              <code id="9">/sysroot/libexec</code><br />
						
            
          </div>
        
      </div>
      <br />
    
      <div class="block">
        <div class="command">
          <code><span class="prompt">CMD: </span>sudo -u tuscan PATH=/sysroot/bin:/usr/local/sbin:/usr/local/bin:/usr/sbin:/usr/bin:/sbin:/bin CC=clang CXX=clang++ red makepkg --noextract --syncdeps --skipinteg --skippgpcheck --skipchecksums --noconfirm --nocolor --log --noprogressbar --nocheck</code>
        </div>
        
          <div class="output">
            
            <a class="navhash" href="#10">#</a>
						
              <code id="10">==> Making package: chntpw 140201-2 (Wed Apr  5 00:39:19 UTC 2017)</code><br />
						
            
            <a class="navhash" href="#11">#</a>
						
              <code id="11">==> Checking runtime dependencies...</code><br />
						
            
            <a class="navhash" href="#12">#</a>
						
              <code id="12">==> Checking buildtime dependencies...</code><br />
						
            
            <a class="navhash" href="#13">#</a>
						
              <code id="13">==> WARNING: Using existing $srcdir/ tree</code><br />
						
            
            <a class="navhash" href="#14">#</a>
						
              <code id="14">==> Starting build()...</code><br />
						
            
            <a class="navhash" href="#15">#</a>
						
              <code id="15">gcc -c -DUSEOPENSSL -g -I. -I/usr/include -Wall -m32  chntpw.c</code><br />
						
            
            <a class="navhash" href="#16">#</a>
						
              <code id="16">gcc -c -DUSEOPENSSL -g -I. -I/usr/include -Wall -m32  ntreg.c</code><br />
						
            
            <a class="navhash" href="#17">#</a>
						
              <code id="17">gcc -c -DUSEOPENSSL -g -I. -I/usr/include -Wall -m32  edlib.c</code><br />
						
            
            <a class="navhash" href="#18">#</a>
						
              <code id="18">gcc -c -DUSEOPENSSL -g -I. -I/usr/include -Wall -m32  libsam.c</code><br />
						
            
            <a class="navhash" href="#19">#</a>
						
              <code id="19">In file included from chntpw.c:64:</code><br />
						
            
            <a class="navhash" href="#20">#</a>
						
              <code id="20">In file included from /usr/include/stdio.h:27:</code><br />
						
            
            <a class="navhash" href="#21">#</a>
						
              <code id="21">In file included from /usr/include/features.h:392:</code><br />
						
            
            <a class="navhash" href="#22">#</a>
						<span class="error">
              <code id="22">/usr/include/gnu/stubs.h:7:11: fatal error: 'gnu/stubs-32.h' file not found</code><br />
						</span>
            
            <a class="navhash" href="#23">#</a>
						
              <code id="23">In file included from edlib.c:45:</code><br />
						
            
            <a class="navhash" href="#24">#</a>
						
              <code id="24">In file included from /usr/include/stdio.h:27In file included from :</code><br />
						
            
            <a class="navhash" href="#25">#</a>
						
              <code id="25">ntreg.cIn file included from :73:</code><br />
						
            
            <a class="navhash" href="#26">#</a>
						
              <code id="26">In file included from /usr/include/features.h/usr/include/stdio.h:392::</code><br />
						
            
            <a class="navhash" href="#27">#</a>
						
              <code id="27">27:</code><br />
						
            
            <a class="navhash" href="#28">#</a>
						
              <code id="28">In file included from /usr/include/features.h/usr/include/gnu/stubs.h::392# include <gnu/stubs-32.h></code><br />
						
            
            <a class="navhash" href="#29">#</a>
						
              <code id="29">:</code><br />
						
            
            <a class="navhash" href="#30">#</a>
						
              <code id="30">          ^7/usr/include/gnu/stubs.h</code><br />
						
            
            <a class="navhash" href="#31">#</a>
						
              <code id="31">:7:11:: fatal error: 'gnu/stubs-32.h' file not found</code><br />
						
            
            <a class="navhash" href="#32">#</a>
						
              <code id="32">11: fatal error: # include <gnu/stubs-32.h></code><br />
						
            
            <a class="navhash" href="#33">#</a>
						
              <code id="33">          ^</code><br />
						
            
            <a class="navhash" href="#34">#</a>
						
              <code id="34">'gnu/stubs-32.h' file not found</code><br />
						
            
            <a class="navhash" href="#35">#</a>
						
              <code id="35"># include <gnu/stubs-32.h></code><br />
						
            
            <a class="navhash" href="#36">#</a>
						
              <code id="36">          ^</code><br />
						
            
            <a class="navhash" href="#37">#</a>
						
              <code id="37">In file included from libsam.c:42:</code><br />
						
            
            <a class="navhash" href="#38">#</a>
						
              <code id="38">In file included from /usr/include/stdio.h:27:</code><br />
						
            
            <a class="navhash" href="#39">#</a>
						
              <code id="39">In file included from /usr/include/features.h:392:</code><br />
						
            
            <a class="navhash" href="#40">#</a>
						<span class="error">
              <code id="40">/usr/include/gnu/stubs.h:7:11: fatal error: 'gnu/stubs-32.h' file not found</code><br />
						</span>
            
            <a class="navhash" href="#41">#</a>
						
              <code id="41"># include <gnu/stubs-32.h></code><br />
						
            
            <a class="navhash" href="#42">#</a>
						
              <code id="42">          ^</code><br />
						
            
            <a class="navhash" href="#43">#</a>
						
              <code id="43">1 error generated.</code><br />
						
            
            <a class="navhash" href="#44">#</a>
						
              <code id="44">1 error generated.</code><br />
						
            
            <a class="navhash" href="#45">#</a>
						
              <code id="45">make: *** [Makefile:66: edlib.o] Error 1</code><br />
						
            
            <a class="navhash" href="#46">#</a>
						
              <code id="46">make: *** Waiting for unfinished jobs....</code><br />
						
            
            <a class="navhash" href="#47">#</a>
						
              <code id="47">1 error generated.</code><br />
						
            
            <a class="navhash" href="#48">#</a>
						
              <code id="48">make: *** [Makefile:66: libsam.o] Error 1</code><br />
						
            
            <a class="navhash" href="#49">#</a>
						
              <code id="49">make: *** [Makefile:66: chntpw.o] Error 1</code><br />
						
            
            <a class="navhash" href="#50">#</a>
						
              <code id="50">1 error generated.</code><br />
						
            
            <a class="navhash" href="#51">#</a>
						
              <code id="51">make: *** [Makefile:66: ntreg.o] Error 1</code><br />
						
            
            <a class="navhash" href="#52">#</a>
						
              <code id="52">==> ERROR: A failure occurred in build().</code><br />
						
            
            <a class="navhash" href="#53">#</a>
						
              <code id="53">    Aborting...</code><br />
						
            
          </div>
        
      </div>
      <br />
    
  </body>
</html>