<!DOCTYPE html>
<html>
<!-- Jinja template for reports of individual builds

  Copyright 2016 Kareem Khazem. All Rights Reserved.
  Licensed under the Apache License, Version 2.0 (the "License");
  you may not use this file except in compliance with the License.
  You may obtain a copy of the License at

 		 http://www.apache.org/licenses/LICENSE-2.0

  Unless required by applicable law or agreed to in writing, software
  distributed under the License is distributed on an "AS IS" BASIS,
  WITHOUT WARRANTIES OR CONDITIONS OF ANY KIND, either express or
  implied.
  See the License for the specific language governing permissions and
  limitations under the License.
-->
  <head>
    <meta charset="UTF-8">
    <title>musl/tp_smapi</title>
    <link href='https://fonts.googleapis.com/css?family=Roboto:400,900'
          rel='stylesheet' type='text/css'>
    <link
    href='https://fonts.googleapis.com/css?family=Source+Code+Pro:400,700'
          rel='stylesheet' type='text/css'>
    <link href="../style.css" type="text/css" rel="stylesheet">
  </head>
  <body>
    <h1>Build of tp_smapi
        with <a href="../index.html">musl</a>
        toolchain</h1>
    <p>The build took 00h 01m 07s and was
    NOT successful.</p>
    <p>
    The program in this build is written in the following languages,
    according to <a
    href="http://www.dwheeler.com/sloccount/">sloccount</a>:
    </p>
    <table>
      <tr><th>SLOC</th><th>Language</th></tr>
      
      <tr><td class="loc"><code>1,999</code></td>
          <td class="lang">ansic</td></tr>
      <tr><td class="loc"><code>140</code></td>
          <td class="lang">makefile</td></tr>
      <tr><td><code>2,139</code></td>
          <td><em>total</em></td></tr>
    </table>
    <p>
      The process tree of the build process is <a
      href="tp_smapi-tree.html">here</a>.
    </p>
    
    
      <p>
      Several sub-process invocations were improper; see the process tree
      for details. Summary:
      </p>
      <ul>
        <li>hardcoded invocation:<ul>
            <li>&times;61: /usr/sbin/gcc

/sysroot/bin/clang
</li>
        
            <li>&times;63: gcc

/sysroot/bin/clang
</li>
        </ul></li>
      </ul>
    
    
    
    
    
    <h2>Log</h2>
    <p>
    To avoid scrolling, you may jump to the <a
    href="#71">last line</a> of the
    invocation of <code>makepkg</code> that was used to build this
    package.
    </p>
    
    
      <div class="block">
        <div class="info">
          <code>Removed vanilla repositories from pacman.conf and added:</code>
        </div>
        
          <div class="output">
            
            <a class="navhash" href="#1">#</a>
						
              <code id="1">[tuscan]</code><br />
						
            
            <a class="navhash" href="#2">#</a>
						
              <code id="2">Server = file:///var/cache/pacman/pkg/</code><br />
						
            
          </div>
        
      </div>
      <br />
    
      <div class="block">
        <div class="command">
          <code><span class="prompt">CMD: </span>pacman -Syy --noconfirm</code>
        </div>
        
          <div class="output">
            
            <a class="navhash" href="#3">#</a>
						
              <code id="3">:: Synchronizing package databases...</code><br />
						
            
            <a class="navhash" href="#4">#</a>
						
              <code id="4">downloading tuscan.db...</code><br />
						
            
          </div>
        
      </div>
      <br />
    
      <div class="block">
        <div class="info">
          <code>There were existing files in /sysroot, using those</code>
        </div>
        
          <div class="output">
            
            <a class="navhash" href="#5">#</a>
						
              <code id="5">/sysroot/lib</code><br />
						
            
            <a class="navhash" href="#6">#</a>
						
              <code id="6">/sysroot/share</code><br />
						
            
            <a class="navhash" href="#7">#</a>
						
              <code id="7">/sysroot/bin</code><br />
						
            
            <a class="navhash" href="#8">#</a>
						
              <code id="8">/sysroot/include</code><br />
						
            
            <a class="navhash" href="#9">#</a>
						
              <code id="9">/sysroot/libexec</code><br />
						
            
          </div>
        
      </div>
      <br />
    
      <div class="block">
        <div class="command">
          <code><span class="prompt">CMD: </span>sudo -u tuscan PATH=/sysroot/bin:/usr/local/sbin:/usr/local/bin:/usr/sbin:/usr/bin:/sbin:/bin CC=clang CXX=clang++ red makepkg --noextract --syncdeps --skipinteg --skippgpcheck --skipchecksums --noconfirm --nocolor --log --noprogressbar --nocheck</code>
        </div>
        
          <div class="output">
            
            <a class="navhash" href="#10">#</a>
						
              <code id="10">==> Making package: tp_smapi 0.42-1 (Tue Apr  4 23:44:30 UTC 2017)</code><br />
						
            
            <a class="navhash" href="#11">#</a>
						
              <code id="11">==> Checking runtime dependencies...</code><br />
						
            
            <a class="navhash" href="#12">#</a>
						
              <code id="12">==> Checking buildtime dependencies...</code><br />
						
            
            <a class="navhash" href="#13">#</a>
						
              <code id="13">==> WARNING: Using existing $srcdir/ tree</code><br />
						
            
            <a class="navhash" href="#14">#</a>
						
              <code id="14">==> Starting build()...</code><br />
						
            
            <a class="navhash" href="#15">#</a>
						
              <code id="15">make -C /usr/lib/modules/4.6.3-1-ARCH/build M=/tmp/tp_smapi/src/tp_smapi-tp-smapi-0.42 O=/usr/lib/modules/4.6.3-1-ARCH/build modules</code><br />
						
            
            <a class="navhash" href="#16">#</a>
						
              <code id="16">make[1]: Entering directory '/usr/lib/modules/4.6.3-1-ARCH/build'</code><br />
						
            
            <a class="navhash" href="#17">#</a>
						
              <code id="17">make[2]: Entering directory '/usr/lib/modules/4.6.3-1-ARCH/build'</code><br />
						
            
            <a class="navhash" href="#18">#</a>
						
              <code id="18">  CC [M]  /tmp/tp_smapi/src/tp_smapi-tp-smapi-0.42/thinkpad_ec.o</code><br />
						
            
            <a class="navhash" href="#19">#</a>
						
              <code id="19">  CC [M]  /tmp/tp_smapi/src/tp_smapi-tp-smapi-0.42/tp_smapi.o</code><br />
						
            
            <a class="navhash" href="#20">#</a>
						
              <code id="20">  CC [M]  /tmp/tp_smapi/src/tp_smapi-tp-smapi-0.42/hdaps.o</code><br />
						
            
            <a class="navhash" href="#21">#</a>
						
              <code id="21">clang-3.8: warning: optimization flag '-falign-jumps=1' is not supported</code><br />
						
            
            <a class="navhash" href="#22">#</a>
						
              <code id="22">clang-3.8: warning: optimization flag '-falign-loops=1' is not supported</code><br />
						
            
            <a class="navhash" href="#23">#</a>
						
              <code id="23">clang-3.8: warning: optimization flag '-fno-delete-null-pointer-checks' is not supported</code><br />
						
            
            <a class="navhash" href="#24">#</a>
						
              <code id="24">clang-3.8: warning: optimization flag '-falign-jumps=1' is not supported</code><br />
						
            
            <a class="navhash" href="#25">#</a>
						
              <code id="25">clang-3.8: warning: optimization flag '-falign-loops=1' is not supported</code><br />
						
            
            <a class="navhash" href="#26">#</a>
						
              <code id="26">clang-3.8: warning: optimization flag '-fno-delete-null-pointer-checks' is not supported</code><br />
						
            
            <a class="navhash" href="#27">#</a>
						
              <code id="27">clang-3.8: warning: optimization flag '-falign-jumps=1' is not supported</code><br />
						
            
            <a class="navhash" href="#28">#</a>
						
              <code id="28">clang-3.8: warning: optimization flag '-falign-loops=1' is not supported</code><br />
						
            
            <a class="navhash" href="#29">#</a>
						
              <code id="29">clang-3.8: warning: optimization flag '-fno-delete-null-pointer-checks' is not supported</code><br />
						
            
            <a class="navhash" href="#30">#</a>
						
              <code id="30">/tmp/tp_smapi/src/tp_smapi-tp-smapi-0.42/thinkpad_ec.c:512:1: warning: unused function '__inittest' [-Wunused-function]</code><br />
						
            
            <a class="navhash" href="#31">#</a>
						
              <code id="31">module_init(thinkpad_ec_init);</code><br />
						
            
            <a class="navhash" href="#32">#</a>
						
              <code id="32">^</code><br />
						
            
            <a class="navhash" href="#33">#</a>
						
              <code id="33">/usr/lib/modules/4.6.3-1-ARCH/build/include/linux/module.h:128:27: note: expanded from macro 'module_init'</code><br />
						
            
            <a class="navhash" href="#34">#</a>
						
              <code id="34">        static inline initcall_t __inittest(void)               \</code><br />
						
            
            <a class="navhash" href="#35">#</a>
						
              <code id="35">                                 ^</code><br />
						
            
            <a class="navhash" href="#36">#</a>
						
              <code id="36">/tmp/tp_smapi/src/tp_smapi-tp-smapi-0.42/thinkpad_ec.c:513:1: warning: unused function '__exittest' [-Wunused-function]</code><br />
						
            
            <a class="navhash" href="#37">#</a>
						
              <code id="37">module_exit(thinkpad_ec_exit);</code><br />
						
            
            <a class="navhash" href="#38">#</a>
						
              <code id="38">^</code><br />
						
            
            <a class="navhash" href="#39">#</a>
						
              <code id="39">/usr/lib/modules/4.6.3-1-ARCH/build/include/linux/module.h:134:27: note: expanded from macro 'module_exit'</code><br />
						
            
            <a class="navhash" href="#40">#</a>
						
              <code id="40">        static inline exitcall_t __exittest(void)               \</code><br />
						
            
            <a class="navhash" href="#41">#</a>
						
              <code id="41">                                 ^</code><br />
						
            
            <a class="navhash" href="#42">#</a>
						
              <code id="42">2 warnings generated.</code><br />
						
            
            <a class="navhash" href="#43">#</a>
						
              <code id="43">/tmp/tp_smapi/src/tp_smapi-tp-smapi-0.42/hdaps.c:887:1: warning: unused function '__inittest' [-Wunused-function]</code><br />
						
            
            <a class="navhash" href="#44">#</a>
						
              <code id="44">module_init(hdaps_init);</code><br />
						
            
            <a class="navhash" href="#45">#</a>
						
              <code id="45">^</code><br />
						
            
            <a class="navhash" href="#46">#</a>
						
              <code id="46">/usr/lib/modules/4.6.3-1-ARCH/build/include/linux/module.h:128:27: note: expanded from macro 'module_init'</code><br />
						
            
            <a class="navhash" href="#47">#</a>
						
              <code id="47">        static inline initcall_t __inittest(void)               \</code><br />
						
            
            <a class="navhash" href="#48">#</a>
						
              <code id="48">                                 ^</code><br />
						
            
            <a class="navhash" href="#49">#</a>
						
              <code id="49">/tmp/tp_smapi/src/tp_smapi-tp-smapi-0.42/hdaps.c:888:1: warning: unused function '__exittest' [-Wunused-function]</code><br />
						
            
            <a class="navhash" href="#50">#</a>
						
              <code id="50">module_exit(hdaps_exit);</code><br />
						
            
            <a class="navhash" href="#51">#</a>
						
              <code id="51">^</code><br />
						
            
            <a class="navhash" href="#52">#</a>
						
              <code id="52">/usr/lib/modules/4.6.3-1-ARCH/build/include/linux/module.h:134:27: note: expanded from macro 'module_exit'</code><br />
						
            
            <a class="navhash" href="#53">#</a>
						
              <code id="53">        static inline exitcall_t __exittest(void)               \</code><br />
						
            
            <a class="navhash" href="#54">#</a>
						
              <code id="54">                                 ^</code><br />
						
            
            <a class="navhash" href="#55">#</a>
						
              <code id="55">clang-3.8: warning: optimization flag '-falign-jumps=1' is not supported</code><br />
						
            
            <a class="navhash" href="#56">#</a>
						
              <code id="56">clang-3.8: warning: optimization flag '-falign-loops=1' is not supported</code><br />
						
            
            <a class="navhash" href="#57">#</a>
						
              <code id="57">clang-3.8: warning: optimization flag '-fno-delete-null-pointer-checks' is not supported</code><br />
						
            
            <a class="navhash" href="#58">#</a>
						
              <code id="58">/tmp/tp_smapi/src/tp_smapi-tp-smapi-0.42/tp_smapi.c:202:14: error: invalid use of a cast in a inline asm context requiring an l-value: remove the cast or build with -fheinous-gnu-extensions</code><br />
						
            
            <a class="navhash" href="#59">#</a>
						
              <code id="59">                         "m"((u16)smapi_port)</code><br />
						
            
            <a class="navhash" href="#60">#</a>
						
              <code id="60">                             ~~~~~^~~~~~~~~~</code><br />
						
            
            <a class="navhash" href="#61">#</a>
						
              <code id="61">1 error generated.</code><br />
						
            
            <a class="navhash" href="#62">#</a>
						
              <code id="62">make[3]: *** [/usr/lib/modules/4.6.3-1-ARCH/build/scripts/Makefile.build:298: /tmp/tp_smapi/src/tp_smapi-tp-smapi-0.42/tp_smapi.o] Error 1</code><br />
						
            
            <a class="navhash" href="#63">#</a>
						
              <code id="63">make[3]: *** Waiting for unfinished jobs....</code><br />
						
            
            <a class="navhash" href="#64">#</a>
						
              <code id="64">2 warnings generated.</code><br />
						
            
            <a class="navhash" href="#65">#</a>
						
              <code id="65">make[2]: *** [/usr/lib/modules/4.6.3-1-ARCH/build/Makefile:1429: _module_/tmp/tp_smapi/src/tp_smapi-tp-smapi-0.42] Error 2</code><br />
						
            
            <a class="navhash" href="#66">#</a>
						
              <code id="66">make[2]: Leaving directory '/usr/lib/modules/4.6.3-1-ARCH/build'</code><br />
						
            
            <a class="navhash" href="#67">#</a>
						
              <code id="67">make[1]: *** [Makefile:146: sub-make] Error 2</code><br />
						
            
            <a class="navhash" href="#68">#</a>
						
              <code id="68">make[1]: Leaving directory '/usr/lib/modules/4.6.3-1-ARCH/build'</code><br />
						
            
            <a class="navhash" href="#69">#</a>
						
              <code id="69">make: *** [Makefile:46: modules] Error 2</code><br />
						
            
            <a class="navhash" href="#70">#</a>
						
              <code id="70">==> ERROR: A failure occurred in build().</code><br />
						
            
            <a class="navhash" href="#71">#</a>
						
              <code id="71">    Aborting...</code><br />
						
            
          </div>
        
      </div>
      <br />
    
  </body>
</html>